<?xml version="1.0" encoding="utf-8"?><testsuites><testsuite name="pytest" errors="0" failures="0" skipped="0" tests="19" time="0.157" timestamp="2026-09-12T18:11:18.539377-03:00" hostname="Eze-Linux"><testcase classname="scripts.tests.test_analisis_ausencias" name="test_return_to_approved_baseline_is_explained_as_suppression" time="0.000" /><testcase classname="scripts.tests.test_analisis_ausencias" name="test_missing_db_lookup_is_unknown_not_false" time="0.000" /><testcase classname="scripts.tests.test_analisis_ausencias" name="test_duplicate_suppression_does_not_hide_a_persisted_event" time="0.000" /><testcase classname="scripts.tests.test_analisis_ausencias" name="test_non_overlapping_windows_exclude_later_suppression_from_prior_writes" time="0.000" /><testcase classname="scripts.tests.test_analisis_ausencias" name="test_kernel_stage_between_start_and_completion_is_included" time="0.000" /><testcase classname="scripts.tests.test_bateria_reversion" name="test_dry_run_is_non_mutating_and_accepts_explicit_run_id" time="0.002" /><testcase classname="scripts.tests.test_bateria_reversion" name="test_approved_sequence_records_successive_changes_and_suppressed_return" time="0.001" /><testcase classname="scripts.tests.test_bateria_reversion" name="test_same_run_id_is_rejected_without_truncating_existing_evidence" time="0.001" /><testcase classname="scripts.tests.test_bateria_reversion" name="test_run_slug_is_safe_and_scoped" time="0.001" /><testcase classname="scripts.tests.test_bateria_reversion" name="test_append_record_uses_caller_captured_clock_once" time="0.001" /><testcase classname="scripts.tests.test_emitir_cert_valkey" name="test_parse_extra_sans_vacio_retorna_lista_vacia" time="0.000" /><testcase classname="scripts.tests.test_emitir_cert_valkey" name="test_parse_extra_sans_ip_y_dns_mixtos" time="0.000" /><testcase classname="scripts.tests.test_emitir_cert_valkey" name="test_parse_extra_sans_ignora_espacios_y_entradas_vacias" time="0.000" /><testcase classname="scripts.tests.test_emitir_cert_valkey" name="test_parse_extra_sans_prefijo_invalido_falla" time="0.000" /><testcase classname="scripts.tests.test_emitir_cert_valkey" name="test_parse_extra_sans_ip_invalida_falla" time="0.000" /><testcase classname="scripts.tests.test_emitir_cert_valkey" name="test_parse_extra_sans_valor_vacio_falla" time="0.000" /><testcase classname="scripts.tests.test_emitir_cert_valkey" name="test_main_emite_cert_con_extra_sans_y_eku_completo" time="0.006" /><testcase classname="scripts.tests.test_emitir_cert_valkey" name="test_main_incluye_authority_key_identifier" time="0.002" /><testcase classname="scripts.tests.test_emitir_cert_valkey" name="test_main_sin_extra_sans_mantiene_comportamiento_previo" time="0.002" /></testsuite></testsuites>