<testsuites id="" name="" tests="2" failures="0" skipped="0" errors="0" time="37.863843">
<testsuite name="us20-realtime-alerts.spec.ts" timestamp="2026-09-11T23:10:37.893Z" hostname="" tests="2" failures="0" skipped="0" time="37.094" errors="0">
<testcase name="US-20 consumer real crea Alert y SSE muestra toast sin reload" classname="us20-realtime-alerts.spec.ts" time="10.548">
</testcase>
<testcase name="US-20 EventSource reconecta tras un corte real sólo de la ruta SSE y recibe un evento nuevo" classname="us20-realtime-alerts.spec.ts" time="26.546">
</testcase>
</testsuite>
</testsuites>