<testsuites id="" name="" tests="5" failures="0" skipped="0" errors="0" time="53.677165">
<testsuite name="us02-logout.spec.ts" timestamp="2026-09-12T21:14:13.163Z" hostname="" tests="1" failures="0" skipped="0" time="4.776" errors="0">
<testcase name="US-02 logout revoca la sesión real, borra cookie y Back no reabre la vista protegida" classname="us02-logout.spec.ts" time="4.776">
</testcase>
</testsuite>
<testsuite name="us20-realtime-alerts.spec.ts" timestamp="2026-09-12T21:14:13.163Z" hostname="" tests="2" failures="0" skipped="0" time="36.338" errors="0">
<testcase name="US-20 consumer real crea Alert y SSE muestra toast sin reload" classname="us20-realtime-alerts.spec.ts" time="10.294">
</testcase>
<testcase name="US-20 EventSource reconecta tras un corte real sólo de la ruta SSE y recibe un evento nuevo" classname="us20-realtime-alerts.spec.ts" time="26.044">
</testcase>
</testsuite>
<testsuite name="us31-superseded-toggle.spec.ts" timestamp="2026-09-12T21:14:13.163Z" hostname="" tests="2" failures="0" skipped="0" time="11.913" errors="0">
<testcase name="US-31 oculta superseded por defecto, togglea, persiste URL y consulta backend real" classname="us31-superseded-toggle.spec.ts" time="6.027">
</testcase>
<testcase name="US-31 muestra vínculo e identificador parent_event_id de forma visible" classname="us31-superseded-toggle.spec.ts" time="5.886">
</testcase>
</testsuite>
</testsuites>