{"total": {"lines":{"total":3880,"covered":2836,"skipped":0,"pct":73.09},"statements":{"total":3880,"covered":2836,"skipped":0,"pct":73.09},"functions":{"total":234,"covered":158,"skipped":0,"pct":67.52},"branches":{"total":726,"covered":587,"skipped":0,"pct":80.85},"branchesTrue":{"total":0,"covered":0,"skipped":0,"pct":100}}
,"[HOME]/Facultad/tesis/tesis-fim-serio-worktrees/integration/frontend/src/App.tsx": {"lines":{"total":44,"covered":0,"skipped":0,"pct":0},"functions":{"total":1,"covered":0,"skipped":0,"pct":0},"statements":{"total":44,"covered":0,"skipped":0,"pct":0},"branches":{"total":1,"covered":0,"skipped":0,"pct":0}}
,"[HOME]/Facultad/tesis/tesis-fim-serio-worktrees/integration/frontend/src/main.tsx": {"lines":{"total":24,"covered":0,"skipped":0,"pct":0},"functions":{"total":1,"covered":0,"skipped":0,"pct":0},"statements":{"total":24,"covered":0,"skipped":0,"pct":0},"branches":{"total":1,"covered":0,"skipped":0,"pct":0}}
,"[HOME]/Facultad/tesis/tesis-fim-serio-worktrees/integration/frontend/src/api/actions.ts": {"lines":{"total":15,"covered":9,"skipped":0,"pct":60},"functions":{"total":4,"covered":2,"skipped":0,"pct":50},"statements":{"total":15,"covered":9,"skipped":0,"pct":60},"branches":{"total":2,"covered":2,"skipped":0,"pct":100}}
,"[HOME]/Facultad/tesis/tesis-fim-serio-worktrees/integration/frontend/src/api/agents.ts": {"lines":{"total":16,"covered":0,"skipped":0,"pct":0},"functions":{"total":1,"covered":0,"skipped":0,"pct":0},"statements":{"total":16,"covered":0,"skipped":0,"pct":0},"branches":{"total":1,"covered":0,"skipped":0,"pct":0}}
,"[HOME]/Facultad/tesis/tesis-fim-serio-worktrees/integration/frontend/src/api/alerts.ts": {"lines":{"total":17,"covered":7,"skipped":0,"pct":41.17},"functions":{"total":4,"covered":1,"skipped":0,"pct":25},"statements":{"total":17,"covered":7,"skipped":0,"pct":41.17},"branches":{"total":1,"covered":1,"skipped":0,"pct":100}}
,"[HOME]/Facultad/tesis/tesis-fim-serio-worktrees/integration/frontend/src/api/auth.ts": {"lines":{"total":36,"covered":24,"skipped":0,"pct":66.66},"functions":{"total":4,"covered":2,"skipped":0,"pct":50},"statements":{"total":36,"covered":24,"skipped":0,"pct":66.66},"branches":{"total":6,"covered":6,"skipped":0,"pct":100}}
,"[HOME]/Facultad/tesis/tesis-fim-serio-worktrees/integration/frontend/src/api/client.ts": {"lines":{"total":72,"covered":50,"skipped":0,"pct":69.44},"functions":{"total":2,"covered":1,"skipped":0,"pct":50},"statements":{"total":72,"covered":50,"skipped":0,"pct":69.44},"branches":{"total":10,"covered":4,"skipped":0,"pct":40}}
,"[HOME]/Facultad/tesis/tesis-fim-serio-worktrees/integration/frontend/src/api/dashboard.ts": {"lines":{"total":53,"covered":53,"skipped":0,"pct":100},"functions":{"total":1,"covered":1,"skipped":0,"pct":100},"statements":{"total":53,"covered":53,"skipped":0,"pct":100},"branches":{"total":9,"covered":8,"skipped":0,"pct":88.88}}
,"[HOME]/Facultad/tesis/tesis-fim-serio-worktrees/integration/frontend/src/api/events.ts": {"lines":{"total":38,"covered":38,"skipped":0,"pct":100},"functions":{"total":5,"covered":5,"skipped":0,"pct":100},"statements":{"total":38,"covered":38,"skipped":0,"pct":100},"branches":{"total":23,"covered":19,"skipped":0,"pct":82.6}}
,"[HOME]/Facultad/tesis/tesis-fim-serio-worktrees/integration/frontend/src/api/rules.ts": {"lines":{"total":20,"covered":16,"skipped":0,"pct":80},"functions":{"total":5,"covered":4,"skipped":0,"pct":80},"statements":{"total":20,"covered":16,"skipped":0,"pct":80},"branches":{"total":4,"covered":4,"skipped":0,"pct":100}}
,"[HOME]/Facultad/tesis/tesis-fim-serio-worktrees/integration/frontend/src/components/layout/AlertsBanner.tsx": {"lines":{"total":21,"covered":21,"skipped":0,"pct":100},"functions":{"total":2,"covered":2,"skipped":0,"pct":100},"statements":{"total":21,"covered":21,"skipped":0,"pct":100},"branches":{"total":10,"covered":10,"skipped":0,"pct":100}}
,"[HOME]/Facultad/tesis/tesis-fim-serio-worktrees/integration/frontend/src/components/layout/AuthLayout.tsx": {"lines":{"total":7,"covered":0,"skipped":0,"pct":0},"functions":{"total":1,"covered":0,"skipped":0,"pct":0},"statements":{"total":7,"covered":0,"skipped":0,"pct":0},"branches":{"total":1,"covered":0,"skipped":0,"pct":0}}
,"[HOME]/Facultad/tesis/tesis-fim-serio-worktrees/integration/frontend/src/components/layout/MainLayout.tsx": {"lines":{"total":16,"covered":0,"skipped":0,"pct":0},"functions":{"total":1,"covered":0,"skipped":0,"pct":0},"statements":{"total":16,"covered":0,"skipped":0,"pct":0},"branches":{"total":1,"covered":0,"skipped":0,"pct":0}}
,"[HOME]/Facultad/tesis/tesis-fim-serio-worktrees/integration/frontend/src/components/layout/Navbar.tsx": {"lines":{"total":28,"covered":28,"skipped":0,"pct":100},"functions":{"total":2,"covered":2,"skipped":0,"pct":100},"statements":{"total":28,"covered":28,"skipped":0,"pct":100},"branches":{"total":6,"covered":6,"skipped":0,"pct":100}}
,"[HOME]/Facultad/tesis/tesis-fim-serio-worktrees/integration/frontend/src/components/layout/ProtectedRoute.tsx": {"lines":{"total":51,"covered":44,"skipped":0,"pct":86.27},"functions":{"total":2,"covered":2,"skipped":0,"pct":100},"statements":{"total":51,"covered":44,"skipped":0,"pct":86.27},"branches":{"total":23,"covered":21,"skipped":0,"pct":91.3}}
,"[HOME]/Facultad/tesis/tesis-fim-serio-worktrees/integration/frontend/src/components/layout/Sidebar.tsx": {"lines":{"total":38,"covered":0,"skipped":0,"pct":0},"functions":{"total":1,"covered":0,"skipped":0,"pct":0},"statements":{"total":38,"covered":0,"skipped":0,"pct":0},"branches":{"total":1,"covered":0,"skipped":0,"pct":0}}
,"[HOME]/Facultad/tesis/tesis-fim-serio-worktrees/integration/frontend/src/components/layout/SystemBanner.tsx": {"lines":{"total":57,"covered":57,"skipped":0,"pct":100},"functions":{"total":3,"covered":3,"skipped":0,"pct":100},"statements":{"total":57,"covered":57,"skipped":0,"pct":100},"branches":{"total":24,"covered":24,"skipped":0,"pct":100}}
,"[HOME]/Facultad/tesis/tesis-fim-serio-worktrees/integration/frontend/src/components/ui/AgentCard.tsx": {"lines":{"total":226,"covered":213,"skipped":0,"pct":94.24},"functions":{"total":14,"covered":13,"skipped":0,"pct":92.85},"statements":{"total":226,"covered":213,"skipped":0,"pct":94.24},"branches":{"total":46,"covered":37,"skipped":0,"pct":80.43}}
,"[HOME]/Facultad/tesis/tesis-fim-serio-worktrees/integration/frontend/src/components/ui/BulkActionBar.tsx": {"lines":{"total":185,"covered":184,"skipped":0,"pct":99.45},"functions":{"total":16,"covered":10,"skipped":0,"pct":62.5},"statements":{"total":185,"covered":184,"skipped":0,"pct":99.45},"branches":{"total":56,"covered":50,"skipped":0,"pct":89.28}}
,"[HOME]/Facultad/tesis/tesis-fim-serio-worktrees/integration/frontend/src/components/ui/DiffViewer.tsx": {"lines":{"total":129,"covered":123,"skipped":0,"pct":95.34},"functions":{"total":4,"covered":4,"skipped":0,"pct":100},"statements":{"total":129,"covered":123,"skipped":0,"pct":95.34},"branches":{"total":33,"covered":25,"skipped":0,"pct":75.75}}
,"[HOME]/Facultad/tesis/tesis-fim-serio-worktrees/integration/frontend/src/components/ui/EventTimeline.tsx": {"lines":{"total":67,"covered":58,"skipped":0,"pct":86.56},"functions":{"total":2,"covered":2,"skipped":0,"pct":100},"statements":{"total":67,"covered":58,"skipped":0,"pct":86.56},"branches":{"total":7,"covered":3,"skipped":0,"pct":42.85}}
,"[HOME]/Facultad/tesis/tesis-fim-serio-worktrees/integration/frontend/src/components/ui/EventsTable.tsx": {"lines":{"total":180,"covered":160,"skipped":0,"pct":88.88},"functions":{"total":6,"covered":6,"skipped":0,"pct":100},"statements":{"total":180,"covered":160,"skipped":0,"pct":88.88},"branches":{"total":41,"covered":29,"skipped":0,"pct":70.73}}
,"[HOME]/Facultad/tesis/tesis-fim-serio-worktrees/integration/frontend/src/components/ui/ModalDialog.tsx": {"lines":{"total":57,"covered":34,"skipped":0,"pct":59.64},"functions":{"total":3,"covered":2,"skipped":0,"pct":66.66},"statements":{"total":57,"covered":34,"skipped":0,"pct":59.64},"branches":{"total":7,"covered":4,"skipped":0,"pct":57.14}}
,"[HOME]/Facultad/tesis/tesis-fim-serio-worktrees/integration/frontend/src/components/ui/Pagination.tsx": {"lines":{"total":92,"covered":92,"skipped":0,"pct":100},"functions":{"total":9,"covered":6,"skipped":0,"pct":66.66},"statements":{"total":92,"covered":92,"skipped":0,"pct":100},"branches":{"total":18,"covered":18,"skipped":0,"pct":100}}
,"[HOME]/Facultad/tesis/tesis-fim-serio-worktrees/integration/frontend/src/components/ui/QueryErrorState.tsx": {"lines":{"total":15,"covered":2,"skipped":0,"pct":13.33},"functions":{"total":1,"covered":0,"skipped":0,"pct":0},"statements":{"total":15,"covered":2,"skipped":0,"pct":13.33},"branches":{"total":0,"covered":0,"skipped":0,"pct":100}}
,"[HOME]/Facultad/tesis/tesis-fim-serio-worktrees/integration/frontend/src/components/ui/RejectModal.tsx": {"lines":{"total":45,"covered":9,"skipped":0,"pct":20},"functions":{"total":4,"covered":1,"skipped":0,"pct":25},"statements":{"total":45,"covered":9,"skipped":0,"pct":20},"branches":{"total":3,"covered":1,"skipped":0,"pct":33.33}}
,"[HOME]/Facultad/tesis/tesis-fim-serio-worktrees/integration/frontend/src/components/ui/RescanConfirmModal.tsx": {"lines":{"total":48,"covered":48,"skipped":0,"pct":100},"functions":{"total":1,"covered":1,"skipped":0,"pct":100},"statements":{"total":48,"covered":48,"skipped":0,"pct":100},"branches":{"total":13,"covered":12,"skipped":0,"pct":92.3}}
,"[HOME]/Facultad/tesis/tesis-fim-serio-worktrees/integration/frontend/src/components/ui/RuleForm.tsx": {"lines":{"total":109,"covered":109,"skipped":0,"pct":100},"functions":{"total":6,"covered":6,"skipped":0,"pct":100},"statements":{"total":109,"covered":109,"skipped":0,"pct":100},"branches":{"total":29,"covered":27,"skipped":0,"pct":93.1}}
,"[HOME]/Facultad/tesis/tesis-fim-serio-worktrees/integration/frontend/src/hooks/useAgents.ts": {"lines":{"total":47,"covered":0,"skipped":0,"pct":0},"functions":{"total":1,"covered":0,"skipped":0,"pct":0},"statements":{"total":47,"covered":0,"skipped":0,"pct":0},"branches":{"total":1,"covered":0,"skipped":0,"pct":0}}
,"[HOME]/Facultad/tesis/tesis-fim-serio-worktrees/integration/frontend/src/hooks/useAlerts.ts": {"lines":{"total":34,"covered":11,"skipped":0,"pct":32.35},"functions":{"total":6,"covered":3,"skipped":0,"pct":50},"statements":{"total":34,"covered":11,"skipped":0,"pct":32.35},"branches":{"total":3,"covered":3,"skipped":0,"pct":100}}
,"[HOME]/Facultad/tesis/tesis-fim-serio-worktrees/integration/frontend/src/hooks/useAlertsSSE.ts": {"lines":{"total":35,"covered":34,"skipped":0,"pct":97.14},"functions":{"total":2,"covered":2,"skipped":0,"pct":100},"statements":{"total":35,"covered":34,"skipped":0,"pct":97.14},"branches":{"total":10,"covered":7,"skipped":0,"pct":70}}
,"[HOME]/Facultad/tesis/tesis-fim-serio-worktrees/integration/frontend/src/hooks/useDashboard.ts": {"lines":{"total":8,"covered":8,"skipped":0,"pct":100},"functions":{"total":1,"covered":1,"skipped":0,"pct":100},"statements":{"total":8,"covered":8,"skipped":0,"pct":100},"branches":{"total":1,"covered":1,"skipped":0,"pct":100}}
,"[HOME]/Facultad/tesis/tesis-fim-serio-worktrees/integration/frontend/src/hooks/useEvent.ts": {"lines":{"total":13,"covered":9,"skipped":0,"pct":69.23},"functions":{"total":3,"covered":2,"skipped":0,"pct":66.66},"statements":{"total":13,"covered":9,"skipped":0,"pct":69.23},"branches":{"total":2,"covered":2,"skipped":0,"pct":100}}
,"[HOME]/Facultad/tesis/tesis-fim-serio-worktrees/integration/frontend/src/hooks/useEventActions.ts": {"lines":{"total":94,"covered":50,"skipped":0,"pct":53.19},"functions":{"total":15,"covered":5,"skipped":0,"pct":33.33},"statements":{"total":94,"covered":50,"skipped":0,"pct":53.19},"branches":{"total":11,"covered":5,"skipped":0,"pct":45.45}}
,"[HOME]/Facultad/tesis/tesis-fim-serio-worktrees/integration/frontend/src/hooks/useEventChain.ts": {"lines":{"total":8,"covered":8,"skipped":0,"pct":100},"functions":{"total":2,"covered":2,"skipped":0,"pct":100},"statements":{"total":8,"covered":8,"skipped":0,"pct":100},"branches":{"total":2,"covered":2,"skipped":0,"pct":100}}
,"[HOME]/Facultad/tesis/tesis-fim-serio-worktrees/integration/frontend/src/hooks/useEvents.ts": {"lines":{"total":8,"covered":8,"skipped":0,"pct":100},"functions":{"total":3,"covered":3,"skipped":0,"pct":100},"statements":{"total":8,"covered":8,"skipped":0,"pct":100},"branches":{"total":3,"covered":3,"skipped":0,"pct":100}}
,"[HOME]/Facultad/tesis/tesis-fim-serio-worktrees/integration/frontend/src/hooks/useRules.ts": {"lines":{"total":46,"covered":42,"skipped":0,"pct":91.3},"functions":{"total":11,"covered":9,"skipped":0,"pct":81.81},"statements":{"total":46,"covered":42,"skipped":0,"pct":91.3},"branches":{"total":9,"covered":9,"skipped":0,"pct":100}}
,"[HOME]/Facultad/tesis/tesis-fim-serio-worktrees/integration/frontend/src/pages/Agents.tsx": {"lines":{"total":114,"covered":0,"skipped":0,"pct":0},"functions":{"total":1,"covered":0,"skipped":0,"pct":0},"statements":{"total":114,"covered":0,"skipped":0,"pct":0},"branches":{"total":1,"covered":0,"skipped":0,"pct":0}}
,"[HOME]/Facultad/tesis/tesis-fim-serio-worktrees/integration/frontend/src/pages/Alerts.tsx": {"lines":{"total":154,"covered":135,"skipped":0,"pct":87.66},"functions":{"total":10,"covered":2,"skipped":0,"pct":20},"statements":{"total":154,"covered":135,"skipped":0,"pct":87.66},"branches":{"total":21,"covered":13,"skipped":0,"pct":61.9}}
,"[HOME]/Facultad/tesis/tesis-fim-serio-worktrees/integration/frontend/src/pages/Dashboard.tsx": {"lines":{"total":158,"covered":157,"skipped":0,"pct":99.36},"functions":{"total":3,"covered":2,"skipped":0,"pct":66.66},"statements":{"total":158,"covered":157,"skipped":0,"pct":99.36},"branches":{"total":29,"covered":22,"skipped":0,"pct":75.86}}
,"[HOME]/Facultad/tesis/tesis-fim-serio-worktrees/integration/frontend/src/pages/EventChain.tsx": {"lines":{"total":82,"covered":74,"skipped":0,"pct":90.24},"functions":{"total":2,"covered":2,"skipped":0,"pct":100},"statements":{"total":82,"covered":74,"skipped":0,"pct":90.24},"branches":{"total":14,"covered":9,"skipped":0,"pct":64.28}}
,"[HOME]/Facultad/tesis/tesis-fim-serio-worktrees/integration/frontend/src/pages/EventDetail.tsx": {"lines":{"total":276,"covered":185,"skipped":0,"pct":67.02},"functions":{"total":12,"covered":7,"skipped":0,"pct":58.33},"statements":{"total":276,"covered":185,"skipped":0,"pct":67.02},"branches":{"total":42,"covered":24,"skipped":0,"pct":57.14}}
,"[HOME]/Facultad/tesis/tesis-fim-serio-worktrees/integration/frontend/src/pages/Events.tsx": {"lines":{"total":172,"covered":165,"skipped":0,"pct":95.93},"functions":{"total":14,"covered":8,"skipped":0,"pct":57.14},"statements":{"total":172,"covered":165,"skipped":0,"pct":95.93},"branches":{"total":41,"covered":36,"skipped":0,"pct":87.8}}
,"[HOME]/Facultad/tesis/tesis-fim-serio-worktrees/integration/frontend/src/pages/FailedAlerts.tsx": {"lines":{"total":195,"covered":0,"skipped":0,"pct":0},"functions":{"total":1,"covered":0,"skipped":0,"pct":0},"statements":{"total":195,"covered":0,"skipped":0,"pct":0},"branches":{"total":1,"covered":0,"skipped":0,"pct":0}}
,"[HOME]/Facultad/tesis/tesis-fim-serio-worktrees/integration/frontend/src/pages/ForcePasswordChange.tsx": {"lines":{"total":115,"covered":0,"skipped":0,"pct":0},"functions":{"total":1,"covered":0,"skipped":0,"pct":0},"statements":{"total":115,"covered":0,"skipped":0,"pct":0},"branches":{"total":1,"covered":0,"skipped":0,"pct":0}}
,"[HOME]/Facultad/tesis/tesis-fim-serio-worktrees/integration/frontend/src/pages/Login.tsx": {"lines":{"total":95,"covered":91,"skipped":0,"pct":95.78},"functions":{"total":4,"covered":4,"skipped":0,"pct":100},"statements":{"total":95,"covered":91,"skipped":0,"pct":95.78},"branches":{"total":19,"covered":17,"skipped":0,"pct":89.47}}
,"[HOME]/Facultad/tesis/tesis-fim-serio-worktrees/integration/frontend/src/pages/Rules.tsx": {"lines":{"total":195,"covered":164,"skipped":0,"pct":84.1},"functions":{"total":17,"covered":11,"skipped":0,"pct":64.7},"statements":{"total":195,"covered":164,"skipped":0,"pct":84.1},"branches":{"total":28,"covered":24,"skipped":0,"pct":85.71}}
,"[HOME]/Facultad/tesis/tesis-fim-serio-worktrees/integration/frontend/src/stores/auth.store.ts": {"lines":{"total":86,"covered":84,"skipped":0,"pct":97.67},"functions":{"total":7,"covered":7,"skipped":0,"pct":100},"statements":{"total":86,"covered":84,"skipped":0,"pct":97.67},"branches":{"total":29,"covered":26,"skipped":0,"pct":89.65}}
,"[HOME]/Facultad/tesis/tesis-fim-serio-worktrees/integration/frontend/src/utils/ackStatus.ts": {"lines":{"total":10,"covered":10,"skipped":0,"pct":100},"functions":{"total":1,"covered":1,"skipped":0,"pct":100},"statements":{"total":10,"covered":10,"skipped":0,"pct":100},"branches":{"total":5,"covered":4,"skipped":0,"pct":80}}
,"[HOME]/Facultad/tesis/tesis-fim-serio-worktrees/integration/frontend/src/utils/actionError.ts": {"lines":{"total":46,"covered":46,"skipped":0,"pct":100},"functions":{"total":1,"covered":1,"skipped":0,"pct":100},"statements":{"total":46,"covered":46,"skipped":0,"pct":100},"branches":{"total":5,"covered":5,"skipped":0,"pct":100}}
,"[HOME]/Facultad/tesis/tesis-fim-serio-worktrees/integration/frontend/src/utils/actionFailed.ts": {"lines":{"total":8,"covered":8,"skipped":0,"pct":100},"functions":{"total":1,"covered":1,"skipped":0,"pct":100},"statements":{"total":8,"covered":8,"skipped":0,"pct":100},"branches":{"total":3,"covered":3,"skipped":0,"pct":100}}
,"[HOME]/Facultad/tesis/tesis-fim-serio-worktrees/integration/frontend/src/utils/discardedEvents.ts": {"lines":{"total":26,"covered":26,"skipped":0,"pct":100},"functions":{"total":1,"covered":1,"skipped":0,"pct":100},"statements":{"total":26,"covered":26,"skipped":0,"pct":100},"branches":{"total":8,"covered":8,"skipped":0,"pct":100}}
,"[HOME]/Facultad/tesis/tesis-fim-serio-worktrees/integration/frontend/src/utils/eventFilters.ts": {"lines":{"total":31,"covered":31,"skipped":0,"pct":100},"functions":{"total":2,"covered":2,"skipped":0,"pct":100},"statements":{"total":31,"covered":31,"skipped":0,"pct":100},"branches":{"total":25,"covered":23,"skipped":0,"pct":92}}
,"[HOME]/Facultad/tesis/tesis-fim-serio-worktrees/integration/frontend/src/utils/eventType.ts": {"lines":{"total":22,"covered":15,"skipped":0,"pct":68.18},"functions":{"total":1,"covered":1,"skipped":0,"pct":100},"statements":{"total":22,"covered":15,"skipped":0,"pct":68.18},"branches":{"total":2,"covered":1,"skipped":0,"pct":50}}
,"[HOME]/Facultad/tesis/tesis-fim-serio-worktrees/integration/frontend/src/utils/severity.ts": {"lines":{"total":15,"covered":15,"skipped":0,"pct":100},"functions":{"total":1,"covered":1,"skipped":0,"pct":100},"statements":{"total":15,"covered":15,"skipped":0,"pct":100},"branches":{"total":4,"covered":4,"skipped":0,"pct":100}}
,"[HOME]/Facultad/tesis/tesis-fim-serio-worktrees/integration/frontend/src/utils/timeDisplay.ts": {"lines":{"total":55,"covered":55,"skipped":0,"pct":100},"functions":{"total":3,"covered":3,"skipped":0,"pct":100},"statements":{"total":55,"covered":55,"skipped":0,"pct":100},"branches":{"total":23,"covered":19,"skipped":0,"pct":82.6}}
,"[HOME]/Facultad/tesis/tesis-fim-serio-worktrees/integration/frontend/src/utils/watchPathStatus.ts": {"lines":{"total":26,"covered":26,"skipped":0,"pct":100},"functions":{"total":1,"covered":1,"skipped":0,"pct":100},"statements":{"total":26,"covered":26,"skipped":0,"pct":100},"branches":{"total":6,"covered":6,"skipped":0,"pct":100}}
}
