<testsuites id="" name="" tests="2" failures="0" skipped="0" errors="0" time="37.68866">
<testsuite name="us20-realtime-alerts.spec.ts" timestamp="2026-09-11T23:11:16.506Z" hostname="" tests="2" failures="0" skipped="0" time="37.053" errors="0">
<testcase name="US-20 consumer real crea Alert y SSE muestra toast sin reload" classname="us20-realtime-alerts.spec.ts" time="10.488">
</testcase>
<testcase name="US-20 EventSource reconecta tras un corte real sólo de la ruta SSE y recibe un evento nuevo" classname="us20-realtime-alerts.spec.ts" time="26.565">
</testcase>
</testsuite>
</testsuites>