{"total": {"lines":{"total":3441,"covered":1995,"skipped":0,"pct":57.97},"statements":{"total":3441,"covered":1995,"skipped":0,"pct":57.97},"functions":{"total":189,"covered":105,"skipped":0,"pct":55.55},"branches":{"total":521,"covered":396,"skipped":0,"pct":76},"branchesTrue":{"total":0,"covered":0,"skipped":0,"pct":100}}
,"[FROZEN_SNAPSHOT]/frontend/src/App.tsx": {"lines":{"total":43,"covered":0,"skipped":0,"pct":0},"functions":{"total":1,"covered":0,"skipped":0,"pct":0},"statements":{"total":43,"covered":0,"skipped":0,"pct":0},"branches":{"total":1,"covered":0,"skipped":0,"pct":0}}
,"[FROZEN_SNAPSHOT]/frontend/src/main.tsx": {"lines":{"total":24,"covered":0,"skipped":0,"pct":0},"functions":{"total":1,"covered":0,"skipped":0,"pct":0},"statements":{"total":24,"covered":0,"skipped":0,"pct":0},"branches":{"total":1,"covered":0,"skipped":0,"pct":0}}
,"[FROZEN_SNAPSHOT]/frontend/src/api/actions.ts": {"lines":{"total":15,"covered":9,"skipped":0,"pct":60},"functions":{"total":4,"covered":2,"skipped":0,"pct":50},"statements":{"total":15,"covered":9,"skipped":0,"pct":60},"branches":{"total":2,"covered":2,"skipped":0,"pct":100}}
,"[FROZEN_SNAPSHOT]/frontend/src/api/agents.ts": {"lines":{"total":16,"covered":0,"skipped":0,"pct":0},"functions":{"total":1,"covered":0,"skipped":0,"pct":0},"statements":{"total":16,"covered":0,"skipped":0,"pct":0},"branches":{"total":1,"covered":0,"skipped":0,"pct":0}}
,"[FROZEN_SNAPSHOT]/frontend/src/api/alerts.ts": {"lines":{"total":17,"covered":0,"skipped":0,"pct":0},"functions":{"total":1,"covered":0,"skipped":0,"pct":0},"statements":{"total":17,"covered":0,"skipped":0,"pct":0},"branches":{"total":1,"covered":0,"skipped":0,"pct":0}}
,"[FROZEN_SNAPSHOT]/frontend/src/api/auth.ts": {"lines":{"total":36,"covered":24,"skipped":0,"pct":66.66},"functions":{"total":4,"covered":2,"skipped":0,"pct":50},"statements":{"total":36,"covered":24,"skipped":0,"pct":66.66},"branches":{"total":6,"covered":6,"skipped":0,"pct":100}}
,"[FROZEN_SNAPSHOT]/frontend/src/api/client.ts": {"lines":{"total":72,"covered":50,"skipped":0,"pct":69.44},"functions":{"total":2,"covered":1,"skipped":0,"pct":50},"statements":{"total":72,"covered":50,"skipped":0,"pct":69.44},"branches":{"total":10,"covered":4,"skipped":0,"pct":40}}
,"[FROZEN_SNAPSHOT]/frontend/src/api/dashboard.ts": {"lines":{"total":53,"covered":53,"skipped":0,"pct":100},"functions":{"total":1,"covered":1,"skipped":0,"pct":100},"statements":{"total":53,"covered":53,"skipped":0,"pct":100},"branches":{"total":9,"covered":8,"skipped":0,"pct":88.88}}
,"[FROZEN_SNAPSHOT]/frontend/src/api/events.ts": {"lines":{"total":34,"covered":34,"skipped":0,"pct":100},"functions":{"total":4,"covered":4,"skipped":0,"pct":100},"statements":{"total":34,"covered":34,"skipped":0,"pct":100},"branches":{"total":22,"covered":18,"skipped":0,"pct":81.81}}
,"[FROZEN_SNAPSHOT]/frontend/src/api/rules.ts": {"lines":{"total":16,"covered":8,"skipped":0,"pct":50},"functions":{"total":4,"covered":2,"skipped":0,"pct":50},"statements":{"total":16,"covered":8,"skipped":0,"pct":50},"branches":{"total":2,"covered":2,"skipped":0,"pct":100}}
,"[FROZEN_SNAPSHOT]/frontend/src/components/layout/AlertsBanner.tsx": {"lines":{"total":21,"covered":21,"skipped":0,"pct":100},"functions":{"total":2,"covered":2,"skipped":0,"pct":100},"statements":{"total":21,"covered":21,"skipped":0,"pct":100},"branches":{"total":10,"covered":10,"skipped":0,"pct":100}}
,"[FROZEN_SNAPSHOT]/frontend/src/components/layout/AuthLayout.tsx": {"lines":{"total":7,"covered":0,"skipped":0,"pct":0},"functions":{"total":1,"covered":0,"skipped":0,"pct":0},"statements":{"total":7,"covered":0,"skipped":0,"pct":0},"branches":{"total":1,"covered":0,"skipped":0,"pct":0}}
,"[FROZEN_SNAPSHOT]/frontend/src/components/layout/MainLayout.tsx": {"lines":{"total":16,"covered":0,"skipped":0,"pct":0},"functions":{"total":1,"covered":0,"skipped":0,"pct":0},"statements":{"total":16,"covered":0,"skipped":0,"pct":0},"branches":{"total":1,"covered":0,"skipped":0,"pct":0}}
,"[FROZEN_SNAPSHOT]/frontend/src/components/layout/Navbar.tsx": {"lines":{"total":28,"covered":28,"skipped":0,"pct":100},"functions":{"total":2,"covered":2,"skipped":0,"pct":100},"statements":{"total":28,"covered":28,"skipped":0,"pct":100},"branches":{"total":6,"covered":6,"skipped":0,"pct":100}}
,"[FROZEN_SNAPSHOT]/frontend/src/components/layout/ProtectedRoute.tsx": {"lines":{"total":51,"covered":42,"skipped":0,"pct":82.35},"functions":{"total":2,"covered":2,"skipped":0,"pct":100},"statements":{"total":51,"covered":42,"skipped":0,"pct":82.35},"branches":{"total":22,"covered":18,"skipped":0,"pct":81.81}}
,"[FROZEN_SNAPSHOT]/frontend/src/components/layout/Sidebar.tsx": {"lines":{"total":38,"covered":0,"skipped":0,"pct":0},"functions":{"total":1,"covered":0,"skipped":0,"pct":0},"statements":{"total":38,"covered":0,"skipped":0,"pct":0},"branches":{"total":1,"covered":0,"skipped":0,"pct":0}}
,"[FROZEN_SNAPSHOT]/frontend/src/components/layout/SystemBanner.tsx": {"lines":{"total":31,"covered":31,"skipped":0,"pct":100},"functions":{"total":2,"covered":2,"skipped":0,"pct":100},"statements":{"total":31,"covered":31,"skipped":0,"pct":100},"branches":{"total":10,"covered":10,"skipped":0,"pct":100}}
,"[FROZEN_SNAPSHOT]/frontend/src/components/ui/AgentCard.tsx": {"lines":{"total":179,"covered":112,"skipped":0,"pct":62.56},"functions":{"total":11,"covered":3,"skipped":0,"pct":27.27},"statements":{"total":179,"covered":112,"skipped":0,"pct":62.56},"branches":{"total":15,"covered":5,"skipped":0,"pct":33.33}}
,"[FROZEN_SNAPSHOT]/frontend/src/components/ui/BulkActionBar.tsx": {"lines":{"total":185,"covered":184,"skipped":0,"pct":99.45},"functions":{"total":16,"covered":10,"skipped":0,"pct":62.5},"statements":{"total":185,"covered":184,"skipped":0,"pct":99.45},"branches":{"total":56,"covered":50,"skipped":0,"pct":89.28}}
,"[FROZEN_SNAPSHOT]/frontend/src/components/ui/DiffViewer.tsx": {"lines":{"total":16,"covered":16,"skipped":0,"pct":100},"functions":{"total":1,"covered":1,"skipped":0,"pct":100},"statements":{"total":16,"covered":16,"skipped":0,"pct":100},"branches":{"total":2,"covered":2,"skipped":0,"pct":100}}
,"[FROZEN_SNAPSHOT]/frontend/src/components/ui/EventTimeline.tsx": {"lines":{"total":66,"covered":45,"skipped":0,"pct":68.18},"functions":{"total":2,"covered":2,"skipped":0,"pct":100},"statements":{"total":66,"covered":45,"skipped":0,"pct":68.18},"branches":{"total":7,"covered":2,"skipped":0,"pct":28.57}}
,"[FROZEN_SNAPSHOT]/frontend/src/components/ui/EventsTable.tsx": {"lines":{"total":180,"covered":160,"skipped":0,"pct":88.88},"functions":{"total":6,"covered":6,"skipped":0,"pct":100},"statements":{"total":180,"covered":160,"skipped":0,"pct":88.88},"branches":{"total":41,"covered":29,"skipped":0,"pct":70.73}}
,"[FROZEN_SNAPSHOT]/frontend/src/components/ui/ModalDialog.tsx": {"lines":{"total":57,"covered":31,"skipped":0,"pct":54.38},"functions":{"total":3,"covered":1,"skipped":0,"pct":33.33},"statements":{"total":57,"covered":31,"skipped":0,"pct":54.38},"branches":{"total":4,"covered":3,"skipped":0,"pct":75}}
,"[FROZEN_SNAPSHOT]/frontend/src/components/ui/QueryErrorState.tsx": {"lines":{"total":15,"covered":2,"skipped":0,"pct":13.33},"functions":{"total":1,"covered":0,"skipped":0,"pct":0},"statements":{"total":15,"covered":2,"skipped":0,"pct":13.33},"branches":{"total":0,"covered":0,"skipped":0,"pct":100}}
,"[FROZEN_SNAPSHOT]/frontend/src/components/ui/RejectModal.tsx": {"lines":{"total":45,"covered":9,"skipped":0,"pct":20},"functions":{"total":4,"covered":1,"skipped":0,"pct":25},"statements":{"total":45,"covered":9,"skipped":0,"pct":20},"branches":{"total":3,"covered":1,"skipped":0,"pct":33.33}}
,"[FROZEN_SNAPSHOT]/frontend/src/components/ui/RescanConfirmModal.tsx": {"lines":{"total":39,"covered":0,"skipped":0,"pct":0},"functions":{"total":1,"covered":0,"skipped":0,"pct":0},"statements":{"total":39,"covered":0,"skipped":0,"pct":0},"branches":{"total":1,"covered":0,"skipped":0,"pct":0}}
,"[FROZEN_SNAPSHOT]/frontend/src/components/ui/RuleForm.tsx": {"lines":{"total":109,"covered":103,"skipped":0,"pct":94.49},"functions":{"total":6,"covered":3,"skipped":0,"pct":50},"statements":{"total":109,"covered":103,"skipped":0,"pct":94.49},"branches":{"total":25,"covered":22,"skipped":0,"pct":88}}
,"[FROZEN_SNAPSHOT]/frontend/src/hooks/useAgents.ts": {"lines":{"total":47,"covered":0,"skipped":0,"pct":0},"functions":{"total":1,"covered":0,"skipped":0,"pct":0},"statements":{"total":47,"covered":0,"skipped":0,"pct":0},"branches":{"total":1,"covered":0,"skipped":0,"pct":0}}
,"[FROZEN_SNAPSHOT]/frontend/src/hooks/useAlerts.ts": {"lines":{"total":34,"covered":0,"skipped":0,"pct":0},"functions":{"total":1,"covered":0,"skipped":0,"pct":0},"statements":{"total":34,"covered":0,"skipped":0,"pct":0},"branches":{"total":1,"covered":0,"skipped":0,"pct":0}}
,"[FROZEN_SNAPSHOT]/frontend/src/hooks/useAlertsSSE.ts": {"lines":{"total":35,"covered":34,"skipped":0,"pct":97.14},"functions":{"total":2,"covered":2,"skipped":0,"pct":100},"statements":{"total":35,"covered":34,"skipped":0,"pct":97.14},"branches":{"total":10,"covered":7,"skipped":0,"pct":70}}
,"[FROZEN_SNAPSHOT]/frontend/src/hooks/useDashboard.ts": {"lines":{"total":8,"covered":8,"skipped":0,"pct":100},"functions":{"total":1,"covered":1,"skipped":0,"pct":100},"statements":{"total":8,"covered":8,"skipped":0,"pct":100},"branches":{"total":1,"covered":1,"skipped":0,"pct":100}}
,"[FROZEN_SNAPSHOT]/frontend/src/hooks/useEvent.ts": {"lines":{"total":13,"covered":9,"skipped":0,"pct":69.23},"functions":{"total":3,"covered":2,"skipped":0,"pct":66.66},"statements":{"total":13,"covered":9,"skipped":0,"pct":69.23},"branches":{"total":2,"covered":2,"skipped":0,"pct":100}}
,"[FROZEN_SNAPSHOT]/frontend/src/hooks/useEventActions.ts": {"lines":{"total":94,"covered":50,"skipped":0,"pct":53.19},"functions":{"total":15,"covered":5,"skipped":0,"pct":33.33},"statements":{"total":94,"covered":50,"skipped":0,"pct":53.19},"branches":{"total":11,"covered":5,"skipped":0,"pct":45.45}}
,"[FROZEN_SNAPSHOT]/frontend/src/hooks/useEvents.ts": {"lines":{"total":8,"covered":8,"skipped":0,"pct":100},"functions":{"total":3,"covered":3,"skipped":0,"pct":100},"statements":{"total":8,"covered":8,"skipped":0,"pct":100},"branches":{"total":3,"covered":3,"skipped":0,"pct":100}}
,"[FROZEN_SNAPSHOT]/frontend/src/hooks/useRules.ts": {"lines":{"total":36,"covered":31,"skipped":0,"pct":86.11},"functions":{"total":10,"covered":6,"skipped":0,"pct":60},"statements":{"total":36,"covered":31,"skipped":0,"pct":86.11},"branches":{"total":6,"covered":6,"skipped":0,"pct":100}}
,"[FROZEN_SNAPSHOT]/frontend/src/pages/Agents.tsx": {"lines":{"total":113,"covered":0,"skipped":0,"pct":0},"functions":{"total":1,"covered":0,"skipped":0,"pct":0},"statements":{"total":113,"covered":0,"skipped":0,"pct":0},"branches":{"total":1,"covered":0,"skipped":0,"pct":0}}
,"[FROZEN_SNAPSHOT]/frontend/src/pages/Alerts.tsx": {"lines":{"total":142,"covered":0,"skipped":0,"pct":0},"functions":{"total":1,"covered":0,"skipped":0,"pct":0},"statements":{"total":142,"covered":0,"skipped":0,"pct":0},"branches":{"total":1,"covered":0,"skipped":0,"pct":0}}
,"[FROZEN_SNAPSHOT]/frontend/src/pages/Dashboard.tsx": {"lines":{"total":158,"covered":157,"skipped":0,"pct":99.36},"functions":{"total":3,"covered":2,"skipped":0,"pct":66.66},"statements":{"total":158,"covered":157,"skipped":0,"pct":99.36},"branches":{"total":29,"covered":22,"skipped":0,"pct":75.86}}
,"[FROZEN_SNAPSHOT]/frontend/src/pages/EventDetail.tsx": {"lines":{"total":246,"covered":155,"skipped":0,"pct":63},"functions":{"total":12,"covered":7,"skipped":0,"pct":58.33},"statements":{"total":246,"covered":155,"skipped":0,"pct":63},"branches":{"total":34,"covered":17,"skipped":0,"pct":50}}
,"[FROZEN_SNAPSHOT]/frontend/src/pages/Events.tsx": {"lines":{"total":184,"covered":146,"skipped":0,"pct":79.34},"functions":{"total":16,"covered":5,"skipped":0,"pct":31.25},"statements":{"total":184,"covered":146,"skipped":0,"pct":79.34},"branches":{"total":31,"covered":25,"skipped":0,"pct":80.64}}
,"[FROZEN_SNAPSHOT]/frontend/src/pages/FailedAlerts.tsx": {"lines":{"total":195,"covered":0,"skipped":0,"pct":0},"functions":{"total":1,"covered":0,"skipped":0,"pct":0},"statements":{"total":195,"covered":0,"skipped":0,"pct":0},"branches":{"total":1,"covered":0,"skipped":0,"pct":0}}
,"[FROZEN_SNAPSHOT]/frontend/src/pages/ForcePasswordChange.tsx": {"lines":{"total":115,"covered":0,"skipped":0,"pct":0},"functions":{"total":1,"covered":0,"skipped":0,"pct":0},"statements":{"total":115,"covered":0,"skipped":0,"pct":0},"branches":{"total":1,"covered":0,"skipped":0,"pct":0}}
,"[FROZEN_SNAPSHOT]/frontend/src/pages/Login.tsx": {"lines":{"total":95,"covered":0,"skipped":0,"pct":0},"functions":{"total":1,"covered":0,"skipped":0,"pct":0},"statements":{"total":95,"covered":0,"skipped":0,"pct":0},"branches":{"total":1,"covered":0,"skipped":0,"pct":0}}
,"[FROZEN_SNAPSHOT]/frontend/src/pages/Rules.tsx": {"lines":{"total":184,"covered":129,"skipped":0,"pct":70.1},"functions":{"total":13,"covered":7,"skipped":0,"pct":53.84},"statements":{"total":184,"covered":129,"skipped":0,"pct":70.1},"branches":{"total":20,"covered":14,"skipped":0,"pct":70}}
,"[FROZEN_SNAPSHOT]/frontend/src/stores/auth.store.ts": {"lines":{"total":86,"covered":74,"skipped":0,"pct":86.04},"functions":{"total":7,"covered":6,"skipped":0,"pct":85.71},"statements":{"total":86,"covered":74,"skipped":0,"pct":86.04},"branches":{"total":28,"covered":25,"skipped":0,"pct":89.28}}
,"[FROZEN_SNAPSHOT]/frontend/src/utils/ackStatus.ts": {"lines":{"total":10,"covered":10,"skipped":0,"pct":100},"functions":{"total":1,"covered":1,"skipped":0,"pct":100},"statements":{"total":10,"covered":10,"skipped":0,"pct":100},"branches":{"total":5,"covered":4,"skipped":0,"pct":80}}
,"[FROZEN_SNAPSHOT]/frontend/src/utils/actionError.ts": {"lines":{"total":46,"covered":46,"skipped":0,"pct":100},"functions":{"total":1,"covered":1,"skipped":0,"pct":100},"statements":{"total":46,"covered":46,"skipped":0,"pct":100},"branches":{"total":4,"covered":4,"skipped":0,"pct":100}}
,"[FROZEN_SNAPSHOT]/frontend/src/utils/actionFailed.ts": {"lines":{"total":8,"covered":8,"skipped":0,"pct":100},"functions":{"total":1,"covered":1,"skipped":0,"pct":100},"statements":{"total":8,"covered":8,"skipped":0,"pct":100},"branches":{"total":3,"covered":3,"skipped":0,"pct":100}}
,"[FROZEN_SNAPSHOT]/frontend/src/utils/discardedEvents.ts": {"lines":{"total":26,"covered":26,"skipped":0,"pct":100},"functions":{"total":1,"covered":1,"skipped":0,"pct":100},"statements":{"total":26,"covered":26,"skipped":0,"pct":100},"branches":{"total":8,"covered":8,"skipped":0,"pct":100}}
,"[FROZEN_SNAPSHOT]/frontend/src/utils/eventFilters.ts": {"lines":{"total":31,"covered":31,"skipped":0,"pct":100},"functions":{"total":2,"covered":2,"skipped":0,"pct":100},"statements":{"total":31,"covered":31,"skipped":0,"pct":100},"branches":{"total":25,"covered":23,"skipped":0,"pct":92}}
,"[FROZEN_SNAPSHOT]/frontend/src/utils/eventType.ts": {"lines":{"total":22,"covered":15,"skipped":0,"pct":68.18},"functions":{"total":1,"covered":1,"skipped":0,"pct":100},"statements":{"total":22,"covered":15,"skipped":0,"pct":68.18},"branches":{"total":2,"covered":1,"skipped":0,"pct":50}}
,"[FROZEN_SNAPSHOT]/frontend/src/utils/severity.ts": {"lines":{"total":15,"covered":15,"skipped":0,"pct":100},"functions":{"total":1,"covered":1,"skipped":0,"pct":100},"statements":{"total":15,"covered":15,"skipped":0,"pct":100},"branches":{"total":4,"covered":4,"skipped":0,"pct":100}}
,"[FROZEN_SNAPSHOT]/frontend/src/utils/timeDisplay.ts": {"lines":{"total":55,"covered":55,"skipped":0,"pct":100},"functions":{"total":3,"covered":3,"skipped":0,"pct":100},"statements":{"total":55,"covered":55,"skipped":0,"pct":100},"branches":{"total":23,"covered":19,"skipped":0,"pct":82.6}}
,"[FROZEN_SNAPSHOT]/frontend/src/utils/watchPathStatus.ts": {"lines":{"total":26,"covered":26,"skipped":0,"pct":100},"functions":{"total":1,"covered":1,"skipped":0,"pct":100},"statements":{"total":26,"covered":26,"skipped":0,"pct":100},"branches":{"total":5,"covered":5,"skipped":0,"pct":100}}
}
