{"[FROZEN_SNAPSHOT]/frontend/src/App.tsx": {"path":"[FROZEN_SNAPSHOT]/frontend/src/App.tsx","all":true,"statementMap":{"0":{"start":{"line":1,"column":0},"end":{"line":1,"column":73}},"15":{"start":{"line":16,"column":0},"end":{"line":16,"column":23}},"16":{"start":{"line":17,"column":0},"end":{"line":17,"column":10}},"17":{"start":{"line":18,"column":0},"end":{"line":18,"column":6}},"18":{"start":{"line":19,"column":0},"end":{"line":19,"column":47}},"19":{"start":{"line":20,"column":0},"end":{"line":20,"column":19}},"20":{"start":{"line":21,"column":0},"end":{"line":21,"column":14}},"22":{"start":{"line":23,"column":0},"end":{"line":23,"column":14}},"23":{"start":{"line":24,"column":0},"end":{"line":24,"column":23}},"24":{"start":{"line":25,"column":0},"end":{"line":25,"column":19}},"25":{"start":{"line":26,"column":0},"end":{"line":26,"column":24}},"26":{"start":{"line":27,"column":0},"end":{"line":27,"column":23}},"27":{"start":{"line":28,"column":0},"end":{"line":28,"column":25}},"29":{"start":{"line":30,"column":0},"end":{"line":30,"column":10}},"30":{"start":{"line":31,"column":0},"end":{"line":31,"column":14}},"31":{"start":{"line":32,"column":0},"end":{"line":32,"column":33}},"32":{"start":{"line":33,"column":0},"end":{"line":33,"column":19}},"33":{"start":{"line":34,"column":0},"end":{"line":34,"column":24}},"34":{"start":{"line":35,"column":0},"end":{"line":35,"column":37}},"35":{"start":{"line":36,"column":0},"end":{"line":36,"column":25}},"37":{"start":{"line":38,"column":0},"end":{"line":38,"column":10}},"40":{"start":{"line":41,"column":0},"end":{"line":41,"column":44}},"41":{"start":{"line":42,"column":0},"end":{"line":42,"column":42}},"43":{"start":{"line":44,"column":0},"end":{"line":44,"column":74}},"46":{"start":{"line":47,"column":0},"end":{"line":47,"column":63}},"49":{"start":{"line":50,"column":0},"end":{"line":50,"column":57}},"50":{"start":{"line":51,"column":0},"end":{"line":51,"column":66}},"53":{"start":{"line":54,"column":0},"end":{"line":54,"column":55}},"56":{"start":{"line":57,"column":0},"end":{"line":57,"column":57}},"59":{"start":{"line":60,"column":0},"end":{"line":60,"column":57}},"60":{"start":{"line":61,"column":0},"end":{"line":61,"column":70}},"62":{"start":{"line":63,"column":0},"end":{"line":63,"column":18}},"63":{"start":{"line":64,"column":0},"end":{"line":64,"column":22}},"64":{"start":{"line":65,"column":0},"end":{"line":65,"column":23}},"65":{"start":{"line":66,"column":0},"end":{"line":66,"column":65}},"67":{"start":{"line":68,"column":0},"end":{"line":68,"column":22}},"69":{"start":{"line":70,"column":0},"end":{"line":70,"column":14}},"70":{"start":{"line":71,"column":0},"end":{"line":71,"column":18}},"71":{"start":{"line":72,"column":0},"end":{"line":72,"column":16}},"72":{"start":{"line":73,"column":0},"end":{"line":73,"column":15}},"73":{"start":{"line":74,"column":0},"end":{"line":74,"column":20}},"74":{"start":{"line":75,"column":0},"end":{"line":75,"column":7}},"76":{"start":{"line":77,"column":0},"end":{"line":77,"column":1}}},"s":{"0":0,"15":0,"16":0,"17":0,"18":0,"19":0,"20":0,"22":0,"23":0,"24":0,"25":0,"26":0,"27":0,"29":0,"30":0,"31":0,"32":0,"33":0,"34":0,"35":0,"37":0,"40":0,"41":0,"43":0,"46":0,"49":0,"50":0,"53":0,"56":0,"59":0,"60":0,"62":0,"63":0,"64":0,"65":0,"67":0,"69":0,"70":0,"71":0,"72":0,"73":0,"74":0,"76":0},"branchMap":{"0":{"type":"branch","line":1,"loc":{"start":{"line":1,"column":0},"end":{"line":77,"column":-1579}},"locations":[{"start":{"line":1,"column":0},"end":{"line":77,"column":-1579}}]}},"b":{"0":[0]},"fnMap":{"0":{"name":"(empty-report)","decl":{"start":{"line":1,"column":0},"end":{"line":77,"column":-1579}},"loc":{"start":{"line":1,"column":0},"end":{"line":77,"column":-1579}},"line":1}},"f":{"0":0}}
,"[FROZEN_SNAPSHOT]/frontend/src/main.tsx": {"path":"[FROZEN_SNAPSHOT]/frontend/src/main.tsx","all":true,"statementMap":{"0":{"start":{"line":1,"column":0},"end":{"line":1,"column":34}},"1":{"start":{"line":2,"column":0},"end":{"line":2,"column":45}},"2":{"start":{"line":3,"column":0},"end":{"line":3,"column":72}},"3":{"start":{"line":4,"column":0},"end":{"line":4,"column":67}},"4":{"start":{"line":5,"column":0},"end":{"line":5,"column":27}},"5":{"start":{"line":6,"column":0},"end":{"line":6,"column":22}},"7":{"start":{"line":8,"column":0},"end":{"line":8,"column":37}},"8":{"start":{"line":9,"column":0},"end":{"line":9,"column":19}},"9":{"start":{"line":10,"column":0},"end":{"line":10,"column":14}},"10":{"start":{"line":11,"column":0},"end":{"line":11,"column":24}},"11":{"start":{"line":12,"column":0},"end":{"line":12,"column":15}},"12":{"start":{"line":13,"column":0},"end":{"line":13,"column":6}},"13":{"start":{"line":14,"column":0},"end":{"line":14,"column":4}},"14":{"start":{"line":15,"column":0},"end":{"line":15,"column":2}},"16":{"start":{"line":17,"column":0},"end":{"line":17,"column":51}},"17":{"start":{"line":18,"column":0},"end":{"line":18,"column":79}},"19":{"start":{"line":20,"column":0},"end":{"line":20,"column":31}},"20":{"start":{"line":21,"column":0},"end":{"line":21,"column":14}},"21":{"start":{"line":22,"column":0},"end":{"line":22,"column":46}},"22":{"start":{"line":23,"column":0},"end":{"line":23,"column":13}},"23":{"start":{"line":24,"column":0},"end":{"line":24,"column":75}},"24":{"start":{"line":25,"column":0},"end":{"line":25,"column":26}},"25":{"start":{"line":26,"column":0},"end":{"line":26,"column":16}},"26":{"start":{"line":27,"column":0},"end":{"line":27,"column":1}}},"s":{"0":0,"1":0,"2":0,"3":0,"4":0,"5":0,"7":0,"8":0,"9":0,"10":0,"11":0,"12":0,"13":0,"14":0,"16":0,"17":0,"19":0,"20":0,"21":0,"22":0,"23":0,"24":0,"25":0,"26":0},"branchMap":{"0":{"type":"branch","line":1,"loc":{"start":{"line":1,"column":766},"end":{"line":27,"column":1}},"locations":[{"start":{"line":1,"column":766},"end":{"line":27,"column":1}}]}},"b":{"0":[0]},"fnMap":{"0":{"name":"(empty-report)","decl":{"start":{"line":1,"column":766},"end":{"line":27,"column":1}},"loc":{"start":{"line":1,"column":766},"end":{"line":27,"column":1}},"line":1}},"f":{"0":0}}
,"[FROZEN_SNAPSHOT]/frontend/src/api/actions.ts": {"path":"[FROZEN_SNAPSHOT]/frontend/src/api/actions.ts","all":false,"statementMap":{"0":{"start":{"line":1,"column":0},"end":{"line":1,"column":40}},"39":{"start":{"line":40,"column":0},"end":{"line":40,"column":69}},"40":{"start":{"line":41,"column":0},"end":{"line":41,"column":50}},"41":{"start":{"line":42,"column":0},"end":{"line":42,"column":1}},"43":{"start":{"line":44,"column":0},"end":{"line":44,"column":67}},"44":{"start":{"line":45,"column":0},"end":{"line":45,"column":49}},"45":{"start":{"line":46,"column":0},"end":{"line":46,"column":1}},"47":{"start":{"line":48,"column":0},"end":{"line":48,"column":76}},"48":{"start":{"line":49,"column":0},"end":{"line":49,"column":101}},"49":{"start":{"line":50,"column":0},"end":{"line":50,"column":13}},"50":{"start":{"line":51,"column":0},"end":{"line":51,"column":1}},"52":{"start":{"line":53,"column":0},"end":{"line":53,"column":97}},"53":{"start":{"line":54,"column":0},"end":{"line":54,"column":108}},"54":{"start":{"line":55,"column":0},"end":{"line":55,"column":13}},"55":{"start":{"line":56,"column":0},"end":{"line":56,"column":1}}},"s":{"0":1,"39":0,"40":0,"41":0,"43":0,"44":0,"45":0,"47":3,"48":3,"49":3,"50":3,"52":3,"53":3,"54":3,"55":3},"branchMap":{"0":{"type":"branch","line":48,"loc":{"start":{"line":48,"column":0},"end":{"line":51,"column":1}},"locations":[{"start":{"line":48,"column":0},"end":{"line":51,"column":1}}]},"1":{"type":"branch","line":53,"loc":{"start":{"line":53,"column":0},"end":{"line":56,"column":1}},"locations":[{"start":{"line":53,"column":0},"end":{"line":56,"column":1}}]}},"b":{"0":[3],"1":[3]},"fnMap":{"0":{"name":"approve","decl":{"start":{"line":40,"column":0},"end":{"line":42,"column":1}},"loc":{"start":{"line":40,"column":0},"end":{"line":42,"column":1}},"line":40},"1":{"name":"reject","decl":{"start":{"line":44,"column":0},"end":{"line":46,"column":1}},"loc":{"start":{"line":44,"column":0},"end":{"line":46,"column":1}},"line":44},"2":{"name":"bulkApprove","decl":{"start":{"line":48,"column":0},"end":{"line":51,"column":1}},"loc":{"start":{"line":48,"column":0},"end":{"line":51,"column":1}},"line":48},"3":{"name":"bulkReject","decl":{"start":{"line":53,"column":0},"end":{"line":56,"column":1}},"loc":{"start":{"line":53,"column":0},"end":{"line":56,"column":1}},"line":53}},"f":{"0":0,"1":0,"2":3,"3":3}}
,"[FROZEN_SNAPSHOT]/frontend/src/api/agents.ts": {"path":"[FROZEN_SNAPSHOT]/frontend/src/api/agents.ts","all":true,"statementMap":{"0":{"start":{"line":1,"column":0},"end":{"line":1,"column":40}},"37":{"start":{"line":38,"column":0},"end":{"line":38,"column":53}},"38":{"start":{"line":39,"column":0},"end":{"line":39,"column":84}},"39":{"start":{"line":40,"column":0},"end":{"line":40,"column":19}},"40":{"start":{"line":41,"column":0},"end":{"line":41,"column":1}},"42":{"start":{"line":43,"column":0},"end":{"line":43,"column":60}},"43":{"start":{"line":44,"column":0},"end":{"line":44,"column":62}},"44":{"start":{"line":45,"column":0},"end":{"line":45,"column":13}},"45":{"start":{"line":46,"column":0},"end":{"line":46,"column":1}},"47":{"start":{"line":48,"column":0},"end":{"line":48,"column":90}},"48":{"start":{"line":49,"column":0},"end":{"line":49,"column":78}},"49":{"start":{"line":50,"column":0},"end":{"line":50,"column":13}},"50":{"start":{"line":51,"column":0},"end":{"line":51,"column":1}},"58":{"start":{"line":59,"column":0},"end":{"line":59,"column":80}},"59":{"start":{"line":60,"column":0},"end":{"line":60,"column":57}},"60":{"start":{"line":61,"column":0},"end":{"line":61,"column":1}}},"s":{"0":0,"37":0,"38":0,"39":0,"40":0,"42":0,"43":0,"44":0,"45":0,"47":0,"48":0,"49":0,"50":0,"58":0,"59":0,"60":0},"branchMap":{"0":{"type":"branch","line":1,"loc":{"start":{"line":1,"column":2258},"end":{"line":61,"column":1}},"locations":[{"start":{"line":1,"column":2258},"end":{"line":61,"column":1}}]}},"b":{"0":[0]},"fnMap":{"0":{"name":"(empty-report)","decl":{"start":{"line":1,"column":2258},"end":{"line":61,"column":1}},"loc":{"start":{"line":1,"column":2258},"end":{"line":61,"column":1}},"line":1}},"f":{"0":0}}
,"[FROZEN_SNAPSHOT]/frontend/src/api/alerts.ts": {"path":"[FROZEN_SNAPSHOT]/frontend/src/api/alerts.ts","all":true,"statementMap":{"0":{"start":{"line":1,"column":0},"end":{"line":1,"column":40}},"34":{"start":{"line":35,"column":0},"end":{"line":35,"column":89}},"35":{"start":{"line":36,"column":0},"end":{"line":36,"column":70}},"36":{"start":{"line":37,"column":0},"end":{"line":37,"column":20}},"37":{"start":{"line":38,"column":0},"end":{"line":38,"column":4}},"38":{"start":{"line":39,"column":0},"end":{"line":39,"column":13}},"39":{"start":{"line":40,"column":0},"end":{"line":40,"column":1}},"41":{"start":{"line":42,"column":0},"end":{"line":42,"column":59}},"42":{"start":{"line":43,"column":0},"end":{"line":43,"column":91}},"43":{"start":{"line":44,"column":0},"end":{"line":44,"column":19}},"44":{"start":{"line":45,"column":0},"end":{"line":45,"column":1}},"46":{"start":{"line":47,"column":0},"end":{"line":47,"column":61}},"47":{"start":{"line":48,"column":0},"end":{"line":48,"column":45}},"48":{"start":{"line":49,"column":0},"end":{"line":49,"column":1}},"50":{"start":{"line":51,"column":0},"end":{"line":51,"column":63}},"51":{"start":{"line":52,"column":0},"end":{"line":52,"column":41}},"52":{"start":{"line":53,"column":0},"end":{"line":53,"column":1}}},"s":{"0":0,"34":0,"35":0,"36":0,"37":0,"38":0,"39":0,"41":0,"42":0,"43":0,"44":0,"46":0,"47":0,"48":0,"50":0,"51":0,"52":0},"branchMap":{"0":{"type":"branch","line":1,"loc":{"start":{"line":1,"column":1358},"end":{"line":53,"column":1}},"locations":[{"start":{"line":1,"column":1358},"end":{"line":53,"column":1}}]}},"b":{"0":[0]},"fnMap":{"0":{"name":"(empty-report)","decl":{"start":{"line":1,"column":1358},"end":{"line":53,"column":1}},"loc":{"start":{"line":1,"column":1358},"end":{"line":53,"column":1}},"line":1}},"f":{"0":0}}
,"[FROZEN_SNAPSHOT]/frontend/src/api/auth.ts": {"path":"[FROZEN_SNAPSHOT]/frontend/src/api/auth.ts","all":false,"statementMap":{"0":{"start":{"line":1,"column":0},"end":{"line":1,"column":25}},"2":{"start":{"line":3,"column":0},"end":{"line":3,"column":72}},"3":{"start":{"line":4,"column":0},"end":{"line":4,"column":71}},"8":{"start":{"line":9,"column":0},"end":{"line":9,"column":32}},"9":{"start":{"line":10,"column":0},"end":{"line":10,"column":20}},"10":{"start":{"line":11,"column":0},"end":{"line":11,"column":24}},"11":{"start":{"line":12,"column":0},"end":{"line":12,"column":2}},"15":{"start":{"line":16,"column":0},"end":{"line":16,"column":60}},"44":{"start":{"line":45,"column":0},"end":{"line":45,"column":87}},"45":{"start":{"line":46,"column":0},"end":{"line":46,"column":82}},"46":{"start":{"line":47,"column":0},"end":{"line":47,"column":13}},"47":{"start":{"line":48,"column":0},"end":{"line":48,"column":1}},"55":{"start":{"line":56,"column":0},"end":{"line":56,"column":59}},"57":{"start":{"line":58,"column":0},"end":{"line":58,"column":62}},"58":{"start":{"line":59,"column":0},"end":{"line":59,"column":45}},"59":{"start":{"line":60,"column":0},"end":{"line":60,"column":32}},"60":{"start":{"line":61,"column":0},"end":{"line":61,"column":39}},"61":{"start":{"line":62,"column":0},"end":{"line":62,"column":24}},"62":{"start":{"line":63,"column":0},"end":{"line":63,"column":20}},"63":{"start":{"line":64,"column":0},"end":{"line":64,"column":28}},"64":{"start":{"line":65,"column":0},"end":{"line":65,"column":6}},"65":{"start":{"line":66,"column":0},"end":{"line":66,"column":24}},"66":{"start":{"line":67,"column":0},"end":{"line":67,"column":1}},"68":{"start":{"line":69,"column":0},"end":{"line":69,"column":69}},"69":{"start":{"line":70,"column":0},"end":{"line":70,"column":51}},"70":{"start":{"line":71,"column":0},"end":{"line":71,"column":56}},"71":{"start":{"line":72,"column":0},"end":{"line":72,"column":4}},"72":{"start":{"line":73,"column":0},"end":{"line":73,"column":1}},"78":{"start":{"line":79,"column":0},"end":{"line":79,"column":40}},"79":{"start":{"line":80,"column":0},"end":{"line":80,"column":33}},"80":{"start":{"line":81,"column":0},"end":{"line":81,"column":16}},"81":{"start":{"line":82,"column":0},"end":{"line":82,"column":18}},"83":{"start":{"line":84,"column":0},"end":{"line":84,"column":59}},"84":{"start":{"line":85,"column":0},"end":{"line":85,"column":50}},"85":{"start":{"line":86,"column":0},"end":{"line":86,"column":4}},"86":{"start":{"line":87,"column":0},"end":{"line":87,"column":1}}},"s":{"0":1,"2":1,"3":1,"8":1,"9":1,"10":1,"11":1,"15":1,"44":0,"45":0,"46":0,"47":0,"55":1,"57":5,"58":5,"59":3,"60":3,"61":3,"62":3,"63":3,"64":3,"65":3,"66":3,"68":1,"69":1,"70":1,"71":1,"72":1,"78":0,"79":0,"80":0,"81":0,"83":0,"84":0,"85":0,"86":0},"branchMap":{"0":{"type":"branch","line":58,"loc":{"start":{"line":58,"column":0},"end":{"line":67,"column":1}},"locations":[{"start":{"line":58,"column":0},"end":{"line":67,"column":1}}]},"1":{"type":"branch","line":59,"loc":{"start":{"line":59,"column":23},"end":{"line":59,"column":45}},"locations":[{"start":{"line":59,"column":23},"end":{"line":59,"column":45}}]},"2":{"type":"branch","line":59,"loc":{"start":{"line":59,"column":30},"end":{"line":67,"column":1}},"locations":[{"start":{"line":59,"column":30},"end":{"line":67,"column":1}}]},"3":{"type":"branch","line":62,"loc":{"start":{"line":62,"column":10},"end":{"line":62,"column":23}},"locations":[{"start":{"line":62,"column":10},"end":{"line":62,"column":23}}]},"4":{"type":"branch","line":63,"loc":{"start":{"line":63,"column":13},"end":{"line":65,"column":5}},"locations":[{"start":{"line":63,"column":13},"end":{"line":65,"column":5}}]},"5":{"type":"branch","line":69,"loc":{"start":{"line":69,"column":0},"end":{"line":73,"column":1}},"locations":[{"start":{"line":69,"column":0},"end":{"line":73,"column":1}}]}},"b":{"0":[5],"1":[2],"2":[3],"3":[3],"4":[3],"5":[1]},"fnMap":{"0":{"name":"loginApi","decl":{"start":{"line":45,"column":0},"end":{"line":48,"column":1}},"loc":{"start":{"line":45,"column":0},"end":{"line":48,"column":1}},"line":45},"1":{"name":"refreshApi","decl":{"start":{"line":58,"column":0},"end":{"line":67,"column":1}},"loc":{"start":{"line":58,"column":0},"end":{"line":67,"column":1}},"line":58},"2":{"name":"logoutApi","decl":{"start":{"line":69,"column":0},"end":{"line":73,"column":1}},"loc":{"start":{"line":69,"column":0},"end":{"line":73,"column":1}},"line":69},"3":{"name":"changePasswordApi","decl":{"start":{"line":79,"column":0},"end":{"line":87,"column":1}},"loc":{"start":{"line":79,"column":0},"end":{"line":87,"column":1}},"line":79}},"f":{"0":0,"1":5,"2":1,"3":0}}
,"[FROZEN_SNAPSHOT]/frontend/src/api/client.ts": {"path":"[FROZEN_SNAPSHOT]/frontend/src/api/client.ts","all":false,"statementMap":{"0":{"start":{"line":1,"column":0},"end":{"line":1,"column":25}},"7":{"start":{"line":8,"column":0},"end":{"line":8,"column":72}},"9":{"start":{"line":10,"column":0},"end":{"line":10,"column":39}},"10":{"start":{"line":11,"column":0},"end":{"line":11,"column":20}},"11":{"start":{"line":12,"column":0},"end":{"line":12,"column":68}},"12":{"start":{"line":13,"column":0},"end":{"line":13,"column":2}},"15":{"start":{"line":16,"column":0},"end":{"line":16,"column":24}},"16":{"start":{"line":17,"column":0},"end":{"line":17,"column":25}},"19":{"start":{"line":20,"column":0},"end":{"line":20,"column":7}},"21":{"start":{"line":22,"column":0},"end":{"line":22,"column":61}},"22":{"start":{"line":23,"column":0},"end":{"line":23,"column":49}},"23":{"start":{"line":24,"column":0},"end":{"line":24,"column":16}},"24":{"start":{"line":25,"column":0},"end":{"line":25,"column":19}},"25":{"start":{"line":26,"column":0},"end":{"line":26,"column":12}},"26":{"start":{"line":27,"column":0},"end":{"line":27,"column":30}},"27":{"start":{"line":28,"column":0},"end":{"line":28,"column":5}},"28":{"start":{"line":29,"column":0},"end":{"line":29,"column":4}},"29":{"start":{"line":30,"column":0},"end":{"line":30,"column":19}},"30":{"start":{"line":31,"column":0},"end":{"line":31,"column":1}},"33":{"start":{"line":34,"column":0},"end":{"line":34,"column":48}},"34":{"start":{"line":35,"column":0},"end":{"line":35,"column":51}},"35":{"start":{"line":36,"column":0},"end":{"line":36,"column":14}},"36":{"start":{"line":37,"column":0},"end":{"line":37,"column":55}},"37":{"start":{"line":38,"column":0},"end":{"line":38,"column":3}},"38":{"start":{"line":39,"column":0},"end":{"line":39,"column":15}},"39":{"start":{"line":40,"column":0},"end":{"line":40,"column":2}},"42":{"start":{"line":43,"column":0},"end":{"line":43,"column":36}},"43":{"start":{"line":44,"column":0},"end":{"line":44,"column":25}},"44":{"start":{"line":45,"column":0},"end":{"line":45,"column":29}},"45":{"start":{"line":46,"column":0},"end":{"line":46,"column":37}},"46":{"start":{"line":47,"column":0},"end":{"line":47,"column":34}},"47":{"start":{"line":48,"column":0},"end":{"line":48,"column":5}},"49":{"start":{"line":50,"column":0},"end":{"line":50,"column":67}},"53":{"start":{"line":54,"column":0},"end":{"line":54,"column":8}},"54":{"start":{"line":55,"column":0},"end":{"line":55,"column":39}},"55":{"start":{"line":56,"column":0},"end":{"line":56,"column":24}},"56":{"start":{"line":57,"column":0},"end":{"line":57,"column":29}},"57":{"start":{"line":58,"column":0},"end":{"line":58,"column":7}},"58":{"start":{"line":59,"column":0},"end":{"line":59,"column":25}},"60":{"start":{"line":61,"column":0},"end":{"line":61,"column":57}},"61":{"start":{"line":62,"column":0},"end":{"line":62,"column":48}},"62":{"start":{"line":63,"column":0},"end":{"line":63,"column":28}},"63":{"start":{"line":64,"column":0},"end":{"line":64,"column":40}},"64":{"start":{"line":65,"column":0},"end":{"line":65,"column":72}},"65":{"start":{"line":66,"column":0},"end":{"line":66,"column":11}},"66":{"start":{"line":67,"column":0},"end":{"line":67,"column":43}},"67":{"start":{"line":68,"column":0},"end":{"line":68,"column":10}},"68":{"start":{"line":69,"column":0},"end":{"line":69,"column":7}},"70":{"start":{"line":71,"column":0},"end":{"line":71,"column":35}},"71":{"start":{"line":72,"column":0},"end":{"line":72,"column":25}},"73":{"start":{"line":74,"column":0},"end":{"line":74,"column":11}},"77":{"start":{"line":78,"column":0},"end":{"line":78,"column":39}},"79":{"start":{"line":80,"column":0},"end":{"line":80,"column":42}},"80":{"start":{"line":81,"column":0},"end":{"line":81,"column":56}},"81":{"start":{"line":82,"column":0},"end":{"line":82,"column":76}},"83":{"start":{"line":84,"column":0},"end":{"line":84,"column":36}},"85":{"start":{"line":86,"column":0},"end":{"line":86,"column":38}},"86":{"start":{"line":87,"column":0},"end":{"line":87,"column":73}},"87":{"start":{"line":88,"column":0},"end":{"line":88,"column":9}},"88":{"start":{"line":89,"column":0},"end":{"line":89,"column":41}},"89":{"start":{"line":90,"column":0},"end":{"line":90,"column":30}},"90":{"start":{"line":91,"column":0},"end":{"line":91,"column":40}},"91":{"start":{"line":92,"column":0},"end":{"line":92,"column":40}},"92":{"start":{"line":93,"column":0},"end":{"line":93,"column":43}},"93":{"start":{"line":94,"column":0},"end":{"line":94,"column":17}},"94":{"start":{"line":95,"column":0},"end":{"line":95,"column":28}},"95":{"start":{"line":96,"column":0},"end":{"line":96,"column":7}},"96":{"start":{"line":97,"column":0},"end":{"line":97,"column":5}},"98":{"start":{"line":99,"column":0},"end":{"line":99,"column":32}},"99":{"start":{"line":100,"column":0},"end":{"line":100,"column":4}},"100":{"start":{"line":101,"column":0},"end":{"line":101,"column":1}},"102":{"start":{"line":103,"column":0},"end":{"line":103,"column":24}}},"s":{"0":1,"7":1,"9":1,"10":1,"11":1,"12":1,"15":1,"16":1,"19":1,"21":1,"22":1,"23":0,"24":0,"25":0,"26":0,"27":0,"28":1,"29":1,"30":1,"33":1,"34":4,"35":4,"36":0,"37":0,"38":4,"39":4,"42":1,"43":1,"44":1,"45":1,"46":0,"47":0,"49":1,"53":1,"54":1,"55":1,"56":1,"57":1,"58":1,"60":0,"61":0,"62":0,"63":0,"64":0,"65":0,"66":0,"67":0,"68":0,"70":1,"71":1,"73":1,"77":1,"79":1,"80":1,"81":1,"83":1,"85":1,"86":1,"87":1,"88":1,"89":1,"90":0,"91":0,"92":0,"93":1,"94":1,"95":1,"96":1,"98":0,"99":1,"100":1,"102":1},"branchMap":{"0":{"type":"branch","line":22,"loc":{"start":{"line":22,"column":0},"end":{"line":31,"column":1}},"locations":[{"start":{"line":22,"column":0},"end":{"line":31,"column":1}}]},"1":{"type":"branch","line":34,"loc":{"start":{"line":34,"column":35},"end":{"line":40,"column":2}},"locations":[{"start":{"line":34,"column":35},"end":{"line":40,"column":2}}]},"2":{"type":"branch","line":36,"loc":{"start":{"line":36,"column":13},"end":{"line":38,"column":3}},"locations":[{"start":{"line":36,"column":13},"end":{"line":38,"column":3}}]},"3":{"type":"branch","line":44,"loc":{"start":{"line":44,"column":2},"end":{"line":44,"column":25}},"locations":[{"start":{"line":44,"column":2},"end":{"line":44,"column":25}}]},"4":{"type":"branch","line":45,"loc":{"start":{"line":45,"column":2},"end":{"line":100,"column":4}},"locations":[{"start":{"line":45,"column":2},"end":{"line":100,"column":4}}]},"5":{"type":"branch","line":46,"loc":{"start":{"line":46,"column":36},"end":{"line":48,"column":5}},"locations":[{"start":{"line":46,"column":36},"end":{"line":48,"column":5}}]},"6":{"type":"branch","line":59,"loc":{"start":{"line":59,"column":24},"end":{"line":69,"column":7}},"locations":[{"start":{"line":59,"column":24},"end":{"line":69,"column":7}}]},"7":{"type":"branch","line":82,"loc":{"start":{"line":82,"column":56},"end":{"line":82,"column":75}},"locations":[{"start":{"line":82,"column":56},"end":{"line":82,"column":75}}]},"8":{"type":"branch","line":90,"loc":{"start":{"line":90,"column":6},"end":{"line":94,"column":8}},"locations":[{"start":{"line":90,"column":6},"end":{"line":94,"column":8}}]},"9":{"type":"branch","line":97,"loc":{"start":{"line":97,"column":4},"end":{"line":99,"column":32}},"locations":[{"start":{"line":97,"column":4},"end":{"line":99,"column":32}}]}},"b":{"0":[1],"1":[4],"2":[0],"3":[4],"4":[1],"5":[0],"6":[0],"7":[0],"8":[0],"9":[0]},"fnMap":{"0":{"name":"processQueue","decl":{"start":{"line":22,"column":0},"end":{"line":31,"column":1}},"loc":{"start":{"line":22,"column":0},"end":{"line":31,"column":1}},"line":22},"1":{"name":"Promise.then.originalRequest.headers.Authorization","decl":{"start":{"line":61,"column":35},"end":{"line":63,"column":9}},"loc":{"start":{"line":61,"column":35},"end":{"line":63,"column":9}},"line":61}},"f":{"0":1,"1":0}}
,"[FROZEN_SNAPSHOT]/frontend/src/api/dashboard.ts": {"path":"[FROZEN_SNAPSHOT]/frontend/src/api/dashboard.ts","all":false,"statementMap":{"0":{"start":{"line":1,"column":0},"end":{"line":1,"column":40}},"20":{"start":{"line":21,"column":0},"end":{"line":21,"column":72}},"22":{"start":{"line":23,"column":0},"end":{"line":23,"column":52}},"23":{"start":{"line":24,"column":0},"end":{"line":24,"column":87}},"24":{"start":{"line":25,"column":0},"end":{"line":25,"column":157}},"25":{"start":{"line":26,"column":0},"end":{"line":26,"column":4}},"29":{"start":{"line":30,"column":0},"end":{"line":30,"column":129}},"31":{"start":{"line":32,"column":0},"end":{"line":32,"column":41}},"32":{"start":{"line":33,"column":0},"end":{"line":33,"column":23}},"33":{"start":{"line":34,"column":0},"end":{"line":34,"column":15}},"34":{"start":{"line":35,"column":0},"end":{"line":35,"column":83}},"35":{"start":{"line":36,"column":0},"end":{"line":36,"column":58}},"36":{"start":{"line":37,"column":0},"end":{"line":37,"column":5}},"37":{"start":{"line":38,"column":0},"end":{"line":38,"column":3}},"39":{"start":{"line":40,"column":0},"end":{"line":40,"column":41}},"40":{"start":{"line":41,"column":0},"end":{"line":41,"column":17}},"41":{"start":{"line":42,"column":0},"end":{"line":42,"column":67}},"42":{"start":{"line":43,"column":0},"end":{"line":43,"column":16}},"43":{"start":{"line":44,"column":0},"end":{"line":44,"column":6}},"44":{"start":{"line":45,"column":0},"end":{"line":45,"column":37}},"45":{"start":{"line":46,"column":0},"end":{"line":46,"column":3}},"50":{"start":{"line":51,"column":0},"end":{"line":51,"column":45}},"51":{"start":{"line":52,"column":0},"end":{"line":52,"column":40}},"52":{"start":{"line":53,"column":0},"end":{"line":53,"column":35}},"53":{"start":{"line":54,"column":0},"end":{"line":54,"column":30}},"54":{"start":{"line":55,"column":0},"end":{"line":55,"column":33}},"55":{"start":{"line":56,"column":0},"end":{"line":56,"column":29}},"56":{"start":{"line":57,"column":0},"end":{"line":57,"column":27}},"57":{"start":{"line":58,"column":0},"end":{"line":58,"column":9}},"58":{"start":{"line":59,"column":0},"end":{"line":59,"column":6}},"59":{"start":{"line":60,"column":0},"end":{"line":60,"column":30}},"62":{"start":{"line":63,"column":0},"end":{"line":63,"column":41}},"63":{"start":{"line":64,"column":0},"end":{"line":64,"column":91}},"64":{"start":{"line":65,"column":0},"end":{"line":65,"column":46}},"65":{"start":{"line":66,"column":0},"end":{"line":66,"column":17}},"66":{"start":{"line":67,"column":0},"end":{"line":67,"column":62}},"67":{"start":{"line":68,"column":0},"end":{"line":68,"column":16}},"68":{"start":{"line":69,"column":0},"end":{"line":69,"column":6}},"69":{"start":{"line":70,"column":0},"end":{"line":70,"column":37}},"70":{"start":{"line":71,"column":0},"end":{"line":71,"column":3}},"72":{"start":{"line":73,"column":0},"end":{"line":73,"column":26}},"73":{"start":{"line":74,"column":0},"end":{"line":74,"column":10}},"74":{"start":{"line":75,"column":0},"end":{"line":75,"column":19}},"75":{"start":{"line":76,"column":0},"end":{"line":76,"column":24}},"76":{"start":{"line":77,"column":0},"end":{"line":77,"column":19}},"77":{"start":{"line":78,"column":0},"end":{"line":78,"column":13}},"78":{"start":{"line":79,"column":0},"end":{"line":79,"column":27}},"79":{"start":{"line":80,"column":0},"end":{"line":80,"column":23}},"80":{"start":{"line":81,"column":0},"end":{"line":81,"column":17}},"81":{"start":{"line":82,"column":0},"end":{"line":82,"column":30}},"82":{"start":{"line":83,"column":0},"end":{"line":83,"column":6}},"83":{"start":{"line":84,"column":0},"end":{"line":84,"column":3}},"84":{"start":{"line":85,"column":0},"end":{"line":85,"column":1}}},"s":{"0":1,"20":11,"22":11,"23":11,"24":11,"25":11,"29":11,"31":11,"32":11,"33":77,"34":77,"35":77,"36":11,"37":11,"39":11,"40":11,"41":77,"42":77,"43":77,"44":11,"45":11,"50":11,"51":11,"52":11,"53":11,"54":11,"55":11,"56":11,"57":11,"58":11,"59":11,"62":11,"63":11,"64":11,"65":11,"66":55,"67":55,"68":55,"69":11,"70":11,"72":11,"73":11,"74":11,"75":11,"76":11,"77":11,"78":11,"79":11,"80":11,"81":11,"82":11,"83":11,"84":11},"branchMap":{"0":{"type":"branch","line":21,"loc":{"start":{"line":21,"column":0},"end":{"line":85,"column":1}},"locations":[{"start":{"line":21,"column":0},"end":{"line":85,"column":1}}]},"1":{"type":"branch","line":33,"loc":{"start":{"line":33,"column":17},"end":{"line":36,"column":58}},"locations":[{"start":{"line":33,"column":17},"end":{"line":36,"column":58}}]},"2":{"type":"branch","line":36,"loc":{"start":{"line":36,"column":14},"end":{"line":36,"column":57}},"locations":[{"start":{"line":36,"column":14},"end":{"line":36,"column":57}}]},"3":{"type":"branch","line":41,"loc":{"start":{"line":41,"column":4},"end":{"line":44,"column":6}},"locations":[{"start":{"line":41,"column":4},"end":{"line":44,"column":6}}]},"4":{"type":"branch","line":42,"loc":{"start":{"line":42,"column":57},"end":{"line":42,"column":67}},"locations":[{"start":{"line":42,"column":57},"end":{"line":42,"column":67}}]},"5":{"type":"branch","line":42,"loc":{"start":{"line":42,"column":33},"end":{"line":42,"column":54}},"locations":[{"start":{"line":42,"column":33},"end":{"line":42,"column":54}}]},"6":{"type":"branch","line":60,"loc":{"start":{"line":60,"column":10},"end":{"line":60,"column":29}},"locations":[{"start":{"line":60,"column":10},"end":{"line":60,"column":29}}]},"7":{"type":"branch","line":66,"loc":{"start":{"line":66,"column":4},"end":{"line":69,"column":6}},"locations":[{"start":{"line":66,"column":4},"end":{"line":69,"column":6}}]},"8":{"type":"branch","line":67,"loc":{"start":{"line":67,"column":33},"end":{"line":67,"column":54}},"locations":[{"start":{"line":67,"column":33},"end":{"line":67,"column":54}}]}},"b":{"0":[11],"1":[77],"2":[77],"3":[77],"4":[0],"5":[308],"6":[11],"7":[55],"8":[275]},"fnMap":{"0":{"name":"getDashboardSummary","decl":{"start":{"line":21,"column":0},"end":{"line":85,"column":1}},"loc":{"start":{"line":21,"column":0},"end":{"line":85,"column":1}},"line":21}},"f":{"0":11}}
,"[FROZEN_SNAPSHOT]/frontend/src/api/events.ts": {"path":"[FROZEN_SNAPSHOT]/frontend/src/api/events.ts","all":false,"statementMap":{"0":{"start":{"line":1,"column":0},"end":{"line":1,"column":40}},"111":{"start":{"line":112,"column":0},"end":{"line":112,"column":69}},"112":{"start":{"line":113,"column":0},"end":{"line":113,"column":32}},"113":{"start":{"line":114,"column":0},"end":{"line":114,"column":54}},"114":{"start":{"line":115,"column":0},"end":{"line":115,"column":29}},"115":{"start":{"line":116,"column":0},"end":{"line":116,"column":1}},"119":{"start":{"line":120,"column":0},"end":{"line":120,"column":89}},"120":{"start":{"line":121,"column":0},"end":{"line":121,"column":70}},"121":{"start":{"line":122,"column":0},"end":{"line":122,"column":20}},"122":{"start":{"line":123,"column":0},"end":{"line":123,"column":44}},"123":{"start":{"line":124,"column":0},"end":{"line":124,"column":38}},"124":{"start":{"line":125,"column":0},"end":{"line":125,"column":44}},"125":{"start":{"line":126,"column":0},"end":{"line":126,"column":55}},"126":{"start":{"line":127,"column":0},"end":{"line":127,"column":7}},"130":{"start":{"line":131,"column":0},"end":{"line":131,"column":48}},"131":{"start":{"line":132,"column":0},"end":{"line":132,"column":59}},"132":{"start":{"line":133,"column":0},"end":{"line":133,"column":7}},"133":{"start":{"line":134,"column":0},"end":{"line":134,"column":61}},"134":{"start":{"line":135,"column":0},"end":{"line":135,"column":85}},"135":{"start":{"line":136,"column":0},"end":{"line":136,"column":79}},"136":{"start":{"line":137,"column":0},"end":{"line":137,"column":49}},"137":{"start":{"line":138,"column":0},"end":{"line":138,"column":43}},"138":{"start":{"line":139,"column":0},"end":{"line":139,"column":68}},"139":{"start":{"line":140,"column":0},"end":{"line":140,"column":62}},"140":{"start":{"line":141,"column":0},"end":{"line":141,"column":63}},"141":{"start":{"line":142,"column":0},"end":{"line":142,"column":26}},"142":{"start":{"line":143,"column":0},"end":{"line":143,"column":6}},"143":{"start":{"line":144,"column":0},"end":{"line":144,"column":4}},"144":{"start":{"line":145,"column":0},"end":{"line":145,"column":13}},"145":{"start":{"line":146,"column":0},"end":{"line":146,"column":1}},"147":{"start":{"line":148,"column":0},"end":{"line":148,"column":66}},"148":{"start":{"line":149,"column":0},"end":{"line":149,"column":68}},"149":{"start":{"line":150,"column":0},"end":{"line":150,"column":13}},"150":{"start":{"line":151,"column":0},"end":{"line":151,"column":1}}},"s":{"0":1,"111":2,"112":2,"113":2,"114":2,"115":2,"119":12,"120":12,"121":12,"122":12,"123":5,"124":5,"125":1,"126":1,"130":5,"131":1,"132":1,"133":5,"134":5,"135":5,"136":5,"137":5,"138":5,"139":5,"140":5,"141":5,"142":5,"143":12,"144":12,"145":12,"147":5,"148":5,"149":5,"150":5},"branchMap":{"0":{"type":"branch","line":112,"loc":{"start":{"line":112,"column":0},"end":{"line":116,"column":1}},"locations":[{"start":{"line":112,"column":0},"end":{"line":116,"column":1}}]},"1":{"type":"branch","line":114,"loc":{"start":{"line":114,"column":38},"end":{"line":114,"column":54}},"locations":[{"start":{"line":114,"column":38},"end":{"line":114,"column":54}}]},"2":{"type":"branch","line":120,"loc":{"start":{"line":120,"column":0},"end":{"line":146,"column":1}},"locations":[{"start":{"line":120,"column":0},"end":{"line":146,"column":1}}]},"3":{"type":"branch","line":123,"loc":{"start":{"line":123,"column":22},"end":{"line":143,"column":6}},"locations":[{"start":{"line":123,"column":22},"end":{"line":143,"column":6}}]},"4":{"type":"branch","line":125,"loc":{"start":{"line":125,"column":12},"end":{"line":125,"column":43}},"locations":[{"start":{"line":125,"column":12},"end":{"line":125,"column":43}}]},"5":{"type":"branch","line":125,"loc":{"start":{"line":125,"column":43},"end":{"line":127,"column":7}},"locations":[{"start":{"line":125,"column":43},"end":{"line":127,"column":7}}]},"6":{"type":"branch","line":131,"loc":{"start":{"line":131,"column":12},"end":{"line":131,"column":47}},"locations":[{"start":{"line":131,"column":12},"end":{"line":131,"column":47}}]},"7":{"type":"branch","line":131,"loc":{"start":{"line":131,"column":47},"end":{"line":133,"column":7}},"locations":[{"start":{"line":131,"column":47},"end":{"line":133,"column":7}}]},"8":{"type":"branch","line":134,"loc":{"start":{"line":134,"column":25},"end":{"line":134,"column":61}},"locations":[{"start":{"line":134,"column":25},"end":{"line":134,"column":61}}]},"9":{"type":"branch","line":135,"loc":{"start":{"line":135,"column":25},"end":{"line":135,"column":76}},"locations":[{"start":{"line":135,"column":25},"end":{"line":135,"column":76}}]},"10":{"type":"branch","line":135,"loc":{"start":{"line":135,"column":72},"end":{"line":135,"column":85}},"locations":[{"start":{"line":135,"column":72},"end":{"line":135,"column":85}}]},"11":{"type":"branch","line":136,"loc":{"start":{"line":136,"column":23},"end":{"line":136,"column":70}},"locations":[{"start":{"line":136,"column":23},"end":{"line":136,"column":70}}]},"12":{"type":"branch","line":136,"loc":{"start":{"line":136,"column":66},"end":{"line":136,"column":79}},"locations":[{"start":{"line":136,"column":66},"end":{"line":136,"column":79}}]},"13":{"type":"branch","line":137,"loc":{"start":{"line":137,"column":20},"end":{"line":137,"column":49}},"locations":[{"start":{"line":137,"column":20},"end":{"line":137,"column":49}}]},"14":{"type":"branch","line":138,"loc":{"start":{"line":138,"column":18},"end":{"line":138,"column":43}},"locations":[{"start":{"line":138,"column":18},"end":{"line":138,"column":43}}]},"15":{"type":"branch","line":139,"loc":{"start":{"line":139,"column":32},"end":{"line":139,"column":68}},"locations":[{"start":{"line":139,"column":32},"end":{"line":139,"column":68}}]},"16":{"type":"branch","line":140,"loc":{"start":{"line":140,"column":12},"end":{"line":140,"column":32}},"locations":[{"start":{"line":140,"column":12},"end":{"line":140,"column":32}}]},"17":{"type":"branch","line":140,"loc":{"start":{"line":140,"column":32},"end":{"line":140,"column":62}},"locations":[{"start":{"line":140,"column":32},"end":{"line":140,"column":62}}]},"18":{"type":"branch","line":141,"loc":{"start":{"line":141,"column":23},"end":{"line":141,"column":63}},"locations":[{"start":{"line":141,"column":23},"end":{"line":141,"column":63}}]},"19":{"type":"branch","line":126,"loc":{"start":{"line":126,"column":25},"end":{"line":126,"column":54}},"locations":[{"start":{"line":126,"column":25},"end":{"line":126,"column":54}}]},"20":{"type":"branch","line":132,"loc":{"start":{"line":132,"column":27},"end":{"line":132,"column":58}},"locations":[{"start":{"line":132,"column":27},"end":{"line":132,"column":58}}]},"21":{"type":"branch","line":148,"loc":{"start":{"line":148,"column":0},"end":{"line":151,"column":1}},"locations":[{"start":{"line":148,"column":0},"end":{"line":151,"column":1}}]}},"b":{"0":[2],"1":[0],"2":[12],"3":[5],"4":[1],"5":[1],"6":[1],"7":[1],"8":[1],"9":[1],"10":[4],"11":[1],"12":[4],"13":[1],"14":[1],"15":[1],"16":[0],"17":[0],"18":[0],"19":[1],"20":[2],"21":[5]},"fnMap":{"0":{"name":"localFilterToUtcInstant","decl":{"start":{"line":112,"column":0},"end":{"line":116,"column":1}},"loc":{"start":{"line":112,"column":0},"end":{"line":116,"column":1}},"line":112},"1":{"name":"getEvents","decl":{"start":{"line":120,"column":0},"end":{"line":146,"column":1}},"loc":{"start":{"line":120,"column":0},"end":{"line":146,"column":1}},"line":120},"2":{"name":"paramsSerializer","decl":{"start":{"line":123,"column":22},"end":{"line":143,"column":6}},"loc":{"start":{"line":123,"column":22},"end":{"line":143,"column":6}},"line":123},"3":{"name":"getEvent","decl":{"start":{"line":148,"column":0},"end":{"line":151,"column":1}},"loc":{"start":{"line":148,"column":0},"end":{"line":151,"column":1}},"line":148}},"f":{"0":2,"1":12,"2":5,"3":5}}
,"[FROZEN_SNAPSHOT]/frontend/src/api/rules.ts": {"path":"[FROZEN_SNAPSHOT]/frontend/src/api/rules.ts","all":false,"statementMap":{"0":{"start":{"line":1,"column":0},"end":{"line":1,"column":40}},"31":{"start":{"line":32,"column":0},"end":{"line":32,"column":51}},"32":{"start":{"line":33,"column":0},"end":{"line":33,"column":56}},"33":{"start":{"line":34,"column":0},"end":{"line":34,"column":13}},"34":{"start":{"line":35,"column":0},"end":{"line":35,"column":1}},"36":{"start":{"line":37,"column":0},"end":{"line":37,"column":77}},"37":{"start":{"line":38,"column":0},"end":{"line":38,"column":64}},"38":{"start":{"line":39,"column":0},"end":{"line":39,"column":13}},"39":{"start":{"line":40,"column":0},"end":{"line":40,"column":1}},"41":{"start":{"line":42,"column":0},"end":{"line":42,"column":89}},"42":{"start":{"line":43,"column":0},"end":{"line":43,"column":69}},"43":{"start":{"line":44,"column":0},"end":{"line":44,"column":13}},"44":{"start":{"line":45,"column":0},"end":{"line":45,"column":1}},"46":{"start":{"line":47,"column":0},"end":{"line":47,"column":61}},"47":{"start":{"line":48,"column":0},"end":{"line":48,"column":40}},"48":{"start":{"line":49,"column":0},"end":{"line":49,"column":1}}},"s":{"0":1,"31":3,"32":3,"33":3,"34":3,"36":0,"37":0,"38":0,"39":0,"41":0,"42":0,"43":0,"44":0,"46":1,"47":1,"48":1},"branchMap":{"0":{"type":"branch","line":32,"loc":{"start":{"line":32,"column":0},"end":{"line":35,"column":1}},"locations":[{"start":{"line":32,"column":0},"end":{"line":35,"column":1}}]},"1":{"type":"branch","line":47,"loc":{"start":{"line":47,"column":0},"end":{"line":49,"column":1}},"locations":[{"start":{"line":47,"column":0},"end":{"line":49,"column":1}}]}},"b":{"0":[3],"1":[1]},"fnMap":{"0":{"name":"getRules","decl":{"start":{"line":32,"column":0},"end":{"line":35,"column":1}},"loc":{"start":{"line":32,"column":0},"end":{"line":35,"column":1}},"line":32},"1":{"name":"createRule","decl":{"start":{"line":37,"column":0},"end":{"line":40,"column":1}},"loc":{"start":{"line":37,"column":0},"end":{"line":40,"column":1}},"line":37},"2":{"name":"updateRule","decl":{"start":{"line":42,"column":0},"end":{"line":45,"column":1}},"loc":{"start":{"line":42,"column":0},"end":{"line":45,"column":1}},"line":42},"3":{"name":"deleteRule","decl":{"start":{"line":47,"column":0},"end":{"line":49,"column":1}},"loc":{"start":{"line":47,"column":0},"end":{"line":49,"column":1}},"line":47}},"f":{"0":3,"1":0,"2":0,"3":1}}
,"[FROZEN_SNAPSHOT]/frontend/src/components/layout/AlertsBanner.tsx": {"path":"[FROZEN_SNAPSHOT]/frontend/src/components/layout/AlertsBanner.tsx","all":false,"statementMap":{"0":{"start":{"line":1,"column":0},"end":{"line":1,"column":48}},"11":{"start":{"line":12,"column":0},"end":{"line":12,"column":32}},"12":{"start":{"line":13,"column":0},"end":{"line":13,"column":45}},"13":{"start":{"line":14,"column":0},"end":{"line":14,"column":38}},"14":{"start":{"line":15,"column":0},"end":{"line":15,"column":18}},"15":{"start":{"line":16,"column":0},"end":{"line":16,"column":15}},"16":{"start":{"line":17,"column":0},"end":{"line":17,"column":82}},"17":{"start":{"line":18,"column":0},"end":{"line":18,"column":29}},"18":{"start":{"line":19,"column":0},"end":{"line":19,"column":28}},"19":{"start":{"line":20,"column":0},"end":{"line":20,"column":17}},"20":{"start":{"line":21,"column":0},"end":{"line":21,"column":4}},"22":{"start":{"line":23,"column":0},"end":{"line":23,"column":44}},"24":{"start":{"line":25,"column":0},"end":{"line":25,"column":10}},"25":{"start":{"line":26,"column":0},"end":{"line":26,"column":8}},"26":{"start":{"line":27,"column":0},"end":{"line":27,"column":18}},"27":{"start":{"line":28,"column":0},"end":{"line":28,"column":89}},"29":{"start":{"line":30,"column":0},"end":{"line":30,"column":108}},"30":{"start":{"line":31,"column":0},"end":{"line":31,"column":83}},"32":{"start":{"line":33,"column":0},"end":{"line":33,"column":13}},"33":{"start":{"line":34,"column":0},"end":{"line":34,"column":10}},"35":{"start":{"line":36,"column":0},"end":{"line":36,"column":1}}},"s":{"0":1,"11":1,"12":9,"13":9,"14":9,"15":5,"16":5,"17":5,"18":9,"19":9,"20":9,"22":9,"24":4,"25":4,"26":4,"27":4,"29":9,"30":9,"32":9,"33":9,"35":9},"branchMap":{"0":{"type":"branch","line":12,"loc":{"start":{"line":12,"column":7},"end":{"line":36,"column":1}},"locations":[{"start":{"line":12,"column":7},"end":{"line":36,"column":1}}]},"1":{"type":"branch","line":23,"loc":{"start":{"line":23,"column":7},"end":{"line":23,"column":33}},"locations":[{"start":{"line":23,"column":7},"end":{"line":23,"column":33}}]},"2":{"type":"branch","line":23,"loc":{"start":{"line":23,"column":33},"end":{"line":23,"column":44}},"locations":[{"start":{"line":23,"column":33},"end":{"line":23,"column":44}}]},"3":{"type":"branch","line":23,"loc":{"start":{"line":23,"column":40},"end":{"line":30,"column":45}},"locations":[{"start":{"line":23,"column":40},"end":{"line":30,"column":45}}]},"4":{"type":"branch","line":30,"loc":{"start":{"line":30,"column":41},"end":{"line":30,"column":51}},"locations":[{"start":{"line":30,"column":41},"end":{"line":30,"column":51}}]},"5":{"type":"branch","line":30,"loc":{"start":{"line":30,"column":45},"end":{"line":30,"column":54}},"locations":[{"start":{"line":30,"column":45},"end":{"line":30,"column":54}}]},"6":{"type":"branch","line":30,"loc":{"start":{"line":30,"column":78},"end":{"line":30,"column":88}},"locations":[{"start":{"line":30,"column":78},"end":{"line":30,"column":88}}]},"7":{"type":"branch","line":30,"loc":{"start":{"line":30,"column":82},"end":{"line":30,"column":91}},"locations":[{"start":{"line":30,"column":82},"end":{"line":30,"column":91}}]},"8":{"type":"branch","line":15,"loc":{"start":{"line":15,"column":13},"end":{"line":18,"column":29}},"locations":[{"start":{"line":15,"column":13},"end":{"line":18,"column":29}}]},"9":{"type":"branch","line":18,"loc":{"start":{"line":18,"column":14},"end":{"line":18,"column":27}},"locations":[{"start":{"line":18,"column":14},"end":{"line":18,"column":27}}]}},"b":{"0":[9],"1":[4],"2":[5],"3":[4],"4":[2],"5":[2],"6":[2],"7":[2],"8":[5],"9":[5]},"fnMap":{"0":{"name":"AlertsBanner","decl":{"start":{"line":12,"column":7},"end":{"line":36,"column":1}},"loc":{"start":{"line":12,"column":7},"end":{"line":36,"column":1}},"line":12},"1":{"name":"queryFn","decl":{"start":{"line":15,"column":13},"end":{"line":18,"column":29}},"loc":{"start":{"line":15,"column":13},"end":{"line":18,"column":29}},"line":15}},"f":{"0":9,"1":5}}
,"[FROZEN_SNAPSHOT]/frontend/src/components/layout/AuthLayout.tsx": {"path":"[FROZEN_SNAPSHOT]/frontend/src/components/layout/AuthLayout.tsx","all":true,"statementMap":{"0":{"start":{"line":1,"column":0},"end":{"line":1,"column":38}},"6":{"start":{"line":7,"column":0},"end":{"line":7,"column":59}},"7":{"start":{"line":8,"column":0},"end":{"line":8,"column":10}},"8":{"start":{"line":9,"column":0},"end":{"line":9,"column":79}},"9":{"start":{"line":10,"column":0},"end":{"line":10,"column":55}},"10":{"start":{"line":11,"column":0},"end":{"line":11,"column":10}},"12":{"start":{"line":13,"column":0},"end":{"line":13,"column":1}}},"s":{"0":0,"6":0,"7":0,"8":0,"9":0,"10":0,"12":0},"branchMap":{"0":{"type":"branch","line":1,"loc":{"start":{"line":1,"column":0},"end":{"line":13,"column":-64}},"locations":[{"start":{"line":1,"column":0},"end":{"line":13,"column":-64}}]}},"b":{"0":[0]},"fnMap":{"0":{"name":"(empty-report)","decl":{"start":{"line":1,"column":0},"end":{"line":13,"column":-64}},"loc":{"start":{"line":1,"column":0},"end":{"line":13,"column":-64}},"line":1}},"f":{"0":0}}
,"[FROZEN_SNAPSHOT]/frontend/src/components/layout/MainLayout.tsx": {"path":"[FROZEN_SNAPSHOT]/frontend/src/components/layout/MainLayout.tsx","all":true,"statementMap":{"0":{"start":{"line":1,"column":0},"end":{"line":1,"column":41}},"7":{"start":{"line":8,"column":0},"end":{"line":8,"column":30}},"9":{"start":{"line":10,"column":0},"end":{"line":10,"column":16}},"11":{"start":{"line":12,"column":0},"end":{"line":12,"column":10}},"12":{"start":{"line":13,"column":0},"end":{"line":13,"column":51}},"13":{"start":{"line":14,"column":0},"end":{"line":14,"column":17}},"14":{"start":{"line":15,"column":0},"end":{"line":15,"column":44}},"15":{"start":{"line":16,"column":0},"end":{"line":16,"column":24}},"16":{"start":{"line":17,"column":0},"end":{"line":17,"column":24}},"17":{"start":{"line":18,"column":0},"end":{"line":18,"column":18}},"18":{"start":{"line":19,"column":0},"end":{"line":19,"column":51}},"19":{"start":{"line":20,"column":0},"end":{"line":20,"column":20}},"20":{"start":{"line":21,"column":0},"end":{"line":21,"column":15}},"21":{"start":{"line":22,"column":0},"end":{"line":22,"column":12}},"22":{"start":{"line":23,"column":0},"end":{"line":23,"column":10}},"24":{"start":{"line":25,"column":0},"end":{"line":25,"column":1}}},"s":{"0":0,"7":0,"9":0,"11":0,"12":0,"13":0,"14":0,"15":0,"16":0,"17":0,"18":0,"19":0,"20":0,"21":0,"22":0,"24":0},"branchMap":{"0":{"type":"branch","line":1,"loc":{"start":{"line":1,"column":708},"end":{"line":25,"column":1}},"locations":[{"start":{"line":1,"column":708},"end":{"line":25,"column":1}}]}},"b":{"0":[0]},"fnMap":{"0":{"name":"(empty-report)","decl":{"start":{"line":1,"column":708},"end":{"line":25,"column":1}},"loc":{"start":{"line":1,"column":708},"end":{"line":25,"column":1}},"line":1}},"f":{"0":0}}
,"[FROZEN_SNAPSHOT]/frontend/src/components/layout/Navbar.tsx": {"path":"[FROZEN_SNAPSHOT]/frontend/src/components/layout/Navbar.tsx","all":false,"statementMap":{"0":{"start":{"line":1,"column":0},"end":{"line":1,"column":46}},"4":{"start":{"line":5,"column":0},"end":{"line":5,"column":26}},"5":{"start":{"line":6,"column":0},"end":{"line":6,"column":32}},"6":{"start":{"line":7,"column":0},"end":{"line":7,"column":42}},"7":{"start":{"line":8,"column":0},"end":{"line":8,"column":46}},"9":{"start":{"line":10,"column":0},"end":{"line":10,"column":33}},"10":{"start":{"line":11,"column":0},"end":{"line":11,"column":34}},"11":{"start":{"line":12,"column":0},"end":{"line":12,"column":19}},"12":{"start":{"line":13,"column":0},"end":{"line":13,"column":101}},"13":{"start":{"line":14,"column":0},"end":{"line":14,"column":5}},"14":{"start":{"line":15,"column":0},"end":{"line":15,"column":41}},"15":{"start":{"line":16,"column":0},"end":{"line":16,"column":3}},"17":{"start":{"line":18,"column":0},"end":{"line":18,"column":10}},"18":{"start":{"line":19,"column":0},"end":{"line":19,"column":105}},"19":{"start":{"line":20,"column":0},"end":{"line":20,"column":45}},"21":{"start":{"line":22,"column":0},"end":{"line":22,"column":12}},"22":{"start":{"line":23,"column":0},"end":{"line":23,"column":47}},"23":{"start":{"line":24,"column":0},"end":{"line":24,"column":18}},"24":{"start":{"line":25,"column":0},"end":{"line":25,"column":84}},"26":{"start":{"line":27,"column":0},"end":{"line":27,"column":15}},"27":{"start":{"line":28,"column":0},"end":{"line":28,"column":32}},"28":{"start":{"line":29,"column":0},"end":{"line":29,"column":125}},"29":{"start":{"line":30,"column":0},"end":{"line":30,"column":23}},"30":{"start":{"line":31,"column":0},"end":{"line":31,"column":9}},"32":{"start":{"line":33,"column":0},"end":{"line":33,"column":17}},"33":{"start":{"line":34,"column":0},"end":{"line":34,"column":12}},"34":{"start":{"line":35,"column":0},"end":{"line":35,"column":13}},"36":{"start":{"line":37,"column":0},"end":{"line":37,"column":1}}},"s":{"0":1,"4":1,"5":4,"6":4,"7":4,"9":4,"10":2,"11":2,"12":1,"13":1,"14":2,"15":2,"17":4,"18":4,"19":4,"21":4,"22":4,"23":4,"24":2,"26":4,"27":4,"28":4,"29":4,"30":4,"32":4,"33":4,"34":4,"36":4},"branchMap":{"0":{"type":"branch","line":5,"loc":{"start":{"line":5,"column":7},"end":{"line":37,"column":1}},"locations":[{"start":{"line":5,"column":7},"end":{"line":37,"column":1}}]},"1":{"type":"branch","line":24,"loc":{"start":{"line":24,"column":9},"end":{"line":25,"column":84}},"locations":[{"start":{"line":24,"column":9},"end":{"line":25,"column":84}}]},"2":{"type":"branch","line":7,"loc":{"start":{"line":7,"column":28},"end":{"line":7,"column":41}},"locations":[{"start":{"line":7,"column":28},"end":{"line":7,"column":41}}]},"3":{"type":"branch","line":8,"loc":{"start":{"line":8,"column":30},"end":{"line":8,"column":45}},"locations":[{"start":{"line":8,"column":30},"end":{"line":8,"column":45}}]},"4":{"type":"branch","line":10,"loc":{"start":{"line":10,"column":2},"end":{"line":16,"column":3}},"locations":[{"start":{"line":10,"column":2},"end":{"line":16,"column":3}}]},"5":{"type":"branch","line":12,"loc":{"start":{"line":12,"column":18},"end":{"line":14,"column":5}},"locations":[{"start":{"line":12,"column":18},"end":{"line":14,"column":5}}]}},"b":{"0":[4],"1":[2],"2":[16],"3":[16],"4":[2],"5":[1]},"fnMap":{"0":{"name":"Navbar","decl":{"start":{"line":5,"column":7},"end":{"line":37,"column":1}},"loc":{"start":{"line":5,"column":7},"end":{"line":37,"column":1}},"line":5},"1":{"name":"handleLogout","decl":{"start":{"line":10,"column":2},"end":{"line":16,"column":3}},"loc":{"start":{"line":10,"column":2},"end":{"line":16,"column":3}},"line":10}},"f":{"0":4,"1":2}}
,"[FROZEN_SNAPSHOT]/frontend/src/components/layout/ProtectedRoute.tsx": {"path":"[FROZEN_SNAPSHOT]/frontend/src/components/layout/ProtectedRoute.tsx","all":false,"statementMap":{"0":{"start":{"line":1,"column":0},"end":{"line":1,"column":43}},"4":{"start":{"line":5,"column":0},"end":{"line":5,"column":67}},"5":{"start":{"line":6,"column":0},"end":{"line":6,"column":7}},"6":{"start":{"line":7,"column":0},"end":{"line":7,"column":75}},"7":{"start":{"line":8,"column":0},"end":{"line":8,"column":11}},"8":{"start":{"line":9,"column":0},"end":{"line":9,"column":13}},"9":{"start":{"line":10,"column":0},"end":{"line":10,"column":3}},"10":{"start":{"line":11,"column":0},"end":{"line":11,"column":1}},"12":{"start":{"line":13,"column":0},"end":{"line":13,"column":34}},"13":{"start":{"line":14,"column":0},"end":{"line":14,"column":56}},"14":{"start":{"line":15,"column":0},"end":{"line":15,"column":58}},"15":{"start":{"line":16,"column":0},"end":{"line":16,"column":52}},"16":{"start":{"line":17,"column":0},"end":{"line":17,"column":32}},"17":{"start":{"line":18,"column":0},"end":{"line":18,"column":32}},"18":{"start":{"line":19,"column":0},"end":{"line":19,"column":47}},"20":{"start":{"line":21,"column":0},"end":{"line":21,"column":19}},"21":{"start":{"line":22,"column":0},"end":{"line":22,"column":23}},"22":{"start":{"line":23,"column":0},"end":{"line":23,"column":20}},"23":{"start":{"line":24,"column":0},"end":{"line":24,"column":31}},"24":{"start":{"line":25,"column":0},"end":{"line":25,"column":24}},"25":{"start":{"line":26,"column":0},"end":{"line":26,"column":26}},"26":{"start":{"line":27,"column":0},"end":{"line":27,"column":10}},"27":{"start":{"line":28,"column":0},"end":{"line":28,"column":12}},"28":{"start":{"line":29,"column":0},"end":{"line":29,"column":22}},"29":{"start":{"line":30,"column":0},"end":{"line":30,"column":5}},"32":{"start":{"line":33,"column":0},"end":{"line":33,"column":8}},"37":{"start":{"line":38,"column":0},"end":{"line":38,"column":19}},"38":{"start":{"line":39,"column":0},"end":{"line":39,"column":48}},"39":{"start":{"line":40,"column":0},"end":{"line":40,"column":70}},"40":{"start":{"line":41,"column":0},"end":{"line":41,"column":5}},"41":{"start":{"line":42,"column":0},"end":{"line":42,"column":59}},"44":{"start":{"line":45,"column":0},"end":{"line":45,"column":19}},"45":{"start":{"line":46,"column":0},"end":{"line":46,"column":40}},"47":{"start":{"line":48,"column":0},"end":{"line":48,"column":49}},"48":{"start":{"line":49,"column":0},"end":{"line":49,"column":56}},"50":{"start":{"line":51,"column":0},"end":{"line":51,"column":87}},"51":{"start":{"line":52,"column":0},"end":{"line":52,"column":53}},"52":{"start":{"line":53,"column":0},"end":{"line":53,"column":5}},"53":{"start":{"line":54,"column":0},"end":{"line":54,"column":57}},"55":{"start":{"line":56,"column":0},"end":{"line":56,"column":30}},"56":{"start":{"line":57,"column":0},"end":{"line":57,"column":12}},"57":{"start":{"line":58,"column":0},"end":{"line":58,"column":80}},"58":{"start":{"line":59,"column":0},"end":{"line":59,"column":72}},"59":{"start":{"line":60,"column":0},"end":{"line":60,"column":108}},"60":{"start":{"line":61,"column":0},"end":{"line":61,"column":64}},"61":{"start":{"line":62,"column":0},"end":{"line":62,"column":14}},"62":{"start":{"line":63,"column":0},"end":{"line":63,"column":12}},"64":{"start":{"line":65,"column":0},"end":{"line":65,"column":3}},"66":{"start":{"line":67,"column":0},"end":{"line":67,"column":31}},"68":{"start":{"line":69,"column":0},"end":{"line":69,"column":19}},"69":{"start":{"line":70,"column":0},"end":{"line":70,"column":1}}},"s":{"0":1,"4":1,"5":1,"6":1,"7":1,"8":0,"9":0,"10":1,"12":1,"13":3,"14":3,"15":3,"16":3,"17":3,"18":3,"20":3,"21":1,"22":0,"23":0,"24":0,"25":0,"26":0,"27":1,"28":1,"29":1,"32":3,"37":3,"38":3,"39":1,"40":1,"41":3,"44":3,"45":3,"47":1,"48":1,"50":3,"51":0,"52":0,"53":3,"55":3,"56":1,"57":1,"58":1,"59":1,"60":1,"61":1,"62":1,"64":1,"66":3,"68":1,"69":1},"branchMap":{"0":{"type":"branch","line":5,"loc":{"start":{"line":5,"column":0},"end":{"line":11,"column":1}},"locations":[{"start":{"line":5,"column":0},"end":{"line":11,"column":1}}]},"1":{"type":"branch","line":8,"loc":{"start":{"line":8,"column":2},"end":{"line":10,"column":3}},"locations":[{"start":{"line":8,"column":2},"end":{"line":10,"column":3}}]},"2":{"type":"branch","line":13,"loc":{"start":{"line":13,"column":7},"end":{"line":70,"column":1}},"locations":[{"start":{"line":13,"column":7},"end":{"line":70,"column":1}}]},"3":{"type":"branch","line":56,"loc":{"start":{"line":56,"column":7},"end":{"line":56,"column":29}},"locations":[{"start":{"line":56,"column":7},"end":{"line":56,"column":29}}]},"4":{"type":"branch","line":56,"loc":{"start":{"line":56,"column":29},"end":{"line":65,"column":3}},"locations":[{"start":{"line":56,"column":29},"end":{"line":65,"column":3}}]},"5":{"type":"branch","line":65,"loc":{"start":{"line":65,"column":2},"end":{"line":67,"column":27}},"locations":[{"start":{"line":65,"column":2},"end":{"line":67,"column":27}}]},"6":{"type":"branch","line":67,"loc":{"start":{"line":67,"column":20},"end":{"line":70,"column":1}},"locations":[{"start":{"line":67,"column":20},"end":{"line":70,"column":1}}]},"7":{"type":"branch","line":14,"loc":{"start":{"line":14,"column":35},"end":{"line":14,"column":55}},"locations":[{"start":{"line":14,"column":35},"end":{"line":14,"column":55}}]},"8":{"type":"branch","line":15,"loc":{"start":{"line":15,"column":36},"end":{"line":15,"column":57}},"locations":[{"start":{"line":15,"column":36},"end":{"line":15,"column":57}}]},"9":{"type":"branch","line":16,"loc":{"start":{"line":16,"column":33},"end":{"line":16,"column":51}},"locations":[{"start":{"line":16,"column":33},"end":{"line":16,"column":51}}]},"10":{"type":"branch","line":21,"loc":{"start":{"line":21,"column":12},"end":{"line":33,"column":5}},"locations":[{"start":{"line":21,"column":12},"end":{"line":33,"column":5}}]},"11":{"type":"branch","line":22,"loc":{"start":{"line":22,"column":22},"end":{"line":28,"column":11}},"locations":[{"start":{"line":22,"column":22},"end":{"line":28,"column":11}}]},"12":{"type":"branch","line":38,"loc":{"start":{"line":38,"column":12},"end":{"line":42,"column":5}},"locations":[{"start":{"line":38,"column":12},"end":{"line":42,"column":5}}]},"13":{"type":"branch","line":39,"loc":{"start":{"line":39,"column":8},"end":{"line":39,"column":33}},"locations":[{"start":{"line":39,"column":8},"end":{"line":39,"column":33}}]},"14":{"type":"branch","line":39,"loc":{"start":{"line":39,"column":20},"end":{"line":39,"column":47}},"locations":[{"start":{"line":39,"column":20},"end":{"line":39,"column":47}}]},"15":{"type":"branch","line":39,"loc":{"start":{"line":39,"column":47},"end":{"line":41,"column":5}},"locations":[{"start":{"line":39,"column":47},"end":{"line":41,"column":5}}]},"16":{"type":"branch","line":45,"loc":{"start":{"line":45,"column":12},"end":{"line":54,"column":5}},"locations":[{"start":{"line":45,"column":12},"end":{"line":54,"column":5}}]},"17":{"type":"branch","line":46,"loc":{"start":{"line":46,"column":9},"end":{"line":46,"column":34}},"locations":[{"start":{"line":46,"column":9},"end":{"line":46,"column":34}}]},"18":{"type":"branch","line":46,"loc":{"start":{"line":46,"column":34},"end":{"line":46,"column":40}},"locations":[{"start":{"line":46,"column":34},"end":{"line":46,"column":40}}]},"19":{"type":"branch","line":46,"loc":{"start":{"line":46,"column":34},"end":{"line":51,"column":44}},"locations":[{"start":{"line":46,"column":34},"end":{"line":51,"column":44}}]},"20":{"type":"branch","line":51,"loc":{"start":{"line":51,"column":18},"end":{"line":51,"column":86}},"locations":[{"start":{"line":51,"column":18},"end":{"line":51,"column":86}}]},"21":{"type":"branch","line":51,"loc":{"start":{"line":51,"column":86},"end":{"line":53,"column":5}},"locations":[{"start":{"line":51,"column":86},"end":{"line":53,"column":5}}]}},"b":{"0":[1],"1":[0],"2":[3],"3":[2],"4":[1],"5":[2],"6":[1],"7":[10],"8":[10],"9":[10],"10":[1],"11":[0],"12":[3],"13":[2],"14":[2],"15":[1],"16":[3],"17":[2],"18":[2],"19":[1],"20":[0],"21":[0]},"fnMap":{"0":{"name":"decodeJwtPayload","decl":{"start":{"line":5,"column":0},"end":{"line":11,"column":1}},"loc":{"start":{"line":5,"column":0},"end":{"line":11,"column":1}},"line":5},"1":{"name":"ProtectedRoute","decl":{"start":{"line":13,"column":7},"end":{"line":70,"column":1}},"loc":{"start":{"line":13,"column":7},"end":{"line":70,"column":1}},"line":13}},"f":{"0":1,"1":3}}
,"[FROZEN_SNAPSHOT]/frontend/src/components/layout/Sidebar.tsx": {"path":"[FROZEN_SNAPSHOT]/frontend/src/components/layout/Sidebar.tsx","all":true,"statementMap":{"0":{"start":{"line":1,"column":0},"end":{"line":1,"column":42}},"8":{"start":{"line":9,"column":0},"end":{"line":9,"column":29}},"9":{"start":{"line":10,"column":0},"end":{"line":10,"column":55}},"10":{"start":{"line":11,"column":0},"end":{"line":11,"column":50}},"11":{"start":{"line":12,"column":0},"end":{"line":12,"column":49}},"12":{"start":{"line":13,"column":0},"end":{"line":13,"column":50}},"13":{"start":{"line":14,"column":0},"end":{"line":14,"column":50}},"14":{"start":{"line":15,"column":0},"end":{"line":15,"column":66}},"15":{"start":{"line":16,"column":0},"end":{"line":16,"column":1}},"17":{"start":{"line":18,"column":0},"end":{"line":18,"column":27}},"18":{"start":{"line":19,"column":0},"end":{"line":19,"column":10}},"19":{"start":{"line":20,"column":0},"end":{"line":20,"column":81}},"20":{"start":{"line":21,"column":0},"end":{"line":21,"column":58}},"21":{"start":{"line":22,"column":0},"end":{"line":22,"column":82}},"22":{"start":{"line":23,"column":0},"end":{"line":23,"column":12}},"23":{"start":{"line":24,"column":0},"end":{"line":24,"column":35}},"24":{"start":{"line":25,"column":0},"end":{"line":25,"column":39}},"25":{"start":{"line":26,"column":0},"end":{"line":26,"column":50}},"26":{"start":{"line":27,"column":0},"end":{"line":27,"column":25}},"27":{"start":{"line":28,"column":0},"end":{"line":28,"column":22}},"28":{"start":{"line":29,"column":0},"end":{"line":29,"column":23}},"29":{"start":{"line":30,"column":0},"end":{"line":30,"column":38}},"30":{"start":{"line":31,"column":0},"end":{"line":31,"column":44}},"31":{"start":{"line":32,"column":0},"end":{"line":32,"column":19}},"32":{"start":{"line":33,"column":0},"end":{"line":33,"column":105}},"33":{"start":{"line":34,"column":0},"end":{"line":34,"column":28}},"34":{"start":{"line":35,"column":0},"end":{"line":35,"column":47}},"35":{"start":{"line":36,"column":0},"end":{"line":36,"column":75}},"36":{"start":{"line":37,"column":0},"end":{"line":37,"column":29}},"39":{"start":{"line":40,"column":0},"end":{"line":40,"column":54}},"40":{"start":{"line":41,"column":0},"end":{"line":41,"column":23}},"41":{"start":{"line":42,"column":0},"end":{"line":42,"column":24}},"42":{"start":{"line":43,"column":0},"end":{"line":43,"column":17}},"43":{"start":{"line":44,"column":0},"end":{"line":44,"column":13}},"44":{"start":{"line":45,"column":0},"end":{"line":45,"column":13}},"45":{"start":{"line":46,"column":0},"end":{"line":46,"column":12}},"46":{"start":{"line":47,"column":0},"end":{"line":47,"column":12}},"48":{"start":{"line":49,"column":0},"end":{"line":49,"column":1}}},"s":{"0":0,"8":0,"9":0,"10":0,"11":0,"12":0,"13":0,"14":0,"15":0,"17":0,"18":0,"19":0,"20":0,"21":0,"22":0,"23":0,"24":0,"25":0,"26":0,"27":0,"28":0,"29":0,"30":0,"31":0,"32":0,"33":0,"34":0,"35":0,"36":0,"39":0,"40":0,"41":0,"42":0,"43":0,"44":0,"45":0,"46":0,"48":0},"branchMap":{"0":{"type":"branch","line":1,"loc":{"start":{"line":1,"column":0},"end":{"line":49,"column":-693}},"locations":[{"start":{"line":1,"column":0},"end":{"line":49,"column":-693}}]}},"b":{"0":[0]},"fnMap":{"0":{"name":"(empty-report)","decl":{"start":{"line":1,"column":0},"end":{"line":49,"column":-693}},"loc":{"start":{"line":1,"column":0},"end":{"line":49,"column":-693}},"line":1}},"f":{"0":0}}
,"[FROZEN_SNAPSHOT]/frontend/src/components/layout/SystemBanner.tsx": {"path":"[FROZEN_SNAPSHOT]/frontend/src/components/layout/SystemBanner.tsx","all":false,"statementMap":{"0":{"start":{"line":1,"column":0},"end":{"line":1,"column":48}},"11":{"start":{"line":12,"column":0},"end":{"line":12,"column":68}},"12":{"start":{"line":13,"column":0},"end":{"line":13,"column":13}},"13":{"start":{"line":14,"column":0},"end":{"line":14,"column":11}},"14":{"start":{"line":15,"column":0},"end":{"line":15,"column":8}},"15":{"start":{"line":16,"column":0},"end":{"line":16,"column":11}},"16":{"start":{"line":17,"column":0},"end":{"line":17,"column":1}},"18":{"start":{"line":19,"column":0},"end":{"line":19,"column":32}},"19":{"start":{"line":20,"column":0},"end":{"line":20,"column":45}},"20":{"start":{"line":21,"column":0},"end":{"line":21,"column":25}},"21":{"start":{"line":22,"column":0},"end":{"line":22,"column":91}},"22":{"start":{"line":23,"column":0},"end":{"line":23,"column":28}},"23":{"start":{"line":24,"column":0},"end":{"line":24,"column":17}},"24":{"start":{"line":25,"column":0},"end":{"line":25,"column":4}},"26":{"start":{"line":27,"column":0},"end":{"line":27,"column":29}},"27":{"start":{"line":28,"column":0},"end":{"line":28,"column":34}},"28":{"start":{"line":29,"column":0},"end":{"line":29,"column":32}},"29":{"start":{"line":30,"column":0},"end":{"line":30,"column":83}},"30":{"start":{"line":31,"column":0},"end":{"line":31,"column":29}},"31":{"start":{"line":32,"column":0},"end":{"line":32,"column":8}},"32":{"start":{"line":33,"column":0},"end":{"line":33,"column":8}},"34":{"start":{"line":35,"column":0},"end":{"line":35,"column":46}},"36":{"start":{"line":37,"column":0},"end":{"line":37,"column":10}},"37":{"start":{"line":38,"column":0},"end":{"line":38,"column":8}},"38":{"start":{"line":39,"column":0},"end":{"line":39,"column":18}},"39":{"start":{"line":40,"column":0},"end":{"line":40,"column":81}},"40":{"start":{"line":41,"column":0},"end":{"line":41,"column":5}},"41":{"start":{"line":42,"column":0},"end":{"line":42,"column":30}},"42":{"start":{"line":43,"column":0},"end":{"line":43,"column":47}},"43":{"start":{"line":44,"column":0},"end":{"line":44,"column":10}},"45":{"start":{"line":46,"column":0},"end":{"line":46,"column":1}}},"s":{"0":1,"11":1,"12":1,"13":1,"14":1,"15":1,"16":1,"18":1,"19":7,"20":7,"21":7,"22":7,"23":7,"24":7,"26":7,"27":3,"28":12,"29":12,"30":9,"31":3,"32":4,"34":7,"36":3,"37":3,"38":3,"39":3,"40":3,"41":3,"42":3,"43":3,"45":3},"branchMap":{"0":{"type":"branch","line":19,"loc":{"start":{"line":19,"column":7},"end":{"line":46,"column":1}},"locations":[{"start":{"line":19,"column":7},"end":{"line":46,"column":1}}]},"1":{"type":"branch","line":27,"loc":{"start":{"line":27,"column":25},"end":{"line":32,"column":8}},"locations":[{"start":{"line":27,"column":25},"end":{"line":32,"column":8}}]},"2":{"type":"branch","line":32,"loc":{"start":{"line":32,"column":7},"end":{"line":33,"column":8}},"locations":[{"start":{"line":32,"column":7},"end":{"line":33,"column":8}}]},"3":{"type":"branch","line":35,"loc":{"start":{"line":35,"column":35},"end":{"line":35,"column":46}},"locations":[{"start":{"line":35,"column":35},"end":{"line":35,"column":46}}]},"4":{"type":"branch","line":35,"loc":{"start":{"line":35,"column":42},"end":{"line":46,"column":1}},"locations":[{"start":{"line":35,"column":42},"end":{"line":46,"column":1}}]},"5":{"type":"branch","line":22,"loc":{"start":{"line":22,"column":13},"end":{"line":22,"column":91}},"locations":[{"start":{"line":22,"column":13},"end":{"line":22,"column":91}}]},"6":{"type":"branch","line":22,"loc":{"start":{"line":22,"column":76},"end":{"line":22,"column":89}},"locations":[{"start":{"line":22,"column":76},"end":{"line":22,"column":89}}]},"7":{"type":"branch","line":28,"loc":{"start":{"line":28,"column":23},"end":{"line":32,"column":7}},"locations":[{"start":{"line":28,"column":23},"end":{"line":32,"column":7}}]},"8":{"type":"branch","line":30,"loc":{"start":{"line":30,"column":31},"end":{"line":30,"column":83}},"locations":[{"start":{"line":30,"column":31},"end":{"line":30,"column":83}}]},"9":{"type":"branch","line":30,"loc":{"start":{"line":30,"column":79},"end":{"line":31,"column":29}},"locations":[{"start":{"line":30,"column":79},"end":{"line":31,"column":29}}]}},"b":{"0":[7],"1":[3],"2":[4],"3":[4],"4":[3],"5":[4],"6":[4],"7":[12],"8":[3],"9":[9]},"fnMap":{"0":{"name":"SystemBanner","decl":{"start":{"line":19,"column":7},"end":{"line":46,"column":1}},"loc":{"start":{"line":19,"column":7},"end":{"line":46,"column":1}},"line":19},"1":{"name":"queryFn","decl":{"start":{"line":22,"column":13},"end":{"line":22,"column":91}},"loc":{"start":{"line":22,"column":13},"end":{"line":22,"column":91}},"line":22}},"f":{"0":7,"1":4}}
,"[FROZEN_SNAPSHOT]/frontend/src/components/ui/AgentCard.tsx": {"path":"[FROZEN_SNAPSHOT]/frontend/src/components/ui/AgentCard.tsx","all":false,"statementMap":{"0":{"start":{"line":1,"column":0},"end":{"line":1,"column":32}},"14":{"start":{"line":15,"column":0},"end":{"line":15,"column":56}},"15":{"start":{"line":16,"column":0},"end":{"line":16,"column":40}},"16":{"start":{"line":17,"column":0},"end":{"line":17,"column":39}},"17":{"start":{"line":18,"column":0},"end":{"line":18,"column":44}},"18":{"start":{"line":19,"column":0},"end":{"line":19,"column":34}},"19":{"start":{"line":20,"column":0},"end":{"line":20,"column":37}},"20":{"start":{"line":21,"column":0},"end":{"line":21,"column":1}},"28":{"start":{"line":29,"column":0},"end":{"line":29,"column":79}},"29":{"start":{"line":30,"column":0},"end":{"line":30,"column":45}},"30":{"start":{"line":31,"column":0},"end":{"line":31,"column":24}},"31":{"start":{"line":32,"column":0},"end":{"line":32,"column":10}},"32":{"start":{"line":33,"column":0},"end":{"line":33,"column":9}},"33":{"start":{"line":34,"column":0},"end":{"line":34,"column":24}},"34":{"start":{"line":35,"column":0},"end":{"line":35,"column":110}},"36":{"start":{"line":37,"column":0},"end":{"line":37,"column":18}},"37":{"start":{"line":38,"column":0},"end":{"line":38,"column":11}},"39":{"start":{"line":40,"column":0},"end":{"line":40,"column":1}},"47":{"start":{"line":48,"column":0},"end":{"line":48,"column":84}},"48":{"start":{"line":49,"column":0},"end":{"line":49,"column":44}},"49":{"start":{"line":50,"column":0},"end":{"line":50,"column":10}},"50":{"start":{"line":51,"column":0},"end":{"line":51,"column":9}},"51":{"start":{"line":52,"column":0},"end":{"line":52,"column":24}},"52":{"start":{"line":53,"column":0},"end":{"line":53,"column":123}},"53":{"start":{"line":54,"column":0},"end":{"line":54,"column":5}},"54":{"start":{"line":55,"column":0},"end":{"line":55,"column":29}},"55":{"start":{"line":56,"column":0},"end":{"line":56,"column":11}},"57":{"start":{"line":58,"column":0},"end":{"line":58,"column":1}},"59":{"start":{"line":60,"column":0},"end":{"line":60,"column":27}},"60":{"start":{"line":61,"column":0},"end":{"line":61,"column":8}},"61":{"start":{"line":62,"column":0},"end":{"line":62,"column":15}},"62":{"start":{"line":63,"column":0},"end":{"line":63,"column":11}},"63":{"start":{"line":64,"column":0},"end":{"line":64,"column":17}},"64":{"start":{"line":65,"column":0},"end":{"line":65,"column":15}},"65":{"start":{"line":66,"column":0},"end":{"line":66,"column":20}},"66":{"start":{"line":67,"column":0},"end":{"line":67,"column":48}},"67":{"start":{"line":68,"column":0},"end":{"line":68,"column":57}},"68":{"start":{"line":69,"column":0},"end":{"line":69,"column":65}},"69":{"start":{"line":70,"column":0},"end":{"line":70,"column":44}},"71":{"start":{"line":72,"column":0},"end":{"line":72,"column":67}},"73":{"start":{"line":74,"column":0},"end":{"line":74,"column":28}},"74":{"start":{"line":75,"column":0},"end":{"line":75,"column":34}},"75":{"start":{"line":76,"column":0},"end":{"line":76,"column":46}},"76":{"start":{"line":77,"column":0},"end":{"line":77,"column":35}},"77":{"start":{"line":78,"column":0},"end":{"line":78,"column":5}},"78":{"start":{"line":79,"column":0},"end":{"line":79,"column":18}},"79":{"start":{"line":80,"column":0},"end":{"line":80,"column":3}},"81":{"start":{"line":82,"column":0},"end":{"line":82,"column":43}},"82":{"start":{"line":83,"column":0},"end":{"line":83,"column":45}},"83":{"start":{"line":84,"column":0},"end":{"line":84,"column":3}},"85":{"start":{"line":86,"column":0},"end":{"line":86,"column":30}},"86":{"start":{"line":87,"column":0},"end":{"line":87,"column":39}},"87":{"start":{"line":88,"column":0},"end":{"line":88,"column":26}},"88":{"start":{"line":89,"column":0},"end":{"line":89,"column":3}},"90":{"start":{"line":91,"column":0},"end":{"line":91,"column":31}},"91":{"start":{"line":92,"column":0},"end":{"line":92,"column":31}},"92":{"start":{"line":93,"column":0},"end":{"line":93,"column":26}},"93":{"start":{"line":94,"column":0},"end":{"line":94,"column":18}},"94":{"start":{"line":95,"column":0},"end":{"line":95,"column":3}},"96":{"start":{"line":97,"column":0},"end":{"line":97,"column":10}},"97":{"start":{"line":98,"column":0},"end":{"line":98,"column":81}},"99":{"start":{"line":100,"column":0},"end":{"line":100,"column":57}},"100":{"start":{"line":101,"column":0},"end":{"line":101,"column":13}},"102":{"start":{"line":103,"column":0},"end":{"line":103,"column":88}},"103":{"start":{"line":104,"column":0},"end":{"line":104,"column":14}},"104":{"start":{"line":105,"column":0},"end":{"line":105,"column":13}},"105":{"start":{"line":106,"column":0},"end":{"line":106,"column":94}},"107":{"start":{"line":108,"column":0},"end":{"line":108,"column":24}},"108":{"start":{"line":109,"column":0},"end":{"line":109,"column":15}},"109":{"start":{"line":110,"column":0},"end":{"line":110,"column":12}},"112":{"start":{"line":113,"column":0},"end":{"line":113,"column":11}},"113":{"start":{"line":114,"column":0},"end":{"line":114,"column":64}},"114":{"start":{"line":115,"column":0},"end":{"line":115,"column":71}},"115":{"start":{"line":116,"column":0},"end":{"line":116,"column":60}},"116":{"start":{"line":117,"column":0},"end":{"line":117,"column":78}},"117":{"start":{"line":118,"column":0},"end":{"line":118,"column":71}},"118":{"start":{"line":119,"column":0},"end":{"line":119,"column":17}},"119":{"start":{"line":120,"column":0},"end":{"line":120,"column":14}},"120":{"start":{"line":121,"column":0},"end":{"line":121,"column":72}},"121":{"start":{"line":122,"column":0},"end":{"line":122,"column":14}},"122":{"start":{"line":123,"column":0},"end":{"line":123,"column":61}},"123":{"start":{"line":124,"column":0},"end":{"line":124,"column":30}},"124":{"start":{"line":125,"column":0},"end":{"line":125,"column":30}},"125":{"start":{"line":126,"column":0},"end":{"line":126,"column":34}},"126":{"start":{"line":127,"column":0},"end":{"line":127,"column":33}},"127":{"start":{"line":128,"column":0},"end":{"line":128,"column":32}},"128":{"start":{"line":129,"column":0},"end":{"line":129,"column":15}},"129":{"start":{"line":130,"column":0},"end":{"line":130,"column":48}},"130":{"start":{"line":131,"column":0},"end":{"line":131,"column":12}},"131":{"start":{"line":132,"column":0},"end":{"line":132,"column":14}},"132":{"start":{"line":133,"column":0},"end":{"line":133,"column":12}},"138":{"start":{"line":139,"column":0},"end":{"line":139,"column":112}},"139":{"start":{"line":140,"column":0},"end":{"line":140,"column":76}},"140":{"start":{"line":141,"column":0},"end":{"line":141,"column":34}},"141":{"start":{"line":142,"column":0},"end":{"line":142,"column":47}},"142":{"start":{"line":143,"column":0},"end":{"line":143,"column":52}},"143":{"start":{"line":144,"column":0},"end":{"line":144,"column":17}},"145":{"start":{"line":146,"column":0},"end":{"line":146,"column":51}},"146":{"start":{"line":147,"column":0},"end":{"line":147,"column":82}},"148":{"start":{"line":149,"column":0},"end":{"line":149,"column":10}},"151":{"start":{"line":152,"column":0},"end":{"line":152,"column":11}},"152":{"start":{"line":153,"column":0},"end":{"line":153,"column":64}},"153":{"start":{"line":154,"column":0},"end":{"line":154,"column":68}},"154":{"start":{"line":155,"column":0},"end":{"line":155,"column":29}},"155":{"start":{"line":156,"column":0},"end":{"line":156,"column":19}},"156":{"start":{"line":157,"column":0},"end":{"line":157,"column":51}},"157":{"start":{"line":158,"column":0},"end":{"line":158,"column":35}},"158":{"start":{"line":159,"column":0},"end":{"line":159,"column":80}},"159":{"start":{"line":160,"column":0},"end":{"line":160,"column":115}},"160":{"start":{"line":161,"column":0},"end":{"line":161,"column":13}},"162":{"start":{"line":163,"column":0},"end":{"line":163,"column":21}},"164":{"start":{"line":165,"column":0},"end":{"line":165,"column":14}},"166":{"start":{"line":167,"column":0},"end":{"line":167,"column":25}},"167":{"start":{"line":168,"column":0},"end":{"line":168,"column":37}},"168":{"start":{"line":169,"column":0},"end":{"line":169,"column":38}},"169":{"start":{"line":170,"column":0},"end":{"line":170,"column":33}},"170":{"start":{"line":171,"column":0},"end":{"line":171,"column":64}},"171":{"start":{"line":172,"column":0},"end":{"line":172,"column":94}},"172":{"start":{"line":173,"column":0},"end":{"line":173,"column":25}},"173":{"start":{"line":174,"column":0},"end":{"line":174,"column":55}},"174":{"start":{"line":175,"column":0},"end":{"line":175,"column":80}},"175":{"start":{"line":176,"column":0},"end":{"line":176,"column":19}},"177":{"start":{"line":178,"column":0},"end":{"line":178,"column":27}},"178":{"start":{"line":179,"column":0},"end":{"line":179,"column":21}},"179":{"start":{"line":180,"column":0},"end":{"line":180,"column":17}},"180":{"start":{"line":181,"column":0},"end":{"line":181,"column":17}},"181":{"start":{"line":182,"column":0},"end":{"line":182,"column":40}},"182":{"start":{"line":183,"column":0},"end":{"line":183,"column":20}},"183":{"start":{"line":184,"column":0},"end":{"line":184,"column":27}},"184":{"start":{"line":185,"column":0},"end":{"line":185,"column":31}},"185":{"start":{"line":186,"column":0},"end":{"line":186,"column":60}},"186":{"start":{"line":187,"column":0},"end":{"line":187,"column":71}},"187":{"start":{"line":188,"column":0},"end":{"line":188,"column":41}},"188":{"start":{"line":189,"column":0},"end":{"line":189,"column":170}},"189":{"start":{"line":190,"column":0},"end":{"line":190,"column":16}},"190":{"start":{"line":191,"column":0},"end":{"line":191,"column":21}},"191":{"start":{"line":192,"column":0},"end":{"line":192,"column":39}},"192":{"start":{"line":193,"column":0},"end":{"line":193,"column":97}},"193":{"start":{"line":194,"column":0},"end":{"line":194,"column":15}},"195":{"start":{"line":196,"column":0},"end":{"line":196,"column":23}},"196":{"start":{"line":197,"column":0},"end":{"line":197,"column":18}},"197":{"start":{"line":198,"column":0},"end":{"line":198,"column":40}},"198":{"start":{"line":199,"column":0},"end":{"line":199,"column":21}},"199":{"start":{"line":200,"column":0},"end":{"line":200,"column":41}},"200":{"start":{"line":201,"column":0},"end":{"line":201,"column":41}},"201":{"start":{"line":202,"column":0},"end":{"line":202,"column":118}},"203":{"start":{"line":204,"column":0},"end":{"line":204,"column":67}},"204":{"start":{"line":205,"column":0},"end":{"line":205,"column":23}},"205":{"start":{"line":206,"column":0},"end":{"line":206,"column":21}},"206":{"start":{"line":207,"column":0},"end":{"line":207,"column":42}},"207":{"start":{"line":208,"column":0},"end":{"line":208,"column":79}},"208":{"start":{"line":209,"column":0},"end":{"line":209,"column":15}},"210":{"start":{"line":211,"column":0},"end":{"line":211,"column":23}},"211":{"start":{"line":212,"column":0},"end":{"line":212,"column":18}},"212":{"start":{"line":213,"column":0},"end":{"line":213,"column":16}},"214":{"start":{"line":215,"column":0},"end":{"line":215,"column":38}},"215":{"start":{"line":216,"column":0},"end":{"line":216,"column":47}},"216":{"start":{"line":217,"column":0},"end":{"line":217,"column":86}},"218":{"start":{"line":219,"column":0},"end":{"line":219,"column":44}},"219":{"start":{"line":220,"column":0},"end":{"line":220,"column":72}},"220":{"start":{"line":221,"column":0},"end":{"line":221,"column":94}},"221":{"start":{"line":222,"column":0},"end":{"line":222,"column":43}},"222":{"start":{"line":223,"column":0},"end":{"line":223,"column":57}},"223":{"start":{"line":224,"column":0},"end":{"line":224,"column":20}},"224":{"start":{"line":225,"column":0},"end":{"line":225,"column":21}},"225":{"start":{"line":226,"column":0},"end":{"line":226,"column":16}},"227":{"start":{"line":228,"column":0},"end":{"line":228,"column":15}},"229
[...]
lumn":8},"end":{"line":34,"column":39}},"locations":[{"start":{"line":34,"column":8},"end":{"line":34,"column":39}}]},"14":{"type":"branch","line":34,"loc":{"start":{"line":34,"column":39},"end":{"line":36,"column":3}},"locations":[{"start":{"line":34,"column":39},"end":{"line":36,"column":3}}]},"15":{"type":"branch","line":37,"loc":{"start":{"line":37,"column":8},"end":{"line":37,"column":43}},"locations":[{"start":{"line":37,"column":8},"end":{"line":37,"column":43}}]},"16":{"type":"branch","line":37,"loc":{"start":{"line":37,"column":43},"end":{"line":39,"column":3}},"locations":[{"start":{"line":37,"column":43},"end":{"line":39,"column":3}}]},"17":{"type":"branch","line":40,"loc":{"start":{"line":40,"column":21},"end":{"line":40,"column":57}},"locations":[{"start":{"line":40,"column":21},"end":{"line":40,"column":57}}]},"18":{"type":"branch","line":41,"loc":{"start":{"line":41,"column":19},"end":{"line":41,"column":51}},"locations":[{"start":{"line":41,"column":19},"end":{"line":41,"column":51}}]},"19":{"type":"branch","line":42,"loc":{"start":{"line":42,"column":17},"end":{"line":42,"column":45}},"locations":[{"start":{"line":42,"column":17},"end":{"line":42,"column":45}}]},"20":{"type":"branch","line":43,"loc":{"start":{"line":43,"column":28},"end":{"line":43,"column":64}},"locations":[{"start":{"line":43,"column":28},"end":{"line":43,"column":64}}]},"21":{"type":"branch","line":44,"loc":{"start":{"line":44,"column":8},"end":{"line":44,"column":39}},"locations":[{"start":{"line":44,"column":8},"end":{"line":44,"column":39}}]},"22":{"type":"branch","line":44,"loc":{"start":{"line":44,"column":39},"end":{"line":44,"column":69}},"locations":[{"start":{"line":44,"column":39},"end":{"line":44,"column":69}}]},"23":{"type":"branch","line":35,"loc":{"start":{"line":35,"column":21},"end":{"line":35,"column":50}},"locations":[{"start":{"line":35,"column":21},"end":{"line":35,"column":50}}]},"24":{"type":"branch","line":38,"loc":{"start":{"line":38,"column":23},"end":{"line":38,"column":54}},"locations":[{"start":{"line":38,"column":23},"end":{"line":38,"column":54}}]}},"b":{"0":[28],"1":[3],"2":[25],"3":[6],"4":[22],"5":[25],"6":[27],"7":[27],"8":[8],"9":[20],"10":[3],"11":[25],"12":[12],"13":[2],"14":[2],"15":[1],"16":[1],"17":[1],"18":[0],"19":[0],"20":[3],"21":[8],"22":[2],"23":[4],"24":[1]},"fnMap":{"0":{"name":"parseEventFilters","decl":{"start":{"line":10,"column":7},"end":{"line":26,"column":1}},"loc":{"start":{"line":10,"column":7},"end":{"line":26,"column":1}},"line":10},"1":{"name":"serializeEventFilters","decl":{"start":{"line":32,"column":7},"end":{"line":47,"column":1}},"loc":{"start":{"line":32,"column":7},"end":{"line":47,"column":1}},"line":32}},"f":{"0":28,"1":12}}
,"[FROZEN_SNAPSHOT]/frontend/src/utils/eventType.ts": {"path":"[FROZEN_SNAPSHOT]/frontend/src/utils/eventType.ts","all":false,"statementMap":{"16":{"start":{"line":17,"column":0},"end":{"line":17,"column":63}},"17":{"start":{"line":18,"column":0},"end":{"line":18,"column":18}},"18":{"start":{"line":19,"column":0},"end":{"line":19,"column":33}},"19":{"start":{"line":20,"column":0},"end":{"line":20,"column":10}},"20":{"start":{"line":21,"column":0},"end":{"line":21,"column":82}},"22":{"start":{"line":23,"column":0},"end":{"line":23,"column":69}},"23":{"start":{"line":24,"column":0},"end":{"line":24,"column":4}},"24":{"start":{"line":25,"column":0},"end":{"line":25,"column":1}},"33":{"start":{"line":34,"column":0},"end":{"line":34,"column":74}},"34":{"start":{"line":35,"column":0},"end":{"line":35,"column":46}},"35":{"start":{"line":36,"column":0},"end":{"line":36,"column":25}},"36":{"start":{"line":37,"column":0},"end":{"line":37,"column":29}},"37":{"start":{"line":38,"column":0},"end":{"line":38,"column":15}},"38":{"start":{"line":39,"column":0},"end":{"line":39,"column":20}},"39":{"start":{"line":40,"column":0},"end":{"line":40,"column":64}},"40":{"start":{"line":41,"column":0},"end":{"line":41,"column":14}},"41":{"start":{"line":42,"column":0},"end":{"line":42,"column":10}},"42":{"start":{"line":43,"column":0},"end":{"line":43,"column":34}},"43":{"start":{"line":44,"column":0},"end":{"line":44,"column":53}},"44":{"start":{"line":45,"column":0},"end":{"line":45,"column":66}},"45":{"start":{"line":46,"column":0},"end":{"line":46,"column":3}},"46":{"start":{"line":47,"column":0},"end":{"line":47,"column":1}}},"s":{"16":1,"17":1,"18":1,"19":1,"20":1,"22":1,"23":1,"24":1,"33":1,"34":6,"35":6,"36":0,"37":0,"38":0,"39":0,"40":0,"41":0,"42":0,"43":6,"44":6,"45":6,"46":6},"branchMap":{"0":{"type":"branch","line":34,"loc":{"start":{"line":34,"column":7},"end":{"line":47,"column":1}},"locations":[{"start":{"line":34,"column":7},"end":{"line":47,"column":1}}]},"1":{"type":"branch","line":36,"loc":{"start":{"line":36,"column":20},"end":{"line":43,"column":34}},"locations":[{"start":{"line":36,"column":20},"end":{"line":43,"column":34}}]}},"b":{"0":[6],"1":[0]},"fnMap":{"0":{"name":"getEventTypeGapMeta","decl":{"start":{"line":34,"column":7},"end":{"line":47,"column":1}},"loc":{"start":{"line":34,"column":7},"end":{"line":47,"column":1}},"line":34}},"f":{"0":6}}
,"[FROZEN_SNAPSHOT]/frontend/src/utils/severity.ts": {"path":"[FROZEN_SNAPSHOT]/frontend/src/utils/severity.ts","all":false,"statementMap":{"23":{"start":{"line":24,"column":0},"end":{"line":24,"column":36}},"24":{"start":{"line":25,"column":0},"end":{"line":25,"column":29}},"25":{"start":{"line":26,"column":0},"end":{"line":26,"column":33}},"26":{"start":{"line":27,"column":0},"end":{"line":27,"column":10}},"27":{"start":{"line":28,"column":0},"end":{"line":28,"column":1}},"35":{"start":{"line":36,"column":0},"end":{"line":36,"column":53}},"36":{"start":{"line":37,"column":0},"end":{"line":37,"column":82}},"37":{"start":{"line":38,"column":0},"end":{"line":38,"column":84}},"38":{"start":{"line":39,"column":0},"end":{"line":39,"column":86}},"39":{"start":{"line":40,"column":0},"end":{"line":40,"column":79}},"40":{"start":{"line":41,"column":0},"end":{"line":41,"column":1}},"48":{"start":{"line":49,"column":0},"end":{"line":49,"column":84}},"49":{"start":{"line":50,"column":0},"end":{"line":50,"column":36}},"50":{"start":{"line":51,"column":0},"end":{"line":51,"column":48}},"51":{"start":{"line":52,"column":0},"end":{"line":52,"column":1}}},"s":{"23":1,"24":1,"25":1,"26":1,"27":1,"35":1,"36":1,"37":1,"38":1,"39":1,"40":1,"48":1,"49":47,"50":47,"51":47},"branchMap":{"0":{"type":"branch","line":49,"loc":{"start":{"line":49,"column":7},"end":{"line":52,"column":1}},"locations":[{"start":{"line":49,"column":7},"end":{"line":52,"column":1}}]},"1":{"type":"branch","line":50,"loc":{"start":{"line":50,"column":17},"end":{"line":50,"column":36}},"locations":[{"start":{"line":50,"column":17},"end":{"line":50,"column":36}}]},"2":{"type":"branch","line":50,"loc":{"start":{"line":50,"column":24},"end":{"line":51,"column":36}},"locations":[{"start":{"line":50,"column":24},"end":{"line":51,"column":36}}]},"3":{"type":"branch","line":51,"loc":{"start":{"line":51,"column":31},"end":{"line":51,"column":48}},"locations":[{"start":{"line":51,"column":31},"end":{"line":51,"column":48}}]}},"b":{"0":[47],"1":[2],"2":[45],"3":[4]},"fnMap":{"0":{"name":"getSeverityMeta","decl":{"start":{"line":49,"column":7},"end":{"line":52,"column":1}},"loc":{"start":{"line":49,"column":7},"end":{"line":52,"column":1}},"line":49}},"f":{"0":47}}
,"[FROZEN_SNAPSHOT]/frontend/src/utils/timeDisplay.ts": {"path":"[FROZEN_SNAPSHOT]/frontend/src/utils/timeDisplay.ts","all":false,"statementMap":{"38":{"start":{"line":39,"column":0},"end":{"line":39,"column":37}},"39":{"start":{"line":40,"column":0},"end":{"line":40,"column":33}},"40":{"start":{"line":41,"column":0},"end":{"line":41,"column":45}},"42":{"start":{"line":43,"column":0},"end":{"line":43,"column":51}},"43":{"start":{"line":44,"column":0},"end":{"line":44,"column":56}},"44":{"start":{"line":45,"column":0},"end":{"line":45,"column":59}},"45":{"start":{"line":46,"column":0},"end":{"line":46,"column":45}},"46":{"start":{"line":47,"column":0},"end":{"line":47,"column":1}},"52":{"start":{"line":53,"column":0},"end":{"line":53,"column":90}},"53":{"start":{"line":54,"column":0},"end":{"line":54,"column":9}},"54":{"start":{"line":55,"column":0},"end":{"line":55,"column":28}},"55":{"start":{"line":56,"column":0},"end":{"line":56,"column":13}},"56":{"start":{"line":57,"column":0},"end":{"line":57,"column":27}},"57":{"start":{"line":58,"column":0},"end":{"line":58,"column":33}},"58":{"start":{"line":59,"column":0},"end":{"line":59,"column":13}},"60":{"start":{"line":61,"column":0},"end":{"line":61,"column":61}},"62":{"start":{"line":63,"column":0},"end":{"line":63,"column":25}},"63":{"start":{"line":64,"column":0},"end":{"line":64,"column":37}},"65":{"start":{"line":66,"column":0},"end":{"line":66,"column":42}},"66":{"start":{"line":67,"column":0},"end":{"line":67,"column":20}},"67":{"start":{"line":68,"column":0},"end":{"line":68,"column":21}},"68":{"start":{"line":69,"column":0},"end":{"line":69,"column":19}},"69":{"start":{"line":70,"column":0},"end":{"line":70,"column":20}},"70":{"start":{"line":71,"column":0},"end":{"line":71,"column":22}},"71":{"start":{"line":72,"column":0},"end":{"line":72,"column":22}},"72":{"start":{"line":73,"column":0},"end":{"line":73,"column":18}},"73":{"start":{"line":74,"column":0},"end":{"line":74,"column":26}},"74":{"start":{"line":75,"column":0},"end":{"line":75,"column":38}},"75":{"start":{"line":76,"column":0},"end":{"line":76,"column":14}},"76":{"start":{"line":77,"column":0},"end":{"line":77,"column":1}},"78":{"start":{"line":79,"column":0},"end":{"line":79,"column":71}},"79":{"start":{"line":80,"column":0},"end":{"line":80,"column":17}},"80":{"start":{"line":81,"column":0},"end":{"line":81,"column":17}},"81":{"start":{"line":82,"column":0},"end":{"line":82,"column":17}},"82":{"start":{"line":83,"column":0},"end":{"line":83,"column":16}},"83":{"start":{"line":84,"column":0},"end":{"line":84,"column":1}},"99":{"start":{"line":100,"column":0},"end":{"line":100,"column":92}},"100":{"start":{"line":101,"column":0},"end":{"line":101,"column":9}},"101":{"start":{"line":102,"column":0},"end":{"line":102,"column":28}},"102":{"start":{"line":103,"column":0},"end":{"line":103,"column":27}},"103":{"start":{"line":104,"column":0},"end":{"line":104,"column":33}},"104":{"start":{"line":105,"column":0},"end":{"line":105,"column":21}},"105":{"start":{"line":106,"column":0},"end":{"line":106,"column":13}},"107":{"start":{"line":108,"column":0},"end":{"line":108,"column":61}},"109":{"start":{"line":110,"column":0},"end":{"line":110,"column":25}},"110":{"start":{"line":111,"column":0},"end":{"line":111,"column":37}},"112":{"start":{"line":113,"column":0},"end":{"line":113,"column":48}},"113":{"start":{"line":114,"column":0},"end":{"line":114,"column":42}},"115":{"start":{"line":116,"column":0},"end":{"line":116,"column":25}},"116":{"start":{"line":117,"column":0},"end":{"line":117,"column":105}},"117":{"start":{"line":118,"column":0},"end":{"line":118,"column":53}},"119":{"start":{"line":120,"column":0},"end":{"line":120,"column":43}},"121":{"start":{"line":122,"column":0},"end":{"line":122,"column":72}},"122":{"start":{"line":123,"column":0},"end":{"line":123,"column":36}},"123":{"start":{"line":124,"column":0},"end":{"line":124,"column":1}}},"s":{"38":1,"39":1,"40":1,"42":67,"43":67,"44":67,"45":67,"46":67,"52":1,"53":61,"54":61,"55":61,"56":61,"57":61,"58":61,"60":61,"62":57,"63":61,"65":55,"66":55,"67":55,"68":55,"69":55,"70":55,"71":55,"72":55,"73":55,"74":61,"75":61,"76":61,"78":1,"79":1,"80":1,"81":1,"82":1,"83":1,"99":1,"100":12,"101":12,"102":12,"103":12,"104":12,"105":12,"107":12,"109":10,"110":12,"112":8,"113":8,"115":8,"116":12,"117":12,"119":12,"121":8,"122":8,"123":8},"branchMap":{"0":{"type":"branch","line":43,"loc":{"start":{"line":43,"column":0},"end":{"line":47,"column":1}},"locations":[{"start":{"line":43,"column":0},"end":{"line":47,"column":1}}]},"1":{"type":"branch","line":44,"loc":{"start":{"line":44,"column":45},"end":{"line":44,"column":56}},"locations":[{"start":{"line":44,"column":45},"end":{"line":44,"column":56}}]},"2":{"type":"branch","line":45,"loc":{"start":{"line":45,"column":29},"end":{"line":45,"column":44}},"locations":[{"start":{"line":45,"column":29},"end":{"line":45,"column":44}}]},"3":{"type":"branch","line":46,"loc":{"start":{"line":46,"column":33},"end":{"line":46,"column":44}},"locations":[{"start":{"line":46,"column":33},"end":{"line":46,"column":44}}]},"4":{"type":"branch","line":46,"loc":{"start":{"line":46,"column":37},"end":{"line":46,"column":45}},"locations":[{"start":{"line":46,"column":37},"end":{"line":46,"column":45}}]},"5":{"type":"branch","line":53,"loc":{"start":{"line":53,"column":7},"end":{"line":77,"column":1}},"locations":[{"start":{"line":53,"column":7},"end":{"line":77,"column":1}}]},"6":{"type":"branch","line":61,"loc":{"start":{"line":61,"column":16},"end":{"line":61,"column":45}},"locations":[{"start":{"line":61,"column":16},"end":{"line":61,"column":45}}]},"7":{"type":"branch","line":61,"loc":{"start":{"line":61,"column":45},"end":{"line":61,"column":61}},"locations":[{"start":{"line":61,"column":45},"end":{"line":61,"column":61}}]},"8":{"type":"branch","line":61,"loc":{"start":{"line":61,"column":52},"end":{"line":64,"column":25}},"locations":[{"start":{"line":61,"column":52},"end":{"line":64,"column":25}}]},"9":{"type":"branch","line":64,"loc":{"start":{"line":64,"column":18},"end":{"line":64,"column":37}},"locations":[{"start":{"line":64,"column":18},"end":{"line":64,"column":37}}]},"10":{"type":"branch","line":64,"loc":{"start":{"line":64,"column":25},"end":{"line":75,"column":19}},"locations":[{"start":{"line":64,"column":25},"end":{"line":75,"column":19}}]},"11":{"type":"branch","line":75,"loc":{"start":{"line":75,"column":8},"end":{"line":75,"column":34}},"locations":[{"start":{"line":75,"column":8},"end":{"line":75,"column":34}}]},"12":{"type":"branch","line":75,"loc":{"start":{"line":75,"column":30},"end":{"line":75,"column":38}},"locations":[{"start":{"line":75,"column":30},"end":{"line":75,"column":38}}]},"13":{"type":"branch","line":100,"loc":{"start":{"line":100,"column":7},"end":{"line":124,"column":1}},"locations":[{"start":{"line":100,"column":7},"end":{"line":124,"column":1}}]},"14":{"type":"branch","line":108,"loc":{"start":{"line":108,"column":16},"end":{"line":108,"column":45}},"locations":[{"start":{"line":108,"column":16},"end":{"line":108,"column":45}}]},"15":{"type":"branch","line":108,"loc":{"start":{"line":108,"column":45},"end":{"line":108,"column":61}},"locations":[{"start":{"line":108,"column":45},"end":{"line":108,"column":61}}]},"16":{"type":"branch","line":108,"loc":{"start":{"line":108,"column":52},"end":{"line":111,"column":25}},"locations":[{"start":{"line":108,"column":52},"end":{"line":111,"column":25}}]},"17":{"type":"branch","line":111,"loc":{"start":{"line":111,"column":18},"end":{"line":111,"column":37}},"locations":[{"start":{"line":111,"column":18},"end":{"line":111,"column":37}}]},"18":{"type":"branch","line":111,"loc":{"start":{"line":111,"column":25},"end":{"line":117,"column":62}},"locations":[{"start":{"line":111,"column":25},"end":{"line":117,"column":62}}]},"19":{"type":"branch","line":117,"loc":{"start":{"line":117,"column":57},"end":{"line":117,"column":105}},"locations":[{"start":{"line":117,"column":57},"end":{"line":117,"column":105}}]},"20":{"type":"branch","line":120,"loc":{"start":{"line":120,"column":23},"end":{"line":120,"column":43}},"locations":[{"start":{"line":120,"column":23},"end":{"line":120,"column":43}}]},"21":{"type":"branch","line":120,"loc":{"start":{"line":120,"column":30},"end":{"line":124,"column":1}},"locations":[{"start":{"line":120,"column":30},"end":{"line":124,"column":1}}]},"22":{"type":"branch","line":117,"loc":{"start":{"line":117,"column":25},"end":{"line":117,"column":57}},"locations":[{"start":{"line":117,"column":25},"end":{"line":117,"column":57}}]}},"b":{"0":[67],"1":[0],"2":[0],"3":[4],"4":[63],"5":[61],"6":[58],"7":[4],"8":[57],"9":[2],"10":[55],"11":[2],"12":[53],"13":[12],"14":[10],"15":[2],"16":[10],"17":[2],"18":[8],"19":[0],"20":[0],"21":[8],"22":[26]},"fnMap":{"0":{"name":"toDate","decl":{"start":{"line":43,"column":0},"end":{"line":47,"column":1}},"loc":{"start":{"line":43,"column":0},"end":{"line":47,"column":1}},"line":43},"1":{"name":"formatAbsolute","decl":{"start":{"line":53,"column":7},"end":{"line":77,"column":1}},"loc":{"start":{"line":53,"column":7},"end":{"line":77,"column":1}},"line":53},"2":{"name":"formatRelative","decl":{"start":{"line":100,"column":7},"end":{"line":124,"column":1}},"loc":{"start":{"line":100,"column":7},"end":{"line":124,"column":1}},"line":100}},"f":{"0":67,"1":61,"2":12}}
,"[FROZEN_SNAPSHOT]/frontend/src/utils/watchPathStatus.ts": {"path":"[FROZEN_SNAPSHOT]/frontend/src/utils/watchPathStatus.ts","all":false,"statementMap":{"18":{"start":{"line":19,"column":0},"end":{"line":19,"column":69}},"19":{"start":{"line":20,"column":0},"end":{"line":20,"column":20}},"20":{"start":{"line":21,"column":0},"end":{"line":21,"column":28}},"21":{"start":{"line":22,"column":0},"end":{"line":22,"column":97}},"22":{"start":{"line":23,"column":0},"end":{"line":23,"column":69}},"23":{"start":{"line":24,"column":0},"end":{"line":24,"column":4}},"24":{"start":{"line":25,"column":0},"end":{"line":25,"column":22}},"25":{"start":{"line":26,"column":0},"end":{"line":26,"column":28}},"26":{"start":{"line":27,"column":0},"end":{"line":27,"column":83}},"27":{"start":{"line":28,"column":0},"end":{"line":28,"column":69}},"28":{"start":{"line":29,"column":0},"end":{"line":29,"column":4}},"29":{"start":{"line":30,"column":0},"end":{"line":30,"column":12}},"30":{"start":{"line":31,"column":0},"end":{"line":31,"column":23}},"31":{"start":{"line":32,"column":0},"end":{"line":32,"column":53}},"32":{"start":{"line":33,"column":0},"end":{"line":33,"column":66}},"33":{"start":{"line":34,"column":0},"end":{"line":34,"column":4}},"34":{"start":{"line":35,"column":0},"end":{"line":35,"column":1}},"42":{"start":{"line":43,"column":0},"end":{"line":43,"column":96}},"43":{"start":{"line":44,"column":0},"end":{"line":44,"column":51}},"44":{"start":{"line":45,"column":0},"end":{"line":45,"column":10}},"45":{"start":{"line":46,"column":0},"end":{"line":46,"column":39}},"46":{"start":{"line":47,"column":0},"end":{"line":47,"column":20}},"47":{"start":{"line":48,"column":0},"end":{"line":48,"column":20}},"48":{"start":{"line":49,"column":0},"end":{"line":49,"column":68}},"49":{"start":{"line":50,"column":0},"end":{"line":50,"column":5}},"51":{"start":{"line":52,"column":0},"end":{"line":52,"column":1}}},"s":{"18":1,"19":1,"20":1,"21":1,"22":1,"23":1,"24":1,"25":1,"26":1,"27":1,"28":1,"29":1,"30":1,"31":1,"32":1,"33":1,"34":1,"42":1,"43":12,"44":5,"45":7,"46":1,"47":1,"48":1,"49":1,"51":12},"branchMap":{"0":{"type":"branch","line":43,"loc":{"start":{"line":43,"column":7},"end":{"line":52,"column":1}},"locations":[{"start":{"line":43,"column":7},"end":{"line":52,"column":1}}]},"1":{"type":"branch","line":44,"loc":{"start":{"line":44,"column":7},"end":{"line":44,"column":40}},"locations":[{"start":{"line":44,"column":7},"end":{"line":44,"column":40}}]},"2":{"type":"branch","line":44,"loc":{"start":{"line":44,"column":40},"end":{"line":50,"column":5}},"locations":[{"start":{"line":44,"column":40},"end":{"line":50,"column":5}}]},"3":{"type":"branch","line":44,"loc":{"start":{"line":44,"column":47},"end":{"line":46,"column":38}},"locations":[{"start":{"line":44,"column":47},"end":{"line":46,"column":38}}]},"4":{"type":"branch","line":46,"loc":{"start":{"line":46,"column":33},"end":{"line":50,"column":5}},"locations":[{"start":{"line":46,"column":33},"end":{"line":50,"column":5}}]}},"b":{"0":[12],"1":[6],"2":[7],"3":[5],"4":[1]},"fnMap":{"0":{"name":"getWatchPathStatusMeta","decl":{"start":{"line":43,"column":7},"end":{"line":52,"column":1}},"loc":{"start":{"line":43,"column":7},"end":{"line":52,"column":1}},"line":43}},"f":{"0":12}}
}
