TN:
SF:src/App.tsx
FN:1,(empty-report)
FNF:1
FNH:0
FNDA:0,(empty-report)
DA:1,0
DA:16,0
DA:17,0
DA:18,0
DA:19,0
DA:20,0
DA:21,0
DA:23,0
DA:24,0
DA:25,0
DA:26,0
DA:27,0
DA:28,0
DA:30,0
DA:31,0
DA:32,0
DA:33,0
DA:34,0
DA:35,0
DA:36,0
DA:38,0
DA:41,0
DA:42,0
DA:44,0
DA:47,0
DA:50,0
DA:51,0
DA:54,0
DA:57,0
DA:60,0
DA:61,0
DA:63,0
DA:64,0
DA:65,0
DA:66,0
DA:68,0
DA:70,0
DA:71,0
DA:72,0
DA:73,0
DA:74,0
DA:75,0
DA:77,0
LF:43
LH:0
BRDA:1,0,0,0
BRF:1
BRH:0
end_of_record
TN:
SF:src/main.tsx
FN:1,(empty-report)
FNF:1
FNH:0
FNDA:0,(empty-report)
DA:1,0
DA:2,0
DA:3,0
DA:4,0
DA:5,0
DA:6,0
DA:8,0
DA:9,0
DA:10,0
DA:11,0
DA:12,0
DA:13,0
DA:14,0
DA:15,0
DA:17,0
DA:18,0
DA:20,0
DA:21,0
DA:22,0
DA:23,0
DA:24,0
DA:25,0
DA:26,0
DA:27,0
LF:24
LH:0
BRDA:1,0,0,0
BRF:1
BRH:0
end_of_record
TN:
SF:src/api/actions.ts
FN:40,approve
FN:44,reject
FN:48,bulkApprove
FN:53,bulkReject
FNF:4
FNH:2
FNDA:0,approve
FNDA:0,reject
FNDA:3,bulkApprove
FNDA:3,bulkReject
DA:1,1
DA:40,0
DA:41,0
DA:42,0
DA:44,0
DA:45,0
DA:46,0
DA:48,3
DA:49,3
DA:50,3
DA:51,3
DA:53,3
DA:54,3
DA:55,3
DA:56,3
LF:15
LH:9
BRDA:48,0,0,3
BRDA:53,1,0,3
BRF:2
BRH:2
end_of_record
TN:
SF:src/api/agents.ts
FN:1,(empty-report)
FNF:1
FNH:0
FNDA:0,(empty-report)
DA:1,0
DA:38,0
DA:39,0
DA:40,0
DA:41,0
DA:43,0
DA:44,0
DA:45,0
DA:46,0
DA:48,0
DA:49,0
DA:50,0
DA:51,0
DA:59,0
DA:60,0
DA:61,0
LF:16
LH:0
BRDA:1,0,0,0
BRF:1
BRH:0
end_of_record
TN:
SF:src/api/alerts.ts
FN:1,(empty-report)
FNF:1
FNH:0
FNDA:0,(empty-report)
DA:1,0
DA:35,0
DA:36,0
DA:37,0
DA:38,0
DA:39,0
DA:40,0
DA:42,0
DA:43,0
DA:44,0
DA:45,0
DA:47,0
DA:48,0
DA:49,0
DA:51,0
DA:52,0
DA:53,0
LF:17
LH:0
BRDA:1,0,0,0
BRF:1
BRH:0
end_of_record
TN:
SF:src/api/auth.ts
FN:45,loginApi
FN:58,refreshApi
FN:69,logoutApi
FN:79,changePasswordApi
FNF:4
FNH:2
FNDA:0,loginApi
FNDA:5,refreshApi
FNDA:1,logoutApi
FNDA:0,changePasswordApi
DA:1,1
DA:3,1
DA:4,1
DA:9,1
DA:10,1
DA:11,1
DA:12,1
DA:16,1
DA:45,0
DA:46,0
DA:47,0
DA:48,0
DA:56,1
DA:58,5
DA:59,5
DA:60,3
DA:61,3
DA:62,3
DA:63,3
DA:64,3
DA:65,3
DA:66,3
DA:67,3
DA:69,1
DA:70,1
DA:71,1
DA:72,1
DA:73,1
DA:79,0
DA:80,0
DA:81,0
DA:82,0
DA:84,0
DA:85,0
DA:86,0
DA:87,0
LF:36
LH:24
BRDA:58,0,0,5
BRDA:59,1,0,2
BRDA:59,2,0,3
BRDA:62,3,0,3
BRDA:63,4,0,3
BRDA:69,5,0,1
BRF:6
BRH:6
end_of_record
TN:
SF:src/api/client.ts
FN:22,processQueue
FN:61,Promise.then.originalRequest.headers.Authorization
FNF:2
FNH:1
FNDA:1,processQueue
FNDA:0,Promise.then.originalRequest.headers.Authorization
DA:1,1
DA:8,1
DA:10,1
DA:11,1
DA:12,1
DA:13,1
DA:16,1
DA:17,1
DA:20,1
DA:22,1
DA:23,1
DA:24,0
DA:25,0
DA:26,0
DA:27,0
DA:28,0
DA:29,1
DA:30,1
DA:31,1
DA:34,1
DA:35,4
DA:36,4
DA:37,0
DA:38,0
DA:39,4
DA:40,4
DA:43,1
DA:44,1
DA:45,1
DA:46,1
DA:47,0
DA:48,0
DA:50,1
DA:54,1
DA:55,1
DA:56,1
DA:57,1
DA:58,1
DA:59,1
DA:61,0
DA:62,0
DA:63,0
DA:64,0
DA:65,0
DA:66,0
DA:67,0
DA:68,0
DA:69,0
DA:71,1
DA:72,1
DA:74,1
DA:78,1
DA:80,1
DA:81,1
DA:82,1
DA:84,1
DA:86,1
DA:87,1
DA:88,1
DA:89,1
DA:90,1
DA:91,0
DA:92,0
DA:93,0
DA:94,1
DA:95,1
DA:96,1
DA:97,1
DA:99,0
DA:100,1
DA:101,1
DA:103,1
LF:72
LH:50
BRDA:22,0,0,1
BRDA:34,1,0,4
BRDA:36,2,0,0
BRDA:44,3,0,4
BRDA:45,4,0,1
BRDA:46,5,0,0
BRDA:59,6,0,0
BRDA:82,7,0,0
BRDA:90,8,0,0
BRDA:97,9,0,0
BRF:10
BRH:4
end_of_record
TN:
SF:src/api/dashboard.ts
FN:21,getDashboardSummary
FNF:1
FNH:1
FNDA:11,getDashboardSummary
DA:1,1
DA:21,11
DA:23,11
DA:24,11
DA:25,11
DA:26,11
DA:30,11
DA:32,11
DA:33,11
DA:34,77
DA:35,77
DA:36,77
DA:37,11
DA:38,11
DA:40,11
DA:41,11
DA:42,77
DA:43,77
DA:44,77
DA:45,11
DA:46,11
DA:51,11
DA:52,11
DA:53,11
DA:54,11
DA:55,11
DA:56,11
DA:57,11
DA:58,11
DA:59,11
DA:60,11
DA:63,11
DA:64,11
DA:65,11
DA:66,11
DA:67,55
DA:68,55
DA:69,55
DA:70,11
DA:71,11
DA:73,11
DA:74,11
DA:75,11
DA:76,11
DA:77,11
DA:78,11
DA:79,11
DA:80,11
DA:81,11
DA:82,11
DA:83,11
DA:84,11
DA:85,11
LF:53
LH:53
BRDA:21,0,0,11
BRDA:33,1,0,77
BRDA:36,2,0,77
BRDA:41,3,0,77
BRDA:42,4,0,0
BRDA:42,5,0,308
BRDA:60,6,0,11
BRDA:66,7,0,55
BRDA:67,8,0,275
BRF:9
BRH:8
end_of_record
TN:
SF:src/api/events.ts
FN:112,localFilterToUtcInstant
FN:120,getEvents
FN:123,paramsSerializer
FN:148,getEvent
FNF:4
FNH:4
FNDA:2,localFilterToUtcInstant
FNDA:12,getEvents
FNDA:5,paramsSerializer
FNDA:5,getEvent
DA:1,1
DA:112,2
DA:113,2
DA:114,2
DA:115,2
DA:116,2
DA:120,12
DA:121,12
DA:122,12
DA:123,12
DA:124,5
DA:125,5
DA:126,1
DA:127,1
DA:131,5
DA:132,1
DA:133,1
DA:134,5
DA:135,5
DA:136,5
DA:137,5
DA:138,5
DA:139,5
DA:140,5
DA:141,5
DA:142,5
DA:143,5
DA:144,12
DA:145,12
DA:146,12
DA:148,5
DA:149,5
DA:150,5
DA:151,5
LF:34
LH:34
BRDA:112,0,0,2
BRDA:114,1,0,0
BRDA:120,2,0,12
BRDA:123,3,0,5
BRDA:125,4,0,1
BRDA:125,5,0,1
BRDA:131,6,0,1
BRDA:131,7,0,1
BRDA:134,8,0,1
BRDA:135,9,0,1
BRDA:135,10,0,4
BRDA:136,11,0,1
BRDA:136,12,0,4
BRDA:137,13,0,1
BRDA:138,14,0,1
BRDA:139,15,0,1
BRDA:140,16,0,0
BRDA:140,17,0,0
BRDA:141,18,0,0
BRDA:126,19,0,1
BRDA:132,20,0,2
BRDA:148,21,0,5
BRF:22
BRH:18
end_of_record
TN:
SF:src/api/rules.ts
FN:32,getRules
FN:37,createRule
FN:42,updateRule
FN:47,deleteRule
FNF:4
FNH:2
FNDA:3,getRules
FNDA:0,createRule
FNDA:0,updateRule
FNDA:1,deleteRule
DA:1,1
DA:32,3
DA:33,3
DA:34,3
DA:35,3
DA:37,0
DA:38,0
DA:39,0
DA:40,0
DA:42,0
DA:43,0
DA:44,0
DA:45,0
DA:47,1
DA:48,1
DA:49,1
LF:16
LH:8
BRDA:32,0,0,3
BRDA:47,1,0,1
BRF:2
BRH:2
end_of_record
TN:
SF:src/components/layout/AlertsBanner.tsx
FN:12,AlertsBanner
FN:15,queryFn
FNF:2
FNH:2
FNDA:9,AlertsBanner
FNDA:5,queryFn
DA:1,1
DA:12,1
DA:13,9
DA:14,9
DA:15,9
DA:16,5
DA:17,5
DA:18,5
DA:19,9
DA:20,9
DA:21,9
DA:23,9
DA:25,4
DA:26,4
DA:27,4
DA:28,4
DA:30,9
DA:31,9
DA:33,9
DA:34,9
DA:36,9
LF:21
LH:21
BRDA:12,0,0,9
BRDA:23,1,0,4
BRDA:23,2,0,5
BRDA:23,3,0,4
BRDA:30,4,0,2
BRDA:30,5,0,2
BRDA:30,6,0,2
BRDA:30,7,0,2
BRDA:15,8,0,5
BRDA:18,9,0,5
BRF:10
BRH:10
end_of_record
TN:
SF:src/components/layout/AuthLayout.tsx
FN:1,(empty-report)
FNF:1
FNH:0
FNDA:0,(empty-report)
DA:1,0
DA:7,0
DA:8,0
DA:9,0
DA:10,0
DA:11,0
DA:13,0
LF:7
LH:0
BRDA:1,0,0,0
BRF:1
BRH:0
end_of_record
TN:
SF:src/components/layout/MainLayout.tsx
FN:1,(empty-report)
FNF:1
FNH:0
FNDA:0,(empty-report)
DA:1,0
DA:8,0
DA:10,0
DA:12,0
DA:13,0
DA:14,0
DA:15,0
DA:16,0
DA:17,0
DA:18,0
DA:19,0
DA:20,0
DA:21,0
DA:22,0
DA:23,0
DA:25,0
LF:16
LH:0
BRDA:1,0,0,0
BRF:1
BRH:0
end_of_record
TN:
SF:src/components/layout/Navbar.tsx
FN:5,Navbar
FN:10,handleLogout
FNF:2
FNH:2
FNDA:4,Navbar
FNDA:2,handleLogout
DA:1,1
DA:5,1
DA:6,4
DA:7,4
DA:8,4
DA:10,4
DA:11,2
DA:12,2
DA:13,1
DA:14,1
DA:15,2
DA:16,2
DA:18,4
DA:19,4
DA:20,4
DA:22,4
DA:23,4
DA:24,4
DA:25,2
DA:27,4
DA:28,4
DA:29,4
DA:30,4
DA:31,4
DA:33,4
DA:34,4
DA:35,4
DA:37,4
LF:28
LH:28
BRDA:5,0,0,4
BRDA:24,1,0,2
BRDA:7,2,0,16
BRDA:8,3,0,16
BRDA:10,4,0,2
BRDA:12,5,0,1
BRF:6
BRH:6
end_of_record
TN:
SF:src/components/layout/ProtectedRoute.tsx
FN:5,decodeJwtPayload
FN:13,ProtectedRoute
FNF:2
FNH:2
FNDA:1,decodeJwtPayload
FNDA:3,ProtectedRoute
DA:1,1
DA:5,1
DA:6,1
DA:7,1
DA:8,1
DA:9,0
DA:10,0
DA:11,1
DA:13,1
DA:14,3
DA:15,3
DA:16,3
DA:17,3
DA:18,3
DA:19,3
DA:21,3
DA:22,1
DA:23,0
DA:24,0
DA:25,0
DA:26,0
DA:27,0
DA:28,1
DA:29,1
DA:30,1
DA:33,3
DA:38,3
DA:39,3
DA:40,1
DA:41,1
DA:42,3
DA:45,3
DA:46,3
DA:48,1
DA:49,1
DA:51,3
DA:52,0
DA:53,0
DA:54,3
DA:56,3
DA:57,1
DA:58,1
DA:59,1
DA:60,1
DA:61,1
DA:62,1
DA:63,1
DA:65,1
DA:67,3
DA:69,1
DA:70,1
LF:51
LH:42
BRDA:5,0,0,1
BRDA:8,1,0,0
BRDA:13,2,0,3
BRDA:56,3,0,2
BRDA:56,4,0,1
BRDA:65,5,0,2
BRDA:67,6,0,1
BRDA:14,7,0,10
BRDA:15,8,0,10
BRDA:16,9,0,10
BRDA:21,10,0,1
BRDA:22,11,0,0
BRDA:38,12,0,3
BRDA:39,13,0,2
BRDA:39,14,0,2
BRDA:39,15,0,1
BRDA:45,16,0,3
BRDA:46,17,0,2
BRDA:46,18,0,2
BRDA:46,19,0,1
BRDA:51,20,0,0
BRDA:51,21,0,0
BRF:22
BRH:18
end_of_record
TN:
SF:src/components/layout/Sidebar.tsx
FN:1,(empty-report)
FNF:1
FNH:0
FNDA:0,(empty-report)
DA:1,0
DA:9,0
DA:10,0
DA:11,0
DA:12,0
DA:13,0
DA:14,0
DA:15,0
DA:16,0
DA:18,0
DA:19,0
DA:20,0
DA:21,0
DA:22,0
DA:23,0
DA:24,0
DA:25,0
DA:26,0
DA:27,0
DA:28,0
DA:29,0
DA:30,0
DA:31,0
DA:32,0
DA:33,0
DA:34,0
DA:35,0
DA:36,0
DA:37,0
DA:40,0
DA:41,0
DA:42,0
DA:43,0
DA:44,0
DA:45,0
DA:46,0
DA:47,0
DA:49,0
LF:38
LH:0
BRDA:1,0,0,0
BRF:1
BRH:0
end_of_record
TN:
SF:src/components/layout/SystemBanner.tsx
FN:19,SystemBanner
FN:22,queryFn
FNF:2
FNH:2
FNDA:7,SystemBanner
FNDA:4,queryFn
DA:1,1
DA:12,1
DA:13,1
DA:14,1
DA:15,1
DA:16,1
DA:17,1
DA:19,1
DA:20,7
DA:21,7
DA:22,7
DA:23,7
DA:24,7
DA:25,7
DA:27,7
DA:28,3
DA:29,12
DA:30,12
DA:31,9
DA:32,3
DA:33,4
DA:35,7
DA:37,3
DA:38,3
DA:39,3
DA:40,3
DA:41,3
DA:42,3
DA:43,3
DA:44,3
DA:46,3
LF:31
LH:31
BRDA:19,0,0,7
BRDA:27,1,0,3
BRDA:32,2,0,4
BRDA:35,3,0,4
BRDA:35,4,0,3
BRDA:22,5,0,4
BRDA:22,6,0,4
BRDA:28,7,0,12
BRDA:30,8,0,3
BRDA:30,9,0,9
BRF:10
BRH:10
end_of_record
TN:
SF:src/components/ui/AgentCard.tsx
FN:29,WatchPathStatusIndicator
FN:48,DiscardedEventsIndicator
FN:60,AgentCard
FN:74,handleAddPath
FN:82,handleRemovePath
FN:86,handleSavePaths
FN:91,handleCancelEdit
FN:157,onClick
FN:186,onChange
FN:187,onKeyDown
FN:235,onClick
FNF:11
FNH:3
FNDA:5,WatchPathStatusIndicator
FNDA:5,DiscardedEventsIndicator
FNDA:5,AgentCard
FNDA:0,handleAddPath
FNDA:0,handleRemovePath
FNDA:0,handleSavePaths
FNDA:0,handleCancelEdit
FNDA:0,onClick
FNDA:0,onChange
FNDA:0,onKeyDown
FNDA:0,onClick
DA:1,1
DA:15,1
DA:16,1
DA:17,1
DA:18,1
DA:19,1
DA:20,1
DA:21,1
DA:29,5
DA:30,5
DA:31,5
DA:32,0
DA:33,0
DA:34,0
DA:35,0
DA:37,0
DA:38,0
DA:40,0
DA:48,5
DA:49,5
DA:50,5
DA:51,5
DA:52,5
DA:53,5
DA:54,5
DA:55,5
DA:56,5
DA:58,5
DA:60,1
DA:61,5
DA:62,5
DA:63,5
DA:64,5
DA:65,5
DA:66,5
DA:67,5
DA:68,5
DA:69,5
DA:70,5
DA:72,5
DA:74,5
DA:75,0
DA:76,0
DA:77,0
DA:78,0
DA:79,0
DA:80,0
DA:82,5
DA:83,0
DA:84,0
DA:86,5
DA:87,0
DA:88,0
DA:89,0
DA:91,5
DA:92,0
DA:93,0
DA:94,0
DA:95,0
DA:97,5
DA:98,5
DA:100,5
DA:101,5
DA:103,5
DA:104,5
DA:105,5
DA:106,5
DA:108,5
DA:109,5
DA:110,5
DA:113,5
DA:114,5
DA:115,5
DA:116,5
DA:117,5
DA:118,5
DA:119,5
DA:120,5
DA:121,5
DA:122,5
DA:123,5
DA:124,5
DA:125,0
DA:126,5
DA:127,0
DA:128,5
DA:129,5
DA:130,5
DA:131,5
DA:132,5
DA:133,5
DA:139,5
DA:140,5
DA:141,5
DA:142,4
DA:143,4
DA:144,4
DA:146,5
DA:147,5
DA:149,5
DA:152,5
DA:153,5
DA:154,5
DA:155,5
DA:156,5
DA:157,5
DA:158,5
DA:159,5
DA:160,5
DA:161,5
DA:163,5
DA:165,5
DA:167,5
DA:168,0
DA:169,0
DA:170,0
DA:171,0
DA:172,0
DA:173,0
DA:174,0
DA:175,0
DA:176,0
DA:178,0
DA:179,0
DA:180,0
DA:181,0
DA:182,0
DA:183,0
DA:184,0
DA:185,0
DA:186,0
DA:187,0
DA:188,0
DA:189,0
DA:190,0
DA:191,0
DA:192,0
DA:193,0
DA:194,0
DA:196,0
DA:197,0
DA:198,0
DA:199,0
DA:200,0
DA:201,0
DA:202,0
DA:204,0
DA:205,0
DA:206,0
DA:207,0
DA:208,0
DA:209,0
DA:211,0
DA:212,0
DA:213,0
DA:215,5
DA:216,5
DA:217,0
DA:219,5
DA:220,5
DA:221,5
DA:222,5
DA:223,5
DA:224,5
DA:225,5
DA:226,5
DA:228,5
DA:230,5
DA:233,5
DA:234,5
DA:235,5
DA:236,5
DA:237,5
DA:238,5
DA:240,5
DA:241,5
DA:242,5
DA:243,5
DA:245,5
LF:179
LH:112
BRDA:29,0,0,5
BRDA:31,1,0,0
BRDA:48,2,0,5
BRDA:60,3,0,5
BRDA:72,4,0,0
BRDA:124,5,0,0
BRDA:126,6,0,0
BRDA:141,7,0,4
BRDA:159,8,0,0
BRDA:167,9,0,0
BRDA:216,10,0,0
BRDA:237,11,0,0
BRDA:240,12,0,0
BRDA:219,13,0,5
BRDA:223,14,0,0
BRF:15
BRH:5
end_of_record
TN:
SF:src/components/ui/BulkActionBar.tsx
FN:29,BulkActionBar
FN:43,recordResult
FN:69,handleBulkApprove
FN:71,onSuccess
FN:75,handleBulkReject
FN:77,onSuccess
FN:95,onClick
FN:102,onClick
FN:109,onClick
FN:129,onClick
FN:154,onClose
FN:172,onClick
FN:191,onClose
FN:215,onChange
FN:225,onChange
FN:232,onClick
FNF:16
FNH:10
FNDA:38,BulkActionBar
FNDA:3,recordResult
FNDA:2,handleBulkApprove
FNDA:2,onSuccess
FNDA:1,handleBulkReject
FNDA:1,onSuccess
FNDA:3,onClick
FNDA:1,onClick
FNDA:0,onClick
FNDA:1,onClick
FNDA:0,onClose
FNDA:0,onClick
FNDA:0,onClose
FNDA:0,onChange
FNDA:1,onChange
FNDA:0,onClick
DA:1,1
DA:29,1
DA:30,38
DA:31,38
DA:32,38
DA:33,38
DA:34,38
DA:36,38
DA:37,38
DA:38,54
DA:39,54
DA:40,38
DA:41,38
DA:43,38
DA:44,3
DA:45,3
DA:46,3
DA:47,3
DA:48,3
DA:49,3
DA:50,7
DA:51,7
DA:52,7
DA:53,7
DA:54,5
DA:56,3
DA:57,3
DA:58,3
DA:63,3
DA:64,2
DA:65,3
DA:66,3
DA:67,3
DA:69,38
DA:70,2
DA:71,2
DA:72,2
DA:73,2
DA:75,38
DA:76,1
DA:77,1
DA:78,1
DA:79,1
DA:81,38
DA:83,38
DA:85,18
DA:86,18
DA:88,18
DA:89,18
DA:90,18
DA:91,18
DA:92,18
DA:93,18
DA:94,18
DA:95,18
DA:96,18
DA:97,18
DA:98,18
DA:100,18
DA:101,18
DA:102,18
DA:103,18
DA:104,18
DA:105,18
DA:107,18
DA:108,18
DA:109,18
DA:110,18
DA:111,18
DA:113,18
DA:114,18
DA:115,18
DA:118,38
DA:119,7
DA:120,7
DA:121,7
DA:122,7
DA:123,7
DA:124,7
DA:125,7
DA:126,7
DA:127,7
DA:128,7
DA:129,7
DA:130,7
DA:132,7
DA:133,7
DA:134,7
DA:135,7
DA:136,1
DA:137,1
DA:138,2
DA:139,2
DA:140,2
DA:141,2
DA:142,2
DA:143,2
DA:144,2
DA:145,2
DA:146,1
DA:147,1
DA:149,7
DA:153,38
DA:154,5
DA:155,5
DA:157,5
DA:158,5
DA:159,5
DA:160,5
DA:161,5
DA:162,5
DA:163,5
DA:164,17
DA:165,5
DA:166,5
DA:167,5
DA:168,1
DA:170,5
DA:171,5
DA:172,5
DA:173,5
DA:174,5
DA:175,5
DA:177,5
DA:178,5
DA:179,5
DA:180,5
DA:181,5
DA:183,5
DA:184,5
DA:185,5
DA:186,5
DA:190,38
DA:191,2
DA:192,2
DA:194,2
DA:195,2
DA:196,2
DA:197,2
DA:198,2
DA:199,2
DA:200,2
DA:201,6
DA:202,2
DA:203,2
DA:204,2
DA:205,0
DA:207,2
DA:208,2
DA:209,2
DA:210,2
DA:211,2
DA:212,2
DA:213,2
DA:214,2
DA:215,2
DA:216,2
DA:218,2
DA:219,2
DA:220,2
DA:221,2
DA:222,2
DA:223,2
DA:224,2
DA:225,2
DA:226,2
DA:228,2
DA:229,2
DA:230,2
DA:231,2
DA:232,2
DA:233,2
DA:234,2
DA:235,2
DA:237,2
DA:238,2
DA:239,2
DA:240,2
DA:241,2
DA:243,2
DA:244,2
DA:245,2
DA:246,2
DA:248,38
DA:250,38
LF:185
LH:184
BRDA:29,0,0,38
BRDA:81,1,0,36
BRDA:83,2,0,20
BRDA:83,3,0,20
BRDA:83,4,0,18
BRDA:91,5,0,15
BRDA:91,6,0,3
BRDA:91,7,0,15
BRDA:91,8,0,3
BRDA:118,9,0,7
BRDA:132,10,0,1
BRDA:132,11,0,6
BRDA:135,12,0,1
BRDA:153,13,0,5
BRDA:160,14,0,4
BRDA:160,15,0,1
BRDA:167,16,0,1
BRDA:183,17,0,2
BRDA:183,18,0,3
BRDA:190,19,0,2
BRDA:197,20,0,0
BRDA:204,21,0,0
BRDA:243,22,0,0
BRDA:36,23,0,67
BRDA:37,24,0,54
BRDA:39,25,0,0
BRDA:43,26,0,3
BRDA:44,27,0,7
BRDA:45,28,0,5
BRDA:46,29,0,2
BRDA:49,30,0,7
BRDA:53,31,0,5
BRDA:54,32,0,0
BRDA:63,33,0,2
BRDA:64,34,0,3
BRDA:69,35,0,2
BRDA:70,36,0,4
BRDA:71,37,0,2
BRDA:75,38,0,1
BRDA:76,39,0,3
BRDA:77,40,0,1
BRDA:95,41,0,3
BRDA:102,42,0,1
BRDA:122,43,0,16
BRDA:123,44,0,16
BRDA:129,45,0,1
BRDA:129,46,0,1
BRDA:137,47,0,2
BRDA:140,48,0,0
BRDA:142,49,0,1
BRDA:142,50,0,1
BRDA:143,51,0,1
BRDA:143,52,0,1
BRDA:163,53,0,17
BRDA:200,54,0,6
BRDA:225,55,0,1
BRF:56
BRH:50
end_of_record
TN:
SF:src/components/ui/DiffViewer.tsx
FN:11,DiffViewer
FNF:1
FNH:1
FNDA:3,DiffViewer
DA:1,1
DA:5,1
DA:11,1
DA:12,3
DA:14,3
DA:15,3
DA:16,3
DA:17,1
DA:19,1
DA:21,3
DA:22,3
DA:23,3
DA:25,3
DA:26,3
DA:27,3
DA:29,3
LF:16
LH:16
BRDA:11,0,0,3
BRDA:16,1,0,1
BRF:2
BRH:2
end_of_record
TN:
SF:src/components/ui/EventTimeline.tsx
FN:14,EventTimeline
FN:70,StatusBadge
FNF:2
FNH:2
FNDA:5,EventTimeline
FNDA:5,StatusBadge
DA:1,1
DA:14,1
DA:15,5
DA:16,5
DA:17,5
DA:18,5
DA:20,5
DA:21,0
DA:22,0
DA:23,0
DA:24,0
DA:25,0
DA:26,0
DA:27,0
DA:28,0
DA:29,0
DA:30,0
DA:31,0
DA:32,0
DA:36,5
DA:37,5
DA:38,5
DA:39,5
DA:40,0
DA:41,5
DA:42,5
DA:43,0
DA:44,0
DA:45,0
DA:46,0
DA:47,0
DA:48,5
DA:49,5
DA:50,5
DA:51,5
DA:52,5
DA:53,5
DA:54,5
DA:55,5
DA:56,5
DA:57,5
DA:58,5
DA:59,0
DA:60,0
DA:61,0
DA:63,5
DA:64,5
DA:65,5
DA:66,5
DA:68,5
DA:70,5
DA:71,5
DA:72,5
DA:73,5
DA:74,5
DA:75,5
DA:76,5
DA:77,5
DA:78,5
DA:79,5
DA:80,5
DA:81,5
DA:82,5
DA:83,5
DA:84,5
DA:86,5
LF:66
LH:45
BRDA:14,0,0,5
BRDA:20,1,0,0
BRDA:39,2,0,0
BRDA:42,3,0,0
BRDA:58,4,0,0
BRDA:70,5,0,5
BRDA:80,6,0,0
BRF:7
BRH:2
end_of_record
TN:
SF:src/components/ui/EventsTable.tsx
FN:30,processContextLabel
FN:41,EventsTable
FN:45,toggleAll
FN:59,toggleRow
FN:86,ref
FN:124,onChange
FNF:6
FNH:6
FNDA:15,processContextLabel
FNDA:23,EventsTable
FNDA:1,toggleAll
FNDA:1,toggleRow
FNDA:22,ref
FNDA:1,onChange
DA:1,1
DA:15,1
DA:16,1
DA:17,1
DA:18,1
DA:19,1
DA:20,1
DA:21,1
DA:22,1
DA:23,1
DA:30,15
DA:31,15
DA:32,14
DA:33,14
DA:34,1
DA:35,1
DA:36,1
DA:37,15
DA:38,15
DA:39,15
DA:41,1
DA:42,23
DA:43,23
DA:45,23
DA:46,1
DA:48,0
DA:49,0
DA:50,0
DA:51,1
DA:53,1
DA:54,1
DA:55,1
DA:56,1
DA:57,1
DA:59,23
DA:60,1
DA:61,1
DA:62,0
DA:63,1
DA:64,1
DA:65,1
DA:66,1
DA:67,1
DA:69,23
DA:70,12
DA:71,12
DA:73,12
DA:75,12
DA:77,11
DA:78,11
DA:79,11
DA:80,11
DA:81,11
DA:82,11
DA:83,11
DA:84,11
DA:85,11
DA:86,11
DA:87,22
DA:88,22
DA:89,11
DA:90,11
DA:91,11
DA:92,11
DA:93,11
DA:94,11
DA:95,11
DA:96,11
DA:97,11
DA:98,11
DA:99,11
DA:100,11
DA:101,11
DA:102,11
DA:103,11
DA:104,15
DA:109,15
DA:110,15
DA:111,15
DA:112,15
DA:113,15
DA:114,15
DA:115,15
DA:116,15
DA:117,15
DA:118,15
DA:120,15
DA:121,15
DA:122,15
DA:123,15
DA:124,15
DA:125,15
DA:126,15
DA:127,15
DA:128,15
DA:129,15
DA:130,15
DA:135,15
DA:136,13
DA:137,13
DA:138,13
DA:140,13
DA:141,13
DA:143,2
DA:144,2
DA:145,2
DA:146,2
DA:147,2
DA:148,2
DA:149,2
DA:151,2
DA:152,2
DA:154,2
DA:156,15
DA:157,0
DA:158,0
DA:159,0
DA:160,0
DA:162,0
DA:164,15
DA:165,15
DA:166,0
DA:167,0
DA:168,0
DA:173,15
DA:174,1
DA:175,1
DA:176,1
DA:178,15
DA:179,15
DA:180,15
DA:181,15
DA:182,15
DA:183,15
DA:184,15
DA:186,15
DA:187,15
DA:188,15
DA:189,15
DA:190,15
DA:191,0
DA:192,0
DA:193,0
DA:194,0
DA:196,15
DA:197,15
DA:198,15
DA:199,15
DA:200,15
DA:201,15
DA:202,15
DA:203,15
DA:204,15
DA:205,15
DA:206,0
DA:207,0
DA:208,0
DA:209,0
DA:211,15
DA:212,15
DA:213,15
DA:214,15
DA:215,15
DA:216,15
DA:218,15
DA:219,1
DA:220,1
DA:221,1
DA:222,1
DA:223,1
DA:225,1
DA:226,1
DA:227,1
DA:229,15
DA:230,15
DA:232,11
DA:233,11
DA:234,11
DA:235,11
DA:237,11
LF:180
LH:160
BRDA:30,0,0,15
BRDA:31,1,0,14
BRDA:31,2,0,14
BRDA:31,3,0,14
BRDA:33,4,0,1
BRDA:37,5,0,0
BRDA:38,6,0,1
BRDA:38,7,0,0
BRDA:41,8,0,23
BRDA:42,9,0,11
BRDA:69,10,0,12
BRDA:75,11,0,11
BRDA:42,12,0,11
BRDA:43,13,0,15
BRDA:45,14,0,1
BRDA:46,15,0,0
BRDA:54,16,0,2
BRDA:59,17,0,1
BRDA:61,18,0,0
BRDA:86,19,0,22
BRDA:87,20,0,11
BRDA:87,21,0,0
BRDA:103,22,0,15
BRDA:116,23,0,1
BRDA:116,24,0,14
BRDA:117,25,0,0
BRDA:135,26,0,13
BRDA:141,27,0,2
BRDA:156,28,0,0
BRDA:165,29,0,0
BRDA:165,30,0,0
BRDA:173,31,0,1
BRDA:183,32,0,0
BRDA:218,33,0,1
BRDA:218,34,0,1
BRDA:124,35,0,1
BRDA:143,36,0,2
BRDA:188,37,0,15
BRDA:190,38,0,0
BRDA:203,39,0,15
BRDA:205,40,0,0
BRF:41
BRH:29
end_of_record
TN:
SF:src/components/ui/ModalDialog.tsx
FN:20,ModalDialog
FN:31,handleKeyDown
FN:70,onClick
FNF:3
FNH:1
FNDA:8,ModalDialog
FNDA:0,handleKeyDown
FNDA:0,onClick
DA:1,1
DA:12,1
DA:13,1
DA:20,1
DA:21,8
DA:24,8
DA:25,8
DA:27,8
DA:28,5
DA:29,5
DA:31,5
DA:32,0
DA:33,0
DA:34,0
DA:35,0
DA:36,0
DA:37,0
DA:39,0
DA:40,0
DA:41,0
DA:42,0
DA:43,0
DA:44,0
DA:45,0
DA:46,0
DA:47,0
DA:48,0
DA:50,0
DA:51,0
DA:52,0
DA:53,0
DA:54,0
DA:55,0
DA:56,0
DA:57,0
DA:58,0
DA:59,0
DA:61,5
DA:62,5
DA:63,5
DA:64,5
DA:65,5
DA:66,8
DA:68,8
DA:69,8
DA:70,8
DA:71,8
DA:72,8
DA:73,8
DA:74,8
DA:75,8
DA:76,8
DA:77,8
DA:79,8
DA:80,8
DA:81,8
DA:83,8
LF:57
LH:31
BRDA:20,0,0,8
BRDA:77,1,0,0
BRDA:27,2,0,5
BRDA:62,3,0,5
BRF:4
BRH:3
end_of_record
TN:
SF:src/components/ui/QueryErrorState.tsx
FN:12,QueryErrorState
FNF:1
FNH:0
FNDA:0,QueryErrorState
DA:1,1
DA:12,1
DA:13,0
DA:14,0
DA:15,0
DA:16,0
DA:17,0
DA:18,0
DA:19,0
DA:20,0
DA:21,0
DA:22,0
DA:24,0
DA:25,0
DA:27,0
LF:15
LH:2
BRF:0
BRH:0
end_of_record
TN:
SF:src/components/ui/RejectModal.tsx
FN:21,RejectModal
FN:39,onChange
FN:49,onChange
FN:64,onClick
FNF:4
FNH:1
FNDA:5,RejectModal
FNDA:0,onChange
FNDA:0,onChange
FNDA:0,onClick
DA:1,1
DA:21,1
DA:22,5
DA:24,5
DA:26,0
DA:27,0
DA:28,0
DA:29,0
DA:31,0
DA:32,0
DA:33,0
DA:34,0
DA:35,0
DA:36,0
DA:37,0
DA:38,0
DA:39,0
DA:40,0
DA:42,0
DA:43,0
DA:44,0
DA:45,0
DA:46,0
DA:47,0
DA:48,0
DA:49,0
DA:50,0
DA:52,0
DA:53,0
DA:55,0
DA:56,0
DA:57,0
DA:58,0
DA:59,0
DA:60,0
DA:62,0
DA:63,0
DA:64,0
DA:65,0
DA:66,0
DA:68,5
DA:69,5
DA:70,5
DA:71,5
DA:73,5
LF:45
LH:9
BRDA:21,0,0,5
BRDA:24,1,0,0
BRDA:68,2,0,0
BRF:3
BRH:1
end_of_record
TN:
SF:src/components/ui/RescanConfirmModal.tsx
FN:1,(empty-report)
FNF:1
FNH:0
FNDA:0,(empty-report)
DA:1,0
DA:10,0
DA:11,0
DA:12,0
DA:13,0
DA:14,0
DA:15,0
DA:16,0
DA:17,0
DA:18,0
DA:20,0
DA:22,0
DA:23,0
DA:24,0
DA:25,0
DA:26,0
DA:27,0
DA:28,0
DA:30,0
DA:31,0
DA:33,0
DA:35,0
DA:36,0
DA:37,0
DA:38,0
DA:39,0
DA:40,0
DA:41,0
DA:43,0
DA:44,0
DA:45,0
DA:46,0
DA:47,0
DA:48,0
DA:50,0
DA:51,0
DA:52,0
DA:53,0
DA:55,0
LF:39
LH:0
BRDA:1,0,0,0
BRF:1
BRH:0
end_of_record
TN:
SF:src/components/ui/RuleForm.tsx
FN:26,RuleForm
FN:40,validate
FN:49,handleSubmit
FN:70,onChange
FN:89,onChange
FN:105,onChange
FNF:6
FNH:3
FNDA:4,RuleForm
FNDA:1,validate
FNDA:1,handleSubmit
FNDA:0,onChange
FNDA:0,onChange
FNDA:0,onChange
DA:1,1
DA:12,1
DA:13,1
DA:14,1
DA:15,1
DA:16,1
DA:17,1
DA:19,1
DA:20,1
DA:21,1
DA:22,1
DA:23,1
DA:24,1
DA:26,1
DA:27,4
DA:28,4
DA:29,4
DA:30,4
DA:32,4
DA:33,3
DA:34,1
DA:35,1
DA:36,1
DA:37,1
DA:38,4
DA:40,4
DA:41,1
DA:42,1
DA:43,1
DA:44,1
DA:45,0
DA:46,0
DA:47,1
DA:49,4
DA:50,1
DA:51,1
DA:52,0
DA:53,1
DA:55,4
DA:56,4
DA:57,4
DA:58,4
DA:60,4
DA:61,4
DA:62,4
DA:63,4
DA:64,4
DA:65,4
DA:66,4
DA:67,4
DA:68,4
DA:69,4
DA:70,4
DA:71,0
DA:72,0
DA:73,0
DA:74,4
DA:75,4
DA:76,4
DA:77,4
DA:78,4
DA:79,4
DA:80,1
DA:82,4
DA:84,4
DA:85,4
DA:86,4
DA:87,4
DA:88,4
DA:89,4
DA:90,4
DA:92,4
DA:93,16
DA:94,16
DA:95,16
DA:96,4
DA:97,4
DA:98,4
DA:100,4
DA:101,4
DA:102,4
DA:103,4
DA:104,4
DA:105,4
DA:106,4
DA:108,4
DA:109,16
DA:110,16
DA:111,16
DA:112,4
DA:113,4
DA:114,4
DA:116,4
DA:117,4
DA:118,4
DA:119,4
DA:120,4
DA:121,4
DA:122,4
DA:124,4
DA:125,4
DA:126,4
DA:127,4
DA:128,4
DA:130,4
DA:131,4
DA:132,4
DA:133,4
DA:135,4
LF:109
LH:103
BRDA:26,0,0,4
BRDA:27,1,0,1
BRDA:27,2,0,3
BRDA:28,3,0,1
BRDA:28,4,0,3
BRDA:29,5,0,1
BRDA:29,6,0,3
BRDA:75,7,0,1
BRDA:75,8,0,3
BRDA:76,9,0,1
BRDA:76,10,0,3
BRDA:77,11,0,1
BRDA:77,12,0,3
BRDA:79,13,0,1
BRDA:130,14,0,0
BRDA:130,15,0,1
BRDA:130,16,0,3
BRDA:32,17,0,3
BRDA:33,18,0,1
BRDA:40,19,0,1
BRDA:44,20,0,0
BRDA:49,21,0,1
BRDA:51,22,0,0
BRDA:92,23,0,16
BRDA:108,24,0,16
BRF:25
BRH:22
end_of_record
TN:
SF:src/hooks/useAgents.ts
FN:1,(empty-report)
FNF:1
FNH:0
FNDA:0,(empty-report)
DA:1,0
DA:6,0
DA:8,0
DA:9,0
DA:10,0
DA:11,0
DA:12,0
DA:13,0
DA:15,0
DA:16,0
DA:17,0
DA:18,0
DA:19,0
DA:20,0
DA:21,0
DA:23,0
DA:24,0
DA:25,0
DA:26,0
DA:27,0
DA:28,0
DA:29,0
DA:30,0
DA:31,0
DA:32,0
DA:33,0
DA:46,0
DA:47,0
DA:48,0
DA:49,0
DA:50,0
DA:51,0
DA:52,0
DA:53,0
DA:54,0
DA:55,0
DA:56,0
DA:57,0
DA:58,0
DA:59,0
DA:60,0
DA:61,0
DA:62,0
DA:63,0
DA:64,0
DA:65,0
DA:66,0
LF:47
LH:0
BRDA:1,0,0,0
BRF:1
BRH:0
end_of_record
TN:
SF:src/hooks/useAlerts.ts
FN:1,(empty-report)
FNF:1
FNH:0
FNDA:0,(empty-report)
DA:1,0
DA:5,0
DA:6,0
DA:7,0
DA:8,0
DA:9,0
DA:10,0
DA:11,0
DA:13,0
DA:14,0
DA:15,0
DA:16,0
DA:17,0
DA:18,0
DA:20,0
DA:21,0
DA:22,0
DA:23,0
DA:24,0
DA:25,0
DA:26,0
DA:27,0
DA:28,0
DA:29,0
DA:31,0
DA:32,0
DA:33,0
DA:34,0
DA:35,0
DA:36,0
DA:37,0
DA:38,0
DA:39,0
DA:40,0
LF:34
LH:0
BRDA:1,0,0,0
BRF:1
BRH:0
end_of_record
TN:
SF:src/hooks/useAlertsSSE.ts
FN:14,useAlertsSSE
FN:45,es.onerror
FNF:2
FNH:2
FNDA:4,useAlertsSSE
FNDA:1,es.onerror
DA:1,1
DA:14,1
DA:15,4
DA:16,4
DA:18,4
DA:19,4
DA:21,2
DA:22,4
DA:23,4
DA:25,4
DA:26,1
DA:27,1
DA:32,1
DA:33,1
DA:34,1
DA:35,1
DA:37,0
DA:40,1
DA:41,1
DA:42,1
DA:43,4
DA:45,4
DA:56,1
DA:57,1
DA:58,1
DA:59,1
DA:60,1
DA:61,1
DA:62,1
DA:63,1
DA:65,4
DA:66,2
DA:67,2
DA:68,4
DA:69,4
LF:35
LH:34
BRDA:14,0,0,4
BRDA:15,1,0,14
BRDA:18,2,0,4
BRDA:19,3,0,2
BRDA:25,4,0,1
BRDA:32,5,0,0
BRDA:33,6,0,0
BRDA:35,7,0,0
BRDA:45,8,0,1
BRDA:65,9,0,2
BRF:10
BRH:7
end_of_record
TN:
SF:src/hooks/useDashboard.ts
FN:4,useDashboard
FNF:1
FNH:1
FNDA:22,useDashboard
DA:1,1
DA:4,1
DA:5,22
DA:6,22
DA:7,22
DA:8,22
DA:9,22
DA:10,22
LF:8
LH:8
BRDA:4,0,0,22
BRF:1
BRH:1
end_of_record
TN:
SF:src/hooks/useEvent.ts
FN:4,useEvent
FN:7,queryFn
FN:9,retry
FNF:3
FNH:2
FNDA:10,useEvent
FNDA:5,queryFn
FNDA:0,retry
DA:1,1
DA:4,1
DA:5,10
DA:6,10
DA:7,10
DA:8,10
DA:9,10
DA:11,0
DA:12,0
DA:13,0
DA:14,0
DA:15,10
DA:16,10
LF:13
LH:9
BRDA:4,0,0,10
BRDA:7,1,0,5
BRF:2
BRH:2
end_of_record
TN:
SF:src/hooks/useEventActions.ts
FN:22,bulkActionErrorMessage
FN:35,useEventActions
FN:39,invalidateEvent
FN:46,handleActionError
FN:65,mutationFn
FN:67,onSuccess
FN:75,mutationFn
FN:77,onSuccess
FN:84,mutationFn
FN:85,onError
FN:89,onSuccess
FN:102,mutationFn
FN:103,onError
FN:107,onSuccess
FN:125,clearAbsentConfirmation
FNF:15
FNH:5
FNDA:0,bulkActionErrorMessage
FNDA:48,useEventActions
FNDA:0,invalidateEvent
FNDA:0,handleActionError
FNDA:0,mutationFn
FNDA:0,onSuccess
FNDA:0,mutationFn
FNDA:0,onSuccess
FNDA:2,mutationFn
FNDA:0,onError
FNDA:2,onSuccess
FNDA:1,mutationFn
FNDA:0,onError
FNDA:1,onSuccess
FNDA:0,clearAbsentConfirmation
DA:1,1
DA:22,0
DA:23,0
DA:24,0
DA:25,0
DA:26,0
DA:27,0
DA:28,0
DA:35,1
DA:36,48
DA:37,48
DA:39,48
DA:40,0
DA:41,0
DA:42,0
DA:43,0
DA:44,0
DA:46,48
DA:47,0
DA:48,0
DA:49,0
DA:50,0
DA:51,0
DA:52,0
DA:53,0
DA:54,0
DA:55,0
DA:56,0
DA:57,0
DA:58,0
DA:59,0
DA:60,0
DA:61,0
DA:62,0
DA:64,48
DA:65,48
DA:66,48
DA:67,48
DA:68,0
DA:69,0
DA:70,0
DA:71,0
DA:72,48
DA:74,48
DA:75,48
DA:76,48
DA:77,48
DA:78,0
DA:79,0
DA:80,0
DA:81,48
DA:83,48
DA:84,48
DA:85,48
DA:86,0
DA:87,0
DA:88,0
DA:89,48
DA:90,2
DA:91,2
DA:92,2
DA:93,0
DA:94,2
DA:95,2
DA:96,2
DA:97,2
DA:98,2
DA:99,48
DA:101,48
DA:102,48
DA:103,48
DA:104,0
DA:105,0
DA:106,0
DA:107,48
DA:108,1
DA:109,1
DA:110,1
DA:111,1
DA:112,1
DA:113,0
DA:114,0
DA:115,1
DA:116,1
DA:117,48
DA:119,48
DA:120,48
DA:121,48
DA:122,48
DA:123,48
DA:124,48
DA:125,48
DA:126,48
DA:127,48
LF:94
LH:50
BRDA:35,0,0,48
BRDA:84,1,0,2
BRDA:89,2,0,2
BRDA:92,3,0,0
BRDA:95,4,0,0
BRDA:95,5,0,0
BRDA:102,6,0,1
BRDA:107,7,0,1
BRDA:111,8,0,0
BRDA:111,9,0,0
BRDA:112,10,0,0
BRF:11
BRH:5
end_of_record
TN:
SF:src/hooks/useEvents.ts
FN:4,useEvents
FN:7,queryFn
FN:8,placeholderData
FNF:3
FNH:3
FNDA:20,useEvents
FNDA:7,queryFn
FNDA:40,placeholderData
DA:1,1
DA:4,1
DA:5,20
DA:6,20
DA:7,20
DA:8,20
DA:9,20
DA:10,20
LF:8
LH:8
BRDA:4,0,0,20
BRDA:7,1,0,7
BRDA:8,2,0,40
BRF:3
BRH:3
end_of_record
TN:
SF:src/hooks/useRules.ts
FN:7,useRules
FN:14,useCreateRule
FN:17,mutationFn
FN:18,onSuccess
FN:24,useUpdateRule
FN:27,mutationFn
FN:29,onSuccess
FN:35,useDeleteRule
FN:38,mutationFn
FN:39,onSuccess
FNF:10
FNH:6
FNDA:8,useRules
FNDA:8,useCreateRule
FNDA:0,mutationFn
FNDA:0,onSuccess
FNDA:8,useUpdateRule
FNDA:0,mutationFn
FNDA:0,onSuccess
FNDA:8,useDeleteRule
FNDA:1,mutationFn
FNDA:1,onSuccess
DA:1,1
DA:5,1
DA:7,1
DA:8,8
DA:9,8
DA:10,8
DA:11,8
DA:12,8
DA:14,1
DA:15,8
DA:16,8
DA:17,8
DA:18,8
DA:19,0
DA:20,0
DA:21,8
DA:22,8
DA:24,1
DA:25,8
DA:26,8
DA:27,8
DA:28,0
DA:29,8
DA:30,0
DA:31,0
DA:32,8
DA:33,8
DA:35,1
DA:36,8
DA:37,8
DA:38,8
DA:39,8
DA:40,1
DA:41,1
DA:42,8
DA:43,8
LF:36
LH:31
BRDA:7,0,0,8
BRDA:14,1,0,8
BRDA:24,2,0,8
BRDA:35,3,0,8
BRDA:38,4,0,1
BRDA:39,5,0,1
BRF:6
BRH:6
end_of_record
TN:
SF:src/pages/Agents.tsx
FN:1,(empty-report)
FNF:1
FNH:0
FNDA:0,(empty-report)
DA:1,0
DA:9,0
DA:10,0
DA:11,0
DA:12,0
DA:15,0
DA:18,0
DA:21,0
DA:22,0
DA:24,0
DA:25,0
DA:26,0
DA:27,0
DA:28,0
DA:29,0
DA:30,0
DA:31,0
DA:32,0
DA:33,0
DA:35,0
DA:36,0
DA:37,0
DA:38,0
DA:39,0
DA:40,0
DA:41,0
DA:42,0
DA:43,0
DA:44,0
DA:45,0
DA:46,0
DA:47,0
DA:48,0
DA:50,0
DA:51,0
DA:52,0
DA:53,0
DA:54,0
DA:55,0
DA:56,0
DA:57,0
DA:58,0
DA:59,0
DA:60,0
DA:61,0
DA:62,0
DA:63,0
DA:64,0
DA:65,0
DA:66,0
DA:67,0
DA:68,0
DA:69,0
DA:70,0
DA:71,0
DA:72,0
DA:74,0
DA:75,0
DA:76,0
DA:77,0
DA:78,0
DA:79,0
DA:80,0
DA:81,0
DA:82,0
DA:83,0
DA:84,0
DA:85,0
DA:86,0
DA:87,0
DA:88,0
DA:89,0
DA:90,0
DA:91,0
DA:92,0
DA:94,0
DA:95,0
DA:97,0
DA:98,0
DA:99,0
DA:100,0
DA:101,0
DA:102,0
DA:104,0
DA:107,0
DA:108,0
DA:109,0
DA:110,0
DA:111,0
DA:112,0
DA:113,0
DA:117,0
DA:118,0
DA:119,0
DA:120,0
DA:121,0
DA:122,0
DA:123,0
DA:124,0
DA:126,0
DA:127,0
DA:128,0
DA:129,0
DA:130,0
DA:131,0
DA:132,0
DA:133,0
DA:134,0
DA:135,0
DA:136,0
DA:137,0
DA:139,0
DA:141,0
LF:113
LH:0
BRDA:1,0,0,0
BRF:1
BRH:0
end_of_record
TN:
SF:src/pages/Alerts.tsx
FN:1,(empty-report)
FNF:1
FNH:0
FNDA:0,(empty-report)
DA:1,0
DA:10,0
DA:11,0
DA:12,0
DA:13,0
DA:14,0
DA:15,0
DA:16,0
DA:17,0
DA:19,0
DA:20,0
DA:21,0
DA:22,0
DA:23,0
DA:24,0
DA:25,0
DA:29,0
DA:30,0
DA:31,0
DA:32,0
DA:33,0
DA:37,0
DA:38,0
DA:40,0
DA:41,0
DA:42,0
DA:44,0
DA:46,0
DA:47,0
DA:48,0
DA:49,0
DA:51,0
DA:52,0
DA:53,0
DA:55,0
DA:56,0
DA:57,0
DA:58,0
DA:60,0
DA:61,0
DA:63,0
DA:64,0
DA:65,0
DA:66,0
DA:68,0
DA:71,0
DA:72,0
DA:73,0
DA:74,0
DA:75,0
DA:76,0
DA:77,0
DA:79,0
DA:81,0
DA:82,0
DA:83,0
DA:84,0
DA:85,0
DA:86,0
DA:87,0
DA:88,0
DA:90,0
DA:91,0
DA:92,0
DA:93,0
DA:94,0
DA:95,0
DA:97,0
DA:99,0
DA:100,0
DA:101,0
DA:102,0
DA:103,0
DA:104,0
DA:105,0
DA:106,0
DA:107,0
DA:110,0
DA:111,0
DA:112,0
DA:113,0
DA:114,0
DA:115,0
DA:116,0
DA:117,0
DA:119,0
DA:120,0
DA:121,0
DA:122,0
DA:123,0
DA:124,0
DA:125,0
DA:126,0
DA:127,0
DA:128,0
DA:129,0
DA:130,0
DA:131,0
DA:132,0
DA:133,0
DA:134,0
DA:135,0
DA:136,0
DA:137,0
DA:138,0
DA:139,0
DA:140,0
DA:141,0
DA:142,0
DA:143,0
DA:144,0
DA:145,0
DA:146,0
DA:147,0
DA:148,0
DA:149,0
DA:150,0
DA:154,0
DA:155,0
DA:156,0
DA:157,0
DA:158,0
DA:159,0
DA:160,0
DA:161,0
DA:162,0
DA:163,0
DA:164,0
DA:166,0
DA:167,0
DA:168,0
DA:169,0
DA:170,0
DA:171,0
DA:172,0
DA:173,0
DA:174,0
DA:176,0
DA:177,0
DA:178,0
DA:180,0
DA:182,0
LF:142
LH:0
BRDA:1,0,0,0
BRF:1
BRH:0
end_of_record
TN:
SF:src/pages/Dashboard.tsx
FN:44,StatCard
FN:97,Dashboard
FN:119,onRetry
FNF:3
FNH:2
FNDA:154,StatCard
FNDA:22,Dashboard
FNDA:0,onRetry
DA:1,1
DA:16,1
DA:17,1
DA:18,1
DA:19,1
DA:20,1
DA:21,1
DA:22,1
DA:23,1
DA:24,1
DA:26,1
DA:27,1
DA:28,1
DA:29,1
DA:30,1
DA:31,1
DA:32,1
DA:34,1
DA:35,1
DA:36,1
DA:37,1
DA:38,1
DA:39,1
DA:40,1
DA:44,154
DA:45,154
DA:46,154
DA:47,154
DA:48,154
DA:49,154
DA:50,154
DA:58,154
DA:59,154
DA:60,154
DA:61,154
DA:63,154
DA:64,154
DA:65,154
DA:66,154
DA:67,154
DA:68,154
DA:69,154
DA:72,154
DA:73,99
DA:74,99
DA:75,99
DA:76,99
DA:78,99
DA:80,55
DA:81,55
DA:85,1
DA:86,1
DA:87,1
DA:88,1
DA:89,1
DA:90,1
DA:91,1
DA:92,1
DA:93,1
DA:95,1
DA:97,1
DA:98,22
DA:102,22
DA:104,22
DA:105,22
DA:107,22
DA:108,22
DA:109,22
DA:110,11
DA:111,11
DA:112,11
DA:114,22
DA:116,22
DA:117,11
DA:118,11
DA:119,0
DA:121,11
DA:123,11
DA:124,11
DA:126,11
DA:127,11
DA:128,11
DA:129,11
DA:130,11
DA:131,11
DA:132,11
DA:133,11
DA:134,11
DA:135,11
DA:136,11
DA:137,11
DA:138,11
DA:139,11
DA:140,11
DA:141,11
DA:142,11
DA:145,11
DA:146,11
DA:148,11
DA:149,11
DA:150,11
DA:151,77
DA:152,77
DA:153,77
DA:154,77
DA:155,77
DA:159,77
DA:160,77
DA:161,11
DA:162,66
DA:164,77
DA:165,11
DA:166,11
DA:167,11
DA:170,11
DA:171,11
DA:173,11
DA:174,11
DA:175,11
DA:176,55
DA:177,55
DA:178,55
DA:179,55
DA:180,55
DA:181,55
DA:182,11
DA:183,11
DA:184,11
DA:187,11
DA:188,11
DA:190,11
DA:191,11
DA:192,11
DA:193,11
DA:194,44
DA:195,44
DA:196,44
DA:198,44
DA:199,44
DA:200,44
DA:201,44
DA:202,44
DA:203,44
DA:204,44
DA:205,44
DA:206,44
DA:207,44
DA:208,44
DA:210,44
DA:211,44
DA:212,44
DA:213,44
DA:214,11
DA:215,11
DA:216,11
DA:217,11
DA:219,22
DA:221,22
LF:158
LH:157
BRDA:44,0,0,154
BRDA:60,1,0,2
BRDA:60,2,0,152
BRDA:65,3,0,0
BRDA:68,4,0,2
BRDA:68,5,0,152
BRDA:72,6,0,99
BRDA:78,7,0,55
BRDA:97,8,0,22
BRDA:102,9,0,11
BRDA:102,10,0,11
BRDA:109,11,0,11
BRDA:116,12,0,11
BRDA:117,13,0,11
BRDA:118,14,0,0
BRDA:130,15,0,0
BRDA:136,16,0,0
BRDA:138,17,0,0
BRDA:150,18,0,77
BRDA:154,19,0,0
BRDA:160,20,0,11
BRDA:161,21,0,66
BRDA:175,22,0,55
BRDA:179,23,0,0
BRDA:193,24,0,44
BRDA:200,25,0,42
BRDA:200,26,0,2
BRDA:207,27,0,42
BRDA:207,28,0,2
BRF:29
BRH:22
end_of_record
TN:
SF:src/pages/EventDetail.tsx
FN:16,EventDetail
FN:61,handleApprove
FN:70,handleRejectConfirm
FN:165,onClick
FN:261,onClick
FN:272,onClose
FN:280,StatusBadge
FN:300,SymlinkBadge
FN:313,ActionFailedBadge
FN:326,AckStatusBadge
FN:339,ActionErrorNote
FN:349,FieldCard
FNF:12
FNH:7
FNDA:10,EventDetail
FNDA:0,handleApprove
FNDA:0,handleRejectConfirm
FNDA:0,onClick
FNDA:0,onClick
FNDA:0,onClose
FNDA:5,StatusBadge
FNDA:5,SymlinkBadge
FNDA:5,ActionFailedBadge
FNDA:5,AckStatusBadge
FNDA:5,ActionErrorNote
FNDA:20,FieldCard
DA:1,1
DA:16,1
DA:17,10
DA:18,10
DA:19,10
DA:21,10
DA:22,10
DA:23,10
DA:24,10
DA:25,10
DA:26,10
DA:27,10
DA:29,10
DA:32,10
DA:33,10
DA:34,0
DA:36,10
DA:37,0
DA:38,0
DA:39,0
DA:40,0
DA:41,0
DA:42,0
DA:43,0
DA:45,0
DA:46,0
DA:48,0
DA:50,10
DA:51,5
DA:52,5
DA:54,5
DA:56,5
DA:58,5
DA:59,10
DA:61,10
DA:62,0
DA:63,0
DA:64,0
DA:65,0
DA:66,0
DA:67,0
DA:68,0
DA:70,10
DA:71,0
DA:72,0
DA:73,0
DA:74,0
DA:75,0
DA:76,0
DA:78,10
DA:79,10
DA:81,10
DA:82,10
DA:83,10
DA:84,10
DA:86,10
DA:87,10
DA:88,10
DA:89,10
DA:94,10
DA:95,3
DA:96,3
DA:97,3
DA:99,2
DA:100,2
DA:101,2
DA:102,2
DA:103,2
DA:104,2
DA:105,2
DA:106,2
DA:108,10
DA:109,10
DA:110,10
DA:111,10
DA:112,10
DA:113,10
DA:114,10
DA:115,10
DA:118,10
DA:119,0
DA:120,0
DA:121,0
DA:122,0
DA:123,0
DA:131,10
DA:134,10
DA:135,5
DA:136,5
DA:137,0
DA:138,0
DA:140,0
DA:141,0
DA:142,0
DA:143,0
DA:144,0
DA:145,0
DA:147,0
DA:148,0
DA:149,0
DA:150,0
DA:151,0
DA:153,0
DA:154,0
DA:156,5
DA:157,5
DA:158,5
DA:159,5
DA:160,5
DA:162,5
DA:163,5
DA:164,5
DA:165,5
DA:166,5
DA:167,5
DA:168,5
DA:170,5
DA:171,5
DA:173,5
DA:177,10
DA:178,10
DA:179,10
DA:180,5
DA:181,5
DA:182,5
DA:184,0
DA:186,0
DA:188,10
DA:190,10
DA:191,10
DA:192,10
DA:194,10
DA:195,10
DA:196,10
DA:198,10
DA:199,10
DA:200,10
DA:202,10
DA:203,0
DA:204,0
DA:205,0
DA:208,10
DA:209,0
DA:210,0
DA:211,0
DA:213,10
DA:216,10
DA:217,0
DA:218,0
DA:219,0
DA:220,0
DA:221,0
DA:222,0
DA:223,0
DA:224,0
DA:226,0
DA:227,0
DA:228,0
DA:229,0
DA:230,0
DA:232,0
DA:233,0
DA:234,0
DA:235,0
DA:236,0
DA:238,0
DA:239,0
DA:242,10
DA:243,10
DA:244,10
DA:245,1
DA:247,4
DA:249,4
DA:251,10
DA:254,10
DA:255,10
DA:256,10
DA:259,10
DA:260,10
DA:261,10
DA:262,10
DA:263,10
DA:265,10
DA:266,10
DA:269,10
DA:270,10
DA:271,10
DA:272,10
DA:273,10
DA:274,10
DA:275,10
DA:276,10
DA:278,10
DA:280,5
DA:281,5
DA:282,5
DA:283,5
DA:284,5
DA:285,5
DA:286,5
DA:287,5
DA:288,5
DA:289,5
DA:290,5
DA:291,5
DA:292,5
DA:293,5
DA:294,5
DA:296,5
DA:300,5
DA:301,5
DA:302,0
DA:303,0
DA:305,0
DA:307,0
DA:313,5
DA:314,5
DA:315,5
DA:316,0
DA:317,0
DA:318,0
DA:319,0
DA:321,0
DA:326,5
DA:327,5
DA:328,5
DA:329,0
DA:330,0
DA:331,0
DA:332,0
DA:334,0
DA:339,5
DA:340,5
DA:341,5
DA:342,0
DA:343,0
DA:344,0
DA:345,0
DA:347,0
DA:349,20
DA:350,20
DA:351,20
DA:352,20
DA:353,20
DA:354,20
DA:356,20
LF:246
LH:155
BRDA:16,0,0,10
BRDA:18,1,0,0
BRDA:27,2,0,0
BRDA:33,3,0,0
BRDA:36,4,0,0
BRDA:50,5,0,5
BRDA:50,6,0,5
BRDA:59,7,0,0
BRDA:94,8,0,3
BRDA:97,9,0,2
BRDA:118,10,0,0
BRDA:134,11,0,5
BRDA:136,12,0,0
BRDA:162,13,0,0
BRDA:179,14,0,5
BRDA:182,15,0,0
BRDA:202,16,0,0
BRDA:208,17,0,0
BRDA:216,18,0,5
BRDA:216,19,0,5
BRDA:216,20,0,0
BRDA:244,21,0,1
BRDA:245,22,0,4
BRDA:280,23,0,5
BRDA:290,24,0,0
BRDA:300,25,0,5
BRDA:301,26,0,0
BRDA:313,27,0,5
BRDA:315,28,0,0
BRDA:326,29,0,5
BRDA:328,30,0,0
BRDA:339,31,0,5
BRDA:341,32,0,0
BRDA:349,33,0,20
BRF:34
BRH:17
end_of_record
TN:
SF:src/pages/Events.tsx
FN:23,Events
FN:39,updateFilter
FN:44,handlePathChange
FN:52,handleStatusToggle
FN:60,handleSeverityToggle
FN:68,handlePageChange
FN:100,onChange
FN:111,onChange
FN:129,onChange
FN:145,onChange
FN:157,onChange
FN:168,onChange
FN:179,onChange
FN:200,onRetry
FN:217,onClick
FN:227,onClick
FNF:16
FNH:5
FNDA:20,Events
FNDA:3,updateFilter
FNDA:0,handlePathChange
FNDA:0,handleStatusToggle
FNDA:2,handleSeverityToggle
FNDA:0,handlePageChange
FNDA:0,onChange
FNDA:0,onChange
FNDA:2,onChange
FNDA:0,onChange
FNDA:0,onChange
FNDA:0,onChange
FNDA:1,onChange
FNDA:0,onRetry
FNDA:0,onClick
FNDA:0,onClick
DA:1,1
DA:10,1
DA:11,1
DA:12,1
DA:13,1
DA:14,1
DA:15,1
DA:16,1
DA:17,1
DA:21,1
DA:23,1
DA:24,20
DA:25,20
DA:26,20
DA:29,20
DA:30,7
DA:31,20
DA:33,20
DA:36,20
DA:37,20
DA:39,20
DA:40,3
DA:41,3
DA:42,3
DA:44,20
DA:45,0
DA:46,0
DA:47,0
DA:48,0
DA:49,0
DA:50,0
DA:52,20
DA:53,0
DA:54,0
DA:55,0
DA:56,0
DA:57,0
DA:58,0
DA:60,20
DA:61,2
DA:62,2
DA:63,1
DA:64,1
DA:65,2
DA:66,2
DA:68,20
DA:69,0
DA:70,0
DA:71,0
DA:73,20
DA:74,20
DA:75,20
DA:76,20
DA:77,20
DA:79,20
DA:80,20
DA:82,20
DA:83,20
DA:84,20
DA:85,6
DA:87,20
DA:90,20
DA:92,20
DA:93,20
DA:94,20
DA:95,20
DA:96,120
DA:97,120
DA:98,120
DA:99,120
DA:100,120
DA:101,120
DA:102,120
DA:103,120
DA:104,120
DA:105,20
DA:106,20
DA:107,5
DA:108,5
DA:109,5
DA:110,5
DA:111,5
DA:112,5
DA:113,5
DA:114,5
DA:115,5
DA:117,20
DA:118,20
DA:121,20
DA:122,20
DA:123,20
DA:124,20
DA:125,80
DA:126,80
DA:127,80
DA:128,80
DA:129,80
DA:130,80
DA:131,80
DA:132,80
DA:133,80
DA:134,20
DA:135,20
DA:136,20
DA:138,20
DA:140,20
DA:141,20
DA:142,20
DA:143,20
DA:144,20
DA:145,20
DA:146,20
DA:147,20
DA:148,20
DA:149,20
DA:152,20
DA:153,20
DA:154,20
DA:155,20
DA:156,20
DA:157,20
DA:158,20
DA:159,20
DA:160,20
DA:163,20
DA:164,20
DA:165,20
DA:166,20
DA:167,20
DA:168,20
DA:169,20
DA:170,20
DA:171,20
DA:172,20
DA:175,20
DA:176,20
DA:177,20
DA:178,20
DA:179,20
DA:180,1
DA:182,20
DA:183,20
DA:185,20
DA:186,20
DA:189,20
DA:190,20
DA:191,20
DA:192,20
DA:193,20
DA:194,20
DA:197,20
DA:198,8
DA:199,12
DA:200,0
DA:202,12
DA:203,12
DA:204,12
DA:205,12
DA:206,12
DA:210,20
DA:211,0
DA:212,0
DA:213,0
DA:214,0
DA:215,0
DA:216,0
DA:217,0
DA:218,0
DA:219,0
DA:220,0
DA:222,0
DA:223,0
DA:224,0
DA:225,0
DA:226,0
DA:227,0
DA:228,0
DA:229,0
DA:230,0
DA:232,0
DA:233,0
DA:234,0
DA:236,20
DA:238,20
LF:184
LH:146
BRDA:23,0,0,20
BRDA:73,1,0,12
BRDA:73,2,0,8
BRDA:74,3,0,0
BRDA:75,4,0,0
BRDA:84,5,0,14
BRDA:84,6,0,6
BRDA:106,7,0,5
BRDA:191,8,0,12
BRDA:191,9,0,8
BRDA:197,10,0,8
BRDA:198,11,0,12
BRDA:199,12,0,0
BRDA:203,13,0,0
BRDA:210,14,0,12
BRDA:210,15,0,0
BRDA:29,16,0,7
BRDA:39,17,0,3
BRDA:60,18,0,2
BRDA:61,19,0,1
BRDA:62,20,0,1
BRDA:63,21,0,1
BRDA:65,22,0,1
BRDA:65,23,0,1
BRDA:63,24,0,1
BRDA:95,25,0,120
BRDA:124,26,0,80
BRDA:128,27,0,56
BRDA:129,28,0,2
BRDA:179,29,0,1
BRDA:180,30,0,0
BRF:31
BRH:25
end_of_record
TN:
SF:src/pages/FailedAlerts.tsx
FN:1,(empty-report)
FNF:1
FNH:0
FNDA:0,(empty-report)
DA:1,0
DA:12,0
DA:13,0
DA:14,0
DA:15,0
DA:17,0
DA:18,0
DA:19,0
DA:21,0
DA:22,0
DA:23,0
DA:24,0
DA:25,0
DA:26,0
DA:27,0
DA:28,0
DA:29,0
DA:30,0
DA:31,0
DA:33,0
DA:34,0
DA:35,0
DA:36,0
DA:37,0
DA:38,0
DA:39,0
DA:41,0
DA:42,0
DA:43,0
DA:44,0
DA:45,0
DA:46,0
DA:47,0
DA:48,0
DA:49,0
DA:50,0
DA:51,0
DA:52,0
DA:53,0
DA:54,0
DA:55,0
DA:56,0
DA:57,0
DA:58,0
DA:60,0
DA:61,0
DA:62,0
DA:63,0
DA:64,0
DA:65,0
DA:66,0
DA:67,0
DA:68,0
DA:69,0
DA:70,0
DA:71,0
DA:72,0
DA:73,0
DA:74,0
DA:75,0
DA:76,0
DA:77,0
DA:78,0
DA:80,0
DA:81,0
DA:82,0
DA:83,0
DA:84,0
DA:85,0
DA:86,0
DA:87,0
DA:88,0
DA:89,0
DA:90,0
DA:91,0
DA:92,0
DA:93,0
DA:94,0
DA:95,0
DA:96,0
DA:97,0
DA:98,0
DA:99,0
DA:101,0
DA:103,0
DA:104,0
DA:106,0
DA:107,0
DA:108,0
DA:109,0
DA:110,0
DA:111,0
DA:113,0
DA:116,0
DA:117,0
DA:118,0
DA:119,0
DA:120,0
DA:121,0
DA:122,0
DA:123,0
DA:124,0
DA:126,0
DA:127,0
DA:128,0
DA:129,0
DA:130,0
DA:131,0
DA:133,0
DA:134,0
DA:138,0
DA:139,0
DA:140,0
DA:141,0
DA:142,0
DA:143,0
DA:144,0
DA:145,0
DA:147,0
DA:148,0
DA:149,0
DA:150,0
DA:151,0
DA:152,0
DA:153,0
DA:154,0
DA:155,0
DA:156,0
DA:157,0
DA:158,0
DA:159,0
DA:160,0
DA:161,0
DA:162,0
DA:163,0
DA:164,0
DA:165,0
DA:166,0
DA:167,0
DA:168,0
DA:169,0
DA:170,0
DA:172,0
DA:173,0
DA:174,0
DA:175,0
DA:176,0
DA:177,0
DA:178,0
DA:179,0
DA:180,0
DA:181,0
DA:182,0
DA:183,0
DA:184,0
DA:185,0
DA:186,0
DA:187,0
DA:188,0
DA:189,0
DA:190,0
DA:191,0
DA:192,0
DA:193,0
DA:194,0
DA:195,0
DA:196,0
DA:198,0
DA:199,0
DA:200,0
DA:201,0
DA:202,0
DA:204,0
DA:205,0
DA:207,0
DA:208,0
DA:209,0
DA:210,0
DA:211,0
DA:212,0
DA:214,0
DA:215,0
DA:216,0
DA:217,0
DA:218,0
DA:220,0
DA:221,0
DA:223,0
DA:224,0
DA:225,0
DA:226,0
DA:227,0
DA:228,0
DA:230,0
DA:232,0
LF:195
LH:0
BRDA:1,0,0,0
BRF:1
BRH:0
end_of_record
TN:
SF:src/pages/ForcePasswordChange.tsx
FN:1,(empty-report)
FNF:1
FNH:0
FNDA:0,(empty-report)
DA:1,0
DA:7,0
DA:8,0
DA:9,0
DA:10,0
DA:12,0
DA:13,0
DA:14,0
DA:15,0
DA:17,0
DA:18,0
DA:19,0
DA:20,0
DA:21,0
DA:22,0
DA:23,0
DA:24,0
DA:25,0
DA:27,0
DA:28,0
DA:29,0
DA:31,0
DA:32,0
DA:33,0
DA:34,0
DA:35,0
DA:37,0
DA:38,0
DA:39,0
DA:40,0
DA:42,0
DA:43,0
DA:44,0
DA:46,0
DA:47,0
DA:48,0
DA:49,0
DA:50,0
DA:51,0
DA:52,0
DA:53,0
DA:54,0
DA:55,0
DA:56,0
DA:57,0
DA:58,0
DA:60,0
DA:61,0
DA:62,0
DA:63,0
DA:64,0
DA:67,0
DA:68,0
DA:70,0
DA:71,0
DA:72,0
DA:73,0
DA:74,0
DA:75,0
DA:77,0
DA:78,0
DA:79,0
DA:80,0
DA:81,0
DA:82,0
DA:83,0
DA:84,0
DA:85,0
DA:86,0
DA:87,0
DA:88,0
DA:89,0
DA:90,0
DA:91,0
DA:92,0
DA:93,0
DA:95,0
DA:97,0
DA:98,0
DA:99,0
DA:100,0
DA:101,0
DA:103,0
DA:104,0
DA:105,0
DA:106,0
DA:107,0
DA:108,0
DA:109,0
DA:110,0
DA:111,0
DA:112,0
DA:113,0
DA:114,0
DA:115,0
DA:117,0
DA:119,0
DA:120,0
DA:121,0
DA:122,0
DA:124,0
DA:125,0
DA:128,0
DA:129,0
DA:130,0
DA:131,0
DA:133,0
DA:134,0
DA:135,0
DA:137,0
DA:139,0
DA:141,0
DA:142,0
DA:143,0
DA:145,0
LF:115
LH:0
BRDA:1,0,0,0
BRF:1
BRH:0
end_of_record
TN:
SF:src/pages/Login.tsx
FN:1,(empty-report)
FNF:1
FNH:0
FNDA:0,(empty-report)
DA:1,0
DA:6,0
DA:7,0
DA:8,0
DA:9,0
DA:10,0
DA:12,0
DA:13,0
DA:14,0
DA:17,0
DA:18,0
DA:19,0
DA:21,0
DA:22,0
DA:23,0
DA:25,0
DA:26,0
DA:27,0
DA:28,0
DA:29,0
DA:30,0
DA:31,0
DA:32,0
DA:33,0
DA:34,0
DA:35,0
DA:36,0
DA:37,0
DA:38,0
DA:39,0
DA:40,0
DA:41,0
DA:42,0
DA:43,0
DA:45,0
DA:46,0
DA:47,0
DA:48,0
DA:49,0
DA:50,0
DA:52,0
DA:53,0
DA:54,0
DA:55,0
DA:56,0
DA:57,0
DA:59,0
DA:60,0
DA:61,0
DA:62,0
DA:63,0
DA:64,0
DA:65,0
DA:66,0
DA:67,0
DA:68,0
DA:69,0
DA:70,0
DA:71,0
DA:73,0
DA:74,0
DA:75,0
DA:76,0
DA:77,0
DA:79,0
DA:80,0
DA:81,0
DA:82,0
DA:83,0
DA:84,0
DA:85,0
DA:86,0
DA:87,0
DA:88,0
DA:89,0
DA:90,0
DA:92,0
DA:93,0
DA:94,0
DA:95,0
DA:97,0
DA:98,0
DA:101,0
DA:102,0
DA:103,0
DA:104,0
DA:106,0
DA:107,0
DA:108,0
DA:110,0
DA:112,0
DA:114,0
DA:115,0
DA:116,0
DA:118,0
LF:95
LH:0
BRDA:1,0,0,0
BRF:1
BRH:0
end_of_record
TN:
SF:src/pages/Rules.tsx
FN:22,Rules
FN:41,openCreate
FN:46,openEdit
FN:51,closeForm
FN:56,handleFormSubmit
FN:91,handleDelete
FN:93,onSuccess
FN:102,onError
FN:147,onRetry
FN:198,onClick
FN:205,onClick
FN:214,onClick
FN:220,onClick
FNF:13
FNH:7
FNDA:8,Rules
FNDA:0,openCreate
FNDA:1,openEdit
FNDA:0,closeForm
FNDA:0,handleFormSubmit
FNDA:1,handleDelete
FNDA:1,onSuccess
FNDA:0,onError
FNDA:0,onRetry
FNDA:1,onClick
FNDA:0,onClick
FNDA:1,onClick
FNDA:1,onClick
DA:1,1
DA:13,1
DA:14,1
DA:15,1
DA:16,1
DA:17,1
DA:18,1
DA:22,1
DA:23,8
DA:24,8
DA:25,8
DA:26,8
DA:29,8
DA:30,8
DA:33,8
DA:39,8
DA:41,8
DA:42,0
DA:43,0
DA:44,0
DA:46,8
DA:47,1
DA:48,1
DA:49,1
DA:51,8
DA:52,0
DA:53,0
DA:54,0
DA:56,8
DA:57,0
DA:58,0
DA:59,0
DA:60,0
DA:61,0
DA:62,0
DA:63,0
DA:64,0
DA:65,0
DA:66,0
DA:67,0
DA:68,0
DA:69,0
DA:70,0
DA:71,0
DA:72,0
DA:73,0
DA:74,0
DA:75,0
DA:77,0
DA:78,0
DA:79,0
DA:80,0
DA:81,0
DA:82,0
DA:83,0
DA:84,0
DA:85,0
DA:86,0
DA:87,0
DA:88,0
DA:89,0
DA:91,8
DA:92,1
DA:93,1
DA:94,1
DA:95,1
DA:96,1
DA:97,1
DA:98,1
DA:99,1
DA:100,1
DA:101,1
DA:102,1
DA:103,0
DA:104,0
DA:105,0
DA:106,0
DA:107,0
DA:108,0
DA:109,1
DA:110,1
DA:112,8
DA:113,8
DA:115,8
DA:116,8
DA:118,8
DA:119,8
DA:120,8
DA:121,8
DA:122,8
DA:123,8
DA:125,8
DA:126,8
DA:129,8
DA:130,1
DA:131,1
DA:132,1
DA:133,1
DA:134,1
DA:135,1
DA:136,1
DA:137,1
DA:138,1
DA:139,1
DA:140,1
DA:144,8
DA:145,2
DA:146,6
DA:147,0
DA:148,6
DA:149,0
DA:150,0
DA:151,0
DA:152,0
DA:153,0
DA:154,0
DA:156,0
DA:157,0
DA:159,6
DA:160,6
DA:161,6
DA:162,6
DA:163,6
DA:164,6
DA:165,6
DA:166,6
DA:167,6
DA:168,6
DA:169,6
DA:170,6
DA:171,6
DA:172,6
DA:173,6
DA:174,6
DA:175,6
DA:176,6
DA:177,6
DA:178,6
DA:179,6
DA:180,6
DA:181,6
DA:182,6
DA:183,6
DA:184,0
DA:186,0
DA:188,6
DA:190,6
DA:192,6
DA:193,6
DA:194,6
DA:195,1
DA:196,1
DA:197,1
DA:198,1
DA:199,1
DA:200,1
DA:201,1
DA:203,1
DA:204,1
DA:205,1
DA:206,1
DA:207,1
DA:209,1
DA:210,1
DA:212,5
DA:213,5
DA:214,5
DA:215,5
DA:216,5
DA:218,5
DA:219,5
DA:220,5
DA:221,5
DA:222,5
DA:224,5
DA:225,5
DA:227,6
DA:228,6
DA:229,6
DA:230,6
DA:231,6
DA:232,6
DA:234,8
DA:236,8
LF:184
LH:129
BRDA:22,0,0,8
BRDA:129,1,0,1
BRDA:132,2,0,0
BRDA:135,3,0,0
BRDA:144,4,0,2
BRDA:145,5,0,6
BRDA:146,6,0,0
BRDA:148,7,0,0
BRDA:46,8,0,1
BRDA:91,9,0,1
BRDA:93,10,0,1
BRDA:96,11,0,1
BRDA:171,12,0,6
BRDA:180,13,0,0
BRDA:183,14,0,0
BRDA:194,15,0,1
BRDA:210,16,0,5
BRDA:198,17,0,1
BRDA:214,18,0,1
BRDA:220,19,0,1
BRF:20
BRH:14
end_of_record
TN:
SF:src/stores/auth.store.ts
FN:24,cancelScheduledRefresh
FN:31,tokenRefreshDelayMs
FN:52,scheduleRefresh
FN:73,setToken
FN:78,login
FN:90,logout
FN:105,refreshToken
FNF:7
FNH:6
FNDA:18,cancelScheduledRefresh
FNDA:7,tokenRefreshDelayMs
FNDA:7,scheduleRefresh
FNDA:5,setToken
FNDA:0,login
FNDA:11,logout
FNDA:3,refreshToken
DA:1,1
DA:19,1
DA:20,1
DA:21,1
DA:22,1
DA:24,18
DA:25,18
DA:26,2
DA:27,2
DA:28,2
DA:29,18
DA:31,7
DA:32,7
DA:33,7
DA:34,7
DA:35,5
DA:36,5
DA:37,5
DA:38,5
DA:39,5
DA:40,7
DA:41,5
DA:42,7
DA:44,5
DA:45,5
DA:46,5
DA:47,6
DA:48,0
DA:49,0
DA:50,7
DA:52,7
DA:53,7
DA:54,7
DA:55,7
DA:62,5
DA:63,3
DA:64,3
DA:65,5
DA:66,5
DA:68,1
DA:69,7
DA:70,7
DA:71,7
DA:73,7
DA:74,5
DA:75,5
DA:76,5
DA:78,7
DA:79,0
DA:80,0
DA:81,0
DA:82,0
DA:83,0
DA:84,0
DA:85,0
DA:86,0
DA:87,0
DA:88,0
DA:90,7
DA:91,11
DA:92,11
DA:93,11
DA:94,11
DA:95,6
DA:96,6
DA:97,5
DA:98,11
DA:101,1
DA:102,1
DA:103,11
DA:105,7
DA:106,3
DA:107,3
DA:108,3
DA:109,2
DA:110,2
DA:111,2
DA:112,2
DA:113,2
DA:114,2
DA:115,3
DA:118,1
DA:119,1
DA:120,1
DA:121,3
DA:122,1
LF:86
LH:74
BRDA:24,0,0,18
BRDA:25,1,0,2
BRDA:31,2,0,7
BRDA:34,3,0,2
BRDA:34,4,0,5
BRDA:39,5,0,5
BRDA:40,6,0,5
BRDA:40,7,0,5
BRDA:42,8,0,6
BRDA:42,9,0,0
BRDA:42,10,0,5
BRDA:47,11,0,0
BRDA:52,12,0,7
BRDA:55,13,0,2
BRDA:55,14,0,5
BRDA:62,15,0,3
BRDA:64,16,0,1
BRDA:68,17,0,7
BRDA:73,18,0,5
BRDA:75,19,0,0
BRDA:90,20,0,11
BRDA:94,21,0,5
BRDA:94,22,0,6
BRDA:96,23,0,5
BRDA:98,24,0,1
BRDA:105,25,0,3
BRDA:108,26,0,2
BRDA:115,27,0,1
BRF:28
BRH:25
end_of_record
TN:
SF:src/utils/ackStatus.ts
FN:23,getAckStatusMeta
FNF:1
FNH:1
FNDA:26,getAckStatusMeta
DA:12,1
DA:13,1
DA:14,1
DA:15,1
DA:16,1
DA:17,1
DA:23,1
DA:24,26
DA:25,6
DA:26,26
LF:10
LH:10
BRDA:23,0,0,26
BRDA:24,1,0,22
BRDA:24,2,0,6
BRDA:24,3,0,4
BRDA:25,4,0,0
BRF:5
BRH:4
end_of_record
TN:
SF:src/utils/actionError.ts
FN:61,getActionErrorMeta
FNF:1
FNH:1
FNDA:13,getActionErrorMeta
DA:16,1
DA:17,1
DA:18,1
DA:19,1
DA:20,1
DA:21,1
DA:22,1
DA:23,1
DA:24,1
DA:25,1
DA:26,1
DA:27,1
DA:28,1
DA:29,1
DA:30,1
DA:31,1
DA:32,1
DA:33,1
DA:34,1
DA:35,1
DA:36,1
DA:37,1
DA:38,1
DA:39,1
DA:40,1
DA:41,1
DA:42,1
DA:43,1
DA:44,1
DA:45,1
DA:46,1
DA:47,1
DA:48,1
DA:49,1
DA:50,1
DA:51,1
DA:52,1
DA:53,1
DA:61,1
DA:62,13
DA:63,5
DA:64,8
DA:65,1
DA:66,1
DA:67,1
DA:69,13
LF:46
LH:46
BRDA:61,0,0,13
BRDA:62,1,0,8
BRDA:62,2,0,5
BRDA:64,3,0,1
BRF:4
BRH:4
end_of_record
TN:
SF:src/utils/actionFailed.ts
FN:22,getActionFailedMeta
FNF:1
FNH:1
FNDA:22,getActionFailedMeta
DA:13,1
DA:14,1
DA:15,1
DA:16,1
DA:22,1
DA:23,22
DA:24,1
DA:25,1
LF:8
LH:8
BRDA:22,0,0,22
BRDA:23,1,0,21
BRDA:23,2,0,1
BRF:3
BRH:3
end_of_record
TN:
SF:src/utils/discardedEvents.ts
FN:39,getDiscardedEventsMeta
FNF:1
FNH:1
FNDA:16,getDiscardedEventsMeta
DA:20,1
DA:21,1
DA:22,1
DA:23,1
DA:24,1
DA:25,1
DA:27,1
DA:28,1
DA:29,1
DA:30,1
DA:31,1
DA:32,1
DA:39,1
DA:40,16
DA:41,9
DA:42,9
DA:43,11
DA:44,3
DA:45,3
DA:46,3
DA:47,3
DA:48,3
DA:49,3
DA:50,3
DA:51,4
DA:52,4
LF:26
LH:26
BRDA:39,0,0,16
BRDA:40,1,0,15
BRDA:40,2,0,8
BRDA:40,3,0,9
BRDA:42,4,0,11
BRDA:42,5,0,7
BRDA:43,6,0,3
BRDA:50,7,0,4
BRF:8
BRH:8
end_of_record
TN:
SF:src/utils/eventFilters.ts
FN:10,parseEventFilters
FN:32,serializeEventFilters
FNF:2
FNH:2
FNDA:28,parseEventFilters
FNDA:12,serializeEventFilters
DA:3,1
DA:4,1
DA:10,1
DA:11,28
DA:12,28
DA:13,28
DA:14,28
DA:18,28
DA:19,28
DA:20,28
DA:21,28
DA:22,28
DA:23,28
DA:24,28
DA:25,28
DA:26,28
DA:32,1
DA:33,12
DA:34,12
DA:35,2
DA:36,2
DA:37,12
DA:38,1
DA:39,1
DA:40,12
DA:41,12
DA:42,12
DA:43,12
DA:44,12
DA:46,12
DA:47,12
LF:31
LH:31
BRDA:10,0,0,28
BRDA:14,1,0,3
BRDA:14,2,0,25
BRDA:18,3,0,6
BRDA:18,4,0,22
BRDA:19,5,0,25
BRDA:20,6,0,27
BRDA:21,7,0,27
BRDA:22,8,0,8
BRDA:22,9,0,20
BRDA:23,10,0,3
BRDA:23,11,0,25
BRDA:32,12,0,12
BRDA:34,13,0,2
BRDA:34,14,0,2
BRDA:37,15,0,1
BRDA:37,16,0,1
BRDA:40,17,0,1
BRDA:41,18,0,0
BRDA:42,19,0,0
BRDA:43,20,0,3
BRDA:44,21,0,8
BRDA:44,22,0,2
BRDA:35,23,0,4
BRDA:38,24,0,1
BRF:25
BRH:23
end_of_record
TN:
SF:src/utils/eventType.ts
FN:34,getEventTypeGapMeta
FNF:1
FNH:1
FNDA:6,getEventTypeGapMeta
DA:17,1
DA:18,1
DA:19,1
DA:20,1
DA:21,1
DA:23,1
DA:24,1
DA:25,1
DA:34,1
DA:35,6
DA:36,6
DA:37,0
DA:38,0
DA:39,0
DA:40,0
DA:41,0
DA:42,0
DA:43,0
DA:44,6
DA:45,6
DA:46,6
DA:47,6
LF:22
LH:15
BRDA:34,0,0,6
BRDA:36,1,0,0
BRF:2
BRH:1
end_of_record
TN:
SF:src/utils/severity.ts
FN:49,getSeverityMeta
FNF:1
FNH:1
FNDA:47,getSeverityMeta
DA:24,1
DA:25,1
DA:26,1
DA:27,1
DA:28,1
DA:36,1
DA:37,1
DA:38,1
DA:39,1
DA:40,1
DA:41,1
DA:49,1
DA:50,47
DA:51,47
DA:52,47
LF:15
LH:15
BRDA:49,0,0,47
BRDA:50,1,0,2
BRDA:50,2,0,45
BRDA:51,3,0,4
BRF:4
BRH:4
end_of_record
TN:
SF:src/utils/timeDisplay.ts
FN:43,toDate
FN:53,formatAbsolute
FN:100,formatRelative
FNF:3
FNH:3
FNDA:67,toDate
FNDA:61,formatAbsolute
FNDA:12,formatRelative
DA:39,1
DA:40,1
DA:41,1
DA:43,67
DA:44,67
DA:45,67
DA:46,67
DA:47,67
DA:53,1
DA:54,61
DA:55,61
DA:56,61
DA:57,61
DA:58,61
DA:59,61
DA:61,61
DA:63,57
DA:64,61
DA:66,55
DA:67,55
DA:68,55
DA:69,55
DA:70,55
DA:71,55
DA:72,55
DA:73,55
DA:74,55
DA:75,61
DA:76,61
DA:77,61
DA:79,1
DA:80,1
DA:81,1
DA:82,1
DA:83,1
DA:84,1
DA:100,1
DA:101,12
DA:102,12
DA:103,12
DA:104,12
DA:105,12
DA:106,12
DA:108,12
DA:110,10
DA:111,12
DA:113,8
DA:114,8
DA:116,8
DA:117,12
DA:118,12
DA:120,12
DA:122,8
DA:123,8
DA:124,8
LF:55
LH:55
BRDA:43,0,0,67
BRDA:44,1,0,0
BRDA:45,2,0,0
BRDA:46,3,0,4
BRDA:46,4,0,63
BRDA:53,5,0,61
BRDA:61,6,0,58
BRDA:61,7,0,4
BRDA:61,8,0,57
BRDA:64,9,0,2
BRDA:64,10,0,55
BRDA:75,11,0,2
BRDA:75,12,0,53
BRDA:100,13,0,12
BRDA:108,14,0,10
BRDA:108,15,0,2
BRDA:108,16,0,10
BRDA:111,17,0,2
BRDA:111,18,0,8
BRDA:117,19,0,0
BRDA:120,20,0,0
BRDA:120,21,0,8
BRDA:117,22,0,26
BRF:23
BRH:19
end_of_record
TN:
SF:src/utils/watchPathStatus.ts
FN:43,getWatchPathStatusMeta
FNF:1
FNH:1
FNDA:12,getWatchPathStatusMeta
DA:19,1
DA:20,1
DA:21,1
DA:22,1
DA:23,1
DA:24,1
DA:25,1
DA:26,1
DA:27,1
DA:28,1
DA:29,1
DA:30,1
DA:31,1
DA:32,1
DA:33,1
DA:34,1
DA:35,1
DA:43,1
DA:44,12
DA:45,5
DA:46,7
DA:47,1
DA:48,1
DA:49,1
DA:50,1
DA:52,12
LF:26
LH:26
BRDA:43,0,0,12
BRDA:44,1,0,6
BRDA:44,2,0,7
BRDA:44,3,0,5
BRDA:46,4,0,1
BRF:5
BRH:5
end_of_record
