<?xml version="1.0" encoding="utf-8"?><testsuites><testsuite name="pytest" errors="0" failures="0" skipped="2" tests="572" time="66.351" timestamp="2026-09-09T22:50:33.844934-03:00" hostname="SANITIZED_HOST"><testcase classname="tests.core.test_notification_settings" name="test_notification_settings_default_to_empty" time="0.351" /><testcase classname="tests.core.test_notification_settings" name="test_health_url_is_not_derived_from_webhook" time="0.091" /><testcase classname="tests.core.test_notification_settings" name="test_smtp_tls_defaults_preserve_previous_behaviour" time="0.089" /><testcase classname="tests.core.test_notification_settings" name="test_smtp_tls_flags_are_configurable" time="0.103" /><testcase classname="tests.core.test_rate_limit_load" name="test_api_n_requests_dentro_del_bucket_no_rechazados" time="0.099" /><testcase classname="tests.core.test_rate_limit_load" name="test_api_n_mas_1_request_retorna_429" time="0.074" /><testcase classname="tests.core.test_rate_limit_load" name="test_api_ventana_se_resetea_en_primer_request" time="0.080" /><testcase classname="tests.core.test_rate_limit_load" name="test_api_expire_usa_nx_en_requests_subsiguientes" time="0.077" /><testcase classname="tests.core.test_rate_limit_load" name="test_login_n_requests_dentro_del_bucket_no_rechazados" time="0.075" /><testcase classname="tests.core.test_rate_limit_load" name="test_login_n_mas_1_request_retorna_429" time="0.078" /><testcase classname="tests.core.test_rate_limit_load" name="test_login_ventana_se_resetea_en_primer_request" time="0.087" /><testcase classname="tests.core.test_rate_limit_load" name="test_login_ttl_siempre_presente_tras_incrementos_count_mayor_a_1" time="0.075" /><testcase classname="tests.core.test_rate_limit_load" name="test_api_ttl_siempre_presente_tras_incrementos_count_mayor_a_1" time="0.076" /><testcase classname="tests.core.test_rate_limit_semantics" name="test_expire_nx_no_desliza_la_ventana" time="0.081"><skipped type="pytest.skip" message="Valkey no disponible en VALKEY_URL — test de semántica opt-in">SANITIZED_REPO/backend/tests/core/test_rate_limit_semantics.py:54: Valkey no disponible en VALKEY_URL — test de semántica opt-in</skipped></testcase><testcase classname="tests.core.test_rate_limit_semantics" name="test_expire_nx_autorepara_key_sin_ttl" time="0.077"><skipped type="pytest.skip" message="Valkey no disponible en VALKEY_URL — test de semántica opt-in">SANITIZED_REPO/backend/tests/core/test_rate_limit_semantics.py:82: Valkey no disponible en VALKEY_URL — test de semántica opt-in</skipped></testcase><testcase classname="tests.modules.events.test_retention" name="test_retention_elimina_terminal_mayor_30d" time="0.108" /><testcase classname="tests.modules.events.test_retention" name="test_retention_preserva_referenciado_en_audit_log" time="0.117" /><testcase classname="tests.modules.events.test_retention" name="test_retention_preserva_terminal_reciente" time="0.120" /><testcase classname="tests.modules.events.test_retention" name="test_compact_chain_compacta_cadena_mayor_10" time="0.117" /><testcase classname="tests.modules.events.test_retention" name="test_compact_chain_no_elimina_si_10_o_menos" time="0.112" /><testcase classname="tests.modules.events.test_retention" name="test_compact_chain_preserva_protegidos_por_audit_log" time="0.123" /><testcase classname="tests.modules.users.test_user_management" name="test_admin_puede_listar_usuarios" time="0.321" /><testcase classname="tests.modules.users.test_user_management" name="test_no_admin_recibe_403_en_get_users" time="0.088" /><testcase classname="tests.modules.users.test_user_management" name="test_admin_crea_usuario_201_y_audit_log" time="0.398" /><testcase classname="tests.modules.users.test_user_management" name="test_post_users_email_duplicado_retorna_409" time="0.529" /><testcase classname="tests.modules.users.test_user_management" name="test_post_users_password_corto_retorna_422" time="0.301" /><testcase classname="tests.modules.users.test_user_management" name="test_post_users_email_invalido_retorna_422" time="0.301" /><testcase classname="tests.modules.users.test_user_management" name="test_seed_admin_usa_admin_email_configurado" time="0.165" /><testcase classname="tests.modules.users.test_user_management" name="test_seed_admin_usa_default_cuando_no_hay_admin_email" time="0.146" /><testcase classname="tests.modules.users.test_user_management" name="test_seed_admin_idempotente_con_admin_existente" time="0.085" /><testcase classname="tests.test_actions" name="test_approve_success" time="0.128" /><testcase classname="tests.test_actions" name="test_approve_conflict" time="0.101" /><testcase classname="tests.test_actions" name="test_approve_absent_no_confirm" time="0.104" /><testcase classname="tests.test_actions" name="test_approve_absent_confirmed" time="0.125" /><testcase classname="tests.test_actions" name="test_reject_restore" time="0.118" /><testcase classname="tests.test_actions" name="test_reject_quarantine" time="0.120" /><testcase classname="tests.test_actions" name="test_reject_absent_baseline_noop" time="0.108" /><testcase classname="tests.test_actions" name="test_bulk_approve_partial" time="0.128" /><testcase classname="tests.test_actions" name="test_bulk_reject_partial" time="0.110" /><testcase classname="tests.test_actions" name="test_bulk_approve_rollback_isolates_failed_item" time="0.119" /><testcase classname="tests.test_actions" name="test_bulk_reject_rollback_isolates_failed_item" time="0.117" /><testcase classname="tests.test_actions" name="test_baseline_update_hmac_valid" time="0.112" /><testcase classname="tests.test_actions" name="test_no_get_file_hash_published" time="0.117" /><testcase classname="tests.test_actions" name="test_audit_log_on_approve" time="0.128" /><testcase classname="tests.test_actions" name="test_audit_log_on_reject" time="0.120" /><testcase classname="tests.test_actions_router" name="test_actions_endpoints_require_authentication[/actions/approve]" time="0.098" /><testcase classname="tests.test_actions_router" name="test_actions_endpoints_require_authentication[/actions/reject]" time="0.086" /><testcase classname="tests.test_actions_router" name="test_actions_endpoints_require_authentication[/actions/bulk-approve]" time="0.092" /><testcase classname="tests.test_actions_router" name="test_actions_endpoints_require_authentication[/actions/bulk-reject]" time="0.083" /><testcase classname="tests.test_actions_router" name="test_actions_endpoints_reject_non_admin[/actions/approve]" time="0.112" /><testcase classname="tests.test_actions_router" name="test_actions_endpoints_reject_non_admin[/actions/reject]" time="0.093" /><testcase classname="tests.test_actions_router" name="test_actions_endpoints_reject_non_admin[/actions/bulk-approve]" time="0.089" /><testcase classname="tests.test_actions_router" name="test_actions_endpoints_reject_non_admin[/actions/bulk-reject]" time="0.086" /><testcase classname="tests.test_actions_router" name="test_approve_returns_action_response_shape" time="0.147" /><testcase classname="tests.test_actions_router" name="test_approve_with_stale_version_returns_409" time="0.103" /><testcase classname="tests.test_actions_router" name="test_approve_already_resolved_event_returns_409" time="0.154" /><testcase classname="tests.test_actions_router" name="test_approve_absent_file_without_confirmation_returns_422" time="0.106" /><testcase classname="tests.test_actions_router" name="test_approve_absent_file_with_confirmation_succeeds" time="0.139" /><testcase classname="tests.test_actions_router" name="test_approve_missing_required_field_returns_validation_422" time="0.099" /><testcase classname="tests.test_actions_router" name="test_reject_returns_action_response_shape" time="0.129" /><testcase classname="tests.test_actions_router" name="test_reject_with_absent_baseline_reports_the_noop" time="0.133" /><testcase classname="tests.test_actions_router" name="test_reject_with_stale_version_returns_409" time="0.112" /><testcase classname="tests.test_actions_router" name="test_reject_with_invalid_action_returns_422" time="0.104" /><testcase classname="tests.test_actions_router" name="test_bulk_approve_uses_items_contract_and_partitions_results" time="0.155" /><testcase classname="tests.test_actions_router" name="test_bulk_approve_reports_absent_confirmation_as_failed_item" time="0.126" /><testcase classname="tests.test_actions_router" name="test_bulk_reject_uses_items_contract_with_per_item_action" time="0.149" /><testcase classname="tests.test_actions_router" name="test_bulk_endpoints_accept_an_empty_batch" time="0.105" /><testcase classname="tests.test_actions_router" name="test_bulk_reject_request_fixture_matches_pydantic_schema" time="0.075" /><testcase classname="tests.test_actions_router" name="test_bulk_reject_request_fixture_is_accepted_by_the_real_endpoint" time="0.095" /><testcase classname="tests.test_actions_router" name="test_bulk_reject_superseded_shape_is_rejected_with_422_naming_the_missing_field" time="0.098" /><testcase classname="tests.test_agent_mgmt" name="test_get_agents_list" time="0.111" /><testcase classname="tests.test_agent_mgmt" name="test_get_agent_detail" time="0.116" /><testcase classname="tests.test_agent_mgmt" name="test_get_agent_not_found" time="0.092" /><testcase classname="tests.test_agent_mgmt" name="test_agent_config_updates_watch_paths" time="0.103" /><testcase classname="tests.test_agent_mgmt" name="test_agent_config_hmac_valid" time="0.127" /><testcase classname="tests.test_agent_mgmt" name="test_agent_config_not_found" time="0.089" /><testcase classname="tests.test_agent_mgmt" name="test_rescan_no_pending_succeeds" time="0.129" /><testcase classname="tests.test_agent_mgmt" name="test_rescan_with_pending_no_force" time="0.114" /><testcase classname="tests.test_agent_mgmt" name="test_rescan_with_pending_force" time="0.120" /><testcase classname="tests.test_agent_mgmt" name="test_dead_transition" time="0.101" /><testcase classname="tests.test_agent_mgmt" name="test_dead_to_online_on_heartbeat" time="0.106" /><testcase classname="tests.test_agent_mgmt" name="test_audit_log_on_config" time="0.108" /><testcase classname="tests.test_agent_mgmt" name="test_audit_log_detail_is_valid_json_with_quotes_and_backslashes" time="0.118" /><testcase classname="tests.test_agent_mgmt" name="test_audit_log_on_rescan" time="0.129" /><testcase classname="tests.test_agent_watch_path_status" name="test_heartbeat_persists_watch_path_status" time="0.107" /><testcase classname="tests.test_agent_watch_path_status" name="test_heartbeat_without_key_does_not_erase_previous_status" time="0.110" /><testcase classname="tests.test_agent_watch_path_status" name="test_heartbeat_with_malformed_status_is_ignored" time="0.114" /><testcase classname="tests.test_agent_watch_path_status" name="test_heartbeat_with_non_string_values_is_ignored" time="0.109" /><testcase classname="tests.test_agent_watch_path_status" name="test_list_agents_exposes_watch_path_status" time="0.084" /><testcase classname="tests.test_agent_watch_path_status" name="test_get_agent_exposes_watch_path_status" time="0.089" /><testcase classname="tests.test_agent_watch_path_status" name="test_agent_that_never_reported_has_null_status_map" time="0.090" /><testcase classname="tests.test_agent_watch_path_status" name="test_migration_009_is_idempotent" time="0.082" /><testcase classname="tests.test_agent_watch_path_status" name="test_agents_table_has_watch_path_status_column_after_migration" time="0.082" /><testcase classname="tests.test_auth" name="test_login_exitoso_retorna_200" time="0.153" /><testcase classname="tests.test_auth" name="test_login_primer_admin_must_change_password_true" time="0.153" /><testcase classname="tests.test_auth" name="test_login_incluye_objeto_user" time="0.158" /><testcase classname="tests.test_auth" name="test_login_password_incorrecta_retorna_401" time="0.153" /><testcase classname="tests.test_auth" name="test_login_usuario_inexistente_retorna_401" time="0.085" /><testcase classname="tests.test_auth" name="test_login_error_es_identico_para_password_mala_y_usuario_inexistente" time="0.177" /><testcase classname="tests.test_auth" name="test_rate_limit_login_6to_intento_retorna_429" time="0.168" /><testcase classname="tests.test_auth" name="test_rate_limit_login_5_intentos_pasan" time="0.145" /><testcase classname="tests.test_auth" name="test_refresh_valido_rota_token" time="0.182" /><testcase classname="tests.test_auth" name="test_refresh_incluye_objeto_user" time="0.159" /><testcase classname="tests.test_auth" name="test_refresh_con_token_revocado_retorna_401" time="0.162" /><testcase classname="tests.test_auth" name="test_refresh_concurrente_dentro_de_gracia_reusa_la_sesion_rotada" time="0.194" /><testcase classname="tests.test_auth" name="test_refresh_sin_cookie_retorna_401" time="0.095" /><testcase classname="tests.test_auth" name="test_logout_invalida_access_token" time="0.454" /><testcase classname="tests.test_auth" name="test_logout_invalida_tambien_el_refresh_token" time="0.325" /><testcase classname="tests.test_auth" name="test_scope_password_change_only_en_access_token" time="0.156" /><testcase classname="tests.test_auth" name="test_change_password_con_scope_password_change_only" time="0.234" /><testcase classname="tests.test_auth" name="test_change_password_short_retorna_422" time="0.174" /><testcase classname="tests.test_auth" name="test_cors_origin_en_whitelist_pasa" time="0.082" /><testcase classname="tests.test_auth" name="test_cors_origin_fuera_de_whitelist_retorna_403" time="0.078" /><testcase classname="tests.test_auth" name="test_cors_sin_origin_pasa" time="0.093" /><testcase classname="tests.test_auth" name="test_require_full_access_bloquea_scope_password_change_only" time="0.252" /><testcase classname="tests.test_c22_auth" name="test_create_access_token_lleva_type_access" time="0.073" /><testcase classname="tests.test_c22_auth" name="test_create_access_token_scope_password_change_only_sigue_teniendo_type_access" time="0.072" /><testcase classname="tests.test_c22_auth" name="test_create_refresh_token_sigue_teniendo_type_refresh" time="0.071" /><testcase classname="tests.test_c22_auth" name="test_refresh_token_como_bearer_retorna_401_token_type_invalid" time="0.079" /><testcase classname="tests.test_c22_auth" name="test_token_sin_type_claim_retorna_401_token_type_invalid" time="0.091" /><testcase classname="tests.test_c22_auth" name="test_access_token_valido_pasa_validacion_de_type" time="0.091" /><testcase classname="tests.test_c22_consumer" name="test_success_path_xack_and_publishes_event_ack" time="0.136" /><testcase classname="tests.test_c22_consumer" name="test_dedup_path_xack_without_reinsert" time="0.124" /><testcase classname="tests.test_c22_consumer" name="test_supersede_race_xack_and_event_ack" time="0.095" /><testcase classname="tests.test_c22_consumer" name="test_invalid_transition_xack_audits_and_terminal_nack" time="0.095" /><testcase classname="tests.test_c22_consumer" name="test_sqlalchemy_error_no_xack_stays_in_pel" time="0.105" /><testcase classname="tests.test_c22_fk_chain" name="test_delete_parent_nulls_child_parent_event_id" time="0.098" /><testcase classname="tests.test_c22_fk_chain" name="test_compact_chain_long_chain_no_integrity_error" time="0.105" /><testcase classname="tests.test_c22_fk_chain" name="test_ingest_event_keeps_new_event_after_compaction" time="0.112" /><testcase classname="tests.test_c22_pki" name="test_start_mtls_server_retorna_server_con_install_signal_handlers_false" time="0.086" /><testcase classname="tests.test_c22_pki" name="test_start_mtls_server_no_spawna_thread" time="0.073" /><testcase classname="tests.test_c22_pki" name="test_start_mtls_server_retorna_none_cuando_cert_no_existe" time="0.094" /><testcase classname="tests.test_c22_pki" name="test_start_mtls_server_retorna_none_cuando_paths_vacios" time="0.081" /><testcase classname="tests.test_c22_scope_gate" name="test_get_events_scope_password_change_only_retorna_403" time="0.087" /><testcase classname="tests.test_c22_scope_gate" name="test_get_event_by_id_scope_password_change_only_retorna_403" time="0.091" /><testcase classname="tests.test_c22_scope_gate" name="test_get_rules_scope_password_change_only_retorna_403" time="0.103" /><testcase classname="tests.test_c22_scope_gate" name="test_get_rule_by_id_scope_password_change_only_retorna_403" time="0.107" /><testcase classname="tests.test_c22_scope_gate" name="test_get_events_full_access_token_no_recibe_403_por_scope" time="0.105" /><testcase classname="tests.test_c31_backend_event_correctness" name="test_fix01_primary_fails_dlq_activated" time="0.110" /><testcase classname="tests.test_c31_backend_event_correctness" name="test_fix01_no_primaries_log_only_delivers" time="0.096" /><testcase classname="tests.test_c31_backend_event_correctness" name="test_fix02_approve_publish_is_post_commit" time="0.129" /><testcase classname="tests.test_c31_backend_event_correctness" name="test_fix02_reject_publish_is_post_commit" time="0.118" /><testcase classname="tests.test_c31_backend_event_correctness" name="test_fix03_race_no_pending_inserts_independent" time="0.102" /><testcase classname="tests.test_c31_backend_event_correctness" name="test_fix03_race_still_pending_returns_none" time="0.103" /><testcase classname="tests.test_c31_backend_event_correctness" name="test_fix04_pagination_sql" time="0.399" /><testcase classname="tests.test_c31_backend_event_correctness" name="test_fix05_compact_chain_retains_newest" time="0.120" /><testcase classname="tests.test_c31_backend_event_correctness" name="test_fix06_redelivery_does_not_consume_rate_budget" time="0.112" /><testcase classname="tests.test_c31_backend_event_correctness" name="test_fix07_empty_event_id_rejected_as_invalid_schema" time="0.090" /><testcase classname="tests.test_c31_backend_event_correctness" name="test_fix08_unparseable_detected_at_rejected_as_clock_skew" time="0.091" /><testcase classname="tests.test_c31_backend_event_correctness" name="test_fix08_naive_datetime_within_range_accepted" time="0.103" /><testcase classname="tests.test_c31_backend_event_correctness" name="test_fix09_no_utcnow_in_production_modules" time="0.080" /><testcase classname="tests.test_c31_backend_event_correctness" name="test_fix09_guard_detects_bare_reference_form" time="0.074" /><testcase classname="tests.test_c32_sse_security_fixes" name="test_session_closed_after_replay_before_sse_loop" time="0.130" /><testcase classname="tests.test_c32_sse_security_fixes" name="test_session_closed_when_no_replay" time="0.143" /><testcase classname="tests.test_c32_sse_security_fixes" name="test_broadcaster_queue_bounded_at_100" time="0.078" /><testcase classname="tests.test_c32_sse_security_fixes" name="test_broadcaster_queue_full_logs_warning" time="0.083" /><testcase classname="tests.test_c32_sse_security_fixes" name="test_event_consumer_discards_message_from_revoked_agent" time="0.108" /><testcase classname="tests.test_c32_sse_security_fixes" name="test_event_consumer_processes_online_agent_normally" time="0.102" /><testcase classname="tests.test_c32_sse_security_fixes" name="test_heartbeat_consumer_discards_heartbeat_from_revoked_agent" time="0.094" /><testcase classname="tests.test_c32_sse_security_fixes" name="test_heartbeat_consumer_does_not_change_revoked_status" time="0.112" /><testcase classname="tests.test_c32_sse_security_fixes" name="test_enqueue_restore_file_inserts_published_command" time="0.114" /><testcase classname="tests.test_c32_sse_security_fixes" name="test_enqueue_quarantine_file_inserts_published_command" time="0.097" /><testcase classname="tests.test_c32_sse_security_fixes" name="test_enqueue_baseline_update_inserts_published_command_with_ruleset_version" time="0.108" /><testcase classname="tests.test_c32_sse_security_fixes" name="test_published_command_inserted_for_rule_sync" time="0.095" /><testcase classname="tests.test_c32_sse_security_fixes" name="test_enqueue_restore_file_survives_xadd_failure" time="0.119" /><testcase classname="tests.test_command_ack_consumer" name="test_ack_ok_baseline_update_marks_acked" time="0.134" /><testcase classname="tests.test_command_ack_consumer" name="test_ack_ok_baseline_update_reconciles_baseline_entries" time="0.132" /><testcase classname="tests.test_command_ack_consumer" name="test_ack_ok_baseline_update_advances_ruleset_version_applied" time="0.114" /><testcase classname="tests.test_command_ack_consumer" name="test_ack_ok_monotonic_does_not_regress" time="0.118" /><testcase classname="tests.test_command_ack_consumer" name="test_ack_error_marks_failed_no_reconciliation" time="0.117" /><testcase classname="tests.test_command_ack_consumer" name="test_ack_missing_command_id_discarded" time="0.104" /><testcase classname="tests.test_command_ack_consumer" name="test_ack_unknown_command_id_discarded" time="0.095" /><testcase classname="tests.test_command_ack_consumer" name="test_ack_invalid_signature_rejected" time="0.118" /><testcase classname="tests.test_command_ack_consumer" name="test_ack_repeated_is_idempotent" time="0.135" /><testcase classname="tests.test_command_ack_consumer" name="test_sweep_marks_expired_pending_as_timeout" time="0.102" /><testcase classname="tests.test_command_ack_consumer" name="test_sweep_excludes_null_ack_status_and_terminal_rows" time="0.096" /><testcase classname="tests.test_command_ack_consumer" name="test_sweep_does_not_touch_fresh_pending" time="0.100" /><testcase classname="tests.test_command_ack_consumer" name="test_ack_cross_agent_forge_rejected" time="0.111" /><testcase classname="tests.test_command_ack_consumer" name="test_ack_spoofed_agent_id_wrong_secret_rejected" time="0.112" /><testcase classname="tests.test_command_ack_consumer" name="test_ack_payload_command_type_ignored_uses_row" time="0.109" /><testcase classname="tests.test_command_ack_consumer" name="test_ack_reconciles_row_event_id_not_payload" time="0.117" /><testcase classname="tests.test_command_ack_consumer" name="test_process_batch_transient_db_error_does_not_xack" time="0.088" /><testcase classname="tests.test_command_ack_consumer" name="test_process_batch_data_error_xacks_no_poison_loop" time="0.092" /><testcase classname="tests.test_command_ack_consumer" name="test_process_batch_success_xacks" time="0.072" /><testcase classname="tests.test_consumer" name="test_reject_invalid_schema" time="0.089" /><testcase classname="tests.test_consumer" name="test_reject_unknown_agent" time="0.092" /><testcase classname="tests.test_consumer" name="test_reject_invalid_signature" time="0.104" /><testcase classname="tests.test_consumer" name="test_reject_clock_skew" time="0.104" /><testcase classname="tests.test_consumer" name="test_dedup_idempotent" time="0.140" /><testcase classname="tests.test_consumer" name="test_happy_path_persists_event_and_sends_ack" time="0.106" /><testcase classname="tests.test_domain_models.TestEventStatus" name="test_all_canonical_values" time="0.085" /><testcase classname="tests.test_domain_models.TestEventStatus" name="test_rejects_uppercase" time="0.072" /><testcase classname="tests.test_domain_models.TestEventStatus" name="test_rejects_unknown" time="0.072" /><testcase classname="tests.test_domain_models.TestRejectionReason" name="test_all_canonical_values" time="0.072" /><testcase classname="tests.test_domain_models.TestRejectionReason" name="test_rejects_unknown" time="0.099" /><testcase classname="tests.test_domain_models.TestRuleAction" name="test_all_canonical_values" time="0.086" /><testcase classname="tests.test_domain_models.TestRuleAction" name="test_rejects_unknown" time="0.098" /><testcase classname="tests.test_domain_models.TestRuleSeverity" name="test_all_canonical_values" time="0.102" /><testcase classname="tests.test_domain_models.TestAgentStatus" name="test_all_canonical_values" time="0.093" /><testcase classname="tests.test_domain_models.TestAgentStatus" name="test_rejects_unknown" time="0.075" /><testcase classname="tests.test_domain_models.TestBaselineStatus" name="test_canonical_values" time="0.077" /><testcase classname="tests.test_domain_models.TestBaselineStatus" name="test_rejects_unknown" time="0.073" /><testcase classname="tests.test_domain_models.TestAlertSeverity" name="test_all_canonical_values" time="0.075" /><testcase classname="tests.test_domain_models.TestAlertChannel" name="test_all_canonical_values" time="0.072" /><testcase classname="tests.test_domain_models.TestAlertChannel" name="test_rejects_unknown" time="0.074" /><testcase classname="tests.test_domain_models.TestPublishedCommand" name="test_instantiation_with_required_fields" time="0.097" /><testcase classname="tests.test_domain_models.TestPublishedCommand" name="test_target_agent_id_nullable" time="0.074" /><testcase classname="tests.test_domain_models.TestPublishedCommand" name="test_published_at_defaults_to_none_pending_outbox_row" time="0.078" /><testcase classname="tests.test_event_ack_status_field" name="test_event_with_confirmed_command_exposes_ack_status" time="0.094" /><testcase classname="tests.test_event_ack_status_field" name="test_event_without_confirmable_command_has_no_ack_status" time="0.097" /><testcase classname="tests.test_event_ack_status_field" name="test_event_uses_most_recent_published_command" time="0.099" /><testcase classname="tests.test_event_action_error" name="test_ingest_event_persists_known_action_error" time="0.090" /><testcase classname="tests.test_event_action_error" name="test_ingest_event_stores_unknown_action_error_without_rejecting" time="0.104" /><testcase classname="tests.test_event_action_error" name="test_ingest_event_truncates_action_error_to_64_chars" time="0.197" /><testcase classname="tests.test_event_action_error" name="test_ingest_event_without_action_error_key_is_none" time="0.090" /><testcase classname="tests.test_event_action_error" name="test_action_error_does_not_affect_status_derivation" time="0.104" /><testcase classname="tests.test_event_action_error" name="test_event_out_serializes_action_error" time="0.097" /><testcase classname="tests.test_event_action_error" name="test_event_out_defaults_action_error_none" time="0.086" /><testcase classname="tests.test_event_action_error" name="test_migration_008_is_idempotent" time="0.084" /><testcase classname="tests.test_event_action_error" name="test_events_table_has_action_error_column_after_migration" time="0.083" /><testcase classname="tests.test_event_consumer_c11" name="test_rate_limiter_check_under_limit" time="0.077" /><testcase classname="tests.test_event_consumer_c11" name="test_rate_limiter_check_over_limit" time="0.086" /><testcase classname="tests.test_event_consumer_c11" name="test_rate_limiter_sliding_window_expires" time="0.177" /><testcase classname="tests.test_event_consumer_c11" name="test_rate_limiter_defaults_preserve_legacy_behaviour" time="0.091" /><testcase classname="tests.test_event_consumer_c11" name="test_rate_limiter_honours_configured_limit" time="0.078" /><testcase classname="tests.test_event_consumer_c11" name="test_rate_limiter_honours_configured_window_in_retry_after" time="0.076" /><testcase classname="tests.test_event_consumer_c11" name="test_reset_rate_limiter_clears_state" time="0.077" /><testcase classname="tests.test_event_consumer_c11" name="test_consumer_rate_limited_event_audited" time="0.100" /><testcase classname="tests.test_event_consumer_c11" name="test_consumer_invalid_transition_xacks_and_does_not_persist" time="0.102" /><testcase classname="tests.test_event_listing_contract" name="test_list_events_excludes_superseded_by_default" time="0.112" /><testcase classname="tests.test_event_listing_contract" name="test_list_events_includes_superseded_when_flag_is_true" time="0.114" /><testcase classname="tests.test_event_listing_contract" name="test_superseded_filter_applies_to_total_not_only_to_the_page" time="0.119" /><testcase classname="tests.test_event_listing_contract" name="test_list_events_orders_by_created_at_desc" time="0.103" /><testcase classname="tests.test_event_listing_contract" name="test_list_events_default_page_size_is_50" time="0.197" /><testcase classname="tests.test_event_listing_contract" name="test_pagination_total_respects_status_filter" time="0.110" /><testcase classname="tests.test_event_listing_contract" name="test_status_filter_accepts_multiple_values" time="0.114" /><testcase classname="tests.test_event_listing_contract" name="test_pagination_total_respects_path_prefix_filter" time="0.118" /><testcase classname="tests.test_event_listing_contract" name="test_list_events_includes_event_type_field" time="0.113" /><testcase classname="tests.test_event_listing_contract" name="test_pathless_event_appears_without_path_prefix_filter" time="0.114" /><testcase classname="tests.test_event_listing_contract" name="test_pathless_event_excluded_by_path_prefix_filter" time="0.118" /><testcase classname="tests.test_event_listing_contract" name="test_pathless_event_matches_severity_and_status_filters" time="0.106" /><testcase classname="tests.test_event_listing_contract" name="test_pathless_event_matches_date_range_filter" time="0.103" /><testcase classname="tests.test_event_listing_contract" name="test_pagination_total_respects_date_range_filter" time="0.103" /><testcase classname="tests.test_event_listing_contract" name="test_get_event_by_id_returns_full_detail" time="0.112" /><testcase classname="tests.test_event_listing_contract" name="test_get_event_by_id_unknown_returns_404" time="0.114" /><testcase classname="tests.test_event_listing_contract" name="test_get_event_by_id_returns_textual_diff_metadata" time="0.107" /><testcase classname="tests.test_event_listing_contract" name="test_list_events_does_not_expose_textual_diff" time="0.108" /><testcase classname="tests.test_event_listing_contract" name="test_get_event_by_id_pathless_event_returns_null_path" time="0.110" /><testcase classname="tests.test_event_router" name="test_list_events_no_auth_returns_401" time="0.083" /><testcase classname="tests.test_event_router" name="test_get_event_by_id_no_auth_returns_401" time="0.079" /><testcase classname="tests.test_event_router" name="test_get_event_not_found_returns_404" time="0.083" /><testcase classname="tests.test_event_router" name="test_list_events_returns_200_with_auth" time="0.087" /><testcase classname="tests.test_event_service" name="test_validate_valid_pending_to_superseded" time="0.085" /><testcase classname="tests.test_event_service" name="test_validate_valid_pending_to_approved" time="0.074" /><testcase classname="tests.test_event_service" name="test_validate_valid_pending_to_rejected" time="0.091" /><testcase classname="tests.test_event_service" name="test_validate_invalid_terminal_to_pending" time="0.074" /><testcase classname="tests.test_event_service" name="test_validate_invalid_pending_to_alert_only" time="0.075" /><testcase classname="tests.test_event_service" name="test_validate_all_terminals_have_no_out_edges" time="0.076" /><testcase classname="tests.test_event_service" name="test_ingest_no_pending_creates_event_without_parent" time="0.097" /><testcase classname="tests.test_event_service" name="test_ingest_with_pending_creates_chain" time="0.101" /><testcase classname="tests.test_event_service" name="test_ingest_event_from_real_agent_payload_persists_hash_detected" time="0.110" /><testcase classname="tests.test_event_service" name="test_ingest_event_bounds_diff_on_utf8_boundary" time="0.689" /><testcase classname="tests.test_event_service" name="test_ingest_event_ignores_non_text_diff_metadata" time="0.091" /><testcase classname="tests.test_event_service" name="test_ingest_event_rejects_unsafe_or_non_patch_diff[--- a/file\n+++ b/file\n@@ -1 +1 @@\n-old\n+new\x00\n]" time="0.106" /><testcase classname="tests.test_event_service" name="test_ingest_event_rejects_unsafe_or_non_patch_diff[--- a/file\n+++ b/file\n@@ -1 +1 @@\n-old\n+new\ufffd\n]" time="0.099" /><testcase classname="tests.test_event_service" name="test_ingest_event_rejects_unsafe_or_non_patch_diff[--- a/file\n+++ b/file\n@@ -1 +1 @@\n-old\n+new\x01\x02\n]" time="0.096" /><testcase classname="tests.test_event_service" name="test_ingest_event_rejects_unsafe_or_non_patch_diff[not a unified patch]" time="0.092" /><testcase classname="tests.test_event_service" name="test_ingest_event_from_real_file_deleted_payload_persists_empty_hash" time="0.092" /><testcase classname="tests.test_event_service" name="test_ingest_race_condition_returns_none" time="0.091" /><testcase classname="tests.test_event_service" name="test_compact_chain_under_limit_no_delete" time="0.101" /><testcase classname="tests.test_event_service" name="test_compact_chain_at_limit_plus_one_deletes_oldest" time="0.106" /><testcase classname="tests.test_event_service" name="test_compact_chain_respects_audit_log_references" time="0.105" /><testcase classname="tests.test_event_service" name="test_mark_superseded_success" time="0.089" /><testcase classname="tests.test_event_service" name="test_mark_superseded_wrong_version_returns_false" time="0.089" /><testcase classname="tests.test_event_service" name="test_get_pending_returns_most_recent" time="0.089" /><testcase classname="tests.test_event_service" name="test_get_pending_returns_none_when_no_pending" time="0.109" /><testcase classname="tests.test_event_service" name="test_ingest_pathless_event_persists_path_null_not_empty_string" time="0.088" /><testcase classname="tests.test_event_service" name="test_ingest_two_detection_gap_events_do_not_supersede_each_other" time="0.090" /><testcase classname="tests.test_event_service" name="test_ingest_pathless_event_skips_severity_ruleset_lookup" time="0.099" /><testcase classname="tests.test_event_service" name="test_ingest_pathless_alert_only_event_resolves_without_operator" time="0.087" /><testcase classname="tests.test_event_service" name="test_ingest_event_type_from_payload_reaches_column" time="0.090" /><testcase classname="tests.test_event_service" name="test_ingest_unknown_event_type_persists_literal_without_rejection" time="0.097" /><testcase classname="tests.test_event_service" name="test_ingest_without_event_type_key_uses_model_default" time="0.134" /><testcase classname="tests.test_event_severity" name="test_ingest_event_persists_severity_from_matching_rule" time="0.103" /><testcase classname="tests.test_event_severity" name="test_ingest_event_without_matching_rules_defaults_low" time="0.101" /><testcase classname="tests.test_event_severity" name="test_determine_severity_picks_max_of_matches" time="0.097" /><testcase classname="tests.test_event_severity" name="test_event_out_serializes_severity" time="0.088" /><testcase classname="tests.test_event_severity" name="test_list_events_filters_by_severity" time="0.124" /><testcase classname="tests.test_event_severity" name="test_list_events_without_severity_filter_returns_all" time="0.103" /><testcase classname="tests.test_event_severity" name="test_migration_006_is_idempotent" time="0.098" /><testcase classname="tests.test_event_severity" name="test_events_table_has_severity_column_after_migration" time="0.092" /><testcase classname="tests.test_event_severity" name="test_events_severity_query_fixture_is_accepted_and_selective" time="0.118" /><testcase classname="tests.test_event_status_derivation" name="test_derive_event_status_table[auto_restore-False-auto_restored]" time="0.079" /><testcase classname="tests.test_event_status_derivation" name="test_derive_event_status_table[quarantine-False-quarantined]" time="0.078" /><testcase classname="tests.test_event_status_derivation" name="test_derive_event_status_table[alert_only-False-alert_only]" time="0.078" /><testcase classname="tests.test_event_status_derivation" name="test_derive_event_status_table[alert_only-True-alert_only]" time="0.081" /><testcase classname="tests.test_event_status_derivation" name="test_derive_event_status_table[manual_review-False-pending]" time="0.083" /><testcase classname="tests.test_event_status_derivation" name="test_derive_event_status_table[auto_restore-True-pending]" time="0.076" /><testcase classname="tests.test_event_status_derivation" name="test_derive_event_status_table[quarantine-True-pending]" time="0.093" /><testcase classname="tests.test_event_status_derivation" name="test_derive_event_status_table[None-False-pending]" time="0.075" /><testcase classname="tests.test_event_status_derivation" name="test_derive_event_status_table[some_future_action-False-pending]" time="0.087" /><testcase classname="tests.test_event_status_derivation" name="test_row_auto_restore_success_yields_auto_restored" time="0.139" /><testcase classname="tests.test_event_status_derivation" name="test_row_quarantine_success_yields_quarantined" time="0.099" /><testcase classname="tests.test_event_status_derivation" name="test_row_alert_only_yields_alert_only" time="0.107" /><testcase classname="tests.test_event_status_derivation" name="test_row_manual_review_yields_pending" time="0.123" /><testcase classname="tests.test_event_status_derivation" name="test_row_auto_restore_genuine_failure_yields_pending" time="0.094" /><testcase classname="tests.test_event_status_derivation" name="test_row_quarantine_genuine_failure_yields_pending" time="0.103" /><testcase classname="tests.test_event_status_derivation" name="test_row_absent_action_from_older_agent_yields_pending" time="0.098" /><testcase classname="tests.test_event_status_derivation" name="test_explicit_status_key_is_ignored" time="0.124" /><testcase classname="tests.test_event_status_derivation" name="test_forged_status_cannot_induce_backend_exclusive_transitions[approved]" time="0.122" /><testcase classname="tests.test_event_status_derivation" name="test_forged_status_cannot_induce_backend_exclusive_transitions[rejected]" time="0.118" /><testcase classname="tests.test_event_status_derivation" name="test_forged_status_cannot_induce_backend_exclusive_transitions[superseded]" time="0.108" /><testcase classname="tests.test_event_status_derivation" name="test_incoming_terminal_event_supersedes_active_pending" time="0.122" /><testcase classname="tests.test_event_status_derivation" name="test_persisted_terminal_event_is_never_superseded_afterward" time="0.110" /><testcase classname="tests.test_event_status_derivation" name="test_rehydrate_auto_restore_yields_consistent_status" time="0.091" /><testcase classname="tests.test_event_status_derivation" name="test_rehydrate_failed_entry_yields_pending" time="0.090" /><testcase classname="tests.test_event_status_derivation" name="test_migration_007_is_idempotent" time="0.086" /><testcase classname="tests.test_event_status_derivation" name="test_events_table_has_action_failed_column_after_migration" time="0.076" /><testcase classname="tests.test_event_status_derivation" name="test_event_out_serializes_action_failed_true" time="0.102" /><testcase classname="tests.test_event_status_derivation" name="test_event_out_defaults_action_failed_false" time="0.097" /><testcase classname="tests.test_event_symlink_metadata" name="test_ingest_event_persists_symlink_metadata" time="0.086" /><testcase classname="tests.test_event_symlink_metadata" name="test_ingest_event_without_symlink_keys_defaults" time="0.096" /><testcase classname="tests.test_event_symlink_metadata" name="test_event_out_serializes_symlink_metadata" time="0.086" /><testcase classname="tests.test_event_symlink_metadata" name="test_event_out_defaults_for_regular_file" time="0.085" /><testcase classname="tests.test_event_symlink_metadata" name="test_migration_005_is_idempotent" time="0.082" /><testcase classname="tests.test_event_symlink_metadata" name="test_events_table_has_symlink_columns_after_migration" time="0.075" /><testcase classname="tests.test_health" name="test_health_returns_ok" time="0.075" /><testcase classname="tests.test_health" name="test_health_includes_trace_id_header" time="0.094" /><testcase classname="tests.test_health" name="test_health_trace_id_unique_per_request" time="0.102" /><testcase classname="tests.test_health_n8n_check" name="test_n8n_ok_on_200" time="0.094" /><testcase classname="tests.test_health_n8n_check" name="test_health_check_never_touches_the_webhook_url" time="0.100" /><testcase classname="tests.test_health_n8n_check" name="test_any_error_status_is_down[400]" time="0.076" /><testcase classname="tests.test_health_n8n_check" name="test_any_error_status_is_down[403]" time="0.087" /><testcase classname="tests.test_health_n8n_check" name="test_any_error_status_is_down[404]" time="0.074" /><testcase classname="tests.test_health_n8n_check" name="test_any_error_status_is_down[405]" time="0.087" /><testcase classname="tests.test_health_n8n_check" name="test_any_error_status_is_down[500]" time="0.100" /><testcase classname="tests.test_health_n8n_check" name="test_any_error_status_is_down[502]" time="0.084" /><testcase classname="tests.test_health_n8n_check" name="test_any_error_status_is_down[503]" time="0.089" /><testcase classname="tests.test_health_n8n_check" name="test_no_retry_on_error_status" time="0.102" /><testcase classname="tests.test_health_n8n_check" name="test_n8n_down_on_connection_error" time="0.079" /><testcase classname="tests.test_health_n8n_check" name="test_n8n_degraded_when_not_configured" time="0.081" /><testcase classname="tests.test_health_n8n_check" name="test_check_never_raises" time="0.089" /><testcase classname="tests.test_heartbeat_consumer" name="test_heartbeat_marks_online" time="0.090" /><testcase classname="tests.test_heartbeat_consumer" name="test_heartbeat_shutdown_marks_draining" time="0.090" /><testcase classname="tests.test_heartbeat_consumer" name="test_sweep_marks_offline_after_30s" time="0.113" /><testcase classname="tests.test_heartbeat_consumer" name="test_sweep_marks_draining_agent_offline_after_30s" time="0.111" /><testcase classname="tests.test_heartbeat_consumer" name="test_sweep_keeps_draining_agent_if_heartbeat_is_recent" time="0.115" /><testcase classname="tests.test_heartbeat_consumer" name="test_sweep_does_not_mark_offline_if_recent" time="0.124" /><testcase classname="tests.test_heartbeat_consumer" name="test_discarded_events_persisted" time="0.097" /><testcase classname="tests.test_heartbeat_consumer" name="test_discarded_events_absent_does_not_reset" time="0.098" /><testcase classname="tests.test_heartbeat_consumer" name="test_discarded_events_non_numeric_ignored" time="0.096" /><testcase classname="tests.test_heartbeat_consumer" name="test_discarded_events_never_reported_reads_as_null" time="0.100" /><testcase classname="tests.test_integration_transport" name="test_event_lifecycle" time="0.124" /><testcase classname="tests.test_integration_transport" name="test_heartbeat_marks_agent_online" time="0.092" /><testcase classname="tests.test_logging_sanitize" name="test_password_redacted_direct_kwarg" time="0.090" /><testcase classname="tests.test_logging_sanitize" name="test_access_token_redacted_direct_kwarg" time="0.085" /><testcase classname="tests.test_logging_sanitize" name="test_multiple_secrets_redacted" time="0.086" /><testcase classname="tests.test_logging_sanitize" name="test_nested_dict_access_token_redacted" time="0.091" /><testcase classname="tests.test_logging_sanitize" name="test_case_insensitive_match" time="0.108" /><testcase classname="tests.test_logging_sanitize" name="test_canonical_keys_all_redacted" time="0.101" /><testcase classname="tests.test_logging_sanitize" name="test_non_sensitive_keys_preserved" time="0.092" /><testcase classname="tests.test_logging_sanitize" name="test_sanitize_secrets_processor_direct" time="0.089" /><testcase classname="tests.test_logging_trace_id" name="test_trace_id_header_present_and_valid" time="0.078" /><testcase classname="tests.test_logging_trace_id" name="test_trace_id_unique_per_request" time="0.080" /><testcase classname="tests.test_logging_trace_id" name="test_trace_id_contextvars_reset_after_request" time="0.091" /><testcase classname="tests.test_logging_trace_id" name="test_trace_id_in_structlog_context_during_request" time="0.081" /><testcase classname="tests.test_n8n_workflow_contract" name="test_workflows_directory_is_present" time="0.076" /><testcase classname="tests.test_n8n_workflow_contract" name="test_extraction_is_not_vacuous" time="0.094" /><testcase classname="tests.test_n8n_workflow_contract" name="test_every_referenced_field_exists_in_the_payload" time="0.075" /><testcase classname="tests.test_n8n_workflow_contract" name="test_known_divergence_list_can_only_shrink" time="0.074" /><testcase classname="tests.test_n8n_workflow_contract" name="test_workflows_do_not_use_forbidden_field_names" time="0.097" /><testcase classname="tests.test_n8n_workflow_contract" name="test_payload_fields_match_the_declared_contract" time="0.098" /><testcase classname="tests.test_n8n_workflow_contract" name="test_extractor_detects_an_unknown_field" time="0.103" /><testcase classname="tests.test_n8n_workflow_contract" name="test_extractor_handles_the_expression_forms_in_use[={{ $json.body.severity }}]" time="0.086" /><testcase classname="tests.test_n8n_workflow_contract" name="test_extractor_handles_the_expression_forms_in_use[=[FIM] {{ $json.body.severity | upper }}: {{ $json.body.path }}]" time="0.076" /><testcase classname="tests.test_n8n_workflow_contract" name="test_extractor_handles_the_expression_forms_in_use[={{ $json.body.recipient || 'security@example.com' }}]" time="0.087" /><testcase classname="tests.test_notification_payload_contract" name="test_payload_carries_every_contract_field" time="0.088" /><testcase classname="tests.test_notification_payload_contract" name="test_payload_satisfies_rn53" time="0.086" /><testcase classname="tests.test_notification_payload_contract" name="test_envelope_is_flat_not_nested" time="0.077" /><testcase classname="tests.test_notification_payload_contract" name="test_path_is_canonical_name" time="0.075" /><testcase classname="tests.test_notification_payload_contract" name="test_absent_process_context_is_null_not_omitted" time="0.077" /><testcase classname="tests.test_notification_payload_contract" name="test_action_taken_is_not_a_second_copy_of_status[pending-None]" time="0.073" /><testcase classname="tests.test_notification_payload_contract" name="test_action_taken_is_not_a_second_copy_of_status[auto_restored-auto_restore]" time="0.074" /><testcase classname="tests.test_notification_payload_contract" name="test_action_taken_is_not_a_second_copy_of_status[quarantined-quarantine]" time="0.074" /><testcase classname="tests.test_notification_payload_contract" name="test_action_taken_is_not_a_second_copy_of_status[alert_only-alert_only]" time="0.085" /><testcase classname="tests.test_notification_payload_contract" name="test_notification_id_differs_between_notifications" time="0.098" /><testcase classname="tests.test_notification_payload_contract" name="test_notification_id_is_built_once_per_notify_event" time="0.086" /><testcase classname="tests.test_notifications" name="test_send_log_only_always_succeeds" time="0.085" /><testcase classname="tests.test_notifications" name="test_send_n8n_skipped_when_no_url" time="0.087" /><testcase classname="tests.test_notifications" name="test_send_n8n_success" time="0.074" /><testcase classname="tests.test_notifications" name="test_send_n8n_failure" time="0.089" /><testcase classname="tests.test_notifications" name="test_send_smtp_skipped_when_no_host" time="0.075" /><testcase classname="tests.test_notifications" name="test_send_webhook_fallback_skipped_when_no_url" time="0.080" /><testcase classname="tests.test_notifications" name="test_determine_severity_critical" time="0.113" /><testcase classname="tests.test_notifications" name="test_determine_severity_high_over_low" time="0.110" /><testcase classname="tests.test_notifications" name="test_determine_severity_no_match" time="0.119" /><testcase classname="tests.test_notifications" name="test_determine_severity_no_rules" time="0.113" /><testcase classname="tests.test_notifications" name="test_determine_severity_high_fixed_for_path_none" time="0.105" /><testcase classname="tests.test_notifications" name="test_notify_skip_superseded" time="0.121" /><testcase classname="tests.test_notifications" name="test_notify_skip_low_severity" time="0.132" /><testcase classname="tests.test_notifications" name="test_notify_skip_medium_severity" time="0.103" /><testcase classname="tests.test_notifications" name="test_notify_event_delivers_on_first_attempt" time="0.104" /><testcase classname="tests.test_notifications" name="test_notify_event_retry_3x_then_dlq" time="0.120" /><testcase classname="tests.test_notifications" name="test_log_only_no_entrega_si_hay_primarios_configurados" time="0.252" /><testcase classname="tests.test_notifications" name="test_get_failed_alerts_returns_only_failed" time="0.155" /><testcase classname="tests.test_notifications" name="test_get_failed_alerts_empty" time="0.136" /><testcase classname="tests.test_notifications" name="test_retry_alert_already_delivered" time="0.110" /><testcase classname="tests.test_notifications" name="test_retry_alert_not_found" time="0.110" /><testcase classname="tests.test_notifications" name="test_retry_alert_resets_dlq_state_and_reschedules" time="0.117" /><testcase classname="tests.test_notifications" name="test_retry_alert_delivers_and_leaves_the_dlq" time="0.104" /><testcase classname="tests.test_notifications" name="test_post_retry_alert_409_if_delivered" time="0.148" /><testcase classname="tests.test_notifications" name="test_post_retry_alert_404_if_not_found" time="0.122" /><testcase classname="tests.test_notifications" name="test_delete_alert_204" time="0.162" /><testcase classname="tests.test_notifications" name="test_delete_alert_404_if_not_found" time="0.133" /><testcase classname="tests.test_notifications" name="test_delete_alert_service" time="0.097" /><testcase classname="tests.test_notifications" name="test_health_all_ok" time="0.093" /><testcase classname="tests.test_notifications" name="test_health_valkey_down" time="0.088" /><testcase classname="tests.test_notifications" name="test_health_n8n_degraded_when_not_configured" time="0.100" /><testcase classname="tests.test_notifications" name="test_health_check_reads_health_url_not_webhook_url" time="0.089" /><testcase classname="tests.test_notifications" name="test_health_change_payload_carries_the_discriminator" time="0.088" /><testcase classname="tests.test_notifications" name="test_health_state_change_triggers_webhook" time="0.114" /><testcase classname="tests.test_notifications" name="test_health_no_webhook_on_first_call" time="0.099" /><testcase classname="tests.test_openspec_artifact_integrity" name="test_guard_script_exists" time="0.100" /><testcase classname="tests.test_openspec_artifact_integrity" name="test_main_specs_are_structurally_valid_and_complete" time="1.181" /><testcase classname="tests.test_openspec_artifact_integrity" name="test_guard_detects_a_deleted_requirement" time="0.082" /><testcase classname="tests.test_openspec_artifact_integrity" name="test_delta_header_detection_is_anchored" time="0.095" /><testcase classname="tests.test_published_command_ack_tracking" name="test_enqueue_update_config_creates_pending_command_without_advancing_version" time="0.110" /><testcase classname="tests.test_published_command_ack_tracking" name="test_update_agent_config_service_does_not_advance_ruleset_version_applied" time="0.102" /><testcase classname="tests.test_published_command_ack_tracking" name="test_enqueue_rescan_baseline_creates_pending_command" time="0.121" /><testcase classname="tests.test_published_command_ack_tracking" name="test_rule_sync_persists_with_null_ack_status" time="0.133" /><testcase classname="tests.test_published_command_ack_tracking" name="test_enqueue_restore_file_requires_caller_commit" time="0.107" /><testcase classname="tests.test_published_command_ack_tracking" name="test_enqueue_restore_file_persists_once_caller_commits" time="0.127" /><testcase classname="tests.test_retention_task" name="test_retention_deletes_old_terminal" time="0.121" /><testcase classname="tests.test_retention_task" name="test_retention_preserves_referenced_in_audit_log" time="0.105" /><testcase classname="tests.test_retention_task" name="test_retention_preserves_recent_terminal" time="0.089" /><testcase classname="tests.test_retention_task" name="test_retention_does_not_delete_pending" time="0.110" /><testcase classname="tests.test_rule_sync_outbox" name="test_create_rule_with_valkey_down_persists_pending_command" time="0.125" /><testcase classname="tests.test_rule_sync_outbox" name="test_pending_command_redelivered_when_valkey_recovers" time="0.114" /><testcase classname="tests.test_rule_sync_outbox" name="test_transient_failure_stops_batch_without_losing_pending_rows" time="0.139" /><testcase classname="tests.test_rule_sync_outbox" name="test_outbox_poller_survives_unexpected_exception" time="0.104" /><testcase classname="tests.test_rules_router" name="test_post_rules_no_auth_returns_401" time="0.111" /><testcase classname="tests.test_rules_router" name="test_get_rules_no_auth_returns_401" time="0.091" /><testcase classname="tests.test_rules_router" name="test_get_rule_by_id_no_auth_returns_401" time="0.093" /><testcase classname="tests.test_rules_router" name="test_put_rule_no_auth_returns_401" time="0.091" /><testcase classname="tests.test_rules_router" name="test_delete_rule_no_auth_returns_401" time="0.087" /><testcase classname="tests.test_rules_router" name="test_post_rules_non_admin_returns_403" time="0.096" /><testcase classname="tests.test_rules_router" name="test_put_rule_non_admin_returns_403" time="0.095" /><testcase classname="tests.test_rules_router" name="test_delete_rule_non_admin_returns_403" time="0.106" /><testcase classname="tests.test_rules_router" name="test_post_rules_invalid_severity_returns_422" time="0.086" /><testcase classname="tests.test_rules_router" name="test_post_rules_invalid_action_returns_422" time="0.096" /><testcase classname="tests.test_rules_router" name="test_post_rules_empty_pattern_returns_422" time="0.080" /><testcase classname="tests.test_rules_router" name="test_get_rule_not_found_returns_404" time="0.095" /><testcase classname="tests.test_rules_router" name="test_put_rule_not_found_returns_404" time="0.110" /><testcase classname="tests.test_rules_router" name="test_delete_rule_not_found_returns_404" time="0.102" /><testcase classname="tests.test_rules_router" name="test_post_rules_creates_rule_returns_201" time="0.096" /><testcase classname="tests.test_rules_router" name="test_get_rules_returns_200_with_auth" time="0.083" /><testcase classname="tests.test_rules_router" name="test_get_rules_list_is_sorted_by_severity" time="0.088" /><testcase classname="tests.test_rules_service.TestValidatePattern" name="test_valid_glob_star" time="0.086" /><testcase classname="tests.test_rules_service.TestValidatePattern" name="test_valid_glob_question" time="0.078" /><testcase classname="tests.test_rules_service.TestValidatePattern" name="test_valid_literal_path" time="0.098" /><testcase classname="tests.test_rules_service.TestValidatePattern" name="test_valid_bracket" time="0.094" /><testcase classname="tests.test_rules_service.TestValidatePattern" name="test_empty_string_raises" time="0.096" /><testcase classname="tests.test_rules_service.TestValidatePattern" name="test_whitespace_only_raises" time="0.079" /><testcase classname="tests.test_rules_service.TestIncrementRulesetVersion" name="test_creates_version_on_first_call" time="0.092" /><testcase classname="tests.test_rules_service.TestIncrementRulesetVersion" name="test_increments_monotonically" time="0.083" /><testcase classname="tests.test_rules_service.TestIncrementRulesetVersion" name="test_existing_row_is_reused" time="0.083" /><testcase classname="tests.test_rules_service.TestIncrementRulesetVersion" name="test_returns_new_value_not_old" time="0.090" /><testcase classname="tests.test_rules_service.TestPublishRuleSync" name="test_no_agents_returns_zero" time="0.105" /><testcase classname="tests.test_rules_service.TestPublishRuleSync" name="test_one_agent_publishes_one_message" time="0.109" /><testcase classname="tests.test_rules_service.TestPublishRuleSync" name="test_signature_is_verifiable" time="0.110" /><testcase classname="tests.test_rules_service.TestPublishRuleSync" name="test_target_agent_id_is_correct" time="0.091" /><testcase classname="tests.test_rules_service.TestPublishRuleSync" name="test_inserts_published_command_row" time="0.111" /><testcase classname="tests.test_rules_service.TestPublishRuleSync" name="test_two_agents_two_messages" time="0.094" /><testcase classname="tests.test_rules_service.TestPublishRuleSync" name="test_agent_without_secret_is_skipped" time="0.108" /><testcase classname="tests.test_rules_service.TestPublishRuleSync" name="test_rules_included_in_payload" time="0.109" /><testcase classname="tests.test_rules_service.TestWriteOperations" name="test_create_rule_writes_audit_log" time="0.096" /><testcase classname="tests.test_rules_service.TestWriteOperations" name="test_create_rule_increments_counter" time="0.105" /><testcase classname="tests.test_rules_service.TestWriteOperations" name="test_update_rule_writes_audit_log" time="0.114" /><testcase classname="tests.test_rules_service.TestWriteOperations" name="test_update_rule_persists_the_new_field_values" time="0.111" /><testcase classname="tests.test_rules_service.TestWriteOperations" name="test_update_rule_partial_payload_keeps_untouched_fields" time="0.110" /><testcase classname="tests.test_rules_service.TestWriteOperations" name="test_delete_rule_removes_the_row" time="0.124" /><testcase classname="tests.test_rules_service.TestWriteOperations" name="test_update_rule_increments_counter" time="0.119" /><testcase classname="tests.test_rules_service.TestWriteOperations" name="test_delete_rule_writes_audit_log" time="0.123" /><testcase classname="tests.test_rules_service.TestWriteOperations" name="test_delete_rule_increments_counter" time="0.101" /><testcase classname="tests.test_rules_service.TestWriteOperations" name="test_multiple_writes_increment_counter_each_time" time="0.107" /><testcase classname="tests.test_rules_service.TestWriteOperations" name="test_audit_log_target_type_is_rule" time="0.094" /><testcase classname="tests.test_rules_service.TestListRules" name="test_empty_returns_empty_list" time="0.085" /><testcase classname="tests.test_rules_service.TestListRules" name="test_order_critical_before_high_before_medium_before_low" time="0.084" /><testcase classname="tests.test_rules_service.TestListRules" name="test_same_severity_ordered_by_id" time="0.084" /><testcase classname="tests.test_rules_service.TestListRules" name="test_severity_order_constant_values" time="0.091" /><testcase classname="tests.test_ruleset_version_atomic" name="test_concurrent_increments_no_lost_update" time="0.084" /><testcase classname="tests.test_ruleset_version_atomic" name="test_actions_and_rules_share_single_implementation" time="0.076" /><testcase classname="tests.test_smtp_tls_modes" name="test_starttls_is_the_default_and_matches_previous_behaviour" time="0.111" /><testcase classname="tests.test_smtp_tls_modes" name="test_implicit_tls_for_smtps_relay" time="0.082" /><testcase classname="tests.test_smtp_tls_modes" name="test_implicit_tls_wins_when_starttls_left_at_default" time="0.073" /><testcase classname="tests.test_smtp_tls_modes" name="test_plain_relay_without_tls" time="0.099" /><testcase classname="tests.test_smtp_tls_modes" name="test_contradictory_config_is_rejected_without_sending" time="0.078" /><testcase classname="tests.test_smtp_tls_modes" name="test_missing_host_still_skips" time="0.078" /><testcase classname="tests.test_smtp_tls_modes" name="test_smtp_body_carries_the_full_contract_payload" time="0.089" /><testcase classname="tests.test_sse_alerts" name="test_broadcaster_publish_delivers_to_all_subscribers" time="0.089" /><testcase classname="tests.test_sse_alerts" name="test_broadcaster_unsubscribe_removes_queue" time="0.080" /><testcase classname="tests.test_sse_alerts" name="test_broadcaster_unsubscribe_idempotent" time="0.086" /><testcase classname="tests.test_sse_alerts" name="test_list_alerts_no_filters" time="0.097" /><testcase classname="tests.test_sse_alerts" name="test_list_alerts_filter_status_pending" time="0.096" /><testcase classname="tests.test_sse_alerts" name="test_list_alerts_filter_status_delivered" time="0.093" /><testcase classname="tests.test_sse_alerts" name="test_list_alerts_filter_status_failed" time="0.092" /><testcase classname="tests.test_sse_alerts" name="test_list_alerts_filter_severity_critical" time="0.095" /><testcase classname="tests.test_sse_alerts" name="test_list_alerts_pagination" time="0.106" /><testcase classname="tests.test_sse_alerts" name="test_list_alerts_empty" time="0.096" /><testcase classname="tests.test_sse_alerts" name="test_get_alerts_no_auth_returns_401" time="0.124" /><testcase classname="tests.test_sse_alerts" name="test_get_alerts_returns_all" time="0.136" /><testcase classname="tests.test_sse_alerts" name="test_get_alerts_filter_status_failed" time="0.147" /><testcase classname="tests.test_sse_alerts" name="test_get_alerts_filter_severity_high" time="0.151" /><testcase classname="tests.test_sse_alerts" name="test_get_alerts_serializa_status_derivado" time="0.150" /><testcase classname="tests.test_sse_alerts" name="test_get_alerts_status_delivered_gana_sobre_failed" time="0.146" /><testcase classname="tests.test_sse_alerts" name="test_get_failed_alerts_serializa_status" time="0.129" /><testcase classname="tests.test_sse_alerts" name="test_get_alerts_pagination" time="0.152" /><testcase classname="tests.test_sse_alerts" name="test_stream_alerts_invalid_token_returns_401" time="0.152" /><testcase classname="tests.test_sse_alerts" name="test_stream_alerts_no_token_returns_422" time="0.171" /><testcase classname="tests.test_sse_alerts" name="test_stream_alerts_valid_token_content_type" time="0.097" /><testcase classname="tests.test_sse_alerts" name="test_sse_replay_yields_missed_alerts" time="0.099" /><testcase classname="tests.test_sse_alerts" name="test_sse_no_last_event_id_no_replay" time="0.148" /><testcase classname="tests.test_sse_alerts" name="test_sse_replay_frames_carry_event_alert" time="0.112" /><testcase classname="tests.test_sse_alerts" name="test_sse_realtime_frame_carries_event_alert" time="0.137" /><testcase classname="tests.test_sse_alerts" name="test_sse_keepalive_frame_has_no_event_type" time="0.096" /><testcase classname="tests.test_sse_alerts" name="test_sse_replay_last_event_id_current_no_extra" time="0.159" /><testcase classname="tests.test_stream_ack_durability_consumer" name="test_detected_at_old_sent_at_recent_is_accepted" time="0.107" /><testcase classname="tests.test_stream_ack_durability_consumer" name="test_sent_at_out_of_range_rejected" time="0.113" /><testcase classname="tests.test_stream_ack_durability_consumer" name="test_sent_at_in_future_rejected" time="0.104" /><testcase classname="tests.test_stream_ack_durability_consumer" name="test_sent_at_unparseable_rejected" time="0.240" /><testcase classname="tests.test_stream_ack_durability_consumer" name="test_sent_at_at_299s_is_accepted" time="0.118" /><testcase classname="tests.test_stream_ack_durability_consumer" name="test_sent_at_at_301s_is_rejected" time="0.106" /><testcase classname="tests.test_stream_ack_durability_consumer" name="test_detected_at_fallback_boundary_at_299s_and_301s" time="0.117" /><testcase classname="tests.test_stream_ack_durability_consumer" name="test_sent_at_naive_interpreted_as_utc" time="0.102" /><testcase classname="tests.test_stream_ack_durability_consumer" name="test_no_sent_at_within_window_accepted" time="0.104" /><testcase classname="tests.test_stream_ack_durability_consumer" name="test_no_sent_at_old_detected_at_rejected" time="0.124" /><testcase classname="tests.test_stream_ack_durability_consumer" name="test_sent_at_altered_after_signing_is_invalid_signature" time="0.104" /><testcase classname="tests.test_stream_ack_durability_consumer" name="test_response_matrix_clock_skew_terminal_nack" time="0.121" /><testcase classname="tests.test_stream_ack_durability_consumer" name="test_response_matrix_rate_limited_nack_with_retry_after" time="0.097" /><testcase classname="tests.test_stream_ack_durability_consumer" name="test_response_matrix_invalid_signature_is_silent" time="0.115" /><testcase classname="tests.test_stream_ack_durability_consumer" name="test_response_matrix_unknown_agent_is_silent" time="0.093" /><testcase classname="tests.test_stream_ack_durability_consumer" name="test_response_matrix_revoked_agent_is_silent" time="0.090" /><testcase classname="tests.test_stream_ack_durability_consumer" name="test_response_matrix_empty_event_id_is_silent" time="0.108" /><testcase classname="tests.test_stream_ack_durability_consumer" name="test_schema_version_unsupported_known_agent_gets_signed_nack" time="0.123" /><testcase classname="tests.test_stream_ack_durability_consumer" name="test_schema_version_unsupported_unknown_agent_is_silent" time="0.104" /><testcase classname="tests.test_stream_ack_durability_consumer" name="test_invalid_schema_unparseable_known_agent_gets_signed_terminal_nack" time="0.110" /><testcase classname="tests.test_stream_ack_durability_consumer" name="test_invalid_schema_unknown_agent_is_silent" time="0.087" /><testcase classname="tests.test_stream_ack_durability_consumer" name="test_invalid_transition_error_terminal_nack" time="0.124" /><testcase classname="tests.test_stream_ack_durability_consumer" name="test_supersede_race_skip_gets_event_ack" time="0.093" /><testcase classname="tests.test_stream_ack_durability_consumer" name="test_sqlalchemy_error_no_xack_no_response" time="0.092" /><testcase classname="tests.test_stream_ack_durability_consumer" name="test_retry_after_budget_just_filled_close_to_full_window" time="0.072" /><testcase classname="tests.test_stream_ack_durability_consumer" name="test_retry_after_window_almost_expired_waits_briefly" time="0.073" /><testcase classname="tests.test_stream_ack_durability_consumer" name="test_retry_after_never_zero_or_negative" time="0.074" /><testcase classname="tests.test_stream_ack_durability_consumer" name="test_retry_after_zero_when_budget_available" time="0.077" /><testcase classname="tests.test_stream_ack_durability_consumer" name="test_reset_rate_limiter_clears_state" time="0.075" /><testcase classname="tests.test_stream_ack_durability_outbox" name="test_approve_pending_row_born_in_same_transaction" time="0.109" /><testcase classname="tests.test_stream_ack_durability_outbox" name="test_approve_valkey_down_leaves_event_approved_and_command_pending" time="0.140" /><testcase classname="tests.test_stream_ack_durability_outbox" name="test_reject_valkey_down_leaves_event_rejected_and_command_pending" time="0.124" /><testcase classname="tests.test_stream_ack_durability_outbox" name="test_approve_rollback_leaves_no_published_command_row" time="0.105" /><testcase classname="tests.test_stream_ack_durability_outbox" name="test_approve_without_secret_reverts_and_raises" time="0.115" /><testcase classname="tests.test_stream_ack_durability_outbox" name="test_reject_without_secret_reverts_and_raises" time="0.119" /><testcase classname="tests.test_stream_ack_durability_outbox" name="test_update_config_without_secret_reverts_and_raises" time="0.120" /><testcase classname="tests.test_stream_ack_durability_outbox" name="test_rescan_without_secret_reverts_and_raises" time="0.119" /><testcase classname="tests.test_stream_ack_durability_outbox" name="test_reject_baseline_absent_noop_enqueues_no_command" time="0.125" /><testcase classname="tests.test_timestamps_timezone_aware" name="test_schema_all_19_columns_are_timestamptz" time="0.098" /><testcase classname="tests.test_timestamps_timezone_aware" name="test_schema_no_column_is_left_without_a_zone" time="0.079" /><testcase classname="tests.test_timestamps_timezone_aware" name="test_serialized_instant_is_tzinfo_aware" time="0.100" /><testcase classname="tests.test_timestamps_timezone_aware" name="test_null_instant_serializes_as_null" time="0.125" /><testcase classname="tests.test_timestamps_timezone_aware" name="test_round_trip_preserves_the_known_instant" time="0.100" /><testcase classname="tests.test_timestamps_timezone_aware" name="test_equivalent_ranges_in_different_offsets_return_same_events" time="0.114" /><testcase classname="tests.test_timestamps_timezone_aware" name="test_naive_date_filter_is_read_as_utc" time="0.130" /><testcase classname="tests.test_timestamps_timezone_aware" name="test_boundary_events_are_included" time="0.122" /></testsuite></testsuites>