{"meta": {"format": 3, "version": "7.14.3", "timestamp": "2026-09-09T22:51:39.945704", "branch_coverage": false, "show_contexts": false}, "files": {"backend/app/__init__.py": {"executed_lines": [], "summary": {"covered_lines": 0, "num_statements": 0, "percent_covered": 100.0, "percent_covered_display": "100", "missing_lines": 0, "excluded_lines": 0, "percent_statements_covered": 100.0, "percent_statements_covered_display": "100"}, "missing_lines": [], "excluded_lines": [], "functions": {"": {"executed_lines": [], "summary": {"covered_lines": 0, "num_statements": 0, "percent_covered": 100.0, "percent_covered_display": "100", "missing_lines": 0, "excluded_lines": 0, "percent_statements_covered": 100.0, "percent_statements_covered_display": "100"}, "missing_lines": [], "excluded_lines": [], "start_line": 1}}, "classes": {"": {"executed_lines": [], "summary": {"covered_lines": 0, "num_statements": 0, "percent_covered": 100.0, "percent_covered_display": "100", "missing_lines": 0, "excluded_lines": 0, "percent_statements_covered": 100.0, "percent_statements_covered_display": "100"}, "missing_lines": [], "excluded_lines": [], "start_line": 1}}}, "backend/app/core/__init__.py": {"executed_lines": [], "summary": {"covered_lines": 0, "num_statements": 0, "percent_covered": 100.0, "percent_covered_display": "100", "missing_lines": 0, "excluded_lines": 0, "percent_statements_covered": 100.0, "percent_statements_covered_display": "100"}, "missing_lines": [], "excluded_lines": [], "functions": {"": {"executed_lines": [], "summary": {"covered_lines": 0, "num_statements": 0, "percent_covered": 100.0, "percent_covered_display": "100", "missing_lines": 0, "excluded_lines": 0, "percent_statements_covered": 100.0, "percent_statements_covered_display": "100"}, "missing_lines": [], "excluded_lines": [], "start_line": 1}}, "classes": {"": {"executed_lines": [], "summary": {"covered_lines": 0, "num_statements": 0, "percent_covered": 100.0, "percent_covered_display": "100", "missing_lines": 0, "excluded_lines": 0, "percent_statements_covered": 100.0, "percent_statements_covered_display": "100"}, "missing_lines": [], "excluded_lines": [], "start_line": 1}}}, "backend/app/core/audit.py": {"executed_lines": [1, 3, 6, 12, 13], "summary": {"covered_lines": 5, "num_statements": 5, "percent_covered": 100.0, "percent_covered_display": "100", "missing_lines": 0, "excluded_lines": 0, "percent_statements_covered": 100.0, "percent_statements_covered_display": "100"}, "missing_lines": [], "excluded_lines": [], "functions": {"write_audit_log": {"executed_lines": [12, 13], "summary": {"covered_lines": 2, "num_statements": 2, "percent_covered": 100.0, "percent_covered_display": "100", "missing_lines": 0, "excluded_lines": 0, "percent_statements_covered": 100.0, "percent_statements_covered_display": "100"}, "missing_lines": [], "excluded_lines": [], "start_line": 6}, "": {"executed_lines": [1, 3, 6], "summary": {"covered_lines": 3, "num_statements": 3, "percent_covered": 100.0, "percent_covered_display": "100", "missing_lines": 0, "excluded_lines": 0, "percent_statements_covered": 100.0, "percent_statements_covered_display": "100"}, "missing_lines": [], "excluded_lines": [], "start_line": 1}}, "classes": {"": {"executed_lines": [1, 3, 6, 12, 13], "summary": {"covered_lines": 5, "num_statements": 5, "percent_covered": 100.0, "percent_covered_display": "100", "missing_lines": 0, "excluded_lines": 0, "percent_statements_covered": 100.0, "percent_statements_covered_display": "100"}, "missing_lines": [], "excluded_lines": [], "start_line": 1}}}, "backend/app/core/config.py": {"executed_lines": [13, 14, 15, 16, 19, 20, 27, 28, 31, 32, 33, 34, 35, 38, 41, 42, 43, 44, 47, 48, 51, 52, 53, 63, 64, 68, 71, 82, 84, 85, 86, 87, 88, 89, 99, 100, 102, 104, 105, 109], "summary": {"covered_lines": 40, "num_statements": 40, "percent_covered": 100.0, "percent_covered_display": "100", "missing_lines": 0, "excluded_lines": 0, "percent_statements_covered": 100.0, "percent_statements_covered_display": "100"}, "missing_lines": [], "excluded_lines": [], "functions": {"Settings.get_allowed_origins": {"executed_lines": [105], "summary": {"covered_lines": 1, "num_statements": 1, "percent_covered": 100.0, "percent_covered_display": "100", "missing_lines": 0, "excluded_lines": 0, "percent_statements_covered": 100.0, "percent_statements_covered_display": "100"}, "missing_lines": [], "excluded_lines": [], "start_line": 104}, "": {"executed_lines": [13, 14, 15, 16, 19, 20, 27, 28, 31, 32, 33, 34, 35, 38, 41, 42, 43, 44, 47, 48, 51, 52, 53, 63, 64, 68, 71, 82, 84, 85, 86, 87, 88, 89, 99, 100, 102, 104, 109], "summary": {"covered_lines": 39, "num_statements": 39, "percent_covered": 100.0, "percent_covered_display": "100", "missing_lines": 0, "excluded_lines": 0, "percent_statements_covered": 100.0, "percent_statements_covered_display": "100"}, "missing_lines": [], "excluded_lines": [], "start_line": 1}}, "classes": {"Settings": {"executed_lines": [105], "summary": {"covered_lines": 1, "num_statements": 1, "percent_covered": 100.0, "percent_covered_display": "100", "missing_lines": 0, "excluded_lines": 0, "percent_statements_covered": 100.0, "percent_statements_covered_display": "100"}, "missing_lines": [], "excluded_lines": [], "start_line": 19}, "": {"executed_lines": [13, 14, 15, 16, 19, 20, 27, 28, 31, 32, 33, 34, 35, 38, 41, 42, 43, 44, 47, 48, 51, 52, 53, 63, 64, 68, 71, 82, 84, 85, 86, 87, 88, 89, 99, 100, 102, 104, 109], "summary": {"covered_lines": 39, "num_statements": 39, "percent_covered": 100.0, "percent_covered_display": "100", "missing_lines": 0, "excluded_lines": 0, "percent_statements_covered": 100.0, "percent_statements_covered_display": "100"}, "missing_lines": [], "excluded_lines": [], "start_line": 1}}}, "backend/app/core/database.py": {"executed_lines": [13, 15, 16, 18, 20, 27, 37, 38], "summary": {"covered_lines": 8, "num_statements": 8, "percent_covered": 100.0, "percent_covered_display": "100", "missing_lines": 0, "excluded_lines": 1, "percent_statements_covered": 100.0, "percent_statements_covered_display": "100"}, "missing_lines": [], "excluded_lines": [28], "functions": {"get_session": {"executed_lines": [37, 38], "summary": {"covered_lines": 2, "num_statements": 2, "percent_covered": 100.0, "percent_covered_display": "100", "missing_lines": 0, "excluded_lines": 1, "percent_statements_covered": 100.0, "percent_statements_covered_display": "100"}, "missing_lines": [], "excluded_lines": [28], "start_line": 27}, "": {"executed_lines": [13, 15, 16, 18, 20, 27], "summary": {"covered_lines": 6, "num_statements": 6, "percent_covered": 100.0, "percent_covered_display": "100", "missing_lines": 0, "excluded_lines": 0, "percent_statements_covered": 100.0, "percent_statements_covered_display": "100"}, "missing_lines": [], "excluded_lines": [], "start_line": 1}}, "classes": {"": {"executed_lines": [13, 15, 16, 18, 20, 27, 37, 38], "summary": {"covered_lines": 8, "num_statements": 8, "percent_covered": 100.0, "percent_covered_display": "100", "missing_lines": 0, "excluded_lines": 1, "percent_statements_covered": 100.0, "percent_statements_covered_display": "100"}, "missing_lines": [], "excluded_lines": [28], "start_line": 1}}}, "backend/app/core/deps.py": {"executed_lines": [15, 16, 17, 18, 20, 21, 22, 23, 24, 26, 28, 35, 39, 40, 44, 45, 51, 52, 53, 54, 55, 57, 58, 61, 63, 64, 67, 68, 71, 72, 73, 74, 78, 81, 82, 83, 87], "summary": {"covered_lines": 37, "num_statements": 41, "percent_covered": 90.2439024390244, "percent_covered_display": "90", "missing_lines": 4, "excluded_lines": 0, "percent_statements_covered": 90.2439024390244, "percent_statements_covered_display": "90"}, "missing_lines": [41, 42, 59, 65], "excluded_lines": [], "functions": {"get_current_user": {"executed_lines": [39, 40, 44, 45, 51, 52, 53, 54, 55, 57, 58, 61, 63, 64, 67, 68], "summary": {"covered_lines": 16, "num_statements": 20, "percent_covered": 80.0, "percent_covered_display": "80", "missing_lines": 4, "excluded_lines": 0, "percent_statements_covered": 80.0, "percent_statements_covered_display": "80"}, "missing_lines": [41, 42, 59, 65], "excluded_lines": [], "start_line": 35}, "require_full_access": {"executed_lines": [72, 73, 74, 78], "summary": {"covered_lines": 4, "num_statements": 4, "percent_covered": 100.0, "percent_covered_display": "100", "missing_lines": 0, "excluded_lines": 0, "percent_statements_covered": 100.0, "percent_statements_covered_display": "100"}, "missing_lines": [], "excluded_lines": [], "start_line": 71}, "require_admin": {"executed_lines": [82, 83, 87], "summary": {"covered_lines": 3, "num_statements": 3, "percent_covered": 100.0, "percent_covered_display": "100", "missing_lines": 0, "excluded_lines": 0, "percent_statements_covered": 100.0, "percent_statements_covered_display": "100"}, "missing_lines": [], "excluded_lines": [], "start_line": 81}, "": {"executed_lines": [15, 16, 17, 18, 20, 21, 22, 23, 24, 26, 28, 35, 71, 81], "summary": {"covered_lines": 14, "num_statements": 14, "percent_covered": 100.0, "percent_covered_display": "100", "missing_lines": 0, "excluded_lines": 0, "percent_statements_covered": 100.0, "percent_statements_covered_display": "100"}, "missing_lines": [], "excluded_lines": [], "start_line": 1}}, "classes": {"": {"executed_lines": [15, 16, 17, 18, 20, 21, 22, 23, 24, 26, 28, 35, 39, 40, 44, 45, 51, 52, 53, 54, 55, 57, 58, 61, 63, 64, 67, 68, 71, 72, 73, 74, 78, 81, 82, 83, 87], "summary": {"covered_lines": 37, "num_statements": 41, "percent_covered": 90.2439024390244, "percent_covered_display": "90", "missing_lines": 4, "excluded_lines": 0, "percent_statements_covered": 90.2439024390244, "percent_statements_covered_display": "90"}, "missing_lines": [41, 42, 59, 65], "excluded_lines": [], "start_line": 1}}}, "backend/app/core/health.py": {"executed_lines": [16, 18, 19, 20, 21, 23, 24, 26, 28, 30, 33, 34, 35, 36, 40, 42, 43, 44, 47, 60, 62, 63, 64, 68, 69, 70, 71, 74, 98, 99, 104, 106, 107, 108, 109, 110, 111, 112, 113, 114, 115, 116, 119, 124, 125, 129, 130, 136, 147, 150, 155, 157, 164, 173, 174, 175, 176, 177, 183, 184, 188, 195, 205, 209, 210], "summary": {"covered_lines": 65, "num_statements": 71, "percent_covered": 91.54929577464789, "percent_covered_display": "92", "missing_lines": 6, "excluded_lines": 0, "percent_statements_covered": 91.54929577464789, "percent_statements_covered_display": "92"}, "missing_lines": [49, 50, 54, 55, 56, 57], "excluded_lines": [], "functions": {"_fire_and_forget": {"executed_lines": [34, 35, 36], "summary": {"covered_lines": 3, "num_statements": 3, "percent_covered": 100.0, "percent_covered_display": "100", "missing_lines": 0, "excluded_lines": 0, "percent_statements_covered": 100.0, "percent_statements_covered_display": "100"}, "missing_lines": [], "excluded_lines": [], "start_line": 33}, "_check_postgres": {"executed_lines": [], "summary": {"covered_lines": 0, "num_statements": 6, "percent_covered": 0.0, "percent_covered_display": "0", "missing_lines": 6, "excluded_lines": 0, "percent_statements_covered": 0.0, "percent_statements_covered_display": "0"}, "missing_lines": [49, 50, 54, 55, 56, 57], "excluded_lines": [], "start_line": 47}, "_check_valkey": {"executed_lines": [62, 63, 64, 68, 69, 70, 71], "summary": {"covered_lines": 7, "num_statements": 7, "percent_covered": 100.0, "percent_covered_display": "100", "missing_lines": 0, "excluded_lines": 0, "percent_statements_covered": 100.0, "percent_statements_covered_display": "100"}, "missing_lines": [], "excluded_lines": [], "start_line": 60}, "_check_n8n": {"executed_lines": [98, 99, 104, 106, 107, 108, 109, 110, 111, 112, 113, 114, 115, 116], "summary": {"covered_lines": 14, "num_statements": 14, "percent_covered": 100.0, "percent_covered_display": "100", "missing_lines": 0, "excluded_lines": 0, "percent_statements_covered": 100.0, "percent_statements_covered_display": "100"}, "missing_lines": [], "excluded_lines": [], "start_line": 74}, "_check_agents": {"executed_lines": [124, 125, 129, 130], "summary": {"covered_lines": 4, "num_statements": 4, "percent_covered": 100.0, "percent_covered_display": "100", "missing_lines": 0, "excluded_lines": 0, "percent_statements_covered": 100.0, "percent_statements_covered_display": "100"}, "missing_lines": [], "excluded_lines": [], "start_line": 119}, "check_components": {"executed_lines": [147, 150, 155, 157, 164, 173, 174, 175, 176, 177, 183, 184, 188, 195, 205, 209, 210], "summary": {"covered_lines": 17, "num_statements": 17, "percent_covered": 100.0, "percent_covered_display": "100", "missing_lines": 0, "excluded_lines": 0, "percent_statements_covered": 100.0, "percent_statements_covered_display": "100"}, "missing_lines": [], "excluded_lines": [], "start_line": 136}, "": {"executed_lines": [16, 18, 19, 20, 21, 23, 24, 26, 28, 30, 33, 40, 42, 43, 44, 47, 60, 74, 119, 136], "summary": {"covered_lines": 20, "num_statements": 20, "percent_covered": 100.0, "percent_covered_display": "100", "missing_lines": 0, "excluded_lines": 0, "percent_statements_covered": 100.0, "percent_statements_covered_display": "100"}, "missing_lines": [], "excluded_lines": [], "start_line": 1}}, "classes": {"": {"executed_lines": [16, 18, 19, 20, 21, 23, 24, 26, 28, 30, 33, 34, 35, 36, 40, 42, 43, 44, 47, 60, 62, 63, 64, 68, 69, 70, 71, 74, 98, 99, 104, 106, 107, 108, 109, 110, 111, 112, 113, 114, 115, 116, 119, 124, 125, 129, 130, 136, 147, 150, 155, 157, 164, 173, 174, 175, 176, 177, 183, 184, 188, 195, 205, 209, 210], "summary": {"covered_lines": 65, "num_statements": 71, "percent_covered": 91.54929577464789, "percent_covered_display": "92", "missing_lines": 6, "excluded_lines": 0, "percent_statements_covered": 91.54929577464789, "percent_statements_covered_display": "92"}, "missing_lines": [49, 50, 54, 55, 56, 57], "excluded_lines": [], "start_line": 1}}}, "backend/app/core/logging.py": {"executed_lines": [13, 15, 16, 17, 19, 20, 21, 22, 23, 25, 31, 44, 61, 62, 63, 64, 67, 70, 83, 84, 88, 89, 90, 93, 105, 111, 127, 131, 174, 190], "summary": {"covered_lines": 30, "num_statements": 35, "percent_covered": 85.71428571428571, "percent_covered_display": "86", "missing_lines": 5, "excluded_lines": 0, "percent_statements_covered": 85.71428571428571, "percent_statements_covered_display": "86"}, "missing_lines": [71, 73, 75, 80, 81], "excluded_lines": [], "functions": {"_redact_value": {"executed_lines": [70, 83, 84, 88, 89, 90], "summary": {"covered_lines": 6, "num_statements": 11, "percent_covered": 54.54545454545455, "percent_covered_display": "55", "missing_lines": 5, "excluded_lines": 0, "percent_statements_covered": 54.54545454545455, "percent_statements_covered_display": "55"}, "missing_lines": [71, 73, 75, 80, 81], "excluded_lines": [], "start_line": 67}, "sanitize_secrets": {"executed_lines": [105], "summary": {"covered_lines": 1, "num_statements": 1, "percent_covered": 100.0, "percent_covered_display": "100", "missing_lines": 0, "excluded_lines": 0, "percent_statements_covered": 100.0, "percent_statements_covered_display": "100"}, "missing_lines": [], "excluded_lines": [], "start_line": 93}, "configure_logging": {"executed_lines": [127, 131, 174], "summary": {"covered_lines": 3, "num_statements": 3, "percent_covered": 100.0, "percent_covered_display": "100", "missing_lines": 0, "excluded_lines": 0, "percent_statements_covered": 100.0, "percent_statements_covered_display": "100"}, "missing_lines": [], "excluded_lines": [], "start_line": 111}, "": {"executed_lines": [13, 15, 16, 17, 19, 20, 21, 22, 23, 25, 31, 44, 61, 62, 63, 64, 67, 93, 111, 190], "summary": {"covered_lines": 20, "num_statements": 20, "percent_covered": 100.0, "percent_covered_display": "100", "missing_lines": 0, "excluded_lines": 0, "percent_statements_covered": 100.0, "percent_statements_covered_display": "100"}, "missing_lines": [], "excluded_lines": [], "start_line": 1}}, "classes": {"": {"executed_lines": [13, 15, 16, 17, 19, 20, 21, 22, 23, 25, 31, 44, 61, 62, 63, 64, 67, 70, 83, 84, 88, 89, 90, 93, 105, 111, 127, 131, 174, 190], "summary": {"covered_lines": 30, "num_statements": 35, "percent_covered": 85.71428571428571, "percent_covered_display": "86", "missing_lines": 5, "excluded_lines": 0, "percent_statements_covered": 85.71428571428571, "percent_statements_covered_display": "86"}, "missing_lines": [71, 73, 75, 80, 81], "excluded_lines": [], "start_line": 1}}}, "backend/app/core/middleware/__init__.py": {"executed_lines": [1, 2, 4], "summary": {"covered_lines": 3, "num_statements": 3, "percent_covered": 100.0, "percent_covered_display": "100", "missing_lines": 0, "excluded_lines": 0, "percent_statements_covered": 100.0, "percent_statements_covered_display": "100"}, "missing_lines": [], "excluded_lines": [], "functions": {"": {"executed_lines": [1, 2, 4], "summary": {"covered_lines": 3, "num_statements": 3, "percent_covered": 100.0, "percent_covered_display": "100", "missing_lines": 0, "excluded_lines": 0, "percent_statements_covered": 100.0, "percent_statements_covered_display": "100"}, "missing_lines": [], "excluded_lines": [], "start_line": 1}}, "classes": {"": {"executed_lines": [1, 2, 4], "summary": {"covered_lines": 3, "num_statements": 3, "percent_covered": 100.0, "percent_covered_display": "100", "missing_lines": 0, "excluded_lines": 0, "percent_statements_covered": 100.0, "percent_statements_covered_display": "100"}, "missing_lines": [], "excluded_lines": [], "start_line": 1}}}, "backend/app/core/middleware/cors.py": {"executed_lines": [9, 10, 11, 13, 16, 24, 25, 26, 28, 29, 30, 31, 38, 42, 44, 45, 46, 47, 48, 50], "summary": {"covered_lines": 20, "num_statements": 22, "percent_covered": 90.9090909090909, "percent_covered_display": "91", "missing_lines": 2, "excluded_lines": 0, "percent_statements_covered": 90.9090909090909, "percent_statements_covered_display": "91"}, "missing_lines": [39, 40], "excluded_lines": [], "functions": {"CORSOriginMiddleware.dispatch": {"executed_lines": [26, 28, 29, 30, 31, 38, 42, 44, 45, 46, 47, 48, 50], "summary": {"covered_lines": 13, "num_statements": 15, "percent_covered": 86.66666666666667, "percent_covered_display": "87", "missing_lines": 2, "excluded_lines": 0, "percent_statements_covered": 86.66666666666667, "percent_statements_covered_display": "87"}, "missing_lines": [39, 40], "excluded_lines": [], "start_line": 25}, "": {"executed_lines": [9, 10, 11, 13, 16, 24, 25], "summary": {"covered_lines": 7, "num_statements": 7, "percent_covered": 100.0, "percent_covered_display": "100", "missing_lines": 0, "excluded_lines": 0, "percent_statements_covered": 100.0, "percent_statements_covered_display": "100"}, "missing_lines": [], "excluded_lines": [], "start_line": 1}}, "classes": {"CORSOriginMiddleware": {"executed_lines": [26, 28, 29, 30, 31, 38, 42, 44, 45, 46, 47, 48, 50], "summary": {"covered_lines": 13, "num_statements": 15, "percent_covered": 86.66666666666667, "percent_covered_display": "87", "missing_lines": 2, "excluded_lines": 0, "percent_statements_covered": 86.66666666666667, "percent_statements_covered_display": "87"}, "missing_lines": [39, 40], "excluded_lines": [], "start_line": 24}, "": {"executed_lines": [9, 10, 11, 13, 16, 24, 25], "summary": {"covered_lines": 7, "num_statements": 7, "percent_covered": 100.0, "percent_covered_display": "100", "missing_lines": 0, "excluded_lines": 0, "percent_statements_covered": 100.0, "percent_statements_covered_display": "100"}, "missing_lines": [], "excluded_lines": [], "start_line": 1}}}, "backend/app/core/middleware/sanitize_logs.py": {"executed_lines": [21, 24], "summary": {"covered_lines": 2, "num_statements": 3, "percent_covered": 66.66666666666667, "percent_covered_display": "67", "missing_lines": 1, "excluded_lines": 0, "percent_statements_covered": 66.66666666666667, "percent_statements_covered_display": "67"}, "missing_lines": [34], "excluded_lines": [], "functions": {"configure_log_sanitizer": {"executed_lines": [], "summary": {"covered_lines": 0, "num_statements": 1, "percent_covered": 0.0, "percent_covered_display": "0", "missing_lines": 1, "excluded_lines": 0, "percent_statements_covered": 0.0, "percent_statements_covered_display": "0"}, "missing_lines": [34], "excluded_lines": [], "start_line": 24}, "": {"executed_lines": [21, 24], "summary": {"covered_lines": 2, "num_statements": 2, "percent_covered": 100.0, "percent_covered_display": "100", "missing_lines": 0, "excluded_lines": 0, "percent_statements_covered": 100.0, "percent_statements_covered_display": "100"}, "missing_lines": [], "excluded_lines": [], "start_line": 1}}, "classes": {"": {"executed_lines": [21, 24], "summary": {"covered_lines": 2, "num_statements": 3, "percent_covered": 66.66666666666667, "percent_covered_display": "67", "missing_lines": 1, "excluded_lines": 0, "percent_statements_covered": 66.66666666666667, "percent_statements_covered_display": "67"}, "missing_lines": [34], "excluded_lines": [], "start_line": 1}}}, "backend/app/core/middleware/trace_id.py": {"executed_lines": [18, 19, 20, 22, 23, 24, 25, 26, 30, 33, 42, 43, 45, 46, 48, 49, 51, 55, 58, 60, 61, 62, 63, 64, 65, 67, 68, 70, 71], "summary": {"covered_lines": 29, "num_statements": 29, "percent_covered": 100.0, "percent_covered_display": "100", "missing_lines": 0, "excluded_lines": 0, "percent_statements_covered": 100.0, "percent_statements_covered_display": "100"}, "missing_lines": [], "excluded_lines": [], "functions": {"TraceIdMiddleware.__init__": {"executed_lines": [43], "summary": {"covered_lines": 1, "num_statements": 1, "percent_covered": 100.0, "percent_covered_display": "100", "missing_lines": 0, "excluded_lines": 0, "percent_statements_covered": 100.0, "percent_statements_covered_display": "100"}, "missing_lines": [], "excluded_lines": [], "start_line": 42}, "TraceIdMiddleware.__call__": {"executed_lines": [46, 48, 49, 51, 55, 58, 60, 67, 68, 70, 71], "summary": {"covered_lines": 11, "num_statements": 11, "percent_covered": 100.0, "percent_covered_display": "100", "missing_lines": 0, "excluded_lines": 0, "percent_statements_covered": 100.0, "percent_statements_covered_display": "100"}, "missing_lines": [], "excluded_lines": [], "start_line": 45}, "TraceIdMiddleware.__call__.send_with_trace": {"executed_lines": [61, 62, 63, 64, 65], "summary": {"covered_lines": 5, "num_statements": 5, "percent_covered": 100.0, "percent_covered_display": "100", "missing_lines": 0, "excluded_lines": 0, "percent_statements_covered": 100.0, "percent_statements_covered_display": "100"}, "missing_lines": [], "excluded_lines": [], "start_line": 60}, "": {"executed_lines": [18, 19, 20, 22, 23, 24, 25, 26, 30, 33, 42, 45], "summary": {"covered_lines": 12, "num_statements": 12, "percent_covered": 100.0, "percent_covered_display": "100", "missing_lines": 0, "excluded_lines": 0, "percent_statements_covered": 100.0, "percent_statements_covered_display": "100"}, "missing_lines": [], "excluded_lines": [], "start_line": 1}}, "classes": {"TraceIdMiddleware": {"executed_lines": [43, 46, 48, 49, 51, 55, 58, 60, 61, 62, 63, 64, 65, 67, 68, 70, 71], "summary": {"covered_lines": 17, "num_statements": 17, "percent_covered": 100.0, "percent_covered_display": "100", "missing_lines": 0, "excluded_lines": 0, "percent_statements_covered": 100.0, "percent_statements_covered_display": "100"}, "missing_lines": [], "excluded_lines": [], "start_line": 33}, "": {"executed_lines": [18, 19, 20, 22, 23, 24, 25, 26, 30, 33, 42, 45], "summary": {"covered_lines": 12, "num_statements": 12, "percent_covered": 100.0, "percent_covered_display": "100", "missing_lines": 0, "excluded_lines": 0, "percent_statements_covered": 100.0, "percent_statements_covered_display": "100"}, "missing_lines": [], "excluded_lines": [], "start_line": 1}}}, "backend/app/core/pki.py": {"executed_lines": [6, 8, 9, 10, 11, 12, 14, 15, 16, 17, 19, 24, 25, 28, 39, 46, 50, 51, 53, 80, 82, 86, 127, 165, 177, 190, 192, 193, 194, 196, 197, 198, 200, 211, 212, 213, 214], "summary": {"covered_lines": 37, "num_statements": 77, "percent_covered": 48.05194805194805, "percent_covered_display": "48", "missing_lines": 40, "excluded_lines": 2, "percent_statements_covered": 48.05194805194805, "percent_statements_covered_display": "48"}, "missing_lines": [29, 30, 31, 32, 33, 34, 35, 36, 47, 48, 54, 55, 61, 62, 66, 77, 78, 83, 92, 93, 95, 96, 98, 99, 101, 102, 108, 109, 123, 124, 129, 130, 131, 133, 134, 162, 167, 169, 171, 174], "excluded_lines": [21, 22], "functions": {"_write_pem": {"executed_lines": [], "summary": {"covered_lines": 0, "num_statements": 8, "percent_covered": 0.0, "percent_covered_display": "0", "missing_lines": 8, "excluded_lines": 0, "percent_statements_covered": 0.0, "percent_statements_covered_display": "0"}, "missing_lines": [29, 30, 31, 32, 33, 34, 35, 36], "excluded_lines": [], "start_line": 28}, "ensure_ca": {"executed_lines": [46, 50, 51, 53, 80, 82], "summary": {"covered_lines": 6, "num_statements": 16, "percent_covered": 37.5, "percent_covered_display": "38", "missing_lines": 10, "excluded_lines": 0, "percent_statements_covered": 37.5, "percent_statements_covered_display": "38"}, "missing_lines": [47, 48, 54, 55, 61, 62, 66, 77, 78, 83], "excluded_lines": [], "start_line": 39}, "_ensure_backend_cert": {"executed_lines": [], "summary": {"covered_lines": 0, "num_statements": 12, "percent_covered": 0.0, "percent_covered_display": "0", "missing_lines": 12, "excluded_lines": 0, "percent_statements_covered": 0.0, "percent_statements_covered_display": "0"}, "missing_lines": [92, 93, 95, 96, 98, 99, 101, 102, 108, 109, 123, 124], "excluded_lines": [], "start_line": 86}, "issue_certificate": {"executed_lines": [], "summary": {"covered_lines": 0, "num_statements": 6, "percent_covered": 0.0, "percent_covered_display": "0", "missing_lines": 6, "excluded_lines": 0, "percent_statements_covered": 0.0, "percent_statements_covered_display": "0"}, "missing_lines": [129, 130, 131, 133, 134, 162], "excluded_lines": [], "start_line": 127}, "is_revoked": {"executed_lines": [], "summary": {"covered_lines": 0, "num_statements": 4, "percent_covered": 0.0, "percent_covered_display": "0", "missing_lines": 4, "excluded_lines": 0, "percent_statements_covered": 0.0, "percent_statements_covered_display": "0"}, "missing_lines": [167, 169, 171, 174], "excluded_lines": [], "start_line": 165}, "start_mtls_server": {"executed_lines": [190, 192, 193, 194, 196, 197, 198, 200, 211, 212, 213, 214], "summary": {"covered_lines": 12, "num_statements": 12, "percent_covered": 100.0, "percent_covered_display": "100", "missing_lines": 0, "excluded_lines": 0, "percent_statements_covered": 100.0, "percent_statements_covered_display": "100"}, "missing_lines": [], "excluded_lines": [], "start_line": 177}, "": {"executed_lines": [6, 8, 9, 10, 11, 12, 14, 15, 16, 17, 19, 24, 25, 28, 39, 86, 127, 165, 177], "summary": {"covered_lines": 19, "num_statements": 19, "percent_covered": 100.0, "percent_covered_display": "100", "missing_lines": 0, "excluded_lines": 2, "percent_statements_covered": 100.0, "percent_statements_covered_display": "100"}, "missing_lines": [], "excluded_lines": [21, 22], "start_line": 1}}, "classes": {"": {"executed_lines": [6, 8, 9, 10, 11, 12, 14, 15, 16, 17, 19, 24, 25, 28, 39, 46, 50, 51, 53, 80, 82, 86, 127, 165, 177, 190, 192, 193, 194, 196, 197, 198, 200, 211, 212, 213, 214], "summary": {"covered_lines": 37, "num_statements": 77, "percent_covered": 48.05194805194805, "percent_covered_display": "48", "missing_lines": 40, "excluded_lines": 2, "percent_statements_covered": 48.05194805194805, "percent_statements_covered_display": "48"}, "missing_lines": [29, 30, 31, 32, 33, 34, 35, 36, 47, 48, 54, 55, 61, 62, 66, 77, 78, 83, 92, 93, 95, 96, 98, 99, 101, 102, 108, 109, 123, 124, 129, 130, 131, 133, 134, 162, 167, 169, 171, 174], "excluded_lines": [21, 22], "start_line": 1}}}, "backend/app/core/rate_limit.py": {"executed_lines": [29, 31, 33, 34, 37, 38, 39, 40, 41, 42, 43, 44, 47, 48, 49, 56, 57, 58, 59, 60, 61, 62, 63, 66, 67, 68], "summary": {"covered_lines": 26, "num_statements": 26, "percent_covered": 100.0, "percent_covered_display": "100", "missing_lines": 0, "excluded_lines": 0, "percent_statements_covered": 100.0, "percent_statements_covered_display": "100"}, "missing_lines": [], "excluded_lines": [], "functions": {"check_login_rate_limit": {"executed_lines": [38, 39, 40, 41, 42, 43, 44, 47, 48, 49], "summary": {"covered_lines": 10, "num_statements": 10, "percent_covered": 100.0, "percent_covered_display": "100", "missing_lines": 0, "excluded_lines": 0, "percent_statements_covered": 100.0, "percent_statements_covered_display": "100"}, "missing_lines": [], "excluded_lines": [], "start_line": 37}, "check_api_rate_limit": {"executed_lines": [57, 58, 59, 60, 61, 62, 63, 66, 67, 68], "summary": {"covered_lines": 10, "num_statements": 10, "percent_covered": 100.0, "percent_covered_display": "100", "missing_lines": 0, "excluded_lines": 0, "percent_statements_covered": 100.0, "percent_statements_covered_display": "100"}, "missing_lines": [], "excluded_lines": [], "start_line": 56}, "": {"executed_lines": [29, 31, 33, 34, 37, 56], "summary": {"covered_lines": 6, "num_statements": 6, "percent_covered": 100.0, "percent_covered_display": "100", "missing_lines": 0, "excluded_lines": 0, "percent_statements_covered": 100.0, "percent_statements_covered_display": "100"}, "missing_lines": [], "excluded_lines": [], "start_line": 1}}, "classes": {"": {"executed_lines": [29, 31, 33, 34, 37, 38, 39, 40, 41, 42, 43, 44, 47, 48, 49, 56, 57, 58, 59, 60, 61, 62, 63, 66, 67, 68], "summary": {"covered_lines": 26, "num_statements": 26, "percent_covered": 100.0, "percent_covered_display": "100", "missing_lines": 0, "excluded_lines": 0, "percent_statements_covered": 100.0, "percent_statements_covered_display": "100"}, "missing_lines": [], "excluded_lines": [], "start_line": 1}}}, "backend/app/core/security.py": {"executed_lines": [12, 13, 15, 16, 17, 19, 21, 23, 24, 25, 28, 34, 35, 43, 44, 45, 48, 49, 50, 57, 60, 62, 63, 64, 65, 66, 70, 71, 74, 75, 76, 77, 78, 79, 82, 84, 85, 86], "summary": {"covered_lines": 38, "num_statements": 39, "percent_covered": 97.43589743589743, "percent_covered_display": "97", "missing_lines": 1, "excluded_lines": 0, "percent_statements_covered": 97.43589743589743, "percent_statements_covered_display": "97"}, "missing_lines": [67], "excluded_lines": [], "functions": {"create_access_token": {"executed_lines": [34, 35, 43, 44, 45], "summary": {"covered_lines": 5, "num_statements": 5, "percent_covered": 100.0, "percent_covered_display": "100", "missing_lines": 0, "excluded_lines": 0, "percent_statements_covered": 100.0, "percent_statements_covered_display": "100"}, "missing_lines": [], "excluded_lines": [], "start_line": 28}, "create_refresh_token": {"executed_lines": [49, 50, 57], "summary": {"covered_lines": 3, "num_statements": 3, "percent_covered": 100.0, "percent_covered_display": "100", "missing_lines": 0, "excluded_lines": 0, "percent_statements_covered": 100.0, "percent_statements_covered_display": "100"}, "missing_lines": [], "excluded_lines": [], "start_line": 48}, "decode_token": {"executed_lines": [62, 63, 64, 65, 66], "summary": {"covered_lines": 5, "num_statements": 6, "percent_covered": 83.33333333333333, "percent_covered_display": "83", "missing_lines": 1, "excluded_lines": 0, "percent_statements_covered": 83.33333333333333, "percent_statements_covered_display": "83"}, "missing_lines": [67], "excluded_lines": [], "start_line": 60}, "hash_password": {"executed_lines": [71], "summary": {"covered_lines": 1, "num_statements": 1, "percent_covered": 100.0, "percent_covered_display": "100", "missing_lines": 0, "excluded_lines": 0, "percent_statements_covered": 100.0, "percent_statements_covered_display": "100"}, "missing_lines": [], "excluded_lines": [], "start_line": 70}, "verify_password": {"executed_lines": [75, 76, 77, 78, 79], "summary": {"covered_lines": 5, "num_statements": 5, "percent_covered": 100.0, "percent_covered_display": "100", "missing_lines": 0, "excluded_lines": 0, "percent_statements_covered": 100.0, "percent_statements_covered_display": "100"}, "missing_lines": [], "excluded_lines": [], "start_line": 74}, "blacklist_token": {"executed_lines": [84, 85, 86], "summary": {"covered_lines": 3, "num_statements": 3, "percent_covered": 100.0, "percent_covered_display": "100", "missing_lines": 0, "excluded_lines": 0, "percent_statements_covered": 100.0, "percent_statements_covered_display": "100"}, "missing_lines": [], "excluded_lines": [], "start_line": 82}, "": {"executed_lines": [12, 13, 15, 16, 17, 19, 21, 23, 24, 25, 28, 48, 60, 70, 74, 82], "summary": {"covered_lines": 16, "num_statements": 16, "percent_covered": 100.0, "percent_covered_display": "100", "missing_lines": 0, "excluded_lines": 0, "percent_statements_covered": 100.0, "percent_statements_covered_display": "100"}, "missing_lines": [], "excluded_lines": [], "start_line": 1}}, "classes": {"": {"executed_lines": [12, 13, 15, 16, 17, 19, 21, 23, 24, 25, 28, 34, 35, 43, 44, 45, 48, 49, 50, 57, 60, 62, 63, 64, 65, 66, 70, 71, 74, 75, 76, 77, 78, 79, 82, 84, 85, 86], "summary": {"covered_lines": 38, "num_statements": 39, "percent_covered": 97.43589743589743, "percent_covered_display": "97", "missing_lines": 1, "excluded_lines": 0, "percent_statements_covered": 97.43589743589743, "percent_statements_covered_display": "97"}, "missing_lines": [67], "excluded_lines": [], "start_line": 1}}}, "backend/app/core/streams.py": {"executed_lines": [8, 10, 11, 12, 13, 15, 17, 18, 19, 20, 21, 22, 25, 27, 28, 31, 33, 34, 37, 39, 40, 41, 44, 61, 62, 63, 64, 65], "summary": {"covered_lines": 28, "num_statements": 28, "percent_covered": 100.0, "percent_covered_display": "100", "missing_lines": 0, "excluded_lines": 0, "percent_statements_covered": 100.0, "percent_statements_covered_display": "100"}, "missing_lines": [], "excluded_lines": [], "functions": {"canonical_json": {"executed_lines": [27, 28], "summary": {"covered_lines": 2, "num_statements": 2, "percent_covered": 100.0, "percent_covered_display": "100", "missing_lines": 0, "excluded_lines": 0, "percent_statements_covered": 100.0, "percent_statements_covered_display": "100"}, "missing_lines": [], "excluded_lines": [], "start_line": 25}, "sign_payload": {"executed_lines": [33, 34], "summary": {"covered_lines": 2, "num_statements": 2, "percent_covered": 100.0, "percent_covered_display": "100", "missing_lines": 0, "excluded_lines": 0, "percent_statements_covered": 100.0, "percent_statements_covered_display": "100"}, "missing_lines": [], "excluded_lines": [], "start_line": 31}, "verify_payload": {"executed_lines": [39, 40, 41], "summary": {"covered_lines": 3, "num_statements": 3, "percent_covered": 100.0, "percent_covered_display": "100", "missing_lines": 0, "excluded_lines": 0, "percent_statements_covered": 100.0, "percent_statements_covered_display": "100"}, "missing_lines": [], "excluded_lines": [], "start_line": 37}, "check_schema_version": {"executed_lines": [61, 62, 63, 64, 65], "summary": {"covered_lines": 5, "num_statements": 5, "percent_covered": 100.0, "percent_covered_display": "100", "missing_lines": 0, "excluded_lines": 0, "percent_statements_covered": 100.0, "percent_statements_covered_display": "100"}, "missing_lines": [], "excluded_lines": [], "start_line": 44}, "": {"executed_lines": [8, 10, 11, 12, 13, 15, 17, 18, 19, 20, 21, 22, 25, 31, 37, 44], "summary": {"covered_lines": 16, "num_statements": 16, "percent_covered": 100.0, "percent_covered_display": "100", "missing_lines": 0, "excluded_lines": 0, "percent_statements_covered": 100.0, "percent_statements_covered_display": "100"}, "missing_lines": [], "excluded_lines": [], "start_line": 1}}, "classes": {"": {"executed_lines": [8, 10, 11, 12, 13, 15, 17, 18, 19, 20, 21, 22, 25, 27, 28, 31, 33, 34, 37, 39, 40, 41, 44, 61, 62, 63, 64, 65], "summary": {"covered_lines": 28, "num_statements": 28, "percent_covered": 100.0, "percent_covered_display": "100", "missing_lines": 0, "excluded_lines": 0, "percent_statements_covered": 100.0, "percent_statements_covered_display": "100"}, "missing_lines": [], "excluded_lines": [], "start_line": 1}}}, "backend/app/core/valkey.py": {"executed_lines": [12, 14, 15, 17, 18, 21, 23, 26, 28, 29, 30, 33, 34, 36, 39, 41, 44, 46, 47, 48, 51, 52, 54], "summary": {"covered_lines": 23, "num_statements": 25, "percent_covered": 92.0, "percent_covered_display": "92", "missing_lines": 2, "excluded_lines": 0, "percent_statements_covered": 92.0, "percent_statements_covered_display": "92"}, "missing_lines": [35, 53], "excluded_lines": [], "functions": {"init_valkey": {"executed_lines": [23], "summary": {"covered_lines": 1, "num_statements": 1, "percent_covered": 100.0, "percent_covered_display": "100", "missing_lines": 0, "excluded_lines": 0, "percent_statements_covered": 100.0, "percent_statements_covered_display": "100"}, "missing_lines": [], "excluded_lines": [], "start_line": 21}, "close_valkey": {"executed_lines": [28, 29, 30], "summary": {"covered_lines": 3, "num_statements": 3, "percent_covered": 100.0, "percent_covered_display": "100", "missing_lines": 0, "excluded_lines": 0, "percent_statements_covered": 100.0, "percent_statements_covered_display": "100"}, "missing_lines": [], "excluded_lines": [], "start_line": 26}, "get_valkey_client": {"executed_lines": [34, 36], "summary": {"covered_lines": 2, "num_statements": 3, "percent_covered": 66.66666666666667, "percent_covered_display": "67", "missing_lines": 1, "excluded_lines": 0, "percent_statements_covered": 66.66666666666667, "percent_statements_covered_display": "67"}, "missing_lines": [35], "excluded_lines": [], "start_line": 33}, "init_async_valkey": {"executed_lines": [41], "summary": {"covered_lines": 1, "num_statements": 1, "percent_covered": 100.0, "percent_covered_display": "100", "missing_lines": 0, "excluded_lines": 0, "percent_statements_covered": 100.0, "percent_statements_covered_display": "100"}, "missing_lines": [], "excluded_lines": [], "start_line": 39}, "close_async_valkey": {"executed_lines": [46, 47, 48], "summary": {"covered_lines": 3, "num_statements": 3, "percent_covered": 100.0, "percent_covered_display": "100", "missing_lines": 0, "excluded_lines": 0, "percent_statements_covered": 100.0, "percent_statements_covered_display": "100"}, "missing_lines": [], "excluded_lines": [], "start_line": 44}, "get_async_valkey_client": {"executed_lines": [52, 54], "summary": {"covered_lines": 2, "num_statements": 3, "percent_covered": 66.66666666666667, "percent_covered_display": "67", "missing_lines": 1, "excluded_lines": 0, "percent_statements_covered": 66.66666666666667, "percent_statements_covered_display": "67"}, "missing_lines": [53], "excluded_lines": [], "start_line": 51}, "": {"executed_lines": [12, 14, 15, 17, 18, 21, 26, 33, 39, 44, 51], "summary": {"covered_lines": 11, "num_statements": 11, "percent_covered": 100.0, "percent_covered_display": "100", "missing_lines": 0, "excluded_lines": 0, "percent_statements_covered": 100.0, "percent_statements_covered_display": "100"}, "missing_lines": [], "excluded_lines": [], "start_line": 1}}, "classes": {"": {"executed_lines": [12, 14, 15, 17, 18, 21, 23, 26, 28, 29, 30, 33, 34, 36, 39, 41, 44, 46, 47, 48, 51, 52, 54], "summary": {"covered_lines": 23, "num_statements": 25, "percent_covered": 92.0, "percent_covered_display": "92", "missing_lines": 2, "excluded_lines": 0, "percent_statements_covered": 92.0, "percent_statements_covered_display": "92"}, "missing_lines": [35, 53], "excluded_lines": [], "start_line": 1}}}, "backend/app/main.py": {"executed_lines": [13, 14, 15, 17, 18, 19, 21, 22, 23, 24, 25, 26, 27, 28, 29, 30, 31, 32, 33, 34, 35, 36, 37, 38, 39, 40, 41, 42, 44, 47, 48, 49, 50, 51, 52, 58, 59, 61, 69, 70, 71, 72, 73, 74, 75, 76, 78, 81, 82, 83, 84, 85, 86, 87, 91, 94, 95, 97, 98, 99, 102, 108, 109, 111, 112, 113, 114, 115, 116, 117, 120, 121, 122, 125, 126], "summary": {"covered_lines": 75, "num_statements": 78, "percent_covered": 96.15384615384616, "percent_covered_display": "96", "missing_lines": 3, "excluded_lines": 0, "percent_statements_covered": 96.15384615384616, "percent_statements_covered_display": "96"}, "missing_lines": [92, 93, 134], "excluded_lines": [], "functions": {"lifespan": {"executed_lines": [49, 50, 51, 52, 58, 59, 61, 69, 70, 71, 72, 73, 74, 75, 76, 78, 81, 82, 83, 84, 85, 86, 87, 91, 94, 95, 97, 98, 99], "summary": {"covered_lines": 29, "num_statements": 31, "percent_covered": 93.54838709677419, "percent_covered_display": "94", "missing_lines": 2, "excluded_lines": 0, "percent_statements_covered": 93.54838709677419, "percent_statements_covered_display": "94"}, "missing_lines": [92, 93], "excluded_lines": [], "start_line": 48}, "health": {"executed_lines": [122], "summary": {"covered_lines": 1, "num_statements": 1, "percent_covered": 100.0, "percent_covered_display": "100", "missing_lines": 0, "excluded_lines": 0, "percent_statements_covered": 100.0, "percent_statements_covered_display": "100"}, "missing_lines": [], "excluded_lines": [], "start_line": 121}, "health_components": {"executed_lines": [], "summary": {"covered_lines": 0, "num_statements": 1, "percent_covered": 0.0, "percent_covered_display": "0", "missing_lines": 1, "excluded_lines": 0, "percent_statements_covered": 0.0, "percent_statements_covered_display": "0"}, "missing_lines": [134], "excluded_lines": [], "start_line": 126}, "": {"executed_lines": [13, 14, 15, 17, 18, 19, 21, 22, 23, 24, 25, 26, 27, 28, 29, 30, 31, 32, 33, 34, 35, 36, 37, 38, 39, 40, 41, 42, 44, 47, 48, 102, 108, 109, 111, 112, 113, 114, 115, 116, 117, 120, 121, 125, 126], "summary": {"covered_lines": 45, "num_statements": 45, "percent_covered": 100.0, "percent_covered_display": "100", "missing_lines": 0, "excluded_lines": 0, "percent_statements_covered": 100.0, "percent_statements_covered_display": "100"}, "missing_lines": [], "excluded_lines": [], "start_line": 1}}, "classes": {"": {"executed_lines": [13, 14, 15, 17, 18, 19, 21, 22, 23, 24, 25, 26, 27, 28, 29, 30, 31, 32, 33, 34, 35, 36, 37, 38, 39, 40, 41, 42, 44, 47, 48, 49, 50, 51, 52, 58, 59, 61, 69, 70, 71, 72, 73, 74, 75, 76, 78, 81, 82, 83, 84, 85, 86, 87, 91, 94, 95, 97, 98, 99, 102, 108, 109, 111, 112, 113, 114, 115, 116, 117, 120, 121, 122, 125, 126], "summary": {"covered_lines": 75, "num_statements": 78, "percent_covered": 96.15384615384616, "percent_covered_display": "96", "missing_lines": 3, "excluded_lines": 0, "percent_statements_covered": 96.15384615384616, "percent_statements_covered_display": "96"}, "missing_lines": [92, 93, 134], "excluded_lines": [], "start_line": 1}}}, "backend/app/modules/__init__.py": {"executed_lines": [1, 2, 3, 4, 5, 6], "summary": {"covered_lines": 6, "num_statements": 6, "percent_covered": 100.0, "percent_covered_display": "100", "missing_lines": 0, "excluded_lines": 0, "percent_statements_covered": 100.0, "percent_statements_covered_display": "100"}, "missing_lines": [], "excluded_lines": [], "functions": {"": {"executed_lines": [1, 2, 3, 4, 5, 6], "summary": {"covered_lines": 6, "num_statements": 6, "percent_covered": 100.0, "percent_covered_display": "100", "missing_lines": 0, "excluded_lines": 0, "percent_statements_covered": 100.0, "percent_statements_covered_display": "100"}, "missing_lines": [], "excluded_lines": [], "start_line": 1}}, "classes": {"": {"executed_lines": [1, 2, 3, 4, 5, 6], "summary": {"covered_lines": 6, "num_statements": 6, "percent_covered": 100.0, "percent_covered_display": "100", "missing_lines": 0, "excluded_lines": 0, "percent_statements_covered": 100.0, "percent_statements_covered_display": "100"}, "missing_lines": [], "excluded_lines": [], "start_line": 1}}}, "backend/app/modules/actions/__init__.py": {"executed_lines": [], "summary": {"covered_lines": 0, "num_statements": 0, "percent_covered": 100.0, "percent_covered_display": "100", "missing_lines": 0, "excluded_lines": 0, "percent_statements_covered": 100.0, "percent_statements_covered_display": "100"}, "missing_lines": [], "excluded_lines": [], "functions": {"": {"executed_lines": [], "summary": {"covered_lines": 0, "num_statements": 0, "percent_covered": 100.0, "percent_covered_display": "100", "missing_lines": 0, "excluded_lines": 0, "percent_statements_covered": 100.0, "percent_statements_covered_display": "100"}, "missing_lines": [], "excluded_lines": [], "start_line": 1}}, "classes": {"": {"executed_lines": [], "summary": {"covered_lines": 0, "num_statements": 0, "percent_covered": 100.0, "percent_covered_display": "100", "missing_lines": 0, "excluded_lines": 0, "percent_statements_covered": 100.0, "percent_statements_covered_display": "100"}, "missing_lines": [], "excluded_lines": [], "start_line": 1}}}, "backend/app/modules/actions/router.py": {"executed_lines": [13, 15, 16, 18, 19, 20, 21, 22, 30, 39, 42, 43, 50, 51, 59, 60, 64, 65, 69, 72, 73, 80, 81, 89, 90, 94, 97, 98, 105, 109, 115, 118, 119, 126, 130, 136], "summary": {"covered_lines": 36, "num_statements": 36, "percent_covered": 100.0, "percent_covered_display": "100", "missing_lines": 0, "excluded_lines": 0, "percent_statements_covered": 100.0, "percent_statements_covered_display": "100"}, "missing_lines": [], "excluded_lines": [], "functions": {"approve_event": {"executed_lines": [50, 51, 59, 60, 64, 65, 69], "summary": {"covered_lines": 7, "num_statements": 7, "percent_covered": 100.0, "percent_covered_display": "100", "missing_lines": 0, "excluded_lines": 0, "percent_statements_covered": 100.0, "percent_statements_covered_display": "100"}, "missing_lines": [], "excluded_lines": [], "start_line": 43}, "reject_event": {"executed_lines": [80, 81, 89, 90, 94], "summary": {"covered_lines": 5, "num_statements": 5, "percent_covered": 100.0, "percent_covered_display": "100", "missing_lines": 0, "excluded_lines": 0, "percent_statements_covered": 100.0, "percent_statements_covered_display": "100"}, "missing_lines": [], "excluded_lines": [], "start_line": 73}, "bulk_approve_events": {"executed_lines": [105, 109, 115], "summary": {"covered_lines": 3, "num_statements": 3, "percent_covered": 100.0, "percent_covered_display": "100", "missing_lines": 0, "excluded_lines": 0, "percent_statements_covered": 100.0, "percent_statements_covered_display": "100"}, "missing_lines": [], "excluded_lines": [], "start_line": 98}, "bulk_reject_events": {"executed_lines": [126, 130, 136], "summary": {"covered_lines": 3, "num_statements": 3, "percent_covered": 100.0, "percent_covered_display": "100", "missing_lines": 0, "excluded_lines": 0, "percent_statements_covered": 100.0, "percent_statements_covered_display": "100"}, "missing_lines": [], "excluded_lines": [], "start_line": 119}, "": {"executed_lines": [13, 15, 16, 18, 19, 20, 21, 22, 30, 39, 42, 43, 72, 73, 97, 98, 118, 119], "summary": {"covered_lines": 18, "num_statements": 18, "percent_covered": 100.0, "percent_covered_display": "100", "missing_lines": 0, "excluded_lines": 0, "percent_statements_covered": 100.0, "percent_statements_covered_display": "100"}, "missing_lines": [], "excluded_lines": [], "start_line": 1}}, "classes": {"": {"executed_lines": [13, 15, 16, 18, 19, 20, 21, 22, 30, 39, 42, 43, 50, 51, 59, 60, 64, 65, 69, 72, 73, 80, 81, 89, 90, 94, 97, 98, 105, 109, 115, 118, 119, 126, 130, 136], "summary": {"covered_lines": 36, "num_statements": 36, "percent_covered": 100.0, "percent_covered_display": "100", "missing_lines": 0, "excluded_lines": 0, "percent_statements_covered": 100.0, "percent_statements_covered_display": "100"}, "missing_lines": [], "excluded_lines": [], "start_line": 1}}}, "backend/app/modules/actions/schemas.py": {"executed_lines": [9, 11, 13, 16, 17, 18, 24, 25, 26, 27, 30, 31, 32, 33, 36, 37, 38, 41, 47, 48, 49, 50, 53, 54, 57, 58, 59, 60, 63, 64, 67, 68, 69, 72], "summary": {"covered_lines": 34, "num_statements": 34, "percent_covered": 100.0, "percent_covered_display": "100", "missing_lines": 0, "excluded_lines": 0, "percent_statements_covered": 100.0, "percent_statements_covered_display": "100"}, "missing_lines": [], "excluded_lines": [], "functions": {"": {"executed_lines": [9, 11, 13, 16, 17, 18, 24, 25, 26, 27, 30, 31, 32, 33, 36, 37, 38, 41, 47, 48, 49, 50, 53, 54, 57, 58, 59, 60, 63, 64, 67, 68, 69, 72], "summary": {"covered_lines": 34, "num_statements": 34, "percent_covered": 100.0, "percent_covered_display": "100", "missing_lines": 0, "excluded_lines": 0, "percent_statements_covered": 100.0, "percent_statements_covered_display": "100"}, "missing_lines": [], "excluded_lines": [], "start_line": 1}}, "classes": {"RejectAction": {"executed_lines": [], "summary": {"covered_lines": 0, "num_statements": 0, "percent_covered": 100.0, "percent_covered_display": "100", "missing_lines": 0, "excluded_lines": 0, "percent_statements_covered": 100.0, "percent_statements_covered_display": "100"}, "missing_lines": [], "excluded_lines": [], "start_line": 16}, "ApproveRequest": {"executed_lines": [], "summary": {"covered_lines": 0, "num_statements": 0, "percent_covered": 100.0, "percent_covered_display": "100", "missing_lines": 0, "excluded_lines": 0, "percent_statements_covered": 100.0, "percent_statements_covered_display": "100"}, "missing_lines": [], "excluded_lines": [], "start_line": 24}, "RejectRequest": {"executed_lines": [], "summary": {"covered_lines": 0, "num_statements": 0, "percent_covered": 100.0, "percent_covered_display": "100", "missing_lines": 0, "excluded_lines": 0, "percent_statements_covered": 100.0, "percent_statements_covered_display": "100"}, "missing_lines": [], "excluded_lines": [], "start_line": 30}, "ActionResponse": {"executed_lines": [], "summary": {"covered_lines": 0, "num_statements": 0, "percent_covered": 100.0, "percent_covered_display": "100", "missing_lines": 0, "excluded_lines": 0, "percent_statements_covered": 100.0, "percent_statements_covered_display": "100"}, "missing_lines": [], "excluded_lines": [], "start_line": 36}, "BulkApproveItem": {"executed_lines": [], "summary": {"covered_lines": 0, "num_statements": 0, "percent_covered": 100.0, "percent_covered_display": "100", "missing_lines": 0, "excluded_lines": 0, "percent_statements_covered": 100.0, "percent_statements_covered_display": "100"}, "missing_lines": [], "excluded_lines": [], "start_line": 47}, "BulkApproveRequest": {"executed_lines": [], "summary": {"covered_lines": 0, "num_statements": 0, "percent_covered": 100.0, "percent_covered_display": "100", "missing_lines": 0, "excluded_lines": 0, "percent_statements_covered": 100.0, "percent_statements_covered_display": "100"}, "missing_lines": [], "excluded_lines": [], "start_line": 53}, "BulkRejectItem": {"executed_lines": [], "summary": {"covered_lines": 0, "num_statements": 0, "percent_covered": 100.0, "percent_covered_display": "100", "missing_lines": 0, "excluded_lines": 0, "percent_statements_covered": 100.0, "percent_statements_covered_display": "100"}, "missing_lines": [], "excluded_lines": [], "start_line": 57}, "BulkRejectRequest": {"executed_lines": [], "summary": {"covered_lines": 0, "num_statements": 0, "percent_covered": 100.0, "percent_covered_display": "100", "missing_lines": 0, "excluded_lines": 0, "percent_statements_covered": 100.0, "percent_statements_covered_display": "100"}, "missing_lines": [], "excluded_lines": [], "start_line": 63}, "BulkResultResponse": {"executed_lines": [], "summary": {"covered_lines": 0, "num_statements": 0, "percent_covered": 100.0, "percent_covered_display": "100", "missing_lines": 0, "excluded_lines": 0, "percent_statements_covered": 100.0, "percent_statements_covered_display": "100"}, "missing_lines": [], "excluded_lines": [], "start_line": 67}, "": {"executed_lines": [9, 11, 13, 16, 17, 18, 24, 25, 26, 27, 30, 31, 32, 33, 36, 37, 38, 41, 47, 48, 49, 50, 53, 54, 57, 58, 59, 60, 63, 64, 67, 68, 69, 72], "summary": {"covered_lines": 34, "num_statements": 34, "percent_covered": 100.0, "percent_covered_display": "100", "missing_lines": 0, "excluded_lines": 0, "percent_statements_covered": 100.0, "percent_statements_covered_display": "100"}, "missing_lines": [], "excluded_lines": [], "start_line": 1}}}, "backend/app/modules/actions/service.py": {"executed_lines": [50, 52, 53, 54, 56, 57, 58, 60, 61, 62, 63, 64, 66, 72, 74, 75, 76, 79, 81, 82, 83, 94, 95, 98, 102, 103, 111, 124, 125, 126, 134, 143, 150, 157, 163, 180, 181, 185, 186, 191, 192, 193, 196, 197, 212, 213, 214, 217, 218, 221, 224, 225, 228, 234, 237, 240, 245, 247, 248, 254, 275, 276, 278, 279, 280, 283, 284, 299, 300, 301, 304, 305, 308, 309, 312, 317, 318, 324, 325, 327, 330, 333, 336, 338, 339, 345, 356, 357, 359, 360, 361, 362, 370, 371, 372, 373, 374, 375, 376, 377, 378, 379, 380, 382, 385, 397, 398, 399, 401, 402, 403, 404, 405, 413, 414, 415, 416, 417, 418, 419, 420, 421, 423], "summary": {"covered_lines": 123, "num_statements": 130, "percent_covered": 94.61538461538461, "percent_covered_display": "95", "missing_lines": 7, "excluded_lines": 0, "percent_statements_covered": 94.61538461538461, "percent_statements_covered_display": "95"}, "missing_lines": [99, 136, 137, 138, 139, 140, 187], "excluded_lines": [], "functions": {"ConflictError.__init__": {"executed_lines": [75, 76], "summary": {"covered_lines": 2, "num_statements": 2, "percent_covered": 100.0, "percent_covered_display": "100", "missing_lines": 0, "excluded_lines": 0, "percent_statements_covered": 100.0, "percent_statements_covered_display": "100"}, "missing_lines": [], "excluded_lines": [], "start_line": 74}, "AbsentConfirmationRequired.__init__": {"executed_lines": [82, 83], "summary": {"covered_lines": 2, "num_statements": 2, "percent_covered": 100.0, "percent_covered_display": "100", "missing_lines": 0, "excluded_lines": 0, "percent_statements_covered": 100.0, "percent_statements_covered_display": "100"}, "missing_lines": [], "excluded_lines": [], "start_line": 81}, "_get_event": {"executed_lines": [95], "summary": {"covered_lines": 1, "num_statements": 1, "percent_covered": 100.0, "percent_covered_display": "100", "missing_lines": 0, "excluded_lines": 0, "percent_statements_covered": 100.0, "percent_statements_covered_display": "100"}, "missing_lines": [], "excluded_lines": [], "start_line": 94}, "_get_agent": {"executed_lines": [], "summary": {"covered_lines": 0, "num_statements": 1, "percent_covered": 0.0, "percent_covered_display": "0", "missing_lines": 1, "excluded_lines": 0, "percent_statements_covered": 0.0, "percent_statements_covered_display": "0"}, "missing_lines": [99], "excluded_lines": [], "start_line": 98}, "_get_baseline_entry": {"executed_lines": [103], "summary": {"covered_lines": 1, "num_statements": 1, "percent_covered": 100.0, "percent_covered_display": "100", "missing_lines": 0, "excluded_lines": 0, "percent_statements_covered": 100.0, "percent_statements_covered_display": "100"}, "missing_lines": [], "excluded_lines": [], "start_line": 102}, "upsert_baseline_entry": {"executed_lines": [124, 125, 126, 134], "summary": {"covered_lines": 4, "num_statements": 9, "percent_covered": 44.44444444444444, "percent_covered_display": "44", "missing_lines": 5, "excluded_lines": 0, "percent_statements_covered": 44.44444444444444, "percent_statements_covered_display": "44"}, "missing_lines": [136, 137, 138, 139, 140], "excluded_lines": [], "start_line": 111}, "_write_audit": {"executed_lines": [150, 157], "summary": {"covered_lines": 2, "num_statements": 2, "percent_covered": 100.0, "percent_covered_display": "100", "missing_lines": 0, "excluded_lines": 0, "percent_statements_covered": 100.0, "percent_statements_covered_display": "100"}, "missing_lines": [], "excluded_lines": [], "start_line": 143}, "_approve_single": {"executed_lines": [180, 181, 185, 186, 191, 192, 193, 196, 197, 212, 213, 214, 217, 218, 221, 224, 225, 228, 234, 237, 240, 245, 247, 248], "summary": {"covered_lines": 24, "num_statements": 25, "percent_covered": 96.0, "percent_covered_display": "96", "missing_lines": 1, "excluded_lines": 0, "percent_statements_covered": 96.0, "percent_statements_covered_display": "96"}, "missing_lines": [187], "excluded_lines": [], "start_line": 163}, "_reject_single": {"executed_lines": [275, 276, 278, 279, 280, 283, 284, 299, 300, 301, 304, 305, 308, 309, 312, 317, 318, 324, 325, 327, 330, 333, 336, 338, 339], "summary": {"covered_lines": 25, "num_statements": 25, "percent_covered": 100.0, "percent_covered_display": "100", "missing_lines": 0, "excluded_lines": 0, "percent_statements_covered": 100.0, "percent_statements_covered_display": "100"}, "missing_lines": [], "excluded_lines": [], "start_line": 254}, "approve_bulk": {"executed_lines": [356, 357, 359, 360, 361, 362, 370, 371, 372, 373, 374, 375, 376, 377, 378, 379, 380, 382], "summary": {"covered_lines": 18, "num_statements": 18, "percent_covered": 100.0, "percent_covered_display": "100", "missing_lines": 0, "excluded_lines": 0, "percent_statements_covered": 100.0, "percent_statements_covered_display": "100"}, "missing_lines": [], "excluded_lines": [], "start_line": 345}, "reject_bulk": {"executed_lines": [397, 398, 399, 401, 402, 403, 404, 405, 413, 414, 415, 416, 417, 418, 419, 420, 421, 423], "summary": {"covered_lines": 18, "num_statements": 18, "percent_covered": 100.0, "percent_covered_display": "100", "missing_lines": 0, "excluded_lines": 0, "percent_statements_covered": 100.0, "percent_statements_covered_display": "100"}, "missing_lines": [], "excluded_lines": [], "start_line": 385}, "": {"executed_lines": [50, 52, 53, 54, 56, 57, 58, 60, 61, 62, 63, 64, 66, 72, 74, 79, 81, 94, 98, 102, 111, 143, 163, 254, 345, 385], "summary": {"covered_lines": 26, "num_statements": 26, "percent_covered": 100.0, "percent_covered_display": "100", "missing_lines": 0, "excluded_lines": 0, "percent_statements_covered": 100.0, "percent_statements_covered_display": "100"}, "missing_lines": [], "excluded_lines": [], "start_line": 1}}, "classes": {"ConflictError": {"executed_lines": [75, 76], "summary": {"covered_lines": 2, "num_statements": 2, "percent_covered": 100.0, "percent_covered_display": "100", "missing_lines": 0, "excluded_lines": 0, "percent_statements_covered": 100.0, "percent_statements_covered_display": "100"}, "missing_lines": [], "excluded_lines": [], "start_line": 72}, "AbsentConfirmationRequired": {"executed_lines": [82, 83], "summary": {"covered_lines": 2, "num_statements": 2, "percent_covered": 100.0, "percent_covered_display": "100", "missing_lines": 0, "excluded_lines": 0, "percent_statements_covered": 100.0, "percent_statements_covered_display": "100"}, "missing_lines": [], "excluded_lines": [], "start_line": 79}, "": {"executed_lines": [50, 52, 53, 54, 56, 57, 58, 60, 61, 62, 63, 64, 66, 72, 74, 79, 81, 94, 95, 98, 102, 103, 111, 124, 125, 126, 134, 143, 150, 157, 163, 180, 181, 185, 186, 191, 192, 193, 196, 197, 212, 213, 214, 217, 218, 221, 224, 225, 228, 234, 237, 240, 245, 247, 248, 254, 275, 276, 278, 279, 280, 283, 284, 299, 300, 301, 304, 305, 308, 309, 312, 317, 318, 324, 325, 327, 330, 333, 336, 338, 339, 345, 356, 357, 359, 360, 361, 362, 370, 371, 372, 373, 374, 375, 376, 377, 378, 379, 380, 382, 385, 397, 398, 399, 401, 402, 403, 404, 405, 413, 414, 415, 416, 417, 418, 419, 420, 421, 423], "summary": {"covered_lines": 119, "num_statements": 126, "percent_covered": 94.44444444444444, "percent_covered_display": "94", "missing_lines": 7, "excluded_lines": 0, "percent_statements_covered": 94.44444444444444, "percent_statements_covered_display": "94"}, "missing_lines": [99, 136, 137, 138, 139, 140, 187], "excluded_lines": [], "start_line": 1}}}, "backend/app/modules/actions/streams.py": {"executed_lines": [42, 44, 45, 46, 47, 49, 50, 52, 53, 54, 55, 57, 60, 80, 91, 94, 101, 103, 104, 106, 107, 108, 111, 129, 132, 133, 135, 136, 149, 151, 152, 157, 166, 178, 180, 181, 190, 192, 193, 195, 203, 215, 217, 218, 227, 229, 230, 232], "summary": {"covered_lines": 48, "num_statements": 49, "percent_covered": 97.95918367346938, "percent_covered_display": "98", "missing_lines": 1, "excluded_lines": 0, "percent_statements_covered": 97.95918367346938, "percent_statements_covered_display": "98"}, "missing_lines": [105], "excluded_lines": [], "functions": {"_record_published_command": {"executed_lines": [80, 91], "summary": {"covered_lines": 2, "num_statements": 2, "percent_covered": 100.0, "percent_covered_display": "100", "missing_lines": 0, "excluded_lines": 0, "percent_statements_covered": 100.0, "percent_statements_covered_display": "100"}, "missing_lines": [], "excluded_lines": [], "start_line": 60}, "_get_agent_secret": {"executed_lines": [101, 103, 104, 106, 107, 108], "summary": {"covered_lines": 6, "num_statements": 7, "percent_covered": 85.71428571428571, "percent_covered_display": "86", "missing_lines": 1, "excluded_lines": 0, "percent_statements_covered": 85.71428571428571, "percent_statements_covered_display": "86"}, "missing_lines": [105], "excluded_lines": [], "start_line": 94}, "enqueue_baseline_update": {"executed_lines": [129, 132, 133, 135, 136, 149, 151, 152, 157], "summary": {"covered_lines": 9, "num_statements": 9, "percent_covered": 100.0, "percent_covered_display": "100", "missing_lines": 0, "excluded_lines": 0, "percent_statements_covered": 100.0, "percent_statements_covered_display": "100"}, "missing_lines": [], "excluded_lines": [], "start_line": 111}, "enqueue_restore_file": {"executed_lines": [178, 180, 181, 190, 192, 193, 195], "summary": {"covered_lines": 7, "num_statements": 7, "percent_covered": 100.0, "percent_covered_display": "100", "missing_lines": 0, "excluded_lines": 0, "percent_statements_covered": 100.0, "percent_statements_covered_display": "100"}, "missing_lines": [], "excluded_lines": [], "start_line": 166}, "enqueue_quarantine_file": {"executed_lines": [215, 217, 218, 227, 229, 230, 232], "summary": {"covered_lines": 7, "num_statements": 7, "percent_covered": 100.0, "percent_covered_display": "100", "missing_lines": 0, "excluded_lines": 0, "percent_statements_covered": 100.0, "percent_statements_covered_display": "100"}, "missing_lines": [], "excluded_lines": [], "start_line": 203}, "": {"executed_lines": [42, 44, 45, 46, 47, 49, 50, 52, 53, 54, 55, 57, 60, 94, 111, 166, 203], "summary": {"covered_lines": 17, "num_statements": 17, "percent_covered": 100.0, "percent_covered_display": "100", "missing_lines": 0, "excluded_lines": 0, "percent_statements_covered": 100.0, "percent_statements_covered_display": "100"}, "missing_lines": [], "excluded_lines": [], "start_line": 1}}, "classes": {"": {"executed_lines": [42, 44, 45, 46, 47, 49, 50, 52, 53, 54, 55, 57, 60, 80, 91, 94, 101, 103, 104, 106, 107, 108, 111, 129, 132, 133, 135, 136, 149, 151, 152, 157, 166, 178, 180, 181, 190, 192, 193, 195, 203, 215, 217, 218, 227, 229, 230, 232], "summary": {"covered_lines": 48, "num_statements": 49, "percent_covered": 97.95918367346938, "percent_covered_display": "98", "missing_lines": 1, "excluded_lines": 0, "percent_statements_covered": 97.95918367346938, "percent_statements_covered_display": "98"}, "missing_lines": [105], "excluded_lines": [], "start_line": 1}}}, "backend/app/modules/agents/__init__.py": {"executed_lines": [], "summary": {"covered_lines": 0, "num_statements": 0, "percent_covered": 100.0, "percent_covered_display": "100", "missing_lines": 0, "excluded_lines": 0, "percent_statements_covered": 100.0, "percent_statements_covered_display": "100"}, "missing_lines": [], "excluded_lines": [], "functions": {"": {"executed_lines": [], "summary": {"covered_lines": 0, "num_statements": 0, "percent_covered": 100.0, "percent_covered_display": "100", "missing_lines": 0, "excluded_lines": 0, "percent_statements_covered": 100.0, "percent_statements_covered_display": "100"}, "missing_lines": [], "excluded_lines": [], "start_line": 1}}, "classes": {"": {"executed_lines": [], "summary": {"covered_lines": 0, "num_statements": 0, "percent_covered": 100.0, "percent_covered_display": "100", "missing_lines": 0, "excluded_lines": 0, "percent_statements_covered": 100.0, "percent_statements_covered_display": "100"}, "missing_lines": [], "excluded_lines": [], "start_line": 1}}}, "backend/app/modules/agents/command_ack_consumer.py": {"executed_lines": [42, 44, 45, 46, 47, 49, 50, 51, 53, 54, 55, 56, 57, 58, 59, 61, 63, 64, 66, 67, 68, 70, 71, 77, 83, 85, 94, 95, 96, 97, 106, 108, 109, 110, 123, 124, 125, 127, 128, 131, 134, 135, 142, 144, 145, 146, 147, 148, 149, 153, 154, 155, 160, 162, 168, 169, 170, 171, 176, 177, 178, 179, 186, 187, 189, 190, 193, 194, 195, 198, 199, 207, 208, 209, 215, 217, 218, 225, 226, 231, 234, 235, 236, 238, 239, 240, 241, 242, 244, 245, 246, 247, 250, 251, 254, 255, 257, 259, 267, 269, 270, 272, 273, 278, 280, 282, 283, 288, 289, 293, 294, 295, 298, 300, 302, 303, 305, 306, 307, 313, 315, 316, 317, 318, 319, 329, 330, 331, 333, 334, 340, 341, 342, 343, 344, 345], "summary": {"covered_lines": 136, "num_statements": 178, "percent_covered": 76.40449438202248, "percent_covered_display": "76", "missing_lines": 42, "excluded_lines": 0, "percent_statements_covered": 76.40449438202248, "percent_statements_covered_display": "76"}, "missing_lines": [99, 100, 101, 102, 103, 104, 105, 107, 111, 113, 114, 115, 116, 117, 118, 119, 120, 126, 129, 143, 172, 173, 174, 219, 224, 271, 274, 275, 284, 285, 286, 290, 291, 301, 304, 320, 321, 322, 323, 324, 325, 326], "excluded_lines": [], "functions": {"run_command_ack_consumer": {"executed_lines": [85], "summary": {"covered_lines": 1, "num_statements": 1, "percent_covered": 100.0, "percent_covered_display": "100", "missing_lines": 0, "excluded_lines": 0, "percent_statements_covered": 100.0, "percent_statements_covered_display": "100"}, "missing_lines": [], "excluded_lines": [], "start_line": 83}, "_reader_loop": {"executed_lines": [95, 96, 97, 106, 108, 109, 110], "summary": {"covered_lines": 7, "num_statements": 24, "percent_covered": 29.166666666666668, "percent_covered_display": "29", "missing_lines": 17, "excluded_lines": 0, "percent_statements_covered": 29.166666666666668, "percent_statements_covered_display": "29"}, "missing_lines": [99, 100, 101, 102, 103, 104, 105, 107, 111, 113, 114, 115, 116, 117, 118, 119, 120], "excluded_lines": [], "start_line": 94}, "_ensure_group": {"executed_lines": [124, 125, 127, 128, 131], "summary": {"covered_lines": 5, "num_statements": 7, "percent_covered": 71.42857142857143, "percent_covered_display": "71", "missing_lines": 2, "excluded_lines": 0, "percent_statements_covered": 71.42857142857143, "percent_statements_covered_display": "71"}, "missing_lines": [126, 129], "excluded_lines": [], "start_line": 123}, "_process_batch": {"executed_lines": [135, 142, 144, 145, 146, 147, 148, 149, 153, 154, 155, 160, 162], "summary": {"covered_lines": 13, "num_statements": 14, "percent_covered": 92.85714285714286, "percent_covered_display": "93", "missing_lines": 1, "excluded_lines": 0, "percent_statements_covered": 92.85714285714286, "percent_statements_covered_display": "93"}, "missing_lines": [143], "excluded_lines": [], "start_line": 134}, "_handle_command_ack": {"executed_lines": [169, 170, 171, 176, 177, 178, 179, 186, 187, 189, 190, 193, 194, 195, 198, 199, 207, 208, 209, 215, 217, 218, 225, 226, 231, 234, 235, 236, 238, 239, 240, 241, 242, 244, 245, 246, 247, 250, 251, 254, 255, 257, 259], "summary": {"covered_lines": 43, "num_statements": 48, "percent_covered": 89.58333333333333, "percent_covered_display": "90", "missing_lines": 5, "excluded_lines": 0, "percent_statements_covered": 89.58333333333333, "percent_statements_covered_display": "90"}, "missing_lines": [172, 173, 174, 219, 224], "excluded_lines": [], "start_line": 168}, "_get_shared_secret": {"executed_lines": [269, 270, 272, 273], "summary": {"covered_lines": 4, "num_statements": 7, "percent_covered": 57.142857142857146, "percent_covered_display": "57", "missing_lines": 3, "excluded_lines": 0, "percent_statements_covered": 57.142857142857146, "percent_statements_covered_display": "57"}, "missing_lines": [271, 274, 275], "excluded_lines": [], "start_line": 267}, "_reconcile_baseline_entry": {"executed_lines": [280, 282, 283, 288, 289, 293, 294, 295], "summary": {"covered_lines": 8, "num_statements": 13, "percent_covered": 61.53846153846154, "percent_covered_display": "62", "missing_lines": 5, "excluded_lines": 0, "percent_statements_covered": 61.53846153846154, "percent_statements_covered_display": "62"}, "missing_lines": [284, 285, 286, 290, 291], "excluded_lines": [], "start_line": 278}, "_advance_ruleset_version_applied": {"executed_lines": [300, 302, 303, 305, 306, 307], "summary": {"covered_lines": 6, "num_statements": 8, "percent_covered": 75.0, "percent_covered_display": "75", "missing_lines": 2, "excluded_lines": 0, "percent_statements_covered": 75.0, "percent_statements_covered_display": "75"}, "missing_lines": [301, 304], "excluded_lines": [], "start_line": 298}, "_sweep_loop": {"executed_lines": [315, 316, 317, 318, 319], "summary": {"covered_lines": 5, "num_statements": 12, "percent_covered": 41.666666666666664, "percent_covered_display": "42", "missing_lines": 7, "excluded_lines": 0, "percent_statements_covered": 41.666666666666664, "percent_statements_covered_display": "42"}, "missing_lines": [320, 321, 322, 323, 324, 325, 326], "excluded_lines": [], "start_line": 313}, "_sweep_timeouts": {"executed_lines": [330, 331, 333, 334, 340, 341, 342, 343, 344, 345], "summary": {"covered_lines": 10, "num_statements": 10, "percent_covered": 100.0, "percent_covered_display": "100", "missing_lines": 0, "excluded_lines": 0, "percent_statements_covered": 100.0, "percent_statements_covered_display": "100"}, "missing_lines": [], "excluded_lines": [], "start_line": 329}, "": {"executed_lines": [42, 44, 45, 46, 47, 49, 50, 51, 53, 54, 55, 56, 57, 58, 59, 61, 63, 64, 66, 67, 68, 70, 71, 77, 83, 94, 123, 134, 168, 267, 278, 298, 313, 329], "summary": {"covered_lines": 34, "num_statements": 34, "percent_covered": 100.0, "percent_covered_display": "100", "missing_lines": 0, "excluded_lines": 0, "percent_statements_covered": 100.0, "percent_statements_covered_display": "100"}, "missing_lines": [], "excluded_lines": [], "start_line": 1}}, "classes": {"": {"executed_lines": [42, 44, 45, 46, 47, 49, 50, 51, 53, 54, 55, 56, 57, 58, 59, 61, 63, 64, 66, 67, 68, 70, 71, 77, 83, 85, 94, 95, 96, 97, 106, 108, 109, 110, 123, 124, 125, 127, 128, 131, 134, 135, 142, 144, 145, 146, 147, 148, 149, 153, 154, 155, 160, 162, 168, 169, 170, 171, 176, 177, 178, 179, 186, 187, 189, 190, 193, 194, 195, 198, 199, 207, 208, 209, 215, 217, 218, 225, 226, 231, 234, 235, 236, 238, 239, 240, 241, 242, 244, 245, 246, 247, 250, 251, 254, 255, 257, 259, 267, 269, 270, 272, 273, 278, 280, 282, 283, 288, 289, 293, 294, 295, 298, 300, 302, 303, 305, 306, 307, 313, 315, 316, 317, 318, 319, 329, 330, 331, 333, 334, 340, 341, 342, 343, 344, 345], "summary": {"covered_lines": 136, "num_statements": 178, "percent_covered": 76.40449438202248, "percent_covered_display": "76", "missing_lines": 42, "excluded_lines": 0, "percent_statements_covered": 76.40449438202248, "percent_statements_covered_display": "76"}, "missing_lines": [99, 100, 101, 102, 103, 104, 105, 107, 111, 113, 114, 115, 116, 117, 118, 119, 120, 126, 129, 143, 172, 173, 174, 219, 224, 271, 274, 275, 284, 285, 286, 290, 291, 301, 304, 320, 321, 322, 323, 324, 325, 326], "excluded_lines": [], "start_line": 1}}}, "backend/app/modules/agents/heartbeat_consumer.py": {"executed_lines": [17, 19, 20, 21, 22, 24, 25, 27, 28, 29, 31, 33, 34, 35, 36, 39, 41, 47, 48, 49, 50, 51, 52, 53, 61, 63, 64, 65, 68, 69, 70, 71, 74, 75, 77, 78, 82, 85, 87, 88, 89, 94, 95, 96, 99, 102, 103, 107, 111, 112, 113, 115, 121, 122, 125, 127, 135, 136, 138, 139, 141, 143, 144, 145, 148, 150, 151, 152, 153, 154, 164, 165, 166, 167, 169, 171, 177, 178, 179, 180, 181, 184, 190, 191, 192, 193, 194, 196, 197], "summary": {"covered_lines": 89, "num_statements": 115, "percent_covered": 77.3913043478261, "percent_covered_display": "77", "missing_lines": 26, "excluded_lines": 0, "percent_statements_covered": 77.3913043478261, "percent_statements_covered_display": "77"}, "missing_lines": [56, 57, 58, 59, 60, 62, 72, 73, 76, 90, 91, 100, 101, 104, 105, 106, 108, 109, 137, 155, 156, 157, 158, 159, 160, 161], "excluded_lines": [], "functions": {"run_heartbeat_consumer": {"executed_lines": [41], "summary": {"covered_lines": 1, "num_statements": 1, "percent_covered": 100.0, "percent_covered_display": "100", "missing_lines": 0, "excluded_lines": 0, "percent_statements_covered": 100.0, "percent_statements_covered_display": "100"}, "missing_lines": [], "excluded_lines": [], "start_line": 39}, "_reader_loop": {"executed_lines": [48, 49, 50, 51, 52, 53, 61, 63, 64, 65], "summary": {"covered_lines": 10, "num_statements": 16, "percent_covered": 62.5, "percent_covered_display": "62", "missing_lines": 6, "excluded_lines": 0, "percent_statements_covered": 62.5, "percent_statements_covered_display": "62"}, "missing_lines": [56, 57, 58, 59, 60, 62], "excluded_lines": [], "start_line": 47}, "_handle_heartbeat": {"executed_lines": [69, 70, 71, 74, 75, 77, 78, 82, 85, 87, 88, 89, 94, 95, 96, 99, 102, 103, 107, 111, 112, 113, 115, 121, 122, 125, 127, 135, 136, 138, 139, 141, 143, 144, 145], "summary": {"covered_lines": 35, "num_statements": 48, "percent_covered": 72.91666666666667, "percent_covered_display": "73", "missing_lines": 13, "excluded_lines": 0, "percent_statements_covered": 72.91666666666667, "percent_statements_covered_display": "73"}, "missing_lines": [72, 73, 76, 90, 91, 100, 101, 104, 105, 106, 108, 109, 137], "excluded_lines": [], "start_line": 68}, "_sweep_loop": {"executed_lines": [150, 151, 152, 153, 154], "summary": {"covered_lines": 5, "num_statements": 12, "percent_covered": 41.666666666666664, "percent_covered_display": "42", "missing_lines": 7, "excluded_lines": 0, "percent_statements_covered": 41.666666666666664, "percent_statements_covered_display": "42"}, "missing_lines": [155, 156, 157, 158, 159, 160, 161], "excluded_lines": [], "start_line": 148}, "_sweep_offline": {"executed_lines": [165, 166, 167, 169, 171, 177, 178, 179, 180, 181, 184, 190, 191, 192, 193, 194, 196, 197], "summary": {"covered_lines": 18, "num_statements": 18, "percent_covered": 100.0, "percent_covered_display": "100", "missing_lines": 0, "excluded_lines": 0, "percent_statements_covered": 100.0, "percent_statements_covered_display": "100"}, "missing_lines": [], "excluded_lines": [], "start_line": 164}, "": {"executed_lines": [17, 19, 20, 21, 22, 24, 25, 27, 28, 29, 31, 33, 34, 35, 36, 39, 47, 68, 148, 164], "summary": {"covered_lines": 20, "num_statements": 20, "percent_covered": 100.0, "percent_covered_display": "100", "missing_lines": 0, "excluded_lines": 0, "percent_statements_covered": 100.0, "percent_statements_covered_display": "100"}, "missing_lines": [], "excluded_lines": [], "start_line": 1}}, "classes": {"": {"executed_lines": [17, 19, 20, 21, 22, 24, 25, 27, 28, 29, 31, 33, 34, 35, 36, 39, 41, 47, 48, 49, 50, 51, 52, 53, 61, 63, 64, 65, 68, 69, 70, 71, 74, 75, 77, 78, 82, 85, 87, 88, 89, 94, 95, 96, 99, 102, 103, 107, 111, 112, 113, 115, 121, 122, 125, 127, 135, 136, 138, 139, 141, 143, 144, 145, 148, 150, 151, 152, 153, 154, 164, 165, 166, 167, 169, 171, 177, 178, 179, 180, 181, 184, 190, 191, 192, 193, 194, 196, 197], "summary": {"covered_lines": 89, "num_statements": 115, "percent_covered": 77.3913043478261, "percent_covered_display": "77", "missing_lines": 26, "excluded_lines": 0, "percent_statements_covered": 77.3913043478261, "percent_statements_covered_display": "77"}, "missing_lines": [56, 57, 58, 59, 60, 62, 72, 73, 76, 90, 91, 100, 101, 104, 105, 106, 108, 109, 137, 155, 156, 157, 158, 159, 160, 161], "excluded_lines": [], "start_line": 1}}}, "backend/app/modules/agents/models.py": {"executed_lines": [1, 2, 4, 5, 6, 9, 12, 13, 14, 15, 16, 17, 20, 21, 23, 24, 25, 26, 27, 28, 29, 30, 37, 44, 47, 48, 50, 51, 52, 53, 54, 57, 58, 59, 61, 62, 63, 69, 70, 71, 72, 75, 76, 77, 78, 79, 82, 85, 86, 87, 88, 89, 90, 93, 97, 100, 103, 104, 107, 110, 113, 116, 119, 120, 121, 124, 125, 126, 128, 129, 130, 131, 132, 133, 134], "summary": {"covered_lines": 75, "num_statements": 78, "percent_covered": 96.15384615384616, "percent_covered_display": "96", "missing_lines": 3, "excluded_lines": 0, "percent_statements_covered": 96.15384615384616, "percent_statements_covered_display": "96"}, "missing_lines": [64, 65, 66], "excluded_lines": [], "functions": {"AgentRegisterRequest.secret_min_length": {"executed_lines": [], "summary": {"covered_lines": 0, "num_statements": 3, "percent_covered": 0.0, "percent_covered_display": "0", "missing_lines": 3, "excluded_lines": 0, "percent_statements_covered": 0.0, "percent_statements_covered_display": "0"}, "missing_lines": [64, 65, 66], "excluded_lines": [], "start_line": 63}, "": {"executed_lines": [1, 2, 4, 5, 6, 9, 12, 13, 14, 15, 16, 17, 20, 21, 23, 24, 25, 26, 27, 28, 29, 30, 37, 44, 47, 48, 50, 51, 52, 53, 54, 57, 58, 59, 61, 62, 63, 69, 70, 71, 72, 75, 76, 77, 78, 79, 82, 85, 86, 87, 88, 89, 90, 93, 97, 100, 103, 104, 107, 110, 113, 116, 119, 120, 121, 124, 125, 126, 128, 129, 130, 131, 132, 133, 134], "summary": {"covered_lines": 75, "num_statements": 75, "percent_covered": 100.0, "percent_covered_display": "100", "missing_lines": 0, "excluded_lines": 0, "percent_statements_covered": 100.0, "percent_statements_covered_display": "100"}, "missing_lines": [], "excluded_lines": [], "start_line": 1}}, "classes": {"AgentStatus": {"executed_lines": [], "summary": {"covered_lines": 0, "num_statements": 0, "percent_covered": 100.0, "percent_covered_display": "100", "missing_lines": 0, "excluded_lines": 0, "percent_statements_covered": 100.0, "percent_statements_covered_display": "100"}, "missing_lines": [], "excluded_lines": [], "start_line": 12}, "Agent": {"executed_lines": [], "summary": {"covered_lines": 0, "num_statements": 0, "percent_covered": 100.0, "percent_covered_display": "100", "missing_lines": 0, "excluded_lines": 0, "percent_statements_covered": 100.0, "percent_statements_covered_display": "100"}, "missing_lines": [], "excluded_lines": [], "start_line": 20}, "RevokedCertificate": {"executed_lines": [], "summary": {"covered_lines": 0, "num_statements": 0, "percent_covered": 100.0, "percent_covered_display": "100", "missing_lines": 0, "excluded_lines": 0, "percent_statements_covered": 100.0, "percent_statements_covered_display": "100"}, "missing_lines": [], "excluded_lines": [], "start_line": 47}, "AgentRegisterRequest": {"executed_lines": [], "summary": {"covered_lines": 0, "num_statements": 3, "percent_covered": 0.0, "percent_covered_display": "0", "missing_lines": 3, "excluded_lines": 0, "percent_statements_covered": 0.0, "percent_statements_covered_display": "0"}, "missing_lines": [64, 65, 66], "excluded_lines": [], "start_line": 57}, "AgentBootstrapRequest": {"executed_lines": [], "summary": {"covered_lines": 0, "num_statements": 0, "percent_covered": 100.0, "percent_covered_display": "100", "missing_lines": 0, "excluded_lines": 0, "percent_statements_covered": 100.0, "percent_statements_covered_display": "100"}, "missing_lines": [], "excluded_lines": [], "start_line": 69}, "AgentBootstrapResponse": {"executed_lines": [], "summary": {"covered_lines": 0, "num_statements": 0, "percent_covered": 100.0, "percent_covered_display": "100", "missing_lines": 0, "excluded_lines": 0, "percent_statements_covered": 100.0, "percent_statements_covered_display": "100"}, "missing_lines": [], "excluded_lines": [], "start_line": 75}, "AgentResponse": {"executed_lines": [], "summary": {"covered_lines": 0, "num_statements": 0, "percent_covered": 100.0, "percent_covered_display": "100", "missing_lines": 0, "excluded_lines": 0, "percent_statements_covered": 100.0, "percent_statements_covered_display": "100"}, "missing_lines": [], "excluded_lines": [], "start_line": 82}, "AgentListResponse": {"executed_lines": [], "summary": {"covered_lines": 0, "num_statements": 0, "percent_covered": 100.0, "percent_covered_display": "100", "missing_lines": 0, "excluded_lines": 0, "percent_statements_covered": 100.0, "percent_statements_covered_display": "100"}, "missing_lines": [], "excluded_lines": [], "start_line": 100}, "AgentConfigRequest": {"executed_lines": [], "summary": {"covered_lines": 0, "num_statements": 0, "percent_covered": 100.0, "percent_covered_displ
[...]
80, 81, 82], "summary": {"covered_lines": 5, "num_statements": 5, "percent_covered": 100.0, "percent_covered_display": "100", "missing_lines": 0, "excluded_lines": 0, "percent_statements_covered": 100.0, "percent_statements_covered_display": "100"}, "missing_lines": [], "excluded_lines": [], "start_line": 66}, "list_rules_endpoint": {"executed_lines": [91, 92], "summary": {"covered_lines": 2, "num_statements": 2, "percent_covered": 100.0, "percent_covered_display": "100", "missing_lines": 0, "excluded_lines": 0, "percent_statements_covered": 100.0, "percent_statements_covered_display": "100"}, "missing_lines": [], "excluded_lines": [], "start_line": 86}, "get_rule_endpoint": {"executed_lines": [102, 103, 104], "summary": {"covered_lines": 3, "num_statements": 4, "percent_covered": 75.0, "percent_covered_display": "75", "missing_lines": 1, "excluded_lines": 0, "percent_statements_covered": 75.0, "percent_statements_covered_display": "75"}, "missing_lines": [105], "excluded_lines": [], "start_line": 96}, "update_rule_endpoint": {"executed_lines": [117, 118, 125, 126], "summary": {"covered_lines": 4, "num_statements": 7, "percent_covered": 57.142857142857146, "percent_covered_display": "57", "missing_lines": 3, "excluded_lines": 0, "percent_statements_covered": 57.142857142857146, "percent_statements_covered_display": "57"}, "missing_lines": [127, 128, 129], "excluded_lines": [], "start_line": 109}, "delete_rule_endpoint": {"executed_lines": [140], "summary": {"covered_lines": 1, "num_statements": 1, "percent_covered": 100.0, "percent_covered_display": "100", "missing_lines": 0, "excluded_lines": 0, "percent_statements_covered": 100.0, "percent_statements_covered_display": "100"}, "missing_lines": [], "excluded_lines": [], "start_line": 133}, "": {"executed_lines": [11, 13, 15, 16, 17, 18, 20, 21, 22, 23, 24, 25, 33, 39, 40, 41, 42, 45, 46, 47, 48, 51, 52, 53, 54, 55, 56, 57, 59, 65, 66, 85, 86, 95, 96, 108, 109, 132, 133], "summary": {"covered_lines": 39, "num_statements": 39, "percent_covered": 100.0, "percent_covered_display": "100", "missing_lines": 0, "excluded_lines": 0, "percent_statements_covered": 100.0, "percent_statements_covered_display": "100"}, "missing_lines": [], "excluded_lines": [], "start_line": 1}}, "classes": {"RuleCreate": {"executed_lines": [], "summary": {"covered_lines": 0, "num_statements": 0, "percent_covered": 100.0, "percent_covered_display": "100", "missing_lines": 0, "excluded_lines": 0, "percent_statements_covered": 100.0, "percent_statements_covered_display": "100"}, "missing_lines": [], "excluded_lines": [], "start_line": 39}, "RuleUpdate": {"executed_lines": [], "summary": {"covered_lines": 0, "num_statements": 0, "percent_covered": 100.0, "percent_covered_display": "100", "missing_lines": 0, "excluded_lines": 0, "percent_statements_covered": 100.0, "percent_statements_covered_display": "100"}, "missing_lines": [], "excluded_lines": [], "start_line": 45}, "RuleOut": {"executed_lines": [], "summary": {"covered_lines": 0, "num_statements": 0, "percent_covered": 100.0, "percent_covered_display": "100", "missing_lines": 0, "excluded_lines": 0, "percent_statements_covered": 100.0, "percent_statements_covered_display": "100"}, "missing_lines": [], "excluded_lines": [], "start_line": 51}, "": {"executed_lines": [11, 13, 15, 16, 17, 18, 20, 21, 22, 23, 24, 25, 33, 39, 40, 41, 42, 45, 46, 47, 48, 51, 52, 53, 54, 55, 56, 57, 59, 65, 66, 73, 74, 80, 81, 82, 85, 86, 91, 92, 95, 96, 102, 103, 104, 108, 109, 117, 118, 125, 126, 132, 133, 140], "summary": {"covered_lines": 54, "num_statements": 58, "percent_covered": 93.10344827586206, "percent_covered_display": "93", "missing_lines": 4, "excluded_lines": 0, "percent_statements_covered": 93.10344827586206, "percent_statements_covered_display": "93"}, "missing_lines": [105, 127, 128, 129], "excluded_lines": [], "start_line": 1}}}, "backend/app/modules/rules/service.py": {"executed_lines": [22, 24, 25, 26, 27, 28, 30, 31, 32, 33, 34, 36, 37, 38, 39, 41, 44, 51, 52, 58, 67, 68, 69, 71, 72, 73, 74, 75, 76, 78, 84, 89, 90, 91, 92, 93, 101, 111, 116, 117, 118, 121, 122, 123, 124, 130, 139, 143, 144, 145, 148, 149, 160, 161, 162, 163, 170, 171, 173, 181, 182, 184, 185, 188, 203, 209, 210, 211, 212, 213, 214, 219, 221, 222, 223, 224, 225, 227, 228, 229, 232, 242, 243, 244, 245, 246, 247, 253, 255, 261, 267, 279, 280, 281, 283, 285, 290, 291, 293, 294, 295, 296, 297, 299, 300, 303, 315, 316, 317, 319, 320, 321, 323, 325, 326, 327, 328, 329, 330, 332, 333, 334, 335, 336, 338, 339, 342, 352, 353, 354, 356, 357, 358, 360, 361, 362, 363, 365, 368, 370, 371, 377, 379, 384, 387, 400, 402, 403, 405, 407, 408, 409, 411, 412, 413, 414, 418, 420, 421, 423, 424], "summary": {"covered_lines": 161, "num_statements": 165, "percent_covered": 97.57575757575758, "percent_covered_display": "98", "missing_lines": 4, "excluded_lines": 0, "percent_statements_covered": 97.57575757575758, "percent_statements_covered_display": "98"}, "missing_lines": [94, 95, 415, 417], "excluded_lines": [], "functions": {"determine_severity_for_path": {"executed_lines": [67, 68, 69, 71, 72, 73, 74, 75, 76, 78], "summary": {"covered_lines": 10, "num_statements": 10, "percent_covered": 100.0, "percent_covered_display": "100", "missing_lines": 0, "excluded_lines": 0, "percent_statements_covered": 100.0, "percent_statements_covered_display": "100"}, "missing_lines": [], "excluded_lines": [], "start_line": 58}, "validate_pattern": {"executed_lines": [89, 90, 91, 92, 93], "summary": {"covered_lines": 5, "num_statements": 7, "percent_covered": 71.42857142857143, "percent_covered_display": "71", "missing_lines": 2, "excluded_lines": 0, "percent_statements_covered": 71.42857142857143, "percent_statements_covered_display": "71"}, "missing_lines": [94, 95], "excluded_lines": [], "start_line": 84}, "increment_ruleset_version": {"executed_lines": [111, 116, 117, 118, 121, 122, 123, 124], "summary": {"covered_lines": 8, "num_statements": 8, "percent_covered": 100.0, "percent_covered_display": "100", "missing_lines": 0, "excluded_lines": 0, "percent_statements_covered": 100.0, "percent_statements_covered_display": "100"}, "missing_lines": [], "excluded_lines": [], "start_line": 101}, "enqueue_rule_sync": {"executed_lines": [139, 143, 144, 145, 148, 149, 160, 161, 162, 163, 170, 171, 173, 181, 182, 184, 185], "summary": {"covered_lines": 17, "num_statements": 17, "percent_covered": 100.0, "percent_covered_display": "100", "missing_lines": 0, "excluded_lines": 0, "percent_statements_covered": 100.0, "percent_statements_covered_display": "100"}, "missing_lines": [], "excluded_lines": [], "start_line": 130}, "publish_pending_commands": {"executed_lines": [203, 209, 210, 211, 212, 213, 214, 219, 221, 222, 223, 224, 225, 227, 228, 229], "summary": {"covered_lines": 16, "num_statements": 16, "percent_covered": 100.0, "percent_covered_display": "100", "missing_lines": 0, "excluded_lines": 0, "percent_statements_covered": 100.0, "percent_statements_covered_display": "100"}, "missing_lines": [], "excluded_lines": [], "start_line": 188}, "publish_rule_sync": {"executed_lines": [242, 243, 244, 245, 246, 247], "summary": {"covered_lines": 6, "num_statements": 6, "percent_covered": 100.0, "percent_covered_display": "100", "missing_lines": 0, "excluded_lines": 0, "percent_statements_covered": 100.0, "percent_statements_covered_display": "100"}, "missing_lines": [], "excluded_lines": [], "start_line": 232}, "write_audit": {"executed_lines": [255, 261], "summary": {"covered_lines": 2, "num_statements": 2, "percent_covered": 100.0, "percent_covered_display": "100", "missing_lines": 0, "excluded_lines": 0, "percent_statements_covered": 100.0, "percent_statements_covered_display": "100"}, "missing_lines": [], "excluded_lines": [], "start_line": 253}, "create_rule": {"executed_lines": [279, 280, 281, 283, 285, 290, 291, 293, 294, 295, 296, 297, 299, 300], "summary": {"covered_lines": 14, "num_statements": 14, "percent_covered": 100.0, "percent_covered_display": "100", "missing_lines": 0, "excluded_lines": 0, "percent_statements_covered": 100.0, "percent_statements_covered_display": "100"}, "missing_lines": [], "excluded_lines": [], "start_line": 267}, "update_rule": {"executed_lines": [315, 316, 317, 319, 320, 321, 323, 325, 326, 327, 328, 329, 330, 332, 333, 334, 335, 336, 338, 339], "summary": {"covered_lines": 20, "num_statements": 20, "percent_covered": 100.0, "percent_covered_display": "100", "missing_lines": 0, "excluded_lines": 0, "percent_statements_covered": 100.0, "percent_statements_covered_display": "100"}, "missing_lines": [], "excluded_lines": [], "start_line": 303}, "delete_rule": {"executed_lines": [352, 353, 354, 356, 357, 358, 360, 361, 362, 363, 365], "summary": {"covered_lines": 11, "num_statements": 11, "percent_covered": 100.0, "percent_covered_display": "100", "missing_lines": 0, "excluded_lines": 0, "percent_statements_covered": 100.0, "percent_statements_covered_display": "100"}, "missing_lines": [], "excluded_lines": [], "start_line": 342}, "list_rules": {"executed_lines": [370, 371], "summary": {"covered_lines": 2, "num_statements": 2, "percent_covered": 100.0, "percent_covered_display": "100", "missing_lines": 0, "excluded_lines": 0, "percent_statements_covered": 100.0, "percent_statements_covered_display": "100"}, "missing_lines": [], "excluded_lines": [], "start_line": 368}, "get_rule": {"executed_lines": [379], "summary": {"covered_lines": 1, "num_statements": 1, "percent_covered": 100.0, "percent_covered_display": "100", "missing_lines": 0, "excluded_lines": 0, "percent_statements_covered": 100.0, "percent_statements_covered_display": "100"}, "missing_lines": [], "excluded_lines": [], "start_line": 377}, "outbox_publisher_task": {"executed_lines": [400, 402, 403, 405, 407, 411, 412, 413, 414, 418, 420, 421, 423, 424], "summary": {"covered_lines": 14, "num_statements": 16, "percent_covered": 87.5, "percent_covered_display": "88", "missing_lines": 2, "excluded_lines": 0, "percent_statements_covered": 87.5, "percent_statements_covered_display": "88"}, "missing_lines": [415, 417], "excluded_lines": [], "start_line": 387}, "outbox_publisher_task._publish_batch": {"executed_lines": [408, 409], "summary": {"covered_lines": 2, "num_statements": 2, "percent_covered": 100.0, "percent_covered_display": "100", "missing_lines": 0, "excluded_lines": 0, "percent_statements_covered": 100.0, "percent_statements_covered_display": "100"}, "missing_lines": [], "excluded_lines": [], "start_line": 407}, "": {"executed_lines": [22, 24, 25, 26, 27, 28, 30, 31, 32, 33, 34, 36, 37, 38, 39, 41, 44, 51, 52, 58, 84, 101, 130, 188, 232, 253, 267, 303, 342, 368, 377, 384, 387], "summary": {"covered_lines": 33, "num_statements": 33, "percent_covered": 100.0, "percent_covered_display": "100", "missing_lines": 0, "excluded_lines": 0, "percent_statements_covered": 100.0, "percent_statements_covered_display": "100"}, "missing_lines": [], "excluded_lines": [], "start_line": 1}}, "classes": {"": {"executed_lines": [22, 24, 25, 26, 27, 28, 30, 31, 32, 33, 34, 36, 37, 38, 39, 41, 44, 51, 52, 58, 67, 68, 69, 71, 72, 73, 74, 75, 76, 78, 84, 89, 90, 91, 92, 93, 101, 111, 116, 117, 118, 121, 122, 123, 124, 130, 139, 143, 144, 145, 148, 149, 160, 161, 162, 163, 170, 171, 173, 181, 182, 184, 185, 188, 203, 209, 210, 211, 212, 213, 214, 219, 221, 222, 223, 224, 225, 227, 228, 229, 232, 242, 243, 244, 245, 246, 247, 253, 255, 261, 267, 279, 280, 281, 283, 285, 290, 291, 293, 294, 295, 296, 297, 299, 300, 303, 315, 316, 317, 319, 320, 321, 323, 325, 326, 327, 328, 329, 330, 332, 333, 334, 335, 336, 338, 339, 342, 352, 353, 354, 356, 357, 358, 360, 361, 362, 363, 365, 368, 370, 371, 377, 379, 384, 387, 400, 402, 403, 405, 407, 408, 409, 411, 412, 413, 414, 418, 420, 421, 423, 424], "summary": {"covered_lines": 161, "num_statements": 165, "percent_covered": 97.57575757575758, "percent_covered_display": "98", "missing_lines": 4, "excluded_lines": 0, "percent_statements_covered": 97.57575757575758, "percent_statements_covered_display": "98"}, "missing_lines": [94, 95, 415, 417], "excluded_lines": [], "start_line": 1}}}, "backend/app/modules/users/__init__.py": {"executed_lines": [], "summary": {"covered_lines": 0, "num_statements": 0, "percent_covered": 100.0, "percent_covered_display": "100", "missing_lines": 0, "excluded_lines": 0, "percent_statements_covered": 100.0, "percent_statements_covered_display": "100"}, "missing_lines": [], "excluded_lines": [], "functions": {"": {"executed_lines": [], "summary": {"covered_lines": 0, "num_statements": 0, "percent_covered": 100.0, "percent_covered_display": "100", "missing_lines": 0, "excluded_lines": 0, "percent_statements_covered": 100.0, "percent_statements_covered_display": "100"}, "missing_lines": [], "excluded_lines": [], "start_line": 1}}, "classes": {"": {"executed_lines": [], "summary": {"covered_lines": 0, "num_statements": 0, "percent_covered": 100.0, "percent_covered_display": "100", "missing_lines": 0, "excluded_lines": 0, "percent_statements_covered": 100.0, "percent_statements_covered_display": "100"}, "missing_lines": [], "excluded_lines": [], "start_line": 1}}}, "backend/app/modules/users/router.py": {"executed_lines": [10, 11, 12, 14, 15, 16, 17, 18, 19, 20, 21, 30, 32, 35, 36, 44, 45, 47, 56, 57, 62, 63, 64, 65, 68, 69, 70, 71, 74, 75, 76, 77, 78, 81, 83, 85, 90, 91, 98, 99, 100, 111, 112, 118, 120, 128, 129, 130, 131, 132, 133, 138, 140, 146, 147, 149], "summary": {"covered_lines": 56, "num_statements": 60, "percent_covered": 93.33333333333333, "percent_covered_display": "93", "missing_lines": 4, "excluded_lines": 0, "percent_statements_covered": 93.33333333333333, "percent_statements_covered_display": "93"}, "missing_lines": [48, 51, 79, 80], "excluded_lines": [], "functions": {"change_password": {"executed_lines": [44, 45, 47, 56, 57, 62, 63, 64, 65, 68, 69, 70, 71, 74, 75, 76, 77, 78, 81, 83, 85], "summary": {"covered_lines": 21, "num_statements": 25, "percent_covered": 84.0, "percent_covered_display": "84", "missing_lines": 4, "excluded_lines": 0, "percent_statements_covered": 84.0, "percent_statements_covered_display": "84"}, "missing_lines": [48, 51, 79, 80], "excluded_lines": [], "start_line": 36}, "list_users": {"executed_lines": [98, 99, 100], "summary": {"covered_lines": 3, "num_statements": 3, "percent_covered": 100.0, "percent_covered_display": "100", "missing_lines": 0, "excluded_lines": 0, "percent_statements_covered": 100.0, "percent_statements_covered_display": "100"}, "missing_lines": [], "excluded_lines": [], "start_line": 91}, "create_user": {"executed_lines": [118, 120, 128, 129, 130, 131, 132, 133, 138, 140, 146, 147, 149], "summary": {"covered_lines": 13, "num_statements": 13, "percent_covered": 100.0, "percent_covered_display": "100", "missing_lines": 0, "excluded_lines": 0, "percent_statements_covered": 100.0, "percent_statements_covered_display": "100"}, "missing_lines": [], "excluded_lines": [], "start_line": 112}, "": {"executed_lines": [10, 11, 12, 14, 15, 16, 17, 18, 19, 20, 21, 30, 32, 35, 36, 90, 91, 111, 112], "summary": {"covered_lines": 19, "num_statements": 19, "percent_covered": 100.0, "percent_covered_display": "100", "missing_lines": 0, "excluded_lines": 0, "percent_statements_covered": 100.0, "percent_statements_covered_display": "100"}, "missing_lines": [], "excluded_lines": [], "start_line": 1}}, "classes": {"": {"executed_lines": [10, 11, 12, 14, 15, 16, 17, 18, 19, 20, 21, 30, 32, 35, 36, 44, 45, 47, 56, 57, 62, 63, 64, 65, 68, 69, 70, 71, 74, 75, 76, 77, 78, 81, 83, 85, 90, 91, 98, 99, 100, 111, 112, 118, 120, 128, 129, 130, 131, 132, 133, 138, 140, 146, 147, 149], "summary": {"covered_lines": 56, "num_statements": 60, "percent_covered": 93.33333333333333, "percent_covered_display": "93", "missing_lines": 4, "excluded_lines": 0, "percent_statements_covered": 93.33333333333333, "percent_statements_covered_display": "93"}, "missing_lines": [48, 51, 79, 80], "excluded_lines": [], "start_line": 1}}}, "backend/app/modules/users/schemas.py": {"executed_lines": [1, 3, 6, 7, 8, 11, 12, 17, 18, 19, 20, 23, 24, 25, 26, 27, 30, 31, 32, 34, 35, 36, 37, 38, 39, 42, 43, 44], "summary": {"covered_lines": 28, "num_statements": 28, "percent_covered": 100.0, "percent_covered_display": "100", "missing_lines": 0, "excluded_lines": 0, "percent_statements_covered": 100.0, "percent_statements_covered_display": "100"}, "missing_lines": [], "excluded_lines": [], "functions": {"CreateUserRequest.password_min_length": {"executed_lines": [37, 38, 39], "summary": {"covered_lines": 3, "num_statements": 3, "percent_covered": 100.0, "percent_covered_display": "100", "missing_lines": 0, "excluded_lines": 0, "percent_statements_covered": 100.0, "percent_statements_covered_display": "100"}, "missing_lines": [], "excluded_lines": [], "start_line": 36}, "": {"executed_lines": [1, 3, 6, 7, 8, 11, 12, 17, 18, 19, 20, 23, 24, 25, 26, 27, 30, 31, 32, 34, 35, 36, 42, 43, 44], "summary": {"covered_lines": 25, "num_statements": 25, "percent_covered": 100.0, "percent_covered_display": "100", "missing_lines": 0, "excluded_lines": 0, "percent_statements_covered": 100.0, "percent_statements_covered_display": "100"}, "missing_lines": [], "excluded_lines": [], "start_line": 1}}, "classes": {"ChangePasswordRequest": {"executed_lines": [], "summary": {"covered_lines": 0, "num_statements": 0, "percent_covered": 100.0, "percent_covered_display": "100", "missing_lines": 0, "excluded_lines": 0, "percent_statements_covered": 100.0, "percent_statements_covered_display": "100"}, "missing_lines": [], "excluded_lines": [], "start_line": 6}, "ChangePasswordResponse": {"executed_lines": [], "summary": {"covered_lines": 0, "num_statements": 0, "percent_covered": 100.0, "percent_covered_display": "100", "missing_lines": 0, "excluded_lines": 0, "percent_statements_covered": 100.0, "percent_statements_covered_display": "100"}, "missing_lines": [], "excluded_lines": [], "start_line": 11}, "UserItem": {"executed_lines": [], "summary": {"covered_lines": 0, "num_statements": 0, "percent_covered": 100.0, "percent_covered_display": "100", "missing_lines": 0, "excluded_lines": 0, "percent_statements_covered": 100.0, "percent_statements_covered_display": "100"}, "missing_lines": [], "excluded_lines": [], "start_line": 17}, "UserListResponse": {"executed_lines": [], "summary": {"covered_lines": 0, "num_statements": 0, "percent_covered": 100.0, "percent_covered_display": "100", "missing_lines": 0, "excluded_lines": 0, "percent_statements_covered": 100.0, "percent_statements_covered_display": "100"}, "missing_lines": [], "excluded_lines": [], "start_line": 23}, "CreateUserRequest": {"executed_lines": [37, 38, 39], "summary": {"covered_lines": 3, "num_statements": 3, "percent_covered": 100.0, "percent_covered_display": "100", "missing_lines": 0, "excluded_lines": 0, "percent_statements_covered": 100.0, "percent_statements_covered_display": "100"}, "missing_lines": [], "excluded_lines": [], "start_line": 30}, "CreateUserResponse": {"executed_lines": [], "summary": {"covered_lines": 0, "num_statements": 0, "percent_covered": 100.0, "percent_covered_display": "100", "missing_lines": 0, "excluded_lines": 0, "percent_statements_covered": 100.0, "percent_statements_covered_display": "100"}, "missing_lines": [], "excluded_lines": [], "start_line": 42}, "": {"executed_lines": [1, 3, 6, 7, 8, 11, 12, 17, 18, 19, 20, 23, 24, 25, 26, 27, 30, 31, 32, 34, 35, 36, 42, 43, 44], "summary": {"covered_lines": 25, "num_statements": 25, "percent_covered": 100.0, "percent_covered_display": "100", "missing_lines": 0, "excluded_lines": 0, "percent_statements_covered": 100.0, "percent_statements_covered_display": "100"}, "missing_lines": [], "excluded_lines": [], "start_line": 1}}}}, "totals": {"covered_lines": 2484, "num_statements": 2780, "percent_covered": 89.35251798561151, "percent_covered_display": "89", "missing_lines": 296, "excluded_lines": 3, "percent_statements_covered": 89.35251798561151, "percent_statements_covered_display": "89"}}