<testsuites id="" name="" tests="2" failures="0" skipped="0" errors="0" time="37.793998">
<testsuite name="us20-realtime-alerts.spec.ts" timestamp="2026-09-12T21:12:01.818Z" hostname="" tests="2" failures="0" skipped="0" time="37.058" errors="0">
<testcase name="US-20 consumer real crea Alert y SSE muestra toast sin reload" classname="us20-realtime-alerts.spec.ts" time="10.598">
</testcase>
<testcase name="US-20 EventSource reconecta tras un corte real sólo de la ruta SSE y recibe un evento nuevo" classname="us20-realtime-alerts.spec.ts" time="26.46">
</testcase>
</testsuite>
</testsuites>